2020-04-28 12:09:27,272 INFO Let the games begin
2020-04-28 12:09:28,676 INFO Using No Augmentations
2020-04-28 12:11:52,094 INFO Using sgd optimizer
2020-04-28 12:11:52,094 INFO Using optimizer SGD (
Parameter Group 0
    dampening: 0
    lr: 1e-05
    momentum: 0
    nesterov: False
    weight_decay: 0
)
2020-04-28 12:11:52,094 INFO Using No LR Scheduling
2020-04-28 12:11:52,094 INFO Using cross_entropy with {'size_average': True} params
2020-04-28 12:11:52,094 INFO Using loss functools.partial(<function cross_entropy2d at 0x000001D083E22948>, size_average=True)
2020-04-28 12:12:41,345 INFO Iter [100/50000]  Loss: 4.1678  Time/Image: 0.4188
2020-04-28 12:13:22,120 INFO Iter [200/50000]  Loss: 2.2366  Time/Image: 0.4038
2020-04-28 12:14:03,302 INFO Iter [300/50000]  Loss: 6.9275  Time/Image: 0.4078
2020-04-28 12:14:44,193 INFO Iter [400/50000]  Loss: 6.5653  Time/Image: 0.4048
2020-04-28 12:15:25,190 INFO Iter [500/50000]  Loss: 3.3620  Time/Image: 0.4061
2020-04-28 12:16:05,972 INFO Iter [600/50000]  Loss: 7.2873  Time/Image: 0.4036
2020-04-28 12:16:46,666 INFO Iter [700/50000]  Loss: 1.8278  Time/Image: 0.4063
2020-04-28 12:17:27,597 INFO Iter [800/50000]  Loss: 0.1093  Time/Image: 0.4052
2020-04-28 12:18:08,435 INFO Iter [900/50000]  Loss: 5.8617  Time/Image: 0.4043
2020-04-28 12:18:48,772 INFO Iter [1000/50000]  Loss: 0.9850  Time/Image: 0.3995
2020-04-28 12:19:29,206 INFO Iter [1100/50000]  Loss: 4.3144  Time/Image: 0.4004
2020-04-28 12:20:09,943 INFO Iter [1200/50000]  Loss: 0.6590  Time/Image: 0.4035
2020-04-28 12:20:50,605 INFO Iter [1300/50000]  Loss: 0.4461  Time/Image: 0.4028
2020-04-28 12:21:30,953 INFO Iter [1400/50000]  Loss: 2.4169  Time/Image: 0.3996
2020-04-28 12:22:11,678 INFO Iter [1500/50000]  Loss: 0.8900  Time/Image: 0.4032
2020-04-28 12:22:52,094 INFO Iter [1600/50000]  Loss: 0.5928  Time/Image: 0.4015
2020-04-28 12:23:33,035 INFO Iter [1700/50000]  Loss: 2.7470  Time/Image: 0.4054
2020-04-28 12:24:13,419 INFO Iter [1800/50000]  Loss: 1.3938  Time/Image: 0.4001
2020-04-28 12:24:54,023 INFO Iter [1900/50000]  Loss: 0.3006  Time/Image: 0.4016
2020-04-28 12:25:34,705 INFO Iter [2000/50000]  Loss: 0.5362  Time/Image: 0.4022
2020-04-28 12:26:15,083 INFO Iter [2100/50000]  Loss: 2.8428  Time/Image: 0.3996
2020-04-28 12:26:55,808 INFO Iter [2200/50000]  Loss: 3.0417  Time/Image: 0.4035
2020-04-28 12:27:36,771 INFO Iter [2300/50000]  Loss: 3.2430  Time/Image: 0.4055
2020-04-28 12:28:16,932 INFO Iter [2400/50000]  Loss: 3.4608  Time/Image: 0.3973
2020-04-28 12:28:57,693 INFO Iter [2500/50000]  Loss: 2.3878  Time/Image: 0.4036
2020-04-28 12:32:33,276 INFO Iter 2500 Loss: 1.8026
2020-04-28 12:32:33,276 INFO Overall Acc: 	: 0.6953711840869592
2020-04-28 12:32:33,276 INFO Mean Acc : 	: 0.06552111144071161
2020-04-28 12:32:33,276 INFO FreqW Acc : 	: 0.5609215493963967
2020-04-28 12:32:33,276 INFO Mean IoU : 	: 0.0491244377466611
2020-04-28 12:32:33,276 INFO 0: 0.7393079207799736
2020-04-28 12:32:33,276 INFO 1: 0.0026165723043451205
2020-04-28 12:32:33,276 INFO 2: 0.0038247511370800005
2020-04-28 12:32:33,276 INFO 3: 0.006925566243914094
2020-04-28 12:32:33,276 INFO 4: 0.0033466282231518147
2020-04-28 12:32:33,276 INFO 5: 0.0036643603360854357
2020-04-28 12:32:33,276 INFO 6: 0.007775728638667632
2020-04-28 12:32:33,276 INFO 7: 0.02128436227660306
2020-04-28 12:32:33,276 INFO 8: 0.05598404259299333
2020-04-28 12:32:33,276 INFO 9: 0.007011008946675859
2020-04-28 12:32:33,276 INFO 10: 0.004418870031806152
2020-04-28 12:32:33,276 INFO 11: 0.0026900642007056615
2020-04-28 12:32:33,276 INFO 12: 0.017781739543811025
2020-04-28 12:32:33,276 INFO 13: 0.011112304288997229
2020-04-28 12:32:33,276 INFO 14: 0.002439914041432543
2020-04-28 12:32:33,276 INFO 15: 0.10292019695449532
2020-04-28 12:32:33,276 INFO 16: 0.0017707791627056553
2020-04-28 12:32:33,276 INFO 17: 0.008843283377016547
2020-04-28 12:32:33,276 INFO 18: 0.0032750486058969086
2020-04-28 12:32:33,276 INFO 19: 0.021157648684542688
2020-04-28 12:32:33,276 INFO 20: 0.003462402308983209
2020-04-28 12:33:14,769 INFO Iter [2600/50000]  Loss: 1.4474  Time/Image: 0.4033
2020-04-28 12:33:55,491 INFO Iter [2700/50000]  Loss: 0.3519  Time/Image: 0.4033
2020-04-28 12:34:35,942 INFO Iter [2800/50000]  Loss: 0.2233  Time/Image: 0.4003
2020-04-28 12:35:16,799 INFO Iter [2900/50000]  Loss: 0.9060  Time/Image: 0.4042
2020-04-28 12:35:57,207 INFO Iter [3000/50000]  Loss: 2.0396  Time/Image: 0.3999
2020-04-28 12:36:37,573 INFO Iter [3100/50000]  Loss: 1.0364  Time/Image: 0.3999
2020-04-28 12:37:17,786 INFO Iter [3200/50000]  Loss: 1.9864  Time/Image: 0.3985
2020-04-28 12:37:57,732 INFO Iter [3300/50000]  Loss: 2.1295  Time/Image: 0.3957
2020-04-28 12:38:37,968 INFO Iter [3400/50000]  Loss: 2.9165  Time/Image: 0.3981
2020-04-28 12:39:18,172 INFO Iter [3500/50000]  Loss: 0.9384  Time/Image: 0.3977
2020-04-28 12:39:58,237 INFO Iter [3600/50000]  Loss: 1.0075  Time/Image: 0.3967
2020-04-28 12:40:38,909 INFO Iter [3700/50000]  Loss: 4.4059  Time/Image: 0.4027
2020-04-28 12:41:19,389 INFO Iter [3800/50000]  Loss: 0.2444  Time/Image: 0.4007
2020-04-28 12:42:00,278 INFO Iter [3900/50000]  Loss: 0.8125  Time/Image: 0.4054
2020-04-28 12:42:40,527 INFO Iter [4000/50000]  Loss: 3.3426  Time/Image: 0.3985
2020-04-28 12:43:21,207 INFO Iter [4100/50000]  Loss: 2.9713  Time/Image: 0.4026
2020-04-28 12:44:02,251 INFO Iter [4200/50000]  Loss: 1.3575  Time/Image: 0.4061
2020-04-28 12:44:43,032 INFO Iter [4300/50000]  Loss: 0.4810  Time/Image: 0.4045
2020-04-28 12:45:23,749 INFO Iter [4400/50000]  Loss: 1.7966  Time/Image: 0.4030
2020-04-28 12:46:04,042 INFO Iter [4500/50000]  Loss: 0.4873  Time/Image: 0.3987
2020-04-28 12:46:44,929 INFO Iter [4600/50000]  Loss: 0.7580  Time/Image: 0.4046
2020-04-28 12:47:25,071 INFO Iter [4700/50000]  Loss: 1.7819  Time/Image: 0.3985
2020-04-28 12:48:05,961 INFO Iter [4800/50000]  Loss: 0.5485  Time/Image: 0.4048
2020-04-28 12:48:46,563 INFO Iter [4900/50000]  Loss: 0.1491  Time/Image: 0.4020
2020-04-28 12:49:27,058 INFO Iter [5000/50000]  Loss: 0.0157  Time/Image: 0.4012
2020-04-28 12:53:04,354 INFO Iter 5000 Loss: 1.4999
2020-04-28 12:53:04,354 INFO Overall Acc: 	: 0.7208000185180824
2020-04-28 12:53:04,354 INFO Mean Acc : 	: 0.0730508165871379
2020-04-28 12:53:04,354 INFO FreqW Acc : 	: 0.5809866912946787
2020-04-28 12:53:04,354 INFO Mean IoU : 	: 0.05513707764494317
2020-04-28 12:53:04,354 INFO 0: 0.7597349896633315
2020-04-28 12:53:04,354 INFO 1: 0.0040332606939710355
2020-04-28 12:53:04,354 INFO 2: 0.004905311425800157
2020-04-28 12:53:04,354 INFO 3: 0.005258876901240678
2020-04-28 12:53:04,354 INFO 4: 0.004312426011031788
2020-04-28 12:53:04,354 INFO 5: 0.0032210432122968683
2020-04-28 12:53:04,354 INFO 6: 0.010226358511806961
2020-04-28 12:53:04,354 INFO 7: 0.030276698571602832
2020-04-28 12:53:04,354 INFO 8: 0.05630112446516859
2020-04-28 12:53:04,354 INFO 9: 0.004997162216264201
2020-04-28 12:53:04,354 INFO 10: 0.003190606853423521
2020-04-28 12:53:04,354 INFO 11: 0.0026449503007655822
2020-04-28 12:53:04,354 INFO 12: 0.028701179887585374
2020-04-28 12:53:04,354 INFO 13: 0.009491227902570534
2020-04-28 12:53:04,354 INFO 14: 0.004815568411327683
2020-04-28 12:53:04,370 INFO 15: 0.19241091423187034
2020-04-28 12:53:04,370 INFO 16: 0.0019971405654214012
2020-04-28 12:53:04,370 INFO 17: 0.00747882866661738
2020-04-28 12:53:04,370 INFO 18: 0.0027918364613445314
2020-04-28 12:53:04,370 INFO 19: 0.018314616190439587
2020-04-28 12:53:04,370 INFO 20: 0.0027745093999258265
2020-04-28 12:53:45,673 INFO Iter [5100/50000]  Loss: 3.5941  Time/Image: 0.4002
2020-04-28 12:54:26,227 INFO Iter [5200/50000]  Loss: 0.6496  Time/Image: 0.4015
2020-04-28 12:55:07,111 INFO Iter [5300/50000]  Loss: 2.2907  Time/Image: 0.4045
2020-04-28 12:55:47,213 INFO Iter [5400/50000]  Loss: 0.1345  Time/Image: 0.3971
2020-04-28 12:56:27,260 INFO Iter [5500/50000]  Loss: 1.2176  Time/Image: 0.3963
2020-04-28 12:57:08,035 INFO Iter [5600/50000]  Loss: 3.6288  Time/Image: 0.4040
2020-04-28 12:57:48,301 INFO Iter [5700/50000]  Loss: 2.9829  Time/Image: 0.3989
2020-04-28 12:58:28,692 INFO Iter [5800/50000]  Loss: 1.2007  Time/Image: 0.3997
2020-04-28 12:59:08,913 INFO Iter [5900/50000]  Loss: 1.9076  Time/Image: 0.3983
2020-04-28 12:59:49,569 INFO Iter [6000/50000]  Loss: 1.6984  Time/Image: 0.4025
2020-04-28 13:00:30,168 INFO Iter [6100/50000]  Loss: 1.7854  Time/Image: 0.4016
2020-04-28 13:01:10,470 INFO Iter [6200/50000]  Loss: 4.0107  Time/Image: 0.3989
2020-04-28 13:01:50,691 INFO Iter [6300/50000]  Loss: 1.7246  Time/Image: 0.3984
2020-04-28 13:02:31,047 INFO Iter [6400/50000]  Loss: 2.7364  Time/Image: 0.3993
2020-04-28 13:03:11,395 INFO Iter [6500/50000]  Loss: 1.2714  Time/Image: 0.4001
2020-04-28 13:03:52,083 INFO Iter [6600/50000]  Loss: 1.2089  Time/Image: 0.4030
2020-04-28 13:04:32,617 INFO Iter [6700/50000]  Loss: 5.2827  Time/Image: 0.4047
2020-04-28 13:05:13,030 INFO Iter [6800/50000]  Loss: 2.5902  Time/Image: 0.3999
2020-04-28 13:05:53,537 INFO Iter [6900/50000]  Loss: 1.2530  Time/Image: 0.4012
2020-04-28 13:06:34,013 INFO Iter [7000/50000]  Loss: 2.3202  Time/Image: 0.4009
2020-04-28 13:07:14,495 INFO Iter [7100/50000]  Loss: 0.0858  Time/Image: 0.4009
2020-04-28 13:07:54,388 INFO Iter [7200/50000]  Loss: 1.6311  Time/Image: 0.3953
2020-04-28 13:08:34,621 INFO Iter [7300/50000]  Loss: 0.8442  Time/Image: 0.3980
2020-04-28 13:09:15,198 INFO Iter [7400/50000]  Loss: 0.8743  Time/Image: 0.4020
2020-04-28 13:09:55,033 INFO Iter [7500/50000]  Loss: 0.3884  Time/Image: 0.3940
2020-04-28 13:13:31,087 INFO Iter 7500 Loss: 1.3666
2020-04-28 13:13:31,087 INFO Overall Acc: 	: 0.7333104219145791
2020-04-28 13:13:31,087 INFO Mean Acc : 	: 0.0774902839864904
2020-04-28 13:13:31,087 INFO FreqW Acc : 	: 0.5896692721112952
2020-04-28 13:13:31,087 INFO Mean IoU : 	: 0.058195020137290485
2020-04-28 13:13:31,087 INFO 0: 0.76812355914876
2020-04-28 13:13:31,087 INFO 1: 0.004706705677651624
2020-04-28 13:13:31,087 INFO 2: 0.0056939919579701214
2020-04-28 13:13:31,087 INFO 3: 0.0039601902554058915
2020-04-28 13:13:31,087 INFO 4: 0.005181596653552161
2020-04-28 13:13:31,087 INFO 5: 0.002737775359114769
2020-04-28 13:13:31,087 INFO 6: 0.012160238460231884
2020-04-28 13:13:31,087 INFO 7: 0.040064468424469354
2020-04-28 13:13:31,087 INFO 8: 0.06014279398828216
2020-04-28 13:13:31,087 INFO 9: 0.00427443009545949
2020-04-28 13:13:31,087 INFO 10: 0.002117477647657592
2020-04-28 13:13:31,087 INFO 11: 0.002353329945415911
2020-04-28 13:13:31,087 INFO 12: 0.03668706568195274
2020-04-28 13:13:31,087 INFO 13: 0.007077610095884181
2020-04-28 13:13:31,087 INFO 14: 0.007061089216691169
2020-04-28 13:13:31,087 INFO 15: 0.23485751321694856
2020-04-28 13:13:31,087 INFO 16: 0.0017107934870489807
2020-04-28 13:13:31,087 INFO 17: 0.005517968325821709
2020-04-28 13:13:31,087 INFO 18: 0.0023980776577135045
2020-04-28 13:13:31,087 INFO 19: 0.013356254440792697
2020-04-28 13:13:31,087 INFO 20: 0.0019124931462757846
2020-04-28 13:14:11,955 INFO Iter [7600/50000]  Loss: 4.8394  Time/Image: 0.3960
2020-04-28 13:14:52,788 INFO Iter [7700/50000]  Loss: 1.6179  Time/Image: 0.4044
2020-04-28 13:15:33,695 INFO Iter [7800/50000]  Loss: 0.0743  Time/Image: 0.4047
2020-04-28 13:16:14,260 INFO Iter [7900/50000]  Loss: 1.4265  Time/Image: 0.4011
2020-04-28 13:16:54,992 INFO Iter [8000/50000]  Loss: 0.1503  Time/Image: 0.4034
2020-04-28 13:17:35,519 INFO Iter [8100/50000]  Loss: 1.0277  Time/Image: 0.4014
2020-04-28 13:18:15,825 INFO Iter [8200/50000]  Loss: 1.3640  Time/Image: 0.3991
2020-04-28 13:18:56,271 INFO Iter [8300/50000]  Loss: 0.5442  Time/Image: 0.4007
2020-04-28 13:19:36,605 INFO Iter [8400/50000]  Loss: 0.2869  Time/Image: 0.3993
2020-04-28 13:20:17,667 INFO Iter [8500/50000]  Loss: 0.1437  Time/Image: 0.4069
2020-04-28 13:20:58,591 INFO Iter [8600/50000]  Loss: 3.3638  Time/Image: 0.4053
2020-04-28 13:21:39,440 INFO Iter [8700/50000]  Loss: 0.3719  Time/Image: 0.4036
2020-04-28 13:22:19,465 INFO Iter [8800/50000]  Loss: 0.8426  Time/Image: 0.3974
2020-04-28 13:23:08,077 INFO Iter [8900/50000]  Loss: 1.1128  Time/Image: 0.3993
2020-04-28 13:23:48,225 INFO Iter [9000/50000]  Loss: 2.6184  Time/Image: 0.3970
2020-04-28 13:24:29,044 INFO Iter [9100/50000]  Loss: 1.0270  Time/Image: 0.4041
2020-04-28 13:25:09,366 INFO Iter [9200/50000]  Loss: 0.2492  Time/Image: 0.3991
2020-04-28 13:25:50,140 INFO Iter [9300/50000]  Loss: 0.5077  Time/Image: 0.4037
2020-04-28 13:26:30,140 INFO Iter [9400/50000]  Loss: 0.4882  Time/Image: 0.3961
2020-04-28 13:27:10,553 INFO Iter [9500/50000]  Loss: 0.4682  Time/Image: 0.3999
2020-04-28 13:27:51,021 INFO Iter [9600/50000]  Loss: 1.8944  Time/Image: 0.4004
2020-04-28 13:28:31,264 INFO Iter [9700/50000]  Loss: 0.4664  Time/Image: 0.3979
2020-04-28 13:29:11,550 INFO Iter [9800/50000]  Loss: 1.2496  Time/Image: 0.3986
2020-04-28 13:29:52,155 INFO Iter [9900/50000]  Loss: 0.1185  Time/Image: 0.4018
2020-04-28 13:30:32,712 INFO Iter [10000/50000]  Loss: 1.3160  Time/Image: 0.4015
2020-04-28 13:34:07,757 INFO Iter 10000 Loss: 1.2888
2020-04-28 13:34:07,757 INFO Overall Acc: 	: 0.7414627082274122
2020-04-28 13:34:07,757 INFO Mean Acc : 	: 0.07936855822394882
2020-04-28 13:34:07,757 INFO FreqW Acc : 	: 0.5938388219972954
2020-04-28 13:34:07,757 INFO Mean IoU : 	: 0.05984499141337346
2020-04-28 13:34:07,772 INFO 0: 0.7716737549780743
2020-04-28 13:34:07,772 INFO 1: 0.004928597841207234
2020-04-28 13:34:07,772 INFO 2: 0.005970598071534763
2020-04-28 13:34:07,772 INFO 3: 0.0032915030366327713
2020-04-28 13:34:07,772 INFO 4: 0.00512473431032554
2020-04-28 13:34:07,772 INFO 5: 0.0023526011021698387
2020-04-28 13:34:07,772 INFO 6: 0.011549851551854798
2020-04-28 13:34:07,772 INFO 7: 0.04032204357388369
2020-04-28 13:34:07,772 INFO 8: 0.060997012685213806
2020-04-28 13:34:07,772 INFO 9: 0.003613076199602814
2020-04-28 13:34:07,772 INFO 10: 0.0015230190659657435
2020-04-28 13:34:07,772 INFO 11: 0.002126117082827945
2020-04-28 13:34:07,772 INFO 12: 0.04324186606654392
2020-04-28 13:34:07,772 INFO 13: 0.005758214889430291
2020-04-28 13:34:07,772 INFO 14: 0.009548561302843641
2020-04-28 13:34:07,772 INFO 15: 0.26323049808546706
2020-04-28 13:34:07,772 INFO 16: 0.0017529279735446265
2020-04-28 13:34:07,772 INFO 17: 0.004394898253192737
2020-04-28 13:34:07,772 INFO 18: 0.00228221079461065
2020-04-28 13:34:07,772 INFO 19: 0.011653176371260494
2020-04-28 13:34:07,772 INFO 20: 0.0014095564446561404
2020-04-28 13:34:49,169 INFO Iter [10100/50000]  Loss: 0.8874  Time/Image: 0.4011
2020-04-28 13:35:29,536 INFO Iter [10200/50000]  Loss: 0.5100  Time/Image: 0.3996
2020-04-28 13:36:09,711 INFO Iter [10300/50000]  Loss: 3.6064  Time/Image: 0.3972
2020-04-28 13:36:50,253 INFO Iter [10400/50000]  Loss: 1.1776  Time/Image: 0.4015
2020-04-28 13:37:31,089 INFO Iter [10500/50000]  Loss: 1.5468  Time/Image: 0.4040
2020-04-28 13:38:11,599 INFO Iter [10600/50000]  Loss: 0.1778  Time/Image: 0.4010
2020-04-28 13:38:51,850 INFO Iter [10700/50000]  Loss: 0.2406  Time/Image: 0.3986
2020-04-28 13:39:32,692 INFO Iter [10800/50000]  Loss: 1.8323  Time/Image: 0.4039
2020-04-28 13:40:13,224 INFO Iter [10900/50000]  Loss: 1.2473  Time/Image: 0.4013
2020-04-28 13:40:53,841 INFO Iter [11000/50000]  Loss: 0.5834  Time/Image: 0.4021
2020-04-28 13:41:34,604 INFO Iter [11100/50000]  Loss: 2.1809  Time/Image: 0.4032
2020-04-28 13:42:14,896 INFO Iter [11200/50000]  Loss: 0.8242  Time/Image: 0.3989
2020-04-28 13:42:55,682 INFO Iter [11300/50000]  Loss: 2.8405  Time/Image: 0.4040
2020-04-28 13:43:36,595 INFO Iter [11400/50000]  Loss: 1.3588  Time/Image: 0.4048
2020-04-28 13:44:16,955 INFO Iter [11500/50000]  Loss: 0.2899  Time/Image: 0.3995
2020-04-28 13:44:57,754 INFO Iter [11600/50000]  Loss: 3.5652  Time/Image: 0.4036
2020-04-28 13:45:38,081 INFO Iter [11700/50000]  Loss: 0.2803  Time/Image: 0.3993
2020-04-28 13:46:18,252 INFO Iter [11800/50000]  Loss: 1.8498  Time/Image: 0.3977
2020-04-28 13:46:58,465 INFO Iter [11900/50000]  Loss: 1.8588  Time/Image: 0.3981
2020-04-28 13:47:39,129 INFO Iter [12000/50000]  Loss: 0.1162  Time/Image: 0.4026
2020-04-28 13:48:19,062 INFO Iter [12100/50000]  Loss: 0.1729  Time/Image: 0.3954
2020-04-28 13:48:59,731 INFO Iter [12200/50000]  Loss: 1.7778  Time/Image: 0.4025
2020-04-28 13:49:40,121 INFO Iter [12300/50000]  Loss: 0.5261  Time/Image: 0.4001
2020-04-28 13:50:20,671 INFO Iter [12400/50000]  Loss: 0.7558  Time/Image: 0.4019
2020-04-28 13:51:01,079 INFO Iter [12500/50000]  Loss: 4.0833  Time/Image: 0.3997
2020-04-28 13:54:36,488 INFO Iter 12500 Loss: 1.2368
2020-04-28 13:54:36,488 INFO Overall Acc: 	: 0.7473058841353561
2020-04-28 13:54:36,488 INFO Mean Acc : 	: 0.07974795680015437
2020-04-28 13:54:36,488 INFO FreqW Acc : 	: 0.5957422706705704
2020-04-28 13:54:36,488 INFO Mean IoU : 	: 0.06071430498339899
2020-04-28 13:54:36,488 INFO 0: 0.7730985766250205
2020-04-28 13:54:36,488 INFO 1: 0.004643565243562027
2020-04-28 13:54:36,488 INFO 2: 0.006306972505456686
2020-04-28 13:54:36,488 INFO 3: 0.0029897952036697776
2020-04-28 13:54:36,488 INFO 4: 0.0048347435881024225
2020-04-28 13:54:36,488 INFO 5: 0.001979020572863853
2020-04-28 13:54:36,488 INFO 6: 0.011805204865397325
2020-04-28 13:54:36,488 INFO 7: 0.044450907417837915
2020-04-28 13:54:36,488 INFO 8: 0.05838786446948623
2020-04-28 13:54:36,488 INFO 9: 0.0033354890227285075
2020-04-28 13:54:36,488 INFO 10: 0.001053436526501711
2020-04-28 13:54:36,488 INFO 11: 0.00159405458907212
2020-04-28 13:54:36,488 INFO 12: 0.048824155018646634
2020-04-28 13:54:36,488 INFO 13: 0.0049409968464571834
2020-04-28 13:54:36,488 INFO 14: 0.010694122272709343
2020-04-28 13:54:36,488 INFO 15: 0.2791756635846657
2020-04-28 13:54:36,488 INFO 16: 0.0014197381371880298
2020-04-28 13:54:36,488 INFO 17: 0.0035985584821387664
2020-04-28 13:54:36,488 INFO 18: 0.002005352764176703
2020-04-28 13:54:36,488 INFO 19: 0.008877223403882984
2020-04-28 13:54:36,488 INFO 20: 0.0009849635118143836
2020-04-28 13:55:17,709 INFO Iter [12600/50000]  Loss: 0.4707  Time/Image: 0.3992
2020-04-28 13:55:58,594 INFO Iter [12700/50000]  Loss: 1.4131  Time/Image: 0.4048
2020-04-28 13:56:39,442 INFO Iter [12800/50000]  Loss: 1.2928  Time/Image: 0.4041
2020-04-28 13:57:19,789 INFO Iter [12900/50000]  Loss: 0.1810  Time/Image: 0.3994
2020-04-28 13:58:00,186 INFO Iter [13000/50000]  Loss: 0.6345  Time/Image: 0.3999
2020-04-28 13:58:40,761 INFO Iter [13100/50000]  Loss: 4.2284  Time/Image: 0.4017
2020-04-28 13:59:21,237 INFO Iter [13200/50000]  Loss: 1.6443  Time/Image: 0.4007
2020-04-28 14:00:01,950 INFO Iter [13300/50000]  Loss: 1.2201  Time/Image: 0.4032
2020-04-28 14:00:42,382 INFO Iter [13400/50000]  Loss: 2.5249  Time/Image: 0.4001
2020-04-28 14:01:22,800 INFO Iter [13500/50000]  Loss: 1.2107  Time/Image: 0.4003
2020-04-28 14:02:03,286 INFO Iter [13600/50000]  Loss: 0.0704  Time/Image: 0.4008
2020-04-28 14:02:44,143 INFO Iter [13700/50000]  Loss: 3.5699  Time/Image: 0.4043
2020-04-28 14:03:24,415 INFO Iter [13800/50000]  Loss: 1.6758  Time/Image: 0.3985
2020-04-28 14:04:05,261 INFO Iter [13900/50000]  Loss: 0.7898  Time/Image: 0.4044
2020-04-28 14:04:45,676 INFO Iter [14000/50000]  Loss: 1.6575  Time/Image: 0.4001
2020-04-28 14:05:25,843 INFO Iter [14100/50000]  Loss: 0.1431  Time/Image: 0.3974
2020-04-28 14:06:06,566 INFO Iter [14200/50000]  Loss: 1.5456  Time/Image: 0.4029
2020-04-28 14:06:46,756 INFO Iter [14300/50000]  Loss: 1.0561  Time/Image: 0.3977
2020-04-28 14:07:27,142 INFO Iter [14400/50000]  Loss: 2.3354  Time/Image: 0.3995
2020-04-28 14:08:07,364 INFO Iter [14500/50000]  Loss: 0.5609  Time/Image: 0.3996
2020-04-28 14:08:47,625 INFO Iter [14600/50000]  Loss: 0.7636  Time/Image: 0.3985
2020-04-28 14:09:28,195 INFO Iter [14700/50000]  Loss: 0.1425  Time/Image: 0.4016
2020-04-28 14:10:08,658 INFO Iter [14800/50000]  Loss: 2.1632  Time/Image: 0.4002
2020-04-28 14:10:48,959 INFO Iter [14900/50000]  Loss: 1.0630  Time/Image: 0.3988
2020-04-28 14:11:29,445 INFO Iter [15000/50000]  Loss: 3.9037  Time/Image: 0.4006
2020-04-28 14:15:07,511 INFO Iter 15000 Loss: 1.1977
2020-04-28 14:15:07,511 INFO Overall Acc: 	: 0.7515549743878603
2020-04-28 14:15:07,511 INFO Mean Acc : 	: 0.07871360273968966
2020-04-28 14:15:07,511 INFO FreqW Acc : 	: 0.5958017016225913
2020-04-28 14:15:07,511 INFO Mean IoU : 	: 0.06081268947158228
2020-04-28 14:15:07,511 INFO 0: 0.7727804028204025
2020-04-28 14:15:07,511 INFO 1: 0.004131158557072604
2020-04-28 14:15:07,511 INFO 2: 0.006027917416498627
2020-04-28 14:15:07,511 INFO 3: 0.0022060380656328807
2020-04-28 14:15:07,511 INFO 4: 0.0044537978754636606
2020-04-28 14:15:07,511 INFO 5: 0.0016249464456661868
2020-04-28 14:15:07,511 INFO 6: 0.012175784109260158
2020-04-28 14:15:07,511 INFO 7: 0.04371712041771137
2020-04-28 14:15:07,511 INFO 8: 0.06129466358192671
2020-04-28 14:15:07,511 INFO 9: 0.0029271602508639605
2020-04-28 14:15:07,511 INFO 10: 0.0006562583975708293
2020-04-28 14:15:07,511 INFO 11: 0.0012284671745052158
2020-04-28 14:15:07,511 INFO 12: 0.04755026339124411
2020-04-28 14:15:07,511 INFO 13: 0.003776371685671374
2020-04-28 14:15:07,511 INFO 14: 0.012189338565343311
2020-04-28 14:15:07,511 INFO 15: 0.2852190217463042
2020-04-28 14:15:07,511 INFO 16: 0.0012207969543376724
2020-04-28 14:15:07,511 INFO 17: 0.0029204443360948853
2020-04-28 14:15:07,511 INFO 18: 0.0018099466955862522
2020-04-28 14:15:07,511 INFO 19: 0.008499877288921213
2020-04-28 14:15:07,511 INFO 20: 0.0006567031271501582
2020-04-28 14:15:49,171 INFO Iter [15100/50000]  Loss: 1.2555  Time/Image: 0.4041
2020-04-28 14:16:29,935 INFO Iter [15200/50000]  Loss: 1.1793  Time/Image: 0.4036
2020-04-28 14:17:10,323 INFO Iter [15300/50000]  Loss: 0.5236  Time/Image: 0.4000
2020-04-28 14:17:50,500 INFO Iter [15400/50000]  Loss: 1.2188  Time/Image: 0.3967
2020-04-28 14:18:30,863 INFO Iter [15500/50000]  Loss: 0.5922  Time/Image: 0.3997
2020-04-28 14:19:11,485 INFO Iter [15600/50000]  Loss: 0.8529  Time/Image: 0.4020
2020-04-28 14:19:51,805 INFO Iter [15700/50000]  Loss: 0.8175  Time/Image: 0.3991
2020-04-28 14:20:32,172 INFO Iter [15800/50000]  Loss: 1.8876  Time/Image: 0.3994
2020-04-28 14:21:12,544 INFO Iter [15900/50000]  Loss: 0.6028  Time/Image: 0.4003
2020-04-28 14:21:52,890 INFO Iter [16000/50000]  Loss: 0.4551  Time/Image: 0.3994
2020-04-28 14:22:33,441 INFO Iter [16100/50000]  Loss: 0.8300  Time/Image: 0.4011
2020-04-28 14:23:13,758 INFO Iter [16200/50000]  Loss: 1.1908  Time/Image: 0.3993
2020-04-28 14:23:53,787 INFO Iter [16300/50000]  Loss: 0.5779  Time/Image: 0.3961
2020-04-28 14:24:34,104 INFO Iter [16400/50000]  Loss: 1.2950  Time/Image: 0.3993
2020-04-28 14:25:14,618 INFO Iter [16500/50000]  Loss: 0.2603  Time/Image: 0.4011
2020-04-28 14:25:54,929 INFO Iter [16600/50000]  Loss: 1.2956  Time/Image: 0.3987
2020-04-28 14:26:35,571 INFO Iter [16700/50000]  Loss: 0.6401  Time/Image: 0.4018
2020-04-28 14:27:15,719 INFO Iter [16800/50000]  Loss: 1.7537  Time/Image: 0.3976
2020-04-28 14:27:55,731 INFO Iter [16900/50000]  Loss: 0.8981  Time/Image: 0.3967
2020-04-28 14:28:35,931 INFO Iter [17000/50000]  Loss: 3.0782  Time/Image: 0.3983
2020-04-28 14:29:16,149 INFO Iter [17100/50000]  Loss: 2.6113  Time/Image: 0.3975
2020-04-28 14:29:56,356 INFO Iter [17200/50000]  Loss: 0.8913  Time/Image: 0.3978
2020-04-28 14:30:36,593 INFO Iter [17300/50000]  Loss: 1.1747  Time/Image: 0.3984
2020-04-28 14:31:16,516 INFO Iter [17400/50000]  Loss: 1.4323  Time/Image: 0.3949
2020-04-28 14:31:56,712 INFO Iter [17500/50000]  Loss: 1.1708  Time/Image: 0.3987
2020-04-28 14:35:31,459 INFO Iter 17500 Loss: 1.1651
2020-04-28 14:35:31,459 INFO Overall Acc: 	: 0.7542629274866949
2020-04-28 14:35:31,459 INFO Mean Acc : 	: 0.08019352184626508
2020-04-28 14:35:31,459 INFO FreqW Acc : 	: 0.5974932692603887
2020-04-28 14:35:31,459 INFO Mean IoU : 	: 0.062252773535855364
2020-04-28 14:35:31,459 INFO 0: 0.7736568322356042
2020-04-28 14:35:31,459 INFO 1: 0.00454402534592629
2020-04-28 14:35:31,459 INFO 2: 0.005882390325969223
2020-04-28 14:35:31,459 INFO 3: 0.0018599929401727818
2020-04-28 14:35:31,459 INFO 4: 0.0038095628919848712
2020-04-28 14:35:31,459 INFO 5: 0.0015490861172795822
2020-04-28 14:35:31,459 INFO 6: 0.013127026875363086
2020-04-28 14:35:31,459 INFO 7: 0.046300013468574305
2020-04-28 14:35:31,459 INFO 8: 0.0653540102878319
2020-04-28 14:35:31,459 INFO 9: 0.0028487086616035217
2020-04-28 14:35:31,475 INFO 10: 0.0005099303084271827
2020-04-28 14:35:31,475 INFO 11: 0.0011500263138746038
2020-04-28 14:35:31,475 INFO 12: 0.0563285785643329
2020-04-28 14:35:31,475 INFO 13: 0.0031625151179663262
2020-04-28 14:35:31,475 INFO 14: 0.013537105453153507
2020-04-28 14:35:31,475 INFO 15: 0.2999637983908637
2020-04-28 14:35:31,475 INFO 16: 0.001115562052664553
2020-04-28 14:35:31,475 INFO 17: 0.0025012980834642215
2020-04-28 14:35:31,475 INFO 18: 0.0015936784089777218
2020-04-28 14:35:31,475 INFO 19: 0.007975141261907187
2020-04-28 14:35:31,475 INFO 20: 0.0005389611470209782
2020-04-28 14:36:12,643 INFO Iter [17600/50000]  Loss: 2.1281  Time/Image: 0.3987
2020-04-28 14:37:00,855 INFO Iter [17700/50000]  Loss: 1.4090  Time/Image: 0.3952
2020-04-28 14:37:41,104 INFO Iter [17800/50000]  Loss: 0.7950  Time/Image: 0.3984
2020-04-28 14:38:21,631 INFO Iter [17900/50000]  Loss: 0.0623  Time/Image: 0.4012
2020-04-28 14:39:02,622 INFO Iter [18000/50000]  Loss: 1.3084  Time/Image: 0.4059
2020-04-28 14:39:43,435 INFO Iter [18100/50000]  Loss: 0.7949  Time/Image: 0.4039
2020-04-28 14:40:23,689 INFO Iter [18200/50000]  Loss: 0.6720  Time/Image: 0.3983
2020-04-28 14:41:04,135 INFO Iter [18300/50000]  Loss: 0.7214  Time/Image: 0.4002
2020-04-28 14:41:44,587 INFO Iter [18400/50000]  Loss: 0.0722  Time/Image: 0.4005
2020-04-28 14:42:24,997 INFO Iter [18500/50000]  Loss: 0.6602  Time/Image: 0.3997
2020-04-28 14:43:05,146 INFO Iter [18600/50000]  Loss: 1.0691  Time/Image: 0.3971
2020-04-28 14:43:45,472 INFO Iter [18700/50000]  Loss: 2.0095  Time/Image: 0.3992
2020-04-28 14:44:25,583 INFO Iter [18800/50000]  Loss: 1.1082  Time/Image: 0.3966
2020-04-28 14:45:06,104 INFO Iter [18900/50000]  Loss: 0.8540  Time/Image: 0.4005
2020-04-28 14:45:46,654 INFO Iter [19000/50000]  Loss: 1.2413  Time/Image: 0.4008
2020-04-28 14:46:27,121 INFO Iter [19100/50000]  Loss: 0.2238  Time/Image: 0.4008
2020-04-28 14:47:07,497 INFO Iter [19200/50000]  Loss: 1.5501  Time/Image: 0.3999
2020-04-28 14:47:47,718 INFO Iter [19300/50000]  Loss: 1.3737  Time/Image: 0.3983
2020-04-28 14:48:28,172 INFO Iter [19400/50000]  Loss: 0.3013  Time/Image: 0.4005
2020-04-28 14:49:08,505 INFO Iter [19500/50000]  Loss: 1.9653  Time/Image: 0.3990
2020-04-28 14:49:49,068 INFO Iter [19600/50000]  Loss: 1.0807  Time/Image: 0.4014
2020-04-28 14:50:29,865 INFO Iter [19700/50000]  Loss: 0.1004  Time/Image: 0.4037
2020-04-28 14:51:10,440 INFO Iter [19800/50000]  Loss: 0.7528  Time/Image: 0.4012
2020-04-28 14:51:50,701 INFO Iter [19900/50000]  Loss: 0.2732  Time/Image: 0.3985
2020-04-28 14:52:31,083 INFO Iter [20000/50000]  Loss: 0.1427  Time/Image: 0.3996
2020-04-28 14:56:05,935 INFO Iter 20000 Loss: 1.1386
2020-04-28 14:56:05,951 INFO Overall Acc: 	: 0.7563432324416612
2020-04-28 14:56:05,951 INFO Mean Acc : 	: 0.08258304702748469
2020-04-28 14:56:05,951 INFO FreqW Acc : 	: 0.5998452086605811
2020-04-28 14:56:05,951 INFO Mean IoU : 	: 0.06404131773020114
2020-04-28 14:56:05,951 INFO 0: 0.7750807317212995
2020-04-28 14:56:05,951 INFO 1: 0.004172725394418304
2020-04-28 14:56:05,951 INFO 2: 0.006312304009420467
2020-04-28 14:56:05,951 INFO 3: 0.0017564202081507391
2020-04-28 14:56:05,951 INFO 4: 0.0036667287968243094
2020-04-28 14:56:05,951 INFO 5: 0.0013790599367098572
2020-04-28 14:56:05,951 INFO 6: 0.014234090345541796
2020-04-28 14:56:05,951 INFO 7: 0.05073632744542501
2020-04-28 14:56:05,951 INFO 8: 0.06563370471222513
2020-04-28 14:56:05,951 INFO 9: 0.0029323378676438766
2020-04-28 14:56:05,951 INFO 10: 0.0004469459627806905
2020-04-28 14:56:05,951 INFO 11: 0.0011251308675456271
2020-04-28 14:56:05,951 INFO 12: 0.06616500617896202
2020-04-28 14:56:05,951 INFO 13: 0.0029896214419061627
2020-04-28 14:56:05,951 INFO 14: 0.015220008393531858
2020-04-28 14:56:05,951 INFO 15: 0.3200642082849826
2020-04-28 14:56:05,951 INFO 16: 0.0010934787034728242
2020-04-28 14:56:05,951 INFO 17: 0.0022484944832468655
2020-04-28 14:56:05,951 INFO 18: 0.0016626285554696336
2020-04-28 14:56:05,951 INFO 19: 0.007481018183686591
2020-04-28 14:56:05,951 INFO 20: 0.00046670084097979087
2020-04-28 14:56:47,170 INFO Iter [20100/50000]  Loss: 0.4907  Time/Image: 0.3996
2020-04-28 14:57:27,578 INFO Iter [20200/50000]  Loss: 0.2388  Time/Image: 0.3999
2020-04-28 14:58:07,852 INFO Iter [20300/50000]  Loss: 0.8401  Time/Image: 0.3990
2020-04-28 14:58:48,259 INFO Iter [20400/50000]  Loss: 0.5584  Time/Image: 0.3995
2020-04-28 14:59:28,667 INFO Iter [20500/50000]  Loss: 0.6725  Time/Image: 0.3997
2020-04-28 15:00:08,981 INFO Iter [20600/50000]  Loss: 0.6228  Time/Image: 0.3992
2020-04-28 15:00:49,373 INFO Iter [20700/50000]  Loss: 0.3360  Time/Image: 0.3997
2020-04-28 15:01:29,480 INFO Iter [20800/50000]  Loss: 1.8787  Time/Image: 0.3976
2020-04-28 15:02:10,030 INFO Iter [20900/50000]  Loss: 0.1824  Time/Image: 0.4013
2020-04-28 15:02:50,174 INFO Iter [21000/50000]  Loss: 1.9492  Time/Image: 0.3972
2020-04-28 15:03:30,530 INFO Iter [21100/50000]  Loss: 1.4308  Time/Image: 0.3995
2020-04-28 15:04:10,933 INFO Iter [21200/50000]  Loss: 4.6998  Time/Image: 0.3993
2020-04-28 15:04:51,392 INFO Iter [21300/50000]  Loss: 0.5432  Time/Image: 0.4007
2020-04-28 15:05:31,732 INFO Iter [21400/50000]  Loss: 0.1259  Time/Image: 0.3994
2020-04-28 15:06:12,271 INFO Iter [21500/50000]  Loss: 2.5827  Time/Image: 0.4016
2020-04-28 15:06:52,679 INFO Iter [21600/50000]  Loss: 1.3385  Time/Image: 0.3999
2020-04-28 15:07:33,320 INFO Iter [21700/50000]  Loss: 0.6468  Time/Image: 0.4024
2020-04-28 15:08:13,776 INFO Iter [21800/50000]  Loss: 0.8445  Time/Image: 0.4005
2020-04-28 15:08:53,937 INFO Iter [21900/50000]  Loss: 1.5818  Time/Image: 0.3979
2020-04-28 15:09:34,497 INFO Iter [22000/50000]  Loss: 0.0430  Time/Image: 0.4017
2020-04-28 15:10:14,921 INFO Iter [22100/50000]  Loss: 1.3730  Time/Image: 0.4003
2020-04-28 15:10:55,317 INFO Iter [22200/50000]  Loss: 1.6193  Time/Image: 0.3999
2020-04-28 15:11:35,604 INFO Iter [22300/50000]  Loss: 0.0469  Time/Image: 0.3991
2020-04-28 15:12:16,025 INFO Iter [22400/50000]  Loss: 1.6309  Time/Image: 0.3994
2020-04-28 15:12:55,978 INFO Iter [22500/50000]  Loss: 0.7863  Time/Image: 0.3956
2020-04-28 15:16:31,014 INFO Iter 22500 Loss: 1.1210
2020-04-28 15:16:31,030 INFO Overall Acc: 	: 0.7590425100133837
2020-04-28 15:16:31,030 INFO Mean Acc : 	: 0.08235422306294803
2020-04-28 15:16:31,030 INFO FreqW Acc : 	: 0.6000885016087817
2020-04-28 15:16:31,030 INFO Mean IoU : 	: 0.06436218049413354
2020-04-28 15:16:31,030 INFO 0: 0.7748043493802526
2020-04-28 15:16:31,030 INFO 1: 0.004324963165174132
2020-04-28 15:16:31,030 INFO 2: 0.005776540777219738
2020-04-28 15:16:31,030 INFO 3: 0.0014978591541537829
2020-04-28 15:16:31,030 INFO 4: 0.0026657912274942286
2020-04-28 15:16:31,030 INFO 5: 0.0011529713156069803
2020-04-28 15:16:31,030 INFO 6: 0.012725708586342383
2020-04-28 15:16:31,030 INFO 7: 0.04793203354165446
2020-04-28 15:16:31,030 INFO 8: 0.07422871639787372
2020-04-28 15:16:31,030 INFO 9: 0.001979877875387923
2020-04-28 15:16:31,030 INFO 10: 0.00030146442653365045
2020-04-28 15:16:31,030 INFO 11: 0.0009353776770128301
2020-04-28 15:16:31,030 INFO 12: 0.06926737139082864
2020-04-28 15:16:31,030 INFO 13: 0.0023265743273558825
2020-04-28 15:16:31,030 INFO 14: 0.014798097603829026
2020-04-28 15:16:31,030 INFO 15: 0.3266308928768952
2020-04-28 15:16:31,030 INFO 16: 0.0009105292895939178
2020-04-28 15:16:31,030 INFO 17: 0.0018241847486867447
2020-04-28 15:16:31,030 INFO 18: 0.0012391977740499203
2020-04-28 15:16:31,030 INFO 19: 0.006001371540970622
2020-04-28 15:16:31,030 INFO 20: 0.0002819172998878887
2020-04-28 15:17:12,401 INFO Iter [22600/50000]  Loss: 2.7711  Time/Image: 0.4010
2020-04-28 15:17:53,082 INFO Iter [22700/50000]  Loss: 1.9300  Time/Image: 0.4024
2020-04-28 15:18:33,484 INFO Iter [22800/50000]  Loss: 0.5948  Time/Image: 0.4006
2020-04-28 15:19:13,885 INFO Iter [22900/50000]  Loss: 1.1980  Time/Image: 0.3995
2020-04-28 15:19:53,821 INFO Iter [23000/50000]  Loss: 1.6121  Time/Image: 0.3954
2020-04-28 15:20:34,182 INFO Iter [23100/50000]  Loss: 0.2305  Time/Image: 0.3994
2020-04-28 15:21:14,510 INFO Iter [23200/50000]  Loss: 1.0085  Time/Image: 0.3989
2020-04-28 15:21:54,631 INFO Iter [23300/50000]  Loss: 0.5403  Time/Image: 0.3970
2020-04-28 15:22:35,303 INFO Iter [23400/50000]  Loss: 0.5589  Time/Image: 0.4028
2020-04-28 15:23:15,857 INFO Iter [23500/50000]  Loss: 0.7321  Time/Image: 0.4013
2020-04-28 15:23:56,242 INFO Iter [23600/50000]  Loss: 0.5135  Time/Image: 0.4006
2020-04-28 15:24:36,748 INFO Iter [23700/50000]  Loss: 0.2960  Time/Image: 0.4010
2020-04-28 15:25:17,112 INFO Iter [23800/50000]  Loss: 0.0955  Time/Image: 0.3996
2020-04-28 15:25:57,465 INFO Iter [23900/50000]  Loss: 0.9703  Time/Image: 0.3996
2020-04-28 15:26:38,021 INFO Iter [24000/50000]  Loss: 0.7465  Time/Image: 0.4009
2020-04-28 15:27:18,068 INFO Iter [24100/50000]  Loss: 2.5587  Time/Image: 0.3962
2020-04-28 15:27:58,566 INFO Iter [24200/50000]  Loss: 0.5103  Time/Image: 0.4009
2020-04-28 15:28:38,911 INFO Iter [24300/50000]  Loss: 0.5859  Time/Image: 0.3994
2020-04-28 15:29:19,825 INFO Iter [24400/50000]  Loss: 0.8700  Time/Image: 0.4052
2020-04-28 15:30:00,380 INFO Iter [24500/50000]  Loss: 0.6400  Time/Image: 0.4015
2020-04-28 15:30:40,962 INFO Iter [24600/50000]  Loss: 0.5408  Time/Image: 0.4013
2020-04-28 15:31:21,755 INFO Iter [24700/50000]  Loss: 1.0612  Time/Image: 0.4036
2020-04-28 15:32:02,348 INFO Iter [24800/50000]  Loss: 2.4465  Time/Image: 0.4013
2020-04-28 15:32:42,656 INFO Iter [24900/50000]  Loss: 2.8954  Time/Image: 0.3989
2020-04-28 15:33:23,334 INFO Iter [25000/50000]  Loss: 0.6145  Time/Image: 0.4029
2020-04-28 15:36:58,556 INFO Iter 25000 Loss: 1.1047
2020-04-28 15:36:58,571 INFO Overall Acc: 	: 0.7605176853746151
2020-04-28 15:36:58,571 INFO Mean Acc : 	: 0.08314540595335244
2020-04-28 15:36:58,571 INFO FreqW Acc : 	: 0.6009366060863223
2020-04-28 15:36:58,571 INFO Mean IoU : 	: 0.06516401033973486
2020-04-28 15:36:58,571 INFO 0: 0.7751571292939087
2020-04-28 15:36:58,571 INFO 1: 0.004236749523823184
2020-04-28 15:36:58,571 INFO 2: 0.006051934108438672
2020-04-28 15:36:58,571 INFO 3: 0.001321749229463528
2020-04-28 15:36:58,571 INFO 4: 0.0025058137407221346
2020-04-28 15:36:58,571 INFO 5: 0.0010474678863137527
2020-04-28 15:36:58,571 INFO 6: 0.013013523430831144
2020-04-28 15:36:58,571 INFO 7: 0.050252184336834586
2020-04-28 15:36:58,571 INFO 8: 0.08308046276571936
2020-04-28 15:36:58,571 INFO 9: 0.0016172580452683083
2020-04-28 15:36:58,571 INFO 10: 0.00019817802781886594
2020-04-28 15:36:58,571 INFO 11: 0.0008753876035029134
2020-04-28 15:36:58,571 INFO 12: 0.06676677710119427
2020-04-28 15:36:58,571 INFO 13: 0.0019645213845579735
2020-04-28 15:36:58,571 INFO 14: 0.015956491033821844
2020-04-28 15:36:58,571 INFO 15: 0.33470630146623964
2020-04-28 15:36:58,571 INFO 16: 0.0008443430956292416
2020-04-28 15:36:58,571 INFO 17: 0.0015189598302801318
2020-04-28 15:36:58,571 INFO 18: 0.001137071598062212
2020-04-28 15:36:58,571 INFO 19: 0.005966895091354147
2020-04-28 15:36:58,571 INFO 20: 0.00022501854064748122
2020-04-28 15:37:40,295 INFO Iter [25100/50000]  Loss: 1.6426  Time/Image: 0.4040
2020-04-28 15:38:20,929 INFO Iter [25200/50000]  Loss: 1.5237  Time/Image: 0.4024
2020-04-28 15:39:01,258 INFO Iter [25300/50000]  Loss: 0.3953  Time/Image: 0.3990
2020-04-28 15:39:41,660 INFO Iter [25400/50000]  Loss: 0.4546  Time/Image: 0.3996
2020-04-28 15:40:22,287 INFO Iter [25500/50000]  Loss: 0.7487  Time/Image: 0.4022
2020-04-28 15:41:02,805 INFO Iter [25600/50000]  Loss: 0.4354  Time/Image: 0.4011
2020-04-28 15:41:43,097 INFO Iter [25700/50000]  Loss: 0.9038  Time/Image: 0.3987
2020-04-28 15:42:23,765 INFO Iter [25800/50000]  Loss: 0.7784  Time/Image: 0.4026
2020-04-28 15:43:04,334 INFO Iter [25900/50000]  Loss: 0.6487  Time/Image: 0.4015
2020-04-28 15:43:44,825 INFO Iter [26000/50000]  Loss: 0.1291  Time/Image: 0.4011
2020-04-28 15:44:25,136 INFO Iter [26100/50000]  Loss: 0.4119  Time/Image: 0.3994
2020-04-28 15:45:05,007 INFO Iter [26200/50000]  Loss: 2.9672  Time/Image: 0.3945
2020-04-28 15:45:45,382 INFO Iter [26300/50000]  Loss: 1.3112  Time/Image: 0.3997
2020-04-28 15:46:25,622 INFO Iter [26400/50000]  Loss: 1.9862  Time/Image: 0.3979
2020-04-28 15:47:13,599 INFO Iter [26500/50000]  Loss: 0.6104  Time/Image: 0.3946
2020-04-28 15:47:53,745 INFO Iter [26600/50000]  Loss: 2.4405  Time/Image: 0.3976
2020-04-28 15:48:34,771 INFO Iter [26700/50000]  Loss: 1.1903  Time/Image: 0.4065
2020-04-28 15:49:15,218 INFO Iter [26800/50000]  Loss: 0.4876  Time/Image: 0.4004
2020-04-28 15:49:55,599 INFO Iter [26900/50000]  Loss: 0.0390  Time/Image: 0.3997
2020-04-28 15:50:35,914 INFO Iter [27000/50000]  Loss: 0.8319  Time/Image: 0.3990
2020-04-28 15:51:15,880 INFO Iter [27100/50000]  Loss: 0.2738  Time/Image: 0.3950
2020-04-28 15:51:56,498 INFO Iter [27200/50000]  Loss: 0.5177  Time/Image: 0.4017
2020-04-28 15:52:36,992 INFO Iter [27300/50000]  Loss: 1.2617  Time/Image: 0.4009
2020-04-28 15:53:17,672 INFO Iter [27400/50000]  Loss: 0.6497  Time/Image: 0.4030
2020-04-28 15:53:58,358 INFO Iter [27500/50000]  Loss: 0.7849  Time/Image: 0.4027
2020-04-28 15:57:40,238 INFO Iter 27500 Loss: 1.0879
2020-04-28 15:57:40,238 INFO Overall Acc: 	: 0.7615212871771518
2020-04-28 15:57:40,238 INFO Mean Acc : 	: 0.08329234942451562
2020-04-28 15:57:40,238 INFO FreqW Acc : 	: 0.6011005249154308
2020-04-28 15:57:40,238 INFO Mean IoU : 	: 0.06567428344795737
2020-04-28 15:57:40,238 INFO 0: 0.7750576104892092
2020-04-28 15:57:40,238 INFO 1: 0.004135246898564826
2020-04-28 15:57:40,238 INFO 2: 0.005867300625879208
2020-04-28 15:57:40,238 INFO 3: 0.0012291678896356904
2020-04-28 15:57:40,238 INFO 4: 0.0024003027167488755
2020-04-28 15:57:40,238 INFO 5: 0.001014305918870546
2020-04-28 15:57:40,238 INFO 6: 0.013498190060393066
2020-04-28 15:57:40,238 INFO 7: 0.050013112284943546
2020-04-28 15:57:40,238 INFO 8: 0.08238177912661769
2020-04-28 15:57:40,238 INFO 9: 0.001401800175550973
2020-04-28 15:57:40,238 INFO 10: 0.00016540451240850646
2020-04-28 15:57:40,238 INFO 11: 0.0008216697146862722
2020-04-28 15:57:40,238 INFO 12: 0.0763310227769661
2020-04-28 15:57:40,238 INFO 13: 0.001869103618637164
2020-04-28 15:57:40,238 INFO 14: 0.017581841772853112
2020-04-28 15:57:40,238 INFO 15: 0.3357887066501179
2020-04-28 15:57:40,238 INFO 16: 0.0008501931620178541
2020-04-28 15:57:40,238 INFO 17: 0.0014557120109900403
2020-04-28 15:57:40,238 INFO 18: 0.0010522335690136553
2020-04-28 15:57:40,238 INFO 19: 0.006022734421226739
2020-04-28 15:57:40,238 INFO 20: 0.00022251401177341465
2020-04-28 15:58:21,339 INFO Iter [27600/50000]  Loss: 1.9013  Time/Image: 0.3978
2020-04-28 15:59:01,610 INFO Iter [27700/50000]  Loss: 1.1189  Time/Image: 0.3985
2020-04-28 15:59:41,931 INFO Iter [27800/50000]  Loss: 0.7314  Time/Image: 0.3993
2020-04-28 16:00:22,371 INFO Iter [27900/50000]  Loss: 0.0797  Time/Image: 0.3999
2020-04-28 16:01:03,035 INFO Iter [28000/50000]  Loss: 1.4030  Time/Image: 0.4027
2020-04-28 16:01:43,556 INFO Iter [28100/50000]  Loss: 0.1183  Time/Image: 0.4014
2020-04-28 16:02:23,848 INFO Iter [28200/50000]  Loss: 2.3752  Time/Image: 0.3989
2020-04-28 16:03:04,494 INFO Iter [28300/50000]  Loss: 1.4382  Time/Image: 0.4021
2020-04-28 16:03:44,830 INFO Iter [28400/50000]  Loss: 0.4213  Time/Image: 0.3995
2020-04-28 16:04:25,856 INFO Iter [28500/50000]  Loss: 1.3760  Time/Image: 0.4065
2020-04-28 16:05:06,204 INFO Iter [28600/50000]  Loss: 3.8069  Time/Image: 0.3993
2020-04-28 16:05:46,751 INFO Iter [28700/50000]  Loss: 2.1641  Time/Image: 0.4012
2020-04-28 16:06:27,355 INFO Iter [28800/50000]  Loss: 2.6318  Time/Image: 0.4020
2020-04-28 16:07:07,766 INFO Iter [28900/50000]  Loss: 1.7287  Time/Image: 0.3996
2020-04-28 16:07:48,208 INFO Iter [29000/50000]  Loss: 0.7104  Time/Image: 0.4013
2020-04-28 16:08:28,416 INFO Iter [29100/50000]  Loss: 1.4275  Time/Image: 0.3975
2020-04-28 16:09:08,859 INFO Iter [29200/50000]  Loss: 2.7939  Time/Image: 0.4000
2020-04-28 16:09:49,080 INFO Iter [29300/50000]  Loss: 0.8833  Time/Image: 0.3981
2020-04-28 16:10:29,623 INFO Iter [29400/50000]  Loss: 1.4593  Time/Image: 0.4011
2020-04-28 16:11:09,535 INFO Iter [29500/50000]  Loss: 0.3742  Time/Image: 0.3952
2020-04-28 16:11:50,373 INFO Iter [29600/50000]  Loss: 1.2742  Time/Image: 0.4048
2020-04-28 16:12:31,090 INFO Iter [29700/50000]  Loss: 0.5391  Time/Image: 0.4029
2020-04-28 16:13:11,812 INFO Iter [29800/50000]  Loss: 0.7242  Time/Image: 0.4028
2020-04-28 16:13:52,710 INFO Iter [29900/50000]  Loss: 0.1197  Time/Image: 0.4047
2020-04-28 16:14:33,527 INFO Iter [30000/50000]  Loss: 1.4961  Time/Image: 0.4030
2020-04-28 16:18:11,949 INFO Iter 30000 Loss: 1.0742
2020-04-28 16:18:11,949 INFO Overall Acc: 	: 0.7631884471679424
2020-04-28 16:18:11,949 INFO Mean Acc : 	: 0.08593166617860157
2020-04-28 16:18:11,949 INFO FreqW Acc : 	: 0.6035392662433166
2020-04-28 16:18:11,949 INFO Mean IoU : 	: 0.06769660023106748
2020-04-28 16:18:11,949 INFO 0: 0.7767984341874359
2020-04-28 16:18:11,949 INFO 1: 0.004083805665387637
2020-04-28 16:18:11,949 INFO 2: 0.005473696052064172
2020-04-28 16:18:11,949 INFO 3: 0.001149207886674984
2020-04-28 16:18:11,949 INFO 4: 0.0021327517191271433
2020-04-28 16:18:11,949 INFO 5: 0.0009785855948585343
2020-04-28 16:18:11,949 INFO 6: 0.013660601274347187
2020-04-28 16:18:11,949 INFO 7: 0.055128778057915134
2020-04-28 16:18:11,949 INFO 8: 0.10566088914557147
2020-04-28 16:18:11,949 INFO 9: 0.0011865739161388885
2020-04-28 16:18:11,949 INFO 10: 0.00011725295370546057
2020-04-28 16:18:11,949 INFO 11: 0.0008790322195972397
2020-04-28 16:18:11,949 INFO 12: 0.08170470241738802
2020-04-28 16:18:11,949 INFO 13: 0.0016891210482965402
2020-04-28 16:18:11,949 INFO 14: 0.016996750465657386
2020-04-28 16:18:11,949 INFO 15: 0.34510894478612264
2020-04-28 16:18:11,949 INFO 16: 0.0007964674326809328
2020-04-28 16:18:11,949 INFO 17: 0.0013861220110978018
2020-04-28 16:18:11,949 INFO 18: 0.0009650350952071342
2020-04-28 16:18:11,964 INFO 19: 0.005543947718002977
2020-04-28 16:18:11,964 INFO 20: 0.00018790520513998108
2020-04-28 16:18:53,833 INFO Iter [30100/50000]  Loss: 1.1121  Time/Image: 0.4045
2020-04-28 16:19:34,368 INFO Iter [30200/50000]  Loss: 0.6714  Time/Image: 0.4013
2020-04-28 16:20:15,076 INFO Iter [30300/50000]  Loss: 0.3521  Time/Image: 0.4029
2020-04-28 16:20:55,731 INFO Iter [30400/50000]  Loss: 0.0417  Time/Image: 0.4025
2020-04-28 16:21:36,347 INFO Iter [30500/50000]  Loss: 0.7003  Time/Image: 0.4022
2020-04-28 16:22:17,070 INFO Iter [30600/50000]  Loss: 0.5156  Time/Image: 0.4028
2020-04-28 16:22:57,692 INFO Iter [30700/50000]  Loss: 0.4784  Time/Image: 0.4018
2020-04-28 16:23:38,199 INFO Iter [30800/50000]  Loss: 1.0095  Time/Image: 0.4012
2020-04-28 16:24:18,644 INFO Iter [30900/50000]  Loss: 0.1480  Time/Image: 0.4001
2020-04-28 16:24:59,181 INFO Iter [31000/50000]  Loss: 2.0381  Time/Image: 0.4015
2020-04-28 16:25:39,482 INFO Iter [31100/50000]  Loss: 1.4085  Time/Image: 0.3991
2020-04-28 16:26:19,653 INFO Iter [31200/50000]  Loss: 1.3811  Time/Image: 0.3978
2020-04-28 16:27:00,144 INFO Iter [31300/50000]  Loss: 0.6509  Time/Image: 0.4008
2020-04-28 16:27:40,250 INFO Iter [31400/50000]  Loss: 0.0287  Time/Image: 0.3970
2020-04-28 16:28:20,550 INFO Iter [31500/50000]  Loss: 0.0982  Time/Image: 0.3983
2020-04-28 16:29:04,990 INFO Iter [31600/50000]  Loss: 0.0955  Time/Image: 0.4406
2020-04-28 16:29:45,973 INFO Iter [31700/50000]  Loss: 0.8890  Time/Image: 0.4058
2020-04-28 16:30:26,221 INFO Iter [31800/50000]  Loss: 2.4054  Time/Image: 0.3982
2020-04-28 16:31:06,916 INFO Iter [31900/50000]  Loss: 2.1586  Time/Image: 0.4026
2020-04-28 16:31:47,063 INFO Iter [32000/50000]  Loss: 0.5333  Time/Image: 0.3974
2020-04-28 16:32:27,761 INFO Iter [32100/50000]  Loss: 1.8937  Time/Image: 0.4030
2020-04-28 16:33:08,715 INFO Iter [32200/50000]  Loss: 0.4965  Time/Image: 0.4050
2020-04-28 16:33:48,784 INFO Iter [32300/50000]  Loss: 1.0821  Time/Image: 0.3965
2020-04-28 16:34:28,786 INFO Iter [32400/50000]  Loss: 0.9198  Time/Image: 0.3956
2020-04-28 16:35:09,457 INFO Iter [32500/50000]  Loss: 1.7687  Time/Image: 0.4019
2020-04-28 16:38:44,603 INFO Iter 32500 Loss: 1.0608
2020-04-28 16:38:44,603 INFO Overall Acc: 	: 0.7644732626313379
2020-04-28 16:38:44,603 INFO Mean Acc : 	: 0.08883477707505966
2020-04-28 16:38:44,603 INFO FreqW Acc : 	: 0.6059798319211195
2020-04-28 16:38:44,603 INFO Mean IoU : 	: 0.06962222694093285
2020-04-28 16:38:44,603 INFO 0: 0.7783928846994248
2020-04-28 16:38:44,603 INFO 1: 0.0045475411144818775
2020-04-28 16:38:44,603 INFO 2: 0.006790401050732729
2020-04-28 16:38:44,603 INFO 3: 0.0011188590966348748
2020-04-28 16:38:44,603 INFO 4: 0.002274036339699139
2020-04-28 16:38:44,603 INFO 5: 0.0009272916740081453
2020-04-28 16:38:44,603 INFO 6: 0.014965780199628166
2020-04-28 16:38:44,603 INFO 7: 0.05878821272694433
2020-04-28 16:38:44,603 INFO 8: 0.11389404837934868
2020-04-28 16:38:44,603 INFO 9: 0.0011144597224838325
2020-04-28 16:38:44,603 INFO 10: 0.00010094709770408863
2020-04-28 16:38:44,603 INFO 11: 0.0008645057658716578
2020-04-28 16:38:44,603 INFO 12: 0.08776412664149312
2020-04-28 16:38:44,619 INFO 13: 0.0016900318177536541
2020-04-28 16:38:44,619 INFO 14: 0.017888168626002777
2020-04-28 16:38:44,619 INFO 15: 0.3623309517384296
2020-04-28 16:38:44,619 INFO 16: 0.0008033856407528514
2020-04-28 16:38:44,619 INFO 17: 0.0013137772424258527
2020-04-28 16:38:44,619 INFO 18: 0.0009748364861004232
2020-04-28 16:38:44,619 INFO 19: 0.0053409709225498226
2020-04-28 16:38:44,619 INFO 20: 0.00018154877711954045
2020-04-28 16:39:25,918 INFO Iter [32600/50000]  Loss: 0.8203  Time/Image: 0.3998
2020-04-28 16:40:06,739 INFO Iter [32700/50000]  Loss: 0.8454  Time/Image: 0.4043
2020-04-28 16:40:47,196 INFO Iter [32800/50000]  Loss: 1.6067  Time/Image: 0.4007
2020-04-28 16:41:27,470 INFO Iter [32900/50000]  Loss: 0.1569  Time/Image: 0.3982
2020-04-28 16:42:07,721 INFO Iter [33000/50000]  Loss: 0.2384  Time/Image: 0.3983
2020-04-28 16:42:47,908 INFO Iter [33100/50000]  Loss: 3.2897  Time/Image: 0.3977
2020-04-28 16:43:28,415 INFO Iter [33200/50000]  Loss: 0.5686  Time/Image: 0.4002
2020-04-28 16:44:08,820 INFO Iter [33300/50000]  Loss: 1.3955  Time/Image: 0.3998
2020-04-28 16:44:49,364 INFO Iter [33400/50000]  Loss: 3.0163  Time/Image: 0.4015
2020-04-28 16:45:29,567 INFO Iter [33500/50000]  Loss: 0.5023  Time/Image: 0.3978
2020-04-28 16:46:09,658 INFO Iter [33600/50000]  Loss: 0.0968  Time/Image: 0.3965
2020-04-28 16:46:49,867 INFO Iter [33700/50000]  Loss: 0.7666  Time/Image: 0.3979
2020-04-28 16:47:30,447 INFO Iter [33800/50000]  Loss: 0.8890  Time/Image: 0.4014
2020-04-28 16:48:10,835 INFO Iter [33900/50000]  Loss: 3.2997  Time/Image: 0.3997
2020-04-28 16:48:50,992 INFO Iter [34000/50000]  Loss: 0.2768  Time/Image: 0.3975
2020-04-28 16:49:31,802 INFO Iter [34100/50000]  Loss: 1.4413  Time/Image: 0.4040
2020-04-28 16:50:12,276 INFO Iter [34200/50000]  Loss: 0.1745  Time/Image: 0.4007
2020-04-28 16:50:52,921 INFO Iter [34300/50000]  Loss: 1.7410  Time/Image: 0.4025
2020-04-28 16:51:33,153 INFO Iter [34400/50000]  Loss: 2.9997  Time/Image: 0.3984
2020-04-28 16:52:13,127 INFO Iter [34500/50000]  Loss: 0.7622  Time/Image: 0.3955
2020-04-28 16:52:53,799 INFO Iter [34600/50000]  Loss: 0.0943  Time/Image: 0.4028
2020-04-28 16:53:34,569 INFO Iter [34700/50000]  Loss: 1.4062  Time/Image: 0.4036
2020-04-28 16:54:15,082 INFO Iter [34800/50000]  Loss: 0.3063  Time/Image: 0.4012
2020-04-28 16:54:55,542 INFO Iter [34900/50000]  Loss: 1.5668  Time/Image: 0.4005
2020-04-28 16:55:35,594 INFO Iter [35000/50000]  Loss: 0.2665  Time/Image: 0.3965
2020-04-28 16:59:20,859 INFO Iter 35000 Loss: 1.0572
2020-04-28 16:59:20,875 INFO Overall Acc: 	: 0.7653511387567126
2020-04-28 16:59:20,875 INFO Mean Acc : 	: 0.08558233234897208
2020-04-28 16:59:20,875 INFO FreqW Acc : 	: 0.6034036531646497
2020-04-28 16:59:20,875 INFO Mean IoU : 	: 0.06802230579328335
2020-04-28 16:59:20,875 INFO 0: 0.7759255841950443
2020-04-28 16:59:20,875 INFO 1: 0.003681048998169051
2020-04-28 16:59:20,890 INFO 2: 0.005820708095386574
2020-04-28 16:59:20,890 INFO 3: 0.0009307731259755001
2020-04-28 16:59:20,890 INFO 4: 0.0014484091616073706
2020-04-28 16:59:20,890 INFO 5: 0.0006758870319063365
2020-04-28 16:59:20,890 INFO 6: 0.012503412820837457
2020-04-28 16:59:20,890 INFO 7: 0.05352515712690012
2020-04-28 16:59:20,890 INFO 8: 0.1069084719482803
2020-04-28 16:59:20,890 INFO 9: 0.0007371937086417129
2020-04-28 16:59:20,890 INFO 10: 5.09202836259798e-05
2020-04-28 16:59:20,890 INFO 11: 0.0006128898131748686
2020-04-28 16:59:20,890 INFO 12: 0.0840414154649228
2020-04-28 16:59:20,890 INFO 13: 0.0013062260606892155
2020-04-28 16:59:20,890 INFO 14: 0.017810661781183398
2020-04-28 16:59:20,890 INFO 15: 0.355491606812733
2020-04-28 16:59:20,890 INFO 16: 0.0005935032757424133
2020-04-28 16:59:20,890 INFO 17: 0.0010245401279877853
2020-04-28 16:59:20,890 INFO 18: 0.0007004821854828239
2020-04-28 16:59:20,890 INFO 19: 0.00456933281688777
2020-04-28 16:59:20,890 INFO 20: 0.00011019682377134716
2020-04-28 17:00:01,124 INFO Iter [35100/50000]  Loss: 0.1300  Time/Image: 0.3984
2020-04-28 17:00:41,758 INFO Iter [35200/50000]  Loss: 0.7041  Time/Image: 0.4026
2020-04-28 17:01:22,030 INFO Iter [35300/50000]  Loss: 0.7826  Time/Image: 0.3985
2020-04-28 17:02:10,194 INFO Iter [35400/50000]  Loss: 3.9226  Time/Image: 0.3966
2020-04-28 17:02:50,578 INFO Iter [35500/50000]  Loss: 1.0863  Time/Image: 0.3997
2020-04-28 17:03:30,815 INFO Iter [35600/50000]  Loss: 0.2499  Time/Image: 0.3981
2020-04-28 17:04:11,498 INFO Iter [35700/50000]  Loss: 0.1994  Time/Image: 0.4026
2020-04-28 17:04:52,066 INFO Iter [35800/50000]  Loss: 0.6154  Time/Image: 0.4015
2020-04-28 17:05:32,441 INFO Iter [35900/50000]  Loss: 0.0476  Time/Image: 0.3995
2020-04-28 17:06:13,054 INFO Iter [36000/50000]  Loss: 2.0090  Time/Image: 0.4016
2020-04-28 17:06:53,625 INFO Iter [36100/50000]  Loss: 0.3398  Time/Image: 0.4008
2020-04-28 17:07:34,107 INFO Iter [36200/50000]  Loss: 0.9423  Time/Image: 0.4001
2020-04-28 17:08:14,745 INFO Iter [36300/50000]  Loss: 0.5438  Time/Image: 0.4023
2020-04-28 17:08:54,904 INFO Iter [36400/50000]  Loss: 0.7999  Time/Image: 0.3977
2020-04-28 17:09:35,071 INFO Iter [36500/50000]  Loss: 1.0896  Time/Image: 0.3978
2020-04-28 17:10:15,943 INFO Iter [36600/50000]  Loss: 1.8575  Time/Image: 0.4048
2020-04-28 17:10:56,174 INFO Iter [36700/50000]  Loss: 1.5746  Time/Image: 0.3982
2020-04-28 17:11:36,626 INFO Iter [36800/50000]  Loss: 0.0539  Time/Image: 0.4005
2020-04-28 17:12:16,808 INFO Iter [36900/50000]  Loss: 1.9853  Time/Image: 0.3976
2020-04-28 17:12:57,349 INFO Iter [37000/50000]  Loss: 0.7089  Time/Image: 0.4008
2020-04-28 17:13:37,936 INFO Iter [37100/50000]  Loss: 0.3932  Time/Image: 0.4014
2020-04-28 17:14:18,397 INFO Iter [37200/50000]  Loss: 0.3983  Time/Image: 0.4006
2020-04-28 17:14:58,800 INFO Iter [37300/50000]  Loss: 0.1333  Time/Image: 0.4003
2020-04-28 17:15:39,104 INFO Iter [37400/50000]  Loss: 1.2912  Time/Image: 0.3990
2020-04-28 17:16:18,825 INFO Iter [37500/50000]  Loss: 0.5366  Time/Image: 0.3933
2020-04-28 17:19:53,540 INFO Iter 37500 Loss: 1.0414
2020-04-28 17:19:53,540 INFO Overall Acc: 	: 0.7663613899957326
2020-04-28 17:19:53,540 INFO Mean Acc : 	: 0.08869176557733292
2020-04-28 17:19:53,540 INFO FreqW Acc : 	: 0.6060838477499922
2020-04-28 17:19:53,540 INFO Mean IoU : 	: 0.07014421404282775
2020-04-28 17:19:53,540 INFO 0: 0.7778374012277887
2020-04-28 17:19:53,540 INFO 1: 0.004546926094256237
2020-04-28 17:19:53,540 INFO 2: 0.0063333552468343825
2020-04-28 17:19:53,540 INFO 3: 0.0009609051211228359
2020-04-28 17:19:53,540 INFO 4: 0.001657633261874017
2020-04-28 17:19:53,540 INFO 5: 0.000754131770978943
2020-04-28 17:19:53,540 INFO 6: 0.014188757951640993
2020-04-28 17:19:53,540 INFO 7: 0.05848641382349015
2020-04-28 17:19:53,555 INFO 8: 0.12213673949657809
2020-04-28 17:19:53,555 INFO 9: 0.000864611457379028
2020-04-28 17:19:53,555 INFO 10: 5.59185424212461e-05
2020-04-28 17:19:53,555 INFO 11: 0.0007333535409938136
2020-04-28 17:19:53,555 INFO 12: 0.08549582002534355
2020-04-28 17:19:53,555 INFO 13: 0.0013597014197632104
2020-04-28 17:19:53,555 INFO 14: 0.01903505355770953
2020-04-28 17:19:53,555 INFO 15: 0.3703793231805704
2020-04-28 17:19:53,555 INFO 16: 0.0006280841300916292
2020-04-28 17:19:53,555 INFO 17: 0.0010891288711238985
2020-04-28 17:19:53,555 INFO 18: 0.0007650969248491628
2020-04-28 17:19:53,555 INFO 19: 0.005584440084062189
2020-04-28 17:19:53,555 INFO 20: 0.00013569917051101305
2020-04-28 17:20:34,927 INFO Iter [37600/50000]  Loss: 0.9197  Time/Image: 0.4004
2020-04-28 17:21:15,246 INFO Iter [37700/50000]  Loss: 1.5384  Time/Image: 0.3991
2020-04-28 17:21:56,067 INFO Iter [37800/50000]  Loss: 0.4857  Time/Image: 0.4042
2020-04-28 17:22:36,510 INFO Iter [37900/50000]  Loss: 0.5390  Time/Image: 0.4005
2020-04-28 17:23:16,856 INFO Iter [38000/50000]  Loss: 0.7951  Time/Image: 0.3992
2020-04-28 17:23:57,203 INFO Iter [38100/50000]  Loss: 0.0888  Time/Image: 0.3994
2020-04-28 17:24:37,979 INFO Iter [38200/50000]  Loss: 0.7401  Time/Image: 0.4040
2020-04-28 17:25:18,437 INFO Iter [38300/50000]  Loss: 0.8577  Time/Image: 0.4001
2020-04-28 17:25:58,652 INFO Iter [38400/50000]  Loss: 0.1156  Time/Image: 0.3976
2020-04-28 17:26:39,278 INFO Iter [38500/50000]  Loss: 0.2595  Time/Image: 0.4022
2020-04-28 17:27:19,663 INFO Iter [38600/50000]  Loss: 0.8558  Time/Image: 0.4000
2020-04-28 17:27:59,595 INFO Iter [38700/50000]  Loss: 0.4912  Time/Image: 0.3950
2020-04-28 17:28:40,283 INFO Iter [38800/50000]  Loss: 1.5466  Time/Image: 0.4028
2020-04-28 17:29:20,648 INFO Iter [38900/50000]  Loss: 0.7971  Time/Image: 0.3993
2020-04-28 17:30:00,667 INFO Iter [39000/50000]  Loss: 0.4877  Time/Image: 0.3962
2020-04-28 17:30:40,998 INFO Iter [39100/50000]  Loss: 0.7802  Time/Image: 0.3988
2020-04-28 17:31:21,214 INFO Iter [39200/50000]  Loss: 1.8675  Time/Image: 0.3984
2020-04-28 17:32:01,655 INFO Iter [39300/50000]  Loss: 0.7052  Time/Image: 0.4002
2020-04-28 17:32:42,073 INFO Iter [39400/50000]  Loss: 0.6924  Time/Image: 0.4000
2020-04-28 17:33:22,550 INFO Iter [39500/50000]  Loss: 0.4400  Time/Image: 0.4006
2020-04-28 17:34:02,557 INFO Iter [39600/50000]  Loss: 0.4320  Time/Image: 0.3963
2020-04-28 17:34:42,945 INFO Iter [39700/50000]  Loss: 1.9054  Time/Image: 0.3994
2020-04-28 17:35:23,264 INFO Iter [39800/50000]  Loss: 0.8322  Time/Image: 0.3994
2020-04-28 17:36:03,546 INFO Iter [39900/50000]  Loss: 0.3756  Time/Image: 0.3990
2020-04-28 17:36:43,894 INFO Iter [40000/50000]  Loss: 1.2317  Time/Image: 0.3996
2020-04-28 17:40:24,512 INFO Iter 40000 Loss: 1.0348
2020-04-28 17:40:24,527 INFO Overall Acc: 	: 0.7667190432319964
2020-04-28 17:40:24,527 INFO Mean Acc : 	: 0.08801708488346767
2020-04-28 17:40:24,527 INFO FreqW Acc : 	: 0.605344635062424
2020-04-28 17:40:24,527 INFO Mean IoU : 	: 0.0701762705225091
2020-04-28 17:40:24,527 INFO 0: 0.7771519804649932
2020-04-28 17:40:24,527 INFO 1: 0.0044547216478043545
2020-04-28 17:40:24,527 INFO 2: 0.007457509902131316
2020-04-28 17:40:24,527 INFO 3: 0.0009209573433004198
2020-04-28 17:40:24,527 INFO 4: 0.0014997653119113124
2020-04-28 17:40:24,527 INFO 5: 0.0007197718642750695
2020-04-28 17:40:24,527 INFO 6: 0.013792865825886872
2020-04-28 17:40:24,527 INFO 7: 0.058260895511699655
2020-04-28 17:40:24,527 INFO 8: 0.12949096136932994
2020-04-28 17:40:24,527 INFO 9: 0.000754032567919691
2020-04-28 17:40:24,527 INFO 10: 3.8558786558339944e-05
2020-04-28 17:40:24,527 INFO 11: 0.0006745865591706828
2020-04-28 17:40:24,527 INFO 12: 0.08936899750032891
2020-04-28 17:40:24,527 INFO 13: 0.0012498003765333953
2020-04-28 17:40:24,527 INFO 14: 0.018919639472846476
2020-04-28 17:40:24,527 INFO 15: 0.3615924333096115
2020-04-28 17:40:24,527 INFO 16: 0.0005577319955159616
2020-04-28 17:40:24,527 INFO 17: 0.001009634512306545
2020-04-28 17:40:24,527 INFO 18: 0.0006738917110777388
2020-04-28 17:40:24,527 INFO 19: 0.005004795970416945
2020-04-28 17:40:24,527 INFO 20: 0.00010814896907273967
2020-04-28 17:41:06,604 INFO Iter [40100/50000]  Loss: 0.1472  Time/Image: 0.4044
2020-04-28 17:41:47,693 INFO Iter [40200/50000]  Loss: 0.0521  Time/Image: 0.4069
2020-04-28 17:42:28,255 INFO Iter [40300/50000]  Loss: 1.2654  Time/Image: 0.4014
2020-04-28 17:43:08,793 INFO Iter [40400/50000]  Loss: 1.3220  Time/Image: 0.4013
2020-04-28 17:43:49,260 INFO Iter [40500/50000]  Loss: 1.1796  Time/Image: 0.4010
2020-04-28 17:44:29,797 INFO Iter [40600/50000]  Loss: 0.3096  Time/Image: 0.4011
2020-04-28 17:45:09,987 INFO Iter [40700/50000]  Loss: 0.2972  Time/Image: 0.3978
2020-04-28 17:45:50,425 INFO Iter [40800/50000]  Loss: 0.3966  Time/Image: 0.4001
2020-04-28 17:46:30,994 INFO Iter [40900/50000]  Loss: 2.3862  Time/Image: 0.4016
2020-04-28 17:47:11,578 INFO Iter [41000/50000]  Loss: 1.2177  Time/Image: 0.4018
2020-04-28 17:47:51,986 INFO Iter [41100/50000]  Loss: 0.4588  Time/Image: 0.3999
2020-04-28 17:48:32,160 INFO Iter [41200/50000]  Loss: 1.8872  Time/Image: 0.3974
2020-04-28 17:49:12,684 INFO Iter [41300/50000]  Loss: 1.0539  Time/Image: 0.4012
2020-04-28 17:49:52,756 INFO Iter [41400/50000]  Loss: 0.6079  Time/Image: 0.3961
2020-04-28 17:50:33,093 INFO Iter [41500/50000]  Loss: 1.0006  Time/Image: 0.3987
2020-04-28 17:51:13,447 INFO Iter [41600/50000]  Loss: 1.5742  Time/Image: 0.3998
2020-04-28 17:51:53,969 INFO Iter [41700/50000]  Loss: 4.7641  Time/Image: 0.4015
2020-04-28 17:52:34,689 INFO Iter [41800/50000]  Loss: 1.7507  Time/Image: 0.4030
2020-04-28 17:53:14,900 INFO Iter [41900/50000]  Loss: 0.4154  Time/Image: 0.3982
2020-04-28 17:53:55,431 INFO Iter [42000/50000]  Loss: 2.3458  Time/Image: 0.4014
2020-04-28 17:54:36,247 INFO Iter [42100/50000]  Loss: 0.9300  Time/Image: 0.4041
2020-04-28 17:55:16,704 INFO Iter [42200/50000]  Loss: 1.3756  Time/Image: 0.4005
2020-04-28 17:55:57,025 INFO Iter [42300/50000]  Loss: 1.2243  Time/Image: 0.3988
2020-04-28 17:56:37,450 INFO Iter [42400/50000]  Loss: 1.1395  Time/Image: 0.4002
2020-04-28 17:57:17,665 INFO Iter [42500/50000]  Loss: 0.5549  Time/Image: 0.3976
2020-04-28 18:00:54,634 INFO Iter 42500 Loss: 1.0237
2020-04-28 18:00:54,634 INFO Overall Acc: 	: 0.7677623988622834
2020-04-28 18:00:54,634 INFO Mean Acc : 	: 0.09088226104608303
2020-04-28 18:00:54,634 INFO FreqW Acc : 	: 0.6076185722817956
2020-04-28 18:00:54,634 INFO Mean IoU : 	: 0.07225642631570436
2020-04-28 18:00:54,650 INFO 0: 0.7787126631597809
2020-04-28 18:00:54,650 INFO 1: 0.004547812466949038
2020-04-28 18:00:54,650 INFO 2: 0.007343928314806205
2020-04-28 18:00:54,650 INFO 3: 0.0009311231299491366
2020-04-28 18:00:54,650 INFO 4: 0.0015831521853091864
2020-04-28 18:00:54,650 INFO 5: 0.0006893454723159468
2020-04-28 18:00:54,650 INFO 6: 0.01595450675724816
2020-04-28 18:00:54,650 INFO 7: 0.06536400529294462
2020-04-28 18:00:54,650 INFO 8: 0.1403069485165254
2020-04-28 18:00:54,650 INFO 9: 0.0007678790682193723
2020-04-28 18:00:54,650 INFO 10: 3.152195017586901e-05
2020-04-28 18:00:54,650 INFO 11: 0.0006589511756544754
2020-04-28 18:00:54,650 INFO 12: 0.09686112045155579
2020-04-28 18:00:54,650 INFO 13: 0.0011973159641510168
2020-04-28 18:00:54,650 INFO 14: 0.02222310386267026
2020-04-28 18:00:54,650 INFO 15: 0.3725557876578942
2020-04-28 18:00:54,650 INFO 16: 0.0005644262432835655
2020-04-28 18:00:54,650 INFO 17: 0.0009384422960755365
2020-04-28 18:00:54,650 INFO 18: 0.0006951732940577607
2020-04-28 18:00:54,650 INFO 19: 0.005341765004362916
2020-04-28 18:00:54,650 INFO 20: 0.0001159803658622945
2020-04-28 18:01:36,360 INFO Iter [42600/50000]  Loss: 1.2652  Time/Image: 0.4039
2020-04-28 18:02:17,171 INFO Iter [42700/50000]  Loss: 0.4339  Time/Image: 0.4042
2020-04-28 18:02:57,455 INFO Iter [42800/50000]  Loss: 0.0166  Time/Image: 0.3983
2020-04-28 18:03:38,033 INFO Iter [42900/50000]  Loss: 0.4402  Time/Image: 0.4013
2020-04-28 18:04:18,732 INFO Iter [43000/50000]  Loss: 1.1365  Time/Image: 0.4028
2020-04-28 18:04:58,786 INFO Iter [43100/50000]  Loss: 1.0962  Time/Image: 0.3968
2020-04-28 18:05:39,543 INFO Iter [43200/50000]  Loss: 1.0685  Time/Image: 0.4037
2020-04-28 18:06:19,660 INFO Iter [43300/50000]  Loss: 0.3986  Time/Image: 0.3969
2020-04-28 18:07:00,189 INFO Iter [43400/50000]  Loss: 0.6532  Time/Image: 0.4011
2020-04-28 18:07:40,322 INFO Iter [43500/50000]  Loss: 2.7655  Time/Image: 0.3973
2020-04-28 18:08:20,510 INFO Iter [43600/50000]  Loss: 1.0888  Time/Image: 0.3977
2020-04-28 18:09:00,938 INFO Iter [43700/50000]  Loss: 1.0255  Time/Image: 0.4007
2020-04-28 18:09:41,474 INFO Iter [43800/50000]  Loss: 1.1375  Time/Image: 0.4013
2020-04-28 18:10:22,056 INFO Iter [43900/50000]  Loss: 3.1636  Time/Image: 0.4016
2020-04-28 18:11:02,449 INFO Iter [44000/50000]  Loss: 2.1707  Time/Image: 0.3989
2020-04-28 18:11:42,879 INFO Iter [44100/50000]  Loss: 0.1465  Time/Image: 0.4001
2020-04-28 18:12:30,672 INFO Iter [44200/50000]  Loss: 4.2471  Time/Image: 0.3979
2020-04-28 18:13:11,291 INFO Iter [44300/50000]  Loss: 0.4946  Time/Image: 0.4017
2020-04-28 18:13:51,883 INFO Iter [44400/50000]  Loss: 3.6134  Time/Image: 0.4018
2020-04-28 18:14:32,345 INFO Iter [44500/50000]  Loss: 1.3285  Time/Image: 0.4004
2020-04-28 18:15:12,928 INFO Iter [44600/50000]  Loss: 1.0963  Time/Image: 0.4018
2020-04-28 18:15:53,845 INFO Iter [44700/50000]  Loss: 0.7323  Time/Image: 0.4051
2020-04-28 18:16:34,513 INFO Iter [44800/50000]  Loss: 1.6833  Time/Image: 0.4028
2020-04-28 18:17:15,018 INFO Iter [44900/50000]  Loss: 1.5537  Time/Image: 0.4011
2020-04-28 18:17:55,380 INFO Iter [45000/50000]  Loss: 1.4510  Time/Image: 0.3999
2020-04-28 18:21:32,572 INFO Iter 45000 Loss: 1.0146
2020-04-28 18:21:32,588 INFO Overall Acc: 	: 0.7691223726399624
2020-04-28 18:21:32,588 INFO Mean Acc : 	: 0.09416949129764235
2020-04-28 18:21:32,588 INFO FreqW Acc : 	: 0.6103365052885735
2020-04-28 18:21:32,588 INFO Mean IoU : 	: 0.07448534157287041
2020-04-28 18:21:32,588 INFO 0: 0.7807177605165435
2020-04-28 18:21:32,588 INFO 1: 0.0047075612023239205
2020-04-28 18:21:32,588 INFO 2: 0.007590532862822704
2020-04-28 18:21:32,588 INFO 3: 0.0009040407814789401
2020-04-28 18:21:32,588 INFO 4: 0.0014692814721497345
2020-04-28 18:21:32,588 INFO 5: 0.0006193492656178136
2020-04-28 18:21:32,588 INFO 6: 0.01620277833567794
2020-04-28 18:21:32,588 INFO 7: 0.07233416248903321
2020-04-28 18:21:32,588 INFO 8: 0.15473561394093027
2020-04-28 18:21:32,588 INFO 9: 0.0007155578589035655
2020-04-28 18:21:32,588 INFO 10: 3.890464638862589e-05
2020-04-28 18:21:32,588 INFO 11: 0.0007297270772857572
2020-04-28 18:21:32,588 INFO 12: 0.10864534670535736
2020-04-28 18:21:32,588 INFO 13: 0.0012956483485857383
2020-04-28 18:21:32,588 INFO 14: 0.022312166716095656
2020-04-28 18:21:32,588 INFO 15: 0.38400919703074254
2020-04-28 18:21:32,588 INFO 16: 0.0005292970268901935
2020-04-28 18:21:32,588 INFO 17: 0.000971693047280538
2020-04-28 18:21:32,588 INFO 18: 0.0007469526985969974
2020-04-28 18:21:32,588 INFO 19: 0.0047989569661048
2020-04-28 18:21:32,588 INFO 20: 0.00011764404146868828
2020-04-28 18:22:14,063 INFO Iter [45100/50000]  Loss: 0.4443  Time/Image: 0.4015
2020-04-28 18:22:54,743 INFO Iter [45200/50000]  Loss: 0.1435  Time/Image: 0.4026
2020-04-28 18:23:35,004 INFO Iter [45300/50000]  Loss: 0.0400  Time/Image: 0.3984
2020-04-28 18:24:15,642 INFO Iter [45400/50000]  Loss: 2.2281  Time/Image: 0.4023
2020-04-28 18:24:56,281 INFO Iter [45500/50000]  Loss: 0.1194  Time/Image: 0.4022
2020-04-28 18:25:37,077 INFO Iter [45600/50000]  Loss: 0.4020  Time/Image: 0.4037
2020-04-28 18:26:17,810 INFO Iter [45700/50000]  Loss: 1.8461  Time/Image: 0.4035
2020-04-28 18:26:58,354 INFO Iter [45800/50000]  Loss: 0.1705  Time/Image: 0.4009
2020-04-28 18:27:38,777 INFO Iter [45900/50000]  Loss: 3.3593  Time/Image: 0.3998
2020-04-28 18:28:19,190 INFO Iter [46000/50000]  Loss: 2.0478  Time/Image: 0.3998
2020-04-28 18:28:59,480 INFO Iter [46100/50000]  Loss: 1.0316  Time/Image: 0.3987
2020-04-28 18:29:39,844 INFO Iter [46200/50000]  Loss: 0.1552  Time/Image: 0.3996
2020-04-28 18:30:20,532 INFO Iter [46300/50000]  Loss: 0.1682  Time/Image: 0.4022
2020-04-28 18:31:00,698 INFO Iter [46400/50000]  Loss: 0.1045  Time/Image: 0.3976
2020-04-28 18:31:41,174 INFO Iter [46500/50000]  Loss: 0.9292  Time/Image: 0.4005
2020-04-28 18:32:21,627 INFO Iter [46600/50000]  Loss: 0.6685  Time/Image: 0.4008
2020-04-28 18:33:02,158 INFO Iter [46700/50000]  Loss: 0.3273  Time/Image: 0.4014
2020-04-28 18:33:41,868 INFO Iter [46800/50000]  Loss: 0.7886  Time/Image: 0.3930
2020-04-28 18:34:22,379 INFO Iter [46900/50000]  Loss: 1.2883  Time/Image: 0.4009
2020-04-28 18:35:02,936 INFO Iter [47000/50000]  Loss: 0.4597  Time/Image: 0.4010
2020-04-28 18:35:43,575 INFO Iter [47100/50000]  Loss: 1.0064  Time/Image: 0.4023
2020-04-28 18:36:24,002 INFO Iter [47200/50000]  Loss: 1.0616  Time/Image: 0.3997
2020-04-28 18:37:04,225 INFO Iter [47300/50000]  Loss: 1.3845  Time/Image: 0.3980
2020-04-28 18:37:44,868 INFO Iter [47400/50000]  Loss: 0.6976  Time/Image: 0.4029
2020-04-28 18:38:25,603 INFO Iter [47500/50000]  Loss: 0.3863  Time/Image: 0.4028
2020-04-28 18:42:04,859 INFO Iter 47500 Loss: 1.0091
2020-04-28 18:42:04,859 INFO Overall Acc: 	: 0.7696041113847839
2020-04-28 18:42:04,859 INFO Mean Acc : 	: 0.09363781248102278
2020-04-28 18:42:04,859 INFO FreqW Acc : 	: 0.6098643400809635
2020-04-28 18:42:04,859 INFO Mean IoU : 	: 0.07451102338234172
2020-04-28 18:42:04,859 INFO 0: 0.7801698913489382
2020-04-28 18:42:04,859 INFO 1: 0.004208294386378075
2020-04-28 18:42:04,859 INFO 2: 0.00720528142594182
2020-04-28 18:42:04,875 INFO 3: 0.0008092834163204581
2020-04-28 18:42:04,875 INFO 4: 0.0012942591676101023
2020-04-28 18:42:04,875 INFO 5: 0.0005705336224445274
2020-04-28 18:42:04,875 INFO 6: 0.01688295715123763
2020-04-28 18:42:04,875 INFO 7: 0.07383609670294995
2020-04-28 18:42:04,875 INFO 8: 0.15530871443334174
2020-04-28 18:42:04,875 INFO 9: 0.0006768123898968126
2020-04-28 18:42:04,875 INFO 10: 2.382711848252801e-05
2020-04-28 18:42:04,875 INFO 11: 0.0007068557135051525
2020-04-28 18:42:04,875 INFO 12: 0.11007246446888375
2020-04-28 18:42:04,875 INFO 13: 0.0011212376320681402
2020-04-28 18:42:04,875 INFO 14: 0.02393230496052832
2020-04-28 18:42:04,875 INFO 15: 0.38133199568495785
2020-04-28 18:42:04,875 INFO 16: 0.0004963521300188041
2020-04-28 18:42:04,875 INFO 17: 0.0008806719678086717
2020-04-28 18:42:04,875 INFO 18: 0.0006266346471645737
2020-04-28 18:42:04,875 INFO 19: 0.0044853987099748175
2020-04-28 18:42:04,875 INFO 20: 9.162395072419235e-05
2020-04-28 18:42:46,459 INFO Iter [47600/50000]  Loss: 0.6052  Time/Image: 0.4026
2020-04-28 18:43:27,373 INFO Iter [47700/50000]  Loss: 0.4458  Time/Image: 0.4054
2020-04-28 18:44:07,644 INFO Iter [47800/50000]  Loss: 0.4334  Time/Image: 0.3986
2020-04-28 18:44:47,824 INFO Iter [47900/50000]  Loss: 1.2880  Time/Image: 0.3975
2020-04-28 18:45:28,531 INFO Iter [48000/50000]  Loss: 0.6951  Time/Image: 0.4032
2020-04-28 18:46:09,122 INFO Iter [48100/50000]  Loss: 1.2215  Time/Image: 0.4015
2020-04-28 18:46:49,820 INFO Iter [48200/50000]  Loss: 1.7571  Time/Image: 0.4022
2020-04-28 18:47:30,155 INFO Iter [48300/50000]  Loss: 0.0463  Time/Image: 0.3989
2020-04-28 18:48:10,729 INFO Iter [48400/50000]  Loss: 0.4615  Time/Image: 0.4017
2020-04-28 18:48:52,002 INFO Iter [48500/50000]  Loss: 0.1809  Time/Image: 0.4084
2020-04-28 18:49:32,352 INFO Iter [48600/50000]  Loss: 0.3665  Time/Image: 0.3996
2020-04-28 18:50:12,894 INFO Iter [48700/50000]  Loss: 0.0520  Time/Image: 0.4012
2020-04-28 18:50:53,120 INFO Iter [48800/50000]  Loss: 0.6609  Time/Image: 0.3980
2020-04-28 18:51:33,966 INFO Iter [48900/50000]  Loss: 1.4264  Time/Image: 0.4045
2020-04-28 18:52:14,456 INFO Iter [49000/50000]  Loss: 1.1320  Time/Image: 0.4003
2020-04-28 18:52:54,985 INFO Iter [49100/50000]  Loss: 1.7289  Time/Image: 0.4011
2020-04-28 18:53:35,556 INFO Iter [49200/50000]  Loss: 0.2903  Time/Image: 0.4012
2020-04-28 18:54:16,284 INFO Iter [49300/50000]  Loss: 0.1992  Time/Image: 0.4026
2020-04-28 18:54:56,469 INFO Iter [49400/50000]  Loss: 1.6473  Time/Image: 0.3976
2020-04-28 18:55:36,909 INFO Iter [49500/50000]  Loss: 0.5516  Time/Image: 0.4002
2020-04-28 18:56:17,457 INFO Iter [49600/50000]  Loss: 0.3590  Time/Image: 0.4017
2020-04-28 18:56:58,168 INFO Iter [49700/50000]  Loss: 0.2718  Time/Image: 0.4029
2020-04-28 18:57:38,536 INFO Iter [49800/50000]  Loss: 1.9608  Time/Image: 0.3998
2020-04-28 18:58:18,832 INFO Iter [49900/50000]  Loss: 0.0615  Time/Image: 0.3986
2020-04-28 18:58:59,524 INFO Iter [50000/50000]  Loss: 0.3645  Time/Image: 0.4027
2020-04-28 19:02:38,778 INFO Iter 50000 Loss: 1.0008
2020-04-28 19:02:38,778 INFO Overall Acc: 	: 0.7702923955971515
2020-04-28 19:02:38,778 INFO Mean Acc : 	: 0.0947082441169094
2020-04-28 19:02:38,778 INFO FreqW Acc : 	: 0.6107467023578824
2020-04-28 19:02:38,778 INFO Mean IoU : 	: 0.07536833170705422
2020-04-28 19:02:38,778 INFO 0: 0.7806059523770945
2020-04-28 19:02:38,778 INFO 1: 0.004842948651621139
2020-04-28 19:02:38,778 INFO 2: 0.00794139861905465
2020-04-28 19:02:38,778 INFO 3: 0.0008697612988435396
2020-04-28 19:02:38,778 INFO 4: 0.0013602893089320245
2020-04-28 19:02:38,778 INFO 5: 0.0006204773852053107
2020-04-28 19:02:38,778 INFO 6: 0.017822336536765227
2020-04-28 19:02:38,778 INFO 7: 0.07456108710517234
2020-04-28 19:02:38,778 INFO 8: 0.16144734202594663
2020-04-28 19:02:38,778 INFO 9: 0.0006644670920905442
2020-04-28 19:02:38,778 INFO 10: 2.316331682583334e-05
2020-04-28 19:02:38,778 INFO 11: 0.0006537333172154454
2020-04-28 19:02:38,778 INFO 12: 0.11157936379470391
2020-04-28 19:02:38,778 INFO 13: 0.0011072639117940541
2020-04-28 19:02:38,778 INFO 14: 0.02324909155207495
2020-04-28 19:02:38,778 INFO 15: 0.3885188516435572
2020-04-28 19:02:38,778 INFO 16: 0.0004912717648520134
2020-04-28 19:02:38,778 INFO 17: 0.0008634573072531926
2020-04-28 19:02:38,778 INFO 18: 0.0005454409699461202
2020-04-28 19:02:38,778 INFO 19: 0.004868903731860046
2020-04-28 19:02:38,778 INFO 20: 9.836413732974901e-05
