2020-04-26 09:55:57,722 INFO Let the games begin
2020-04-26 09:55:58,938 INFO Using No Augmentations
2020-04-26 09:57:47,743 INFO Using sgd optimizer
2020-04-26 09:57:47,743 INFO Using optimizer SGD (
Parameter Group 0
    dampening: 0
    lr: 0.001
    momentum: 0
    nesterov: False
    weight_decay: 0
)
2020-04-26 09:57:47,743 INFO Using No LR Scheduling
2020-04-26 09:57:47,743 INFO Using cross_entropy with {'size_average': True} params
2020-04-26 09:57:47,743 INFO Using loss functools.partial(<function cross_entropy2d at 0x00000160437F0948>, size_average=True)
2020-04-26 09:58:36,699 INFO Iter [100/50000]  Loss: 1.4916  Time/Image: 0.4156
2020-04-26 09:59:23,204 INFO Iter [200/50000]  Loss: 0.2513  Time/Image: 0.4601
2020-04-26 10:00:12,029 INFO Iter [300/50000]  Loss: 1.2971  Time/Image: 0.4832
2020-04-26 10:01:00,746 INFO Iter [400/50000]  Loss: 0.4783  Time/Image: 0.4822
2020-04-26 10:01:49,460 INFO Iter [500/50000]  Loss: 0.2615  Time/Image: 0.4821
2020-04-26 10:02:32,657 INFO Iter [600/50000]  Loss: 0.3280  Time/Image: 0.4277
2020-04-26 10:03:13,351 INFO Iter [700/50000]  Loss: 1.3335  Time/Image: 0.4029
2020-04-26 10:03:53,998 INFO Iter [800/50000]  Loss: 1.7159  Time/Image: 0.4021
2020-04-26 10:04:34,917 INFO Iter [900/50000]  Loss: 0.5523  Time/Image: 0.4051
2020-04-26 10:05:15,269 INFO Iter [1000/50000]  Loss: 1.3828  Time/Image: 0.3995
2020-04-26 10:05:55,622 INFO Iter [1100/50000]  Loss: 1.0172  Time/Image: 0.3992
2020-04-26 10:06:35,908 INFO Iter [1200/50000]  Loss: 0.0846  Time/Image: 0.3997
2020-04-26 10:07:16,107 INFO Iter [1300/50000]  Loss: 1.0765  Time/Image: 0.3982
2020-04-26 10:07:56,619 INFO Iter [1400/50000]  Loss: 1.3030  Time/Image: 0.4004
2020-04-26 10:08:37,204 INFO Iter [1500/50000]  Loss: 0.7919  Time/Image: 0.4016
2020-04-26 10:09:17,638 INFO Iter [1600/50000]  Loss: 0.2647  Time/Image: 0.4003
2020-04-26 10:09:58,417 INFO Iter [1700/50000]  Loss: 0.3892  Time/Image: 0.4037
2020-04-26 10:10:39,087 INFO Iter [1800/50000]  Loss: 0.8776  Time/Image: 0.4026
2020-04-26 10:11:20,019 INFO Iter [1900/50000]  Loss: 0.7658  Time/Image: 0.4051
2020-04-26 10:12:00,389 INFO Iter [2000/50000]  Loss: 1.6003  Time/Image: 0.3989
2020-04-26 10:12:41,228 INFO Iter [2100/50000]  Loss: 0.5161  Time/Image: 0.4042
2020-04-26 10:13:21,282 INFO Iter [2200/50000]  Loss: 0.1365  Time/Image: 0.3962
2020-04-26 10:14:01,767 INFO Iter [2300/50000]  Loss: 0.6856  Time/Image: 0.4006
2020-04-26 10:14:42,684 INFO Iter [2400/50000]  Loss: 1.1902  Time/Image: 0.4048
2020-04-26 10:15:22,591 INFO Iter [2500/50000]  Loss: 0.1448  Time/Image: 0.3950
2020-04-26 10:19:00,399 INFO Iter 2500 Loss: 0.7843
2020-04-26 10:19:00,399 INFO Overall Acc: 	: 0.7990490472237421
2020-04-26 10:19:00,399 INFO Mean Acc : 	: 0.1836273336399292
2020-04-26 10:19:00,399 INFO FreqW Acc : 	: 0.6554091617968273
2020-04-26 10:19:00,399 INFO Mean IoU : 	: 0.14366382606538414
2020-04-26 10:19:00,399 INFO 0: 0.8072629346070073
2020-04-26 10:19:00,399 INFO 1: 0.14224865796308592
2020-04-26 10:19:00,399 INFO 2: 0.03466791211704472
2020-04-26 10:19:00,399 INFO 3: 0.0030763217694569365
2020-04-26 10:19:00,399 INFO 4: 0.003352317864338924
2020-04-26 10:19:00,399 INFO 5: 0.0005768376695138452
2020-04-26 10:19:00,399 INFO 6: 0.32389132844617763
2020-04-26 10:19:00,399 INFO 7: 0.34209330835211577
2020-04-26 10:19:00,399 INFO 8: 0.4085513924873562
2020-04-26 10:19:00,399 INFO 9: 9.234284637401209e-05
2020-04-26 10:19:00,399 INFO 10: 0.00018888852356275292
2020-04-26 10:19:00,399 INFO 11: 0.00043615786902356156
2020-04-26 10:19:00,414 INFO 12: 0.3226419578949201
2020-04-26 10:19:00,414 INFO 13: 0.0022000834101666895
2020-04-26 10:19:00,414 INFO 14: 0.11708553082317558
2020-04-26 10:19:00,414 INFO 15: 0.462397311992511
2020-04-26 10:19:00,414 INFO 16: 1.051213504697307e-05
2020-04-26 10:19:00,414 INFO 17: 0.003718145994392912
2020-04-26 10:19:00,414 INFO 18: 0.0020529510490072144
2020-04-26 10:19:00,414 INFO 19: 0.04036216261967946
2020-04-26 10:19:00,414 INFO 20: 3.329093910917961e-05
2020-04-26 10:19:41,870 INFO Iter [2600/50000]  Loss: 0.3188  Time/Image: 0.4024
2020-04-26 10:20:22,668 INFO Iter [2700/50000]  Loss: 0.1537  Time/Image: 0.4038
2020-04-26 10:21:03,204 INFO Iter [2800/50000]  Loss: 1.7409  Time/Image: 0.4019
2020-04-26 10:21:44,287 INFO Iter [2900/50000]  Loss: 0.0456  Time/Image: 0.4068
2020-04-26 10:22:24,914 INFO Iter [3000/50000]  Loss: 0.2192  Time/Image: 0.4019
2020-04-26 10:23:05,513 INFO Iter [3100/50000]  Loss: 0.8138  Time/Image: 0.4021
2020-04-26 10:23:46,550 INFO Iter [3200/50000]  Loss: 0.6836  Time/Image: 0.4054
2020-04-26 10:24:27,144 INFO Iter [3300/50000]  Loss: 0.3723  Time/Image: 0.4020
2020-04-26 10:25:07,951 INFO Iter [3400/50000]  Loss: 0.8200  Time/Image: 0.4038
2020-04-26 10:25:48,547 INFO Iter [3500/50000]  Loss: 0.7278  Time/Image: 0.4016
2020-04-26 10:26:29,071 INFO Iter [3600/50000]  Loss: 3.3304  Time/Image: 0.4012
2020-04-26 10:27:09,484 INFO Iter [3700/50000]  Loss: 0.4810  Time/Image: 0.3994
2020-04-26 10:27:50,399 INFO Iter [3800/50000]  Loss: 0.1025  Time/Image: 0.4051
2020-04-26 10:28:30,912 INFO Iter [3900/50000]  Loss: 0.1253  Time/Image: 0.4008
2020-04-26 10:29:11,360 INFO Iter [4000/50000]  Loss: 0.6566  Time/Image: 0.4003
2020-04-26 10:29:51,575 INFO Iter [4100/50000]  Loss: 1.8785  Time/Image: 0.3982
2020-04-26 10:30:32,128 INFO Iter [4200/50000]  Loss: 0.5678  Time/Image: 0.4015
2020-04-26 10:31:12,935 INFO Iter [4300/50000]  Loss: 0.0859  Time/Image: 0.4040
2020-04-26 10:31:53,553 INFO Iter [4400/50000]  Loss: 0.7533  Time/Image: 0.4020
2020-04-26 10:32:34,158 INFO Iter [4500/50000]  Loss: 0.6681  Time/Image: 0.4021
2020-04-26 10:33:14,835 INFO Iter [4600/50000]  Loss: 0.3138  Time/Image: 0.4027
2020-04-26 10:33:55,473 INFO Iter [4700/50000]  Loss: 0.1915  Time/Image: 0.4022
2020-04-26 10:34:35,967 INFO Iter [4800/50000]  Loss: 0.0336  Time/Image: 0.4008
2020-04-26 10:35:16,976 INFO Iter [4900/50000]  Loss: 1.2630  Time/Image: 0.4061
2020-04-26 10:35:57,088 INFO Iter [5000/50000]  Loss: 0.7716  Time/Image: 0.3972
2020-04-26 10:39:38,115 INFO Iter 5000 Loss: 0.6585
2020-04-26 10:39:38,131 INFO Overall Acc: 	: 0.8101427617418301
2020-04-26 10:39:38,131 INFO Mean Acc : 	: 0.3110627294143913
2020-04-26 10:39:38,131 INFO FreqW Acc : 	: 0.6827424025917427
2020-04-26 10:39:38,131 INFO Mean IoU : 	: 0.234293612002801
2020-04-26 10:39:38,131 INFO 0: 0.8172327466395162
2020-04-26 10:39:38,131 INFO 1: 0.39933101928322334
2020-04-26 10:39:38,131 INFO 2: 0.1381463358712602
2020-04-26 10:39:38,131 INFO 3: 0.36435011671434897
2020-04-26 10:39:38,146 INFO 4: 0.16354783965483
2020-04-26 10:39:38,146 INFO 5: 0.03830653671361351
2020-04-26 10:39:38,146 INFO 6: 0.3684074505539268
2020-04-26 10:39:38,146 INFO 7: 0.4529253095211876
2020-04-26 10:39:38,146 INFO 8: 0.3185355269793369
2020-04-26 10:39:38,146 INFO 9: 0.008221519027871929
2020-04-26 10:39:38,146 INFO 10: 0.010886499202692983
2020-04-26 10:39:38,146 INFO 11: 0.03672229482903518
2020-04-26 10:39:38,146 INFO 12: 0.3163079754088077
2020-04-26 10:39:38,146 INFO 13: 0.20230623745852985
2020-04-26 10:39:38,146 INFO 14: 0.2981105136235779
2020-04-26 10:39:38,146 INFO 15: 0.5630152602428518
2020-04-26 10:39:38,146 INFO 16: 0.0027000170552678756
2020-04-26 10:39:38,146 INFO 17: 0.22136625337095314
2020-04-26 10:39:38,146 INFO 18: 0.06313381326638234
2020-04-26 10:39:38,146 INFO 19: 0.13225498664429544
2020-04-26 10:39:38,146 INFO 20: 0.00435759999731047
2020-04-26 10:40:21,498 INFO Iter [5100/50000]  Loss: 0.0692  Time/Image: 0.4044
2020-04-26 10:41:02,162 INFO Iter [5200/50000]  Loss: 0.6559  Time/Image: 0.4027
2020-04-26 10:41:42,686 INFO Iter [5300/50000]  Loss: 1.4016  Time/Image: 0.4012
2020-04-26 10:42:23,563 INFO Iter [5400/50000]  Loss: 0.0516  Time/Image: 0.4049
2020-04-26 10:43:04,399 INFO Iter [5500/50000]  Loss: 0.4008  Time/Image: 0.4043
2020-04-26 10:43:45,105 INFO Iter [5600/50000]  Loss: 2.7501  Time/Image: 0.4028
2020-04-26 10:44:25,777 INFO Iter [5700/50000]  Loss: 0.0516  Time/Image: 0.4025
2020-04-26 10:45:06,091 INFO Iter [5800/50000]  Loss: 0.1341  Time/Image: 0.3992
2020-04-26 10:45:46,661 INFO Iter [5900/50000]  Loss: 2.0867  Time/Image: 0.4013
2020-04-26 10:46:27,296 INFO Iter [6000/50000]  Loss: 1.5727  Time/Image: 0.4021
2020-04-26 10:47:07,873 INFO Iter [6100/50000]  Loss: 0.6136  Time/Image: 0.4019
2020-04-26 10:47:48,840 INFO Iter [6200/50000]  Loss: 0.5332  Time/Image: 0.4054
2020-04-26 10:48:29,411 INFO Iter [6300/50000]  Loss: 1.6974  Time/Image: 0.4011
2020-04-26 10:49:09,729 INFO Iter [6400/50000]  Loss: 0.5525  Time/Image: 0.3994
2020-04-26 10:49:50,224 INFO Iter [6500/50000]  Loss: 0.8101  Time/Image: 0.4007
2020-04-26 10:50:30,947 INFO Iter [6600/50000]  Loss: 0.5245  Time/Image: 0.4035
2020-04-26 10:51:11,364 INFO Iter [6700/50000]  Loss: 0.1778  Time/Image: 0.4003
2020-04-26 10:51:51,948 INFO Iter [6800/50000]  Loss: 0.6743  Time/Image: 0.4014
2020-04-26 10:52:32,550 INFO Iter [6900/50000]  Loss: 0.6372  Time/Image: 0.4016
2020-04-26 10:53:13,360 INFO Iter [7000/50000]  Loss: 0.1848  Time/Image: 0.4039
2020-04-26 10:53:53,838 INFO Iter [7100/50000]  Loss: 1.9394  Time/Image: 0.4012
2020-04-26 10:54:34,631 INFO Iter [7200/50000]  Loss: 0.3398  Time/Image: 0.4034
2020-04-26 10:55:15,316 INFO Iter [7300/50000]  Loss: 1.1823  Time/Image: 0.4026
2020-04-26 10:55:55,260 INFO Iter [7400/50000]  Loss: 1.0200  Time/Image: 0.3954
2020-04-26 10:56:35,808 INFO Iter [7500/50000]  Loss: 0.3968  Time/Image: 0.4014
2020-04-26 11:00:11,417 INFO Iter 7500 Loss: 0.5566
2020-04-26 11:00:11,417 INFO Overall Acc: 	: 0.8258393026401366
2020-04-26 11:00:11,417 INFO Mean Acc : 	: 0.33562802054705304
2020-04-26 11:00:11,417 INFO FreqW Acc : 	: 0.701470695636992
2020-04-26 11:00:11,417 INFO Mean IoU : 	: 0.27095472369583606
2020-04-26 11:00:11,417 INFO 0: 0.826386443935161
2020-04-26 11:00:11,417 INFO 1: 0.4348656857777902
2020-04-26 11:00:11,417 INFO 2: 0.17670201537920288
2020-04-26 11:00:11,417 INFO 3: 0.4192917416421139
2020-04-26 11:00:11,417 INFO 4: 0.08082861248005623
2020-04-26 11:00:11,417 INFO 5: 0.03955494169469674
2020-04-26 11:00:11,417 INFO 6: 0.4606684602670741
2020-04-26 11:00:11,417 INFO 7: 0.5096218565958696
2020-04-26 11:00:11,432 INFO 8: 0.5317251596512528
2020-04-26 11:00:11,432 INFO 9: 0.041336157728933426
2020-04-26 11:00:11,432 INFO 10: 0.04097867109297234
2020-04-26 11:00:11,432 INFO 11: 0.05529128853830655
2020-04-26 11:00:11,432 INFO 12: 0.3805904053660482
2020-04-26 11:00:11,432 INFO 13: 0.13969062238514224
2020-04-26 11:00:11,432 INFO 14: 0.34066563948480766
2020-04-26 11:00:11,432 INFO 15: 0.5524552223065976
2020-04-26 11:00:11,432 INFO 16: 0.023013985476772577
2020-04-26 11:00:11,432 INFO 17: 0.1723364150435329
2020-04-26 11:00:11,432 INFO 18: 0.0886622535956131
2020-04-26 11:00:11,432 INFO 19: 0.30111957274991413
2020-04-26 11:00:11,432 INFO 20: 0.07426404642069934
2020-04-26 11:00:52,922 INFO Iter [7600/50000]  Loss: 0.4118  Time/Image: 0.4012
2020-04-26 11:01:33,712 INFO Iter [7700/50000]  Loss: 0.3218  Time/Image: 0.4038
2020-04-26 11:02:14,483 INFO Iter [7800/50000]  Loss: 1.2272  Time/Image: 0.4038
2020-04-26 11:02:55,041 INFO Iter [7900/50000]  Loss: 0.8935  Time/Image: 0.4017
2020-04-26 11:03:35,869 INFO Iter [8000/50000]  Loss: 1.9162  Time/Image: 0.4039
2020-04-26 11:04:16,743 INFO Iter [8100/50000]  Loss: 0.4344  Time/Image: 0.4048
2020-04-26 11:04:56,996 INFO Iter [8200/50000]  Loss: 0.1319  Time/Image: 0.3983
2020-04-26 11:05:37,570 INFO Iter [8300/50000]  Loss: 0.1125  Time/Image: 0.4016
2020-04-26 11:06:18,331 INFO Iter [8400/50000]  Loss: 0.6664  Time/Image: 0.4036
2020-04-26 11:06:58,724 INFO Iter [8500/50000]  Loss: 0.6331  Time/Image: 0.3997
2020-04-26 11:07:39,380 INFO Iter [8600/50000]  Loss: 1.1987  Time/Image: 0.4024
2020-04-26 11:08:19,580 INFO Iter [8700/50000]  Loss: 0.6923  Time/Image: 0.3979
2020-04-26 11:09:00,630 INFO Iter [8800/50000]  Loss: 0.2497  Time/Image: 0.4064
2020-04-26 11:09:48,294 INFO Iter [8900/50000]  Loss: 0.6769  Time/Image: 0.3972
2020-04-26 11:10:28,808 INFO Iter [9000/50000]  Loss: 0.2194  Time/Image: 0.4006
2020-04-26 11:11:09,511 INFO Iter [9100/50000]  Loss: 0.3164  Time/Image: 0.4030
2020-04-26 11:11:49,984 INFO Iter [9200/50000]  Loss: 0.1147  Time/Image: 0.4006
2020-04-26 11:12:30,251 INFO Iter [9300/50000]  Loss: 0.7690  Time/Image: 0.3982
2020-04-26 11:13:11,129 INFO Iter [9400/50000]  Loss: 0.1403  Time/Image: 0.4046
2020-04-26 11:13:51,973 INFO Iter [9500/50000]  Loss: 0.1588  Time/Image: 0.4044
2020-04-26 11:14:33,072 INFO Iter [9600/50000]  Loss: 0.2250  Time/Image: 0.4069
2020-04-26 11:15:13,532 INFO Iter [9700/50000]  Loss: 1.1968  Time/Image: 0.4001
2020-04-26 11:15:54,274 INFO Iter [9800/50000]  Loss: 1.2405  Time/Image: 0.4034
2020-04-26 11:16:34,774 INFO Iter [9900/50000]  Loss: 0.3914  Time/Image: 0.4005
2020-04-26 11:17:15,263 INFO Iter [10000/50000]  Loss: 0.1667  Time/Image: 0.4011
2020-04-26 11:20:53,703 INFO Iter 10000 Loss: 0.5108
2020-04-26 11:20:53,703 INFO Overall Acc: 	: 0.8369120924660526
2020-04-26 11:20:53,703 INFO Mean Acc : 	: 0.3878564991727994
2020-04-26 11:20:53,703 INFO FreqW Acc : 	: 0.7198458355109325
2020-04-26 11:20:53,703 INFO Mean IoU : 	: 0.3158413386693351
2020-04-26 11:20:53,703 INFO 0: 0.8346433956381878
2020-04-26 11:20:53,703 INFO 1: 0.4410120009358025
2020-04-26 11:20:53,719 INFO 2: 0.1872999671059564
2020-04-26 11:20:53,719 INFO 3: 0.43379882923374596
2020-04-26 11:20:53,719 INFO 4: 0.17519199926127682
2020-04-26 11:20:53,719 INFO 5: 0.27938904869694686
2020-04-26 11:20:53,719 INFO 6: 0.5045744682434496
2020-04-26 11:20:53,719 INFO 7: 0.5198978526115581
2020-04-26 11:20:53,719 INFO 8: 0.5657432944727614
2020-04-26 11:20:53,719 INFO 9: 0.07201803137536861
2020-04-26 11:20:53,719 INFO 10: 0.044351348079710265
2020-04-26 11:20:53,719 INFO 11: 0.14367328208486657
2020-04-26 11:20:53,719 INFO 12: 0.4142009110804424
2020-04-26 11:20:53,719 INFO 13: 0.15247591851956993
2020-04-26 11:20:53,719 INFO 14: 0.4072271212272454
2020-04-26 11:20:53,719 INFO 15: 0.5927347041760649
2020-04-26 11:20:53,719 INFO 16: 0.06259928875754595
2020-04-26 11:20:53,719 INFO 17: 0.0609434582968451
2020-04-26 11:20:53,719 INFO 18: 0.14479698141355177
2020-04-26 11:20:53,719 INFO 19: 0.5122926412572488
2020-04-26 11:20:53,719 INFO 20: 0.08380356958789169
2020-04-26 11:21:35,411 INFO Iter [10100/50000]  Loss: 0.3900  Time/Image: 0.4044
2020-04-26 11:22:15,721 INFO Iter [10200/50000]  Loss: 0.0244  Time/Image: 0.3992
2020-04-26 11:22:56,495 INFO Iter [10300/50000]  Loss: 0.9089  Time/Image: 0.4039
2020-04-26 11:23:37,287 INFO Iter [10400/50000]  Loss: 0.5843  Time/Image: 0.4040
2020-04-26 11:24:18,145 INFO Iter [10500/50000]  Loss: 0.9558  Time/Image: 0.4045
2020-04-26 11:24:58,892 INFO Iter [10600/50000]  Loss: 0.0780  Time/Image: 0.4036
2020-04-26 11:25:39,478 INFO Iter [10700/50000]  Loss: 0.1143  Time/Image: 0.4018
2020-04-26 11:26:20,117 INFO Iter [10800/50000]  Loss: 0.0577  Time/Image: 0.4030
2020-04-26 11:27:00,817 INFO Iter [10900/50000]  Loss: 0.2034  Time/Image: 0.4025
2020-04-26 11:27:40,839 INFO Iter [11000/50000]  Loss: 0.1540  Time/Image: 0.3963
2020-04-26 11:28:21,573 INFO Iter [11100/50000]  Loss: 0.0440  Time/Image: 0.4035
2020-04-26 11:29:02,448 INFO Iter [11200/50000]  Loss: 0.6899  Time/Image: 0.4044
2020-04-26 11:29:43,248 INFO Iter [11300/50000]  Loss: 0.5819  Time/Image: 0.4040
2020-04-26 11:30:23,589 INFO Iter [11400/50000]  Loss: 0.3052  Time/Image: 0.3992
2020-04-26 11:31:04,062 INFO Iter [11500/50000]  Loss: 1.7253  Time/Image: 0.4002
2020-04-26 11:31:44,436 INFO Iter [11600/50000]  Loss: 0.3761  Time/Image: 0.3997
2020-04-26 11:32:25,056 INFO Iter [11700/50000]  Loss: 0.4336  Time/Image: 0.4021
2020-04-26 11:33:05,634 INFO Iter [11800/50000]  Loss: 1.5821  Time/Image: 0.4017
2020-04-26 11:33:46,163 INFO Iter [11900/50000]  Loss: 0.1200  Time/Image: 0.4011
2020-04-26 11:34:26,730 INFO Iter [12000/50000]  Loss: 0.2414  Time/Image: 0.4015
2020-04-26 11:35:07,693 INFO Iter [12100/50000]  Loss: 0.1559  Time/Image: 0.4053
2020-04-26 11:35:48,149 INFO Iter [12200/50000]  Loss: 1.7591  Time/Image: 0.4006
2020-04-26 11:36:29,032 INFO Iter [12300/50000]  Loss: 0.2717  Time/Image: 0.4047
2020-04-26 11:37:09,419 INFO Iter [12400/50000]  Loss: 0.9177  Time/Image: 0.3993
2020-04-26 11:37:49,983 INFO Iter [12500/50000]  Loss: 1.1766  Time/Image: 0.4016
2020-04-26 11:41:28,789 INFO Iter 12500 Loss: 0.4823
2020-04-26 11:41:28,789 INFO Overall Acc: 	: 0.8444403621612686
2020-04-26 11:41:28,789 INFO Mean Acc : 	: 0.44073167326692986
2020-04-26 11:41:28,789 INFO FreqW Acc : 	: 0.7325485447670393
2020-04-26 11:41:28,789 INFO Mean IoU : 	: 0.36033774458352175
2020-04-26 11:41:28,789 INFO 0: 0.8385958855473238
2020-04-26 11:41:28,789 INFO 1: 0.4993016720874951
2020-04-26 11:41:28,789 INFO 2: 0.19712347594514973
2020-04-26 11:41:28,789 INFO 3: 0.48768633464456634
2020-04-26 11:41:28,789 INFO 4: 0.20790876994883972
2020-04-26 11:41:28,789 INFO 5: 0.2854133731903845
2020-04-26 11:41:28,789 INFO 6: 0.5762543571070302
2020-04-26 11:41:28,789 INFO 7: 0.5405695377061618
2020-04-26 11:41:28,789 INFO 8: 0.5870792605278681
2020-04-26 11:41:28,789 INFO 9: 0.04661851077121242
2020-04-26 11:41:28,789 INFO 10: 0.009454079011776612
2020-04-26 11:41:28,789 INFO 11: 0.12680026419954488
2020-04-26 11:41:28,789 INFO 12: 0.45551791769214434
2020-04-26 11:41:28,789 INFO 13: 0.22528959914297847
2020-04-26 11:41:28,789 INFO 14: 0.46894093826468947
2020-04-26 11:41:28,789 INFO 15: 0.6155776229724131
2020-04-26 11:41:28,789 INFO 16: 0.13709832842088807
2020-04-26 11:41:28,789 INFO 17: 0.22726018877955323
2020-04-26 11:41:28,789 INFO 18: 0.20306912937986035
2020-04-26 11:41:28,789 INFO 19: 0.5323312850052648
2020-04-26 11:41:28,789 INFO 20: 0.2992021059088121
2020-04-26 11:42:10,252 INFO Iter [12600/50000]  Loss: 0.0280  Time/Image: 0.4020
2020-04-26 11:42:50,576 INFO Iter [12700/50000]  Loss: 0.1467  Time/Image: 0.3992
2020-04-26 11:43:31,018 INFO Iter [12800/50000]  Loss: 1.2501  Time/Image: 0.3993
2020-04-26 11:44:11,708 INFO Iter [12900/50000]  Loss: 2.6034  Time/Image: 0.4024
2020-04-26 11:44:52,538 INFO Iter [13000/50000]  Loss: 0.6252  Time/Image: 0.4042
2020-04-26 11:45:33,163 INFO Iter [13100/50000]  Loss: 0.1221  Time/Image: 0.4023
2020-04-26 11:46:13,873 INFO Iter [13200/50000]  Loss: 0.4963  Time/Image: 0.4029
2020-04-26 11:46:54,384 INFO Iter [13300/50000]  Loss: 0.8211  Time/Image: 0.4011
2020-04-26 11:47:35,227 INFO Iter [13400/50000]  Loss: 0.0957  Time/Image: 0.4042
2020-04-26 11:48:15,362 INFO Iter [13500/50000]  Loss: 0.6354  Time/Image: 0.3965
2020-04-26 11:48:56,307 INFO Iter [13600/50000]  Loss: 0.7421  Time/Image: 0.4054
2020-04-26 11:49:36,332 INFO Iter [13700/50000]  Loss: 0.7182  Time/Image: 0.3959
2020-04-26 11:50:16,983 INFO Iter [13800/50000]  Loss: 0.3693  Time/Image: 0.4023
2020-04-26 11:50:57,064 INFO Iter [13900/50000]  Loss: 0.3573  Time/Image: 0.3967
2020-04-26 11:51:37,695 INFO Iter [14000/50000]  Loss: 1.5491  Time/Image: 0.4016
2020-04-26 11:52:17,859 INFO Iter [14100/50000]  Loss: 0.5278  Time/Image: 0.3974
2020-04-26 11:52:58,175 INFO Iter [14200/50000]  Loss: 0.3379  Time/Image: 0.3992
2020-04-26 11:53:38,774 INFO Iter [14300/50000]  Loss: 0.2125  Time/Image: 0.4011
2020-04-26 11:54:19,378 INFO Iter [14400/50000]  Loss: 0.0301  Time/Image: 0.4020
2020-04-26 11:54:59,964 INFO Iter [14500/50000]  Loss: 0.1805  Time/Image: 0.4013
2020-04-26 11:55:40,151 INFO Iter [14600/50000]  Loss: 1.0020  Time/Image: 0.3978
2020-04-26 11:56:20,698 INFO Iter [14700/50000]  Loss: 0.7984  Time/Image: 0.4018
2020-04-26 11:57:01,447 INFO Iter [14800/50000]  Loss: 0.4417  Time/Image: 0.4030
2020-04-26 11:57:42,075 INFO Iter [14900/50000]  Loss: 0.6073  Time/Image: 0.4019
2020-04-26 11:58:22,615 INFO Iter [15000/50000]  Loss: 0.6565  Time/Image: 0.4010
2020-04-26 12:01:59,461 INFO Iter 15000 Loss: 0.4662
2020-04-26 12:01:59,461 INFO Overall Acc: 	: 0.8454724025577954
2020-04-26 12:01:59,461 INFO Mean Acc : 	: 0.4682722635935348
2020-04-26 12:01:59,461 INFO FreqW Acc : 	: 0.7374261707418137
2020-04-26 12:01:59,461 INFO Mean IoU : 	: 0.37498191063381375
2020-04-26 12:01:59,461 INFO 0: 0.8428039576956696
2020-04-26 12:01:59,461 INFO 1: 0.5189112305862551
2020-04-26 12:01:59,461 INFO 2: 0.19453177081271855
2020-04-26 12:01:59,461 INFO 3: 0.4317398953152488
2020-04-26 12:01:59,461 INFO 4: 0.15031839278043407
2020-04-26 12:01:59,461 INFO 5: 0.3819633366781878
2020-04-26 12:01:59,461 INFO 6: 0.37981704067140953
2020-04-26 12:01:59,461 INFO 7: 0.5490775721627749
2020-04-26 12:01:59,461 INFO 8: 0.5921084068658202
2020-04-26 12:01:59,461 INFO 9: 0.104698220675618
2020-04-26 12:01:59,461 INFO 10: 0.12793465766590936
2020-04-26 12:01:59,461 INFO 11: 0.3287676583433216
2020-04-26 12:01:59,461 INFO 12: 0.47995883371320247
2020-04-26 12:01:59,461 INFO 13: 0.3232644115074285
2020-04-26 12:01:59,461 INFO 14: 0.47484405854896633
2020-04-26 12:01:59,461 INFO 15: 0.6166442717056642
2020-04-26 12:01:59,461 INFO 16: 0.10109357305967687
2020-04-26 12:01:59,461 INFO 17: 0.33803545212655306
2020-04-26 12:01:59,461 INFO 18: 0.1395512621119908
2020-04-26 12:01:59,461 INFO 19: 0.4674126967956079
2020-04-26 12:01:59,461 INFO 20: 0.33114342348763093
2020-04-26 12:02:40,677 INFO Iter [15100/50000]  Loss: 0.4067  Time/Image: 0.3995
2020-04-26 12:03:21,451 INFO Iter [15200/50000]  Loss: 0.9402  Time/Image: 0.4031
2020-04-26 12:04:02,288 INFO Iter [15300/50000]  Loss: 0.4254  Time/Image: 0.4045
2020-04-26 12:04:42,945 INFO Iter [15400/50000]  Loss: 0.1521  Time/Image: 0.4025
2020-04-26 12:05:23,414 INFO Iter [15500/50000]  Loss: 0.9363  Time/Image: 0.4002
2020-04-26 12:06:04,257 INFO Iter [15600/50000]  Loss: 0.5446  Time/Image: 0.4044
2020-04-26 12:06:45,090 INFO Iter [15700/50000]  Loss: 0.2990  Time/Image: 0.4043
2020-04-26 12:07:25,647 INFO Iter [15800/50000]  Loss: 0.8357  Time/Image: 0.4009
2020-04-26 12:08:06,320 INFO Iter [15900/50000]  Loss: 0.5622  Time/Image: 0.4025
2020-04-26 12:08:47,396 INFO Iter [16000/50000]  Loss: 0.5371  Time/Image: 0.4065
2020-04-26 12:09:27,941 INFO Iter [16100/50000]  Loss: 0.1982  Time/Image: 0.4014
2020-04-26 12:10:08,304 INFO Iter [16200/50000]  Loss: 0.1894  Time/Image: 0.3990
2020-04-26 12:10:49,236 INFO Iter [16300/50000]  Loss: 0.6086  Time/Image: 0.4053
2020-04-26 12:11:29,934 INFO Iter [16400/50000]  Loss: 0.1893  Time/Image: 0.4026
2020-04-26 12:12:10,594 INFO Iter [16500/50000]  Loss: 1.0848  Time/Image: 0.4024
2020-04-26 12:12:51,300 INFO Iter [16600/50000]  Loss: 1.0128  Time/Image: 0.4028
2020-04-26 12:13:31,658 INFO Iter [16700/50000]  Loss: 0.2765  Time/Image: 0.3994
2020-04-26 12:14:12,669 INFO Iter [16800/50000]  Loss: 0.2097  Time/Image: 0.4055
2020-04-26 12:14:53,012 INFO Iter [16900/50000]  Loss: 0.2051  Time/Image: 0.3991
2020-04-26 12:15:33,481 INFO Iter [17000/50000]  Loss: 0.3069  Time/Image: 0.4008
2020-04-26 12:16:13,878 INFO Iter [17100/50000]  Loss: 0.1818  Time/Image: 0.3998
2020-04-26 12:16:54,510 INFO Iter [17200/50000]  Loss: 0.7861  Time/Image: 0.4019
2020-04-26 12:17:35,264 INFO Iter [17300/50000]  Loss: 0.4428  Time/Image: 0.4036
2020-04-26 12:18:15,978 INFO Iter [17400/50000]  Loss: 0.8417  Time/Image: 0.4031
2020-04-26 12:18:56,828 INFO Iter [17500/50000]  Loss: 0.2119  Time/Image: 0.4048
2020-04-26 12:22:32,823 INFO Iter 17500 Loss: 0.4695
2020-04-26 12:22:32,823 INFO Overall Acc: 	: 0.8470742838381313
2020-04-26 12:22:32,823 INFO Mean Acc : 	: 0.4890638725200323
2020-04-26 12:22:32,823 INFO FreqW Acc : 	: 0.7436691431258179
2020-04-26 12:22:32,823 INFO Mean IoU : 	: 0.38985138702488215
2020-04-26 12:22:32,823 INFO 0: 0.8465758263699745
2020-04-26 12:22:32,823 INFO 1: 0.45970575708099665
2020-04-26 12:22:32,823 INFO 2: 0.19433265995299231
2020-04-26 12:22:32,823 INFO 3: 0.5186153771116256
2020-04-26 12:22:32,823 INFO 4: 0.2901851343372074
2020-04-26 12:22:32,823 INFO 5: 0.40715474326048384
2020-04-26 12:22:32,823 INFO 6: 0.37504136337303917
2020-04-26 12:22:32,823 INFO 7: 0.4659613689437604
2020-04-26 12:22:32,823 INFO 8: 0.6294209260913284
2020-04-26 12:22:32,823 INFO 9: 0.17970208239274163
2020-04-26 12:22:32,823 INFO 10: 0.1179618635287819
2020-04-26 12:22:32,823 INFO 11: 0.19337993347208282
2020-04-26 12:22:32,823 INFO 12: 0.5189174757810542
2020-04-26 12:22:32,823 INFO 13: 0.34304491964800427
2020-04-26 12:22:32,823 INFO 14: 0.48358385485557637
2020-04-26 12:22:32,823 INFO 15: 0.6121688887653708
2020-04-26 12:22:32,823 INFO 16: 0.09616549320975161
2020-04-26 12:22:32,823 INFO 17: 0.4116746743925381
2020-04-26 12:22:32,823 INFO 18: 0.2499740117320957
2020-04-26 12:22:32,823 INFO 19: 0.5687434892002143
2020-04-26 12:22:32,823 INFO 20: 0.2245692840229053
2020-04-26 12:23:14,096 INFO Iter [17600/50000]  Loss: 0.4560  Time/Image: 0.4004
2020-04-26 12:24:01,610 INFO Iter [17700/50000]  Loss: 0.6753  Time/Image: 0.3956
2020-04-26 12:24:42,085 INFO Iter [17800/50000]  Loss: 1.2026  Time/Image: 0.4008
2020-04-26 12:25:22,895 INFO Iter [17900/50000]  Loss: 0.4161  Time/Image: 0.4036
2020-04-26 12:26:03,249 INFO Iter [18000/50000]  Loss: 0.1963  Time/Image: 0.3990
2020-04-26 12:26:43,688 INFO Iter [18100/50000]  Loss: 0.0180  Time/Image: 0.4002
2020-04-26 12:27:24,200 INFO Iter [18200/50000]  Loss: 2.7895  Time/Image: 0.4007
2020-04-26 12:28:04,003 INFO Iter [18300/50000]  Loss: 0.2684  Time/Image: 0.3952
2020-04-26 12:28:44,804 INFO Iter [18400/50000]  Loss: 0.8320  Time/Image: 0.4039
2020-04-26 12:29:25,515 INFO Iter [18500/50000]  Loss: 0.4734  Time/Image: 0.4034
2020-04-26 12:30:06,426 INFO Iter [18600/50000]  Loss: 0.3674  Time/Image: 0.4053
2020-04-26 12:30:46,549 INFO Iter [18700/50000]  Loss: 0.0906  Time/Image: 0.3976
2020-04-26 12:31:27,076 INFO Iter [18800/50000]  Loss: 0.0144  Time/Image: 0.4012
2020-04-26 12:32:07,571 INFO Iter [18900/50000]  Loss: 0.3373  Time/Image: 0.4015
2020-04-26 12:32:47,917 INFO Iter [19000/50000]  Loss: 0.1073  Time/Image: 0.3992
2020-04-26 12:33:28,640 INFO Iter [19100/50000]  Loss: 0.5859  Time/Image: 0.4033
2020-04-26 12:34:09,347 INFO Iter [19200/50000]  Loss: 0.0573  Time/Image: 0.4030
2020-04-26 12:34:49,401 INFO Iter [19300/50000]  Loss: 0.7367  Time/Image: 0.3962
2020-04-26 12:35:29,881 INFO Iter [19400/50000]  Loss: 0.3029  Time/Image: 0.4009
2020-04-26 12:36:10,367 INFO Iter [19500/50000]  Loss: 0.1626  Time/Image: 0.4003
2020-04-26 12:36:50,787 INFO Iter [19600/50000]  Loss: 0.2336  Time/Image: 0.4000
2020-04-26 12:37:31,414 INFO Iter [19700/50000]  Loss: 0.4008  Time/Image: 0.4019
2020-04-26 12:38:12,098 INFO Iter [19800/50000]  Loss: 0.1596  Time/Image: 0.4025
2020-04-26 12:38:52,727 INFO Iter [19900/50000]  Loss: 0.6929  Time/Image: 0.4021
2020-04-26 12:39:32,905 INFO Iter [20000/50000]  Loss: 0.6080  Time/Image: 0.3979
2020-04-26 12:43:10,970 INFO Iter 20000 Loss: 0.4474
2020-04-26 12:43:10,970 INFO Overall Acc: 	: 0.8485572085136158
2020-04-26 12:43:10,970 INFO Mean Acc : 	: 0.4525346922568187
2020-04-26 12:43:10,970 INFO FreqW Acc : 	: 0.7379453338207029
2020-04-26 12:43:10,970 INFO Mean IoU : 	: 0.3815149056615984
2020-04-26 12:43:10,970 INFO 0: 0.8403661455377146
2020-04-26 12:43:10,970 INFO 1: 0.40804800581795175
2020-04-26 12:43:10,970 INFO 2: 0.20312528273351765
2020-04-26 12:43:10,970 INFO 3: 0.5401438999399786
2020-04-26 12:43:10,970 INFO 4: 0.24932342550177156
2020-04-26 12:43:10,970 INFO 5: 0.30376542563983155
2020-04-26 12:43:10,970 INFO 6: 0.5698041737270718
2020-04-26 12:43:10,970 INFO 7: 0.4558975531549312
2020-04-26 12:43:10,970 INFO 8: 0.630267863398909
2020-04-26 12:43:10,970 INFO 9: 0.099841356639838
2020-04-26 12:43:10,970 INFO 10: 0.29647144426116917
2020-04-26 12:43:10,970 INFO 11: 0.03297828008697032
2020-04-26 12:43:10,970 INFO 12: 0.5599921912046848
2020-04-26 12:43:10,970 INFO 13: 0.3203418090871196
2020-04-26 12:43:10,970 INFO 14: 0.20964960378563113
2020-04-26 12:43:10,970 INFO 15: 0.613321099184006
2020-04-26 12:43:10,970 INFO 16: 0.1889989585158364
2020-04-26 12:43:10,970 INFO 17: 0.4584591170335166
2020-04-26 12:43:10,970 INFO 18: 0.23883066496608957
2020-04-26 12:43:10,970 INFO 19: 0.4249008694727221
2020-04-26 12:43:10,970 INFO 20: 0.36728584920430496
2020-04-26 12:43:51,215 INFO Iter [20100/50000]  Loss: 0.5738  Time/Image: 0.3984
2020-04-26 12:44:31,795 INFO Iter [20200/50000]  Loss: 0.4196  Time/Image: 0.4020
2020-04-26 12:45:12,354 INFO Iter [20300/50000]  Loss: 0.2327  Time/Image: 0.4015
2020-04-26 12:45:53,032 INFO Iter [20400/50000]  Loss: 0.3736  Time/Image: 0.4026
2020-04-26 12:46:34,040 INFO Iter [20500/50000]  Loss: 1.0045  Time/Image: 0.4060
2020-04-26 12:47:14,889 INFO Iter [20600/50000]  Loss: 0.6292  Time/Image: 0.4041
2020-04-26 12:47:55,664 INFO Iter [20700/50000]  Loss: 0.0953  Time/Image: 0.4035
2020-04-26 12:48:36,279 INFO Iter [20800/50000]  Loss: 0.1469  Time/Image: 0.4016
2020-04-26 12:49:16,867 INFO Iter [20900/50000]  Loss: 0.6008  Time/Image: 0.4031
2020-04-26 12:49:57,238 INFO Iter [21000/50000]  Loss: 0.2331  Time/Image: 0.3996
2020-04-26 12:50:37,614 INFO Iter [21100/50000]  Loss: 0.4884  Time/Image: 0.3991
2020-04-26 12:51:18,277 INFO Iter [21200/50000]  Loss: 0.3456  Time/Image: 0.4027
2020-04-26 12:51:59,103 INFO Iter [21300/50000]  Loss: 0.3096  Time/Image: 0.4045
2020-04-26 12:52:39,786 INFO Iter [21400/50000]  Loss: 0.4067  Time/Image: 0.4025
2020-04-26 12:53:20,593 INFO Iter [21500/50000]  Loss: 0.2575  Time/Image: 0.4042
2020-04-26 12:54:01,595 INFO Iter [21600/50000]  Loss: 0.2836  Time/Image: 0.4063
2020-04-26 12:54:42,468 INFO Iter [21700/50000]  Loss: 0.0607  Time/Image: 0.4045
2020-04-26 12:55:23,349 INFO Iter [21800/50000]  Loss: 0.7798  Time/Image: 0.4046
2020-04-26 12:56:04,528 INFO Iter [21900/50000]  Loss: 0.2304  Time/Image: 0.4079
2020-04-26 12:56:44,953 INFO Iter [22000/50000]  Loss: 1.5134  Time/Image: 0.4003
2020-04-26 12:57:25,664 INFO Iter [22100/50000]  Loss: 0.9828  Time/Image: 0.4030
2020-04-26 12:58:06,376 INFO Iter [22200/50000]  Loss: 0.1976  Time/Image: 0.4032
2020-04-26 12:58:47,055 INFO Iter [22300/50000]  Loss: 1.0557  Time/Image: 0.4026
2020-04-26 12:59:27,947 INFO Iter [22400/50000]  Loss: 0.3962  Time/Image: 0.4045
2020-04-26 13:00:08,520 INFO Iter [22500/50000]  Loss: 1.8658  Time/Image: 0.4013
2020-04-26 13:03:45,321 INFO Iter 22500 Loss: 0.4490
2020-04-26 13:03:45,321 INFO Overall Acc: 	: 0.8519404016603879
2020-04-26 13:03:45,321 INFO Mean Acc : 	: 0.5549632194620027
2020-04-26 13:03:45,321 INFO FreqW Acc : 	: 0.7554564571037886
2020-04-26 13:03:45,321 INFO Mean IoU : 	: 0.4278957585267405
2020-04-26 13:03:45,321 INFO 0: 0.8511814117612686
2020-04-26 13:03:45,321 INFO 1: 0.5603654804655535
2020-04-26 13:03:45,321 INFO 2: 0.18910442585696818
2020-04-26 13:03:45,321 INFO 3: 0.5569318478107093
2020-04-26 13:03:45,321 INFO 4: 0.361350298823983
2020-04-26 13:03:45,321 INFO 5: 0.3520025038799098
2020-04-26 13:03:45,321 INFO 6: 0.627255270056278
2020-04-26 13:03:45,321 INFO 7: 0.5873454924864935
2020-04-26 13:03:45,321 INFO 8: 0.48601611026665914
2020-04-26 13:03:45,321 INFO 9: 0.1842090389989429
2020-04-26 13:03:45,321 INFO 10: 0.20919056383311824
2020-04-26 13:03:45,321 INFO 11: 0.35610684600256554
2020-04-26 13:03:45,321 INFO 12: 0.5428381933564166
2020-04-26 13:03:45,321 INFO 13: 0.38610621302902315
2020-04-26 13:03:45,321 INFO 14: 0.5173640507977857
2020-04-26 13:03:45,321 INFO 15: 0.642624498605661
2020-04-26 13:03:45,321 INFO 16: 0.2024520515744844
2020-04-26 13:03:45,321 INFO 17: 0.46216970422069575
2020-04-26 13:03:45,321 INFO 18: 0.23534469872600058
2020-04-26 13:03:45,321 INFO 19: 0.45735257244473476
2020-04-26 13:03:45,321 INFO 20: 0.2184996560642972
2020-04-26 13:04:26,859 INFO Iter [22600/50000]  Loss: 0.1007  Time/Image: 0.4027
2020-04-26 13:05:07,914 INFO Iter [22700/50000]  Loss: 0.7692  Time/Image: 0.4063
2020-04-26 13:05:48,691 INFO Iter [22800/50000]  Loss: 0.1083  Time/Image: 0.4032
2020-04-26 13:06:29,271 INFO Iter [22900/50000]  Loss: 0.4953  Time/Image: 0.4017
2020-04-26 13:07:09,727 INFO Iter [23000/50000]  Loss: 0.5782  Time/Image: 0.4002
2020-04-26 13:07:50,438 INFO Iter [23100/50000]  Loss: 0.6406  Time/Image: 0.4032
2020-04-26 13:08:31,097 INFO Iter [23200/50000]  Loss: 0.8453  Time/Image: 0.4025
2020-04-26 13:09:11,900 INFO Iter [23300/50000]  Loss: 0.4158  Time/Image: 0.4040
2020-04-26 13:09:52,359 INFO Iter [23400/50000]  Loss: 0.5891  Time/Image: 0.4010
2020-04-26 13:10:32,939 INFO Iter [23500/50000]  Loss: 0.2197  Time/Image: 0.4016
2020-04-26 13:11:13,536 INFO Iter [23600/50000]  Loss: 0.1779  Time/Image: 0.4018
2020-04-26 13:11:54,178 INFO Iter [23700/50000]  Loss: 0.9186  Time/Image: 0.4022
2020-04-26 13:12:34,854 INFO Iter [23800/50000]  Loss: 0.5967  Time/Image: 0.4025
2020-04-26 13:13:15,620 INFO Iter [23900/50000]  Loss: 0.2272  Time/Image: 0.4037
2020-04-26 13:13:56,357 INFO Iter [24000/50000]  Loss: 0.1280  Time/Image: 0.4030
2020-04-26 13:14:36,888 INFO Iter [24100/50000]  Loss: 0.0920  Time/Image: 0.4022
2020-04-26 13:15:16,810 INFO Iter [24200/50000]  Loss: 0.1813  Time/Image: 0.3952
2020-04-26 13:15:57,188 INFO Iter [24300/50000]  Loss: 0.4832  Time/Image: 0.3999
2020-04-26 13:16:38,144 INFO Iter [24400/50000]  Loss: 0.4881  Time/Image: 0.4055
2020-04-26 13:17:19,030 INFO Iter [24500/50000]  Loss: 0.2370  Time/Image: 0.4051
2020-04-26 13:17:59,735 INFO Iter [24600/50000]  Loss: 0.2873  Time/Image: 0.4028
2020-04-26 13:18:40,204 INFO Iter [24700/50000]  Loss: 0.1233  Time/Image: 0.4002
2020-04-26 13:19:20,857 INFO Iter [24800/50000]  Loss: 0.1770  Time/Image: 0.4025
2020-04-26 13:20:01,618 INFO Iter [24900/50000]  Loss: 0.1996  Time/Image: 0.4035
2020-04-26 13:20:42,355 INFO Iter [25000/50000]  Loss: 0.2190  Time/Image: 0.4031
2020-04-26 13:24:18,335 INFO Iter 25000 Loss: 0.4322
2020-04-26 13:24:18,335 INFO Overall Acc: 	: 0.8543964981867724
2020-04-26 13:24:18,335 INFO Mean Acc : 	: 0.5048629196970156
2020-04-26 13:24:18,335 INFO FreqW Acc : 	: 0.7492843847367279
2020-04-26 13:24:18,335 INFO Mean IoU : 	: 0.4169045594274471
2020-04-26 13:24:18,335 INFO 0: 0.8465356885230324
2020-04-26 13:24:18,335 INFO 1: 0.5531362209193686
2020-04-26 13:24:18,335 INFO 2: 0.20450493258635694
2020-04-26 13:24:18,335 INFO 3: 0.544674980463068
2020-04-26 13:24:18,335 INFO 4: 0.34873946077164575
2020-04-26 13:24:18,335 INFO 5: 0.3629875921314563
2020-04-26 13:24:18,335 INFO 6: 0.524583403210469
2020-04-26 13:24:18,335 INFO 7: 0.5737134966199207
2020-04-26 13:24:18,335 INFO 8: 0.6120802719459625
2020-04-26 13:24:18,335 INFO 9: 0.1677641989948137
2020-04-26 13:24:18,335 INFO 10: 0.22796416939614408
2020-04-26 13:24:18,335 INFO 11: 0.26489794181084614
2020-04-26 13:24:18,351 INFO 12: 0.47965895640320244
2020-04-26 13:24:18,351 INFO 13: 0.3557511786917995
2020-04-26 13:24:18,351 INFO 14: 0.48941736844858247
2020-04-26 13:24:18,351 INFO 15: 0.6402178550204087
2020-04-26 13:24:18,351 INFO 16: 0.2659432399907953
2020-04-26 13:24:18,351 INFO 17: 0.47705469958703434
2020-04-26 13:24:18,351 INFO 18: 0.08347439584861396
2020-04-26 13:24:18,351 INFO 19: 0.5319423910790316
2020-04-26 13:24:18,351 INFO 20: 0.1999533055338372
2020-04-26 13:24:58,985 INFO Iter [25100/50000]  Loss: 0.0443  Time/Image: 0.4024
2020-04-26 13:25:39,583 INFO Iter [25200/50000]  Loss: 0.4215  Time/Image: 0.4016
2020-04-26 13:26:20,250 INFO Iter [25300/50000]  Loss: 0.3081  Time/Image: 0.4026
2020-04-26 13:27:00,877 INFO Iter [25400/50000]  Loss: 0.3790  Time/Image: 0.4024
2020-04-26 13:27:41,649 INFO Iter [25500/50000]  Loss: 1.0607  Time/Image: 0.4033
2020-04-26 13:28:22,420 INFO Iter [25600/50000]  Loss: 0.0517  Time/Image: 0.4035
2020-04-26 13:29:02,966 INFO Iter [25700/50000]  Loss: 0.5354  Time/Image: 0.4016
2020-04-26 13:29:43,264 INFO Iter [25800/50000]  Loss: 0.1350  Time/Image: 0.3983
2020-04-26 13:30:23,722 INFO Iter [25900/50000]  Loss: 0.8951  Time/Image: 0.4007
2020-04-26 13:31:04,454 INFO Iter [26000/50000]  Loss: 0.3315  Time/Image: 0.4036
2020-04-26 13:31:45,244 INFO Iter [26100/50000]  Loss: 0.2753  Time/Image: 0.4037
2020-04-26 13:32:25,994 INFO Iter [26200/50000]  Loss: 0.8417  Time/Image: 0.4034
2020-04-26 13:33:06,098 INFO Iter [26300/50000]  Loss: 0.3412  Time/Image: 0.3968
2020-04-26 13:33:46,671 INFO Iter [26400/50000]  Loss: 0.3405  Time/Image: 0.4017
2020-04-26 13:34:35,509 INFO Iter [26500/50000]  Loss: 0.1368  Time/Image: 0.3995
2020-04-26 13:35:15,980 INFO Iter [26600/50000]  Loss: 0.3561  Time/Image: 0.4005
2020-04-26 13:35:56,545 INFO Iter [26700/50000]  Loss: 0.0452  Time/Image: 0.4013
2020-04-26 13:36:37,182 INFO Iter [26800/50000]  Loss: 0.1334  Time/Image: 0.4018
2020-04-26 13:37:17,938 INFO Iter [26900/50000]  Loss: 1.3132  Time/Image: 0.4047
2020-04-26 13:37:58,660 INFO Iter [27000/50000]  Loss: 0.1198  Time/Image: 0.4033
2020-04-26 13:38:39,447 INFO Iter [27100/50000]  Loss: 0.4835  Time/Image: 0.4032
2020-04-26 13:39:19,917 INFO Iter [27200/50000]  Loss: 0.2003  Time/Image: 0.4005
2020-04-26 13:40:00,749 INFO Iter [27300/50000]  Loss: 0.2903  Time/Image: 0.4040
2020-04-26 13:40:41,226 INFO Iter [27400/50000]  Loss: 0.0103  Time/Image: 0.4007
2020-04-26 13:41:22,008 INFO Iter [27500/50000]  Loss: 0.1023  Time/Image: 0.4033
2020-04-26 13:44:58,032 INFO Iter 27500 Loss: 0.4254
2020-04-26 13:44:58,032 INFO Overall Acc: 	: 0.8549647220572985
2020-04-26 13:44:58,032 INFO Mean Acc : 	: 0.5384990907769394
2020-04-26 13:44:58,032 INFO FreqW Acc : 	: 0.7551419467984747
2020-04-26 13:44:58,032 INFO Mean IoU : 	: 0.42689453696510166
2020-04-26 13:44:58,032 INFO 0: 0.8515919580861578
2020-04-26 13:44:58,032 INFO 1: 0.5134575540962861
2020-04-26 13:44:58,032 INFO 2: 0.2033412583579264
2020-04-26 13:44:58,032 INFO 3: 0.542446131914177
2020-04-26 13:44:58,032 INFO 4: 0.29100293596514504
2020-04-26 13:44:58,032 INFO 5: 0.34495991159772366
2020-04-26 13:44:58,032 INFO 6: 0.326314486649289
2020-04-26 13:44:58,032 INFO 7: 0.5369452573130298
2020-04-26 13:44:58,032 INFO 8: 0.6505698682541866
2020-04-26 13:44:58,032 INFO 9: 0.16642477819394813
2020-04-26 13:44:58,032 INFO 10: 0.24537564436993384
2020-04-26 13:44:58,032 INFO 11: 0.32804080924786355
2020-04-26 13:44:58,032 INFO 12: 0.547740635489891
2020-04-26 13:44:58,032 INFO 13: 0.39671980601342605
2020-04-26 13:44:58,032 INFO 14: 0.5012520144034667
2020-04-26 13:44:58,032 INFO 15: 0.6499221475588894
2020-04-26 13:44:58,032 INFO 16: 0.2438745634810125
2020-04-26 13:44:58,032 INFO 17: 0.486004234315053
2020-04-26 13:44:58,032 INFO 18: 0.20837262971691314
2020-04-26 13:44:58,032 INFO 19: 0.47948902720525044
2020-04-26 13:44:58,032 INFO 20: 0.4509396240375652
2020-04-26 13:45:38,899 INFO Iter [27600/50000]  Loss: 0.4288  Time/Image: 0.4046
2020-04-26 13:46:19,414 INFO Iter [27700/50000]  Loss: 0.3732  Time/Image: 0.4014
2020-04-26 13:47:00,365 INFO Iter [27800/50000]  Loss: 0.3213  Time/Image: 0.4056
2020-04-26 13:47:40,724 INFO Iter [27900/50000]  Loss: 0.1030  Time/Image: 0.3994
2020-04-26 13:48:21,147 INFO Iter [28000/50000]  Loss: 0.5135  Time/Image: 0.3994
2020-04-26 13:49:02,007 INFO Iter [28100/50000]  Loss: 0.2508  Time/Image: 0.4048
2020-04-26 13:49:42,897 INFO Iter [28200/50000]  Loss: 0.7101  Time/Image: 0.4045
2020-04-26 13:50:23,423 INFO Iter [28300/50000]  Loss: 0.3524  Time/Image: 0.4009
2020-04-26 13:51:04,305 INFO Iter [28400/50000]  Loss: 0.9064  Time/Image: 0.4047
2020-04-26 13:51:45,019 INFO Iter [28500/50000]  Loss: 0.4794  Time/Image: 0.4031
2020-04-26 13:52:25,769 INFO Iter [28600/50000]  Loss: 0.0268  Time/Image: 0.4034
2020-04-26 13:53:06,445 INFO Iter [28700/50000]  Loss: 0.6161  Time/Image: 0.4029
2020-04-26 13:53:47,254 INFO Iter [28800/50000]  Loss: 0.1344  Time/Image: 0.4037
2020-04-26 13:54:27,744 INFO Iter [28900/50000]  Loss: 0.4368  Time/Image: 0.4003
2020-04-26 13:55:08,039 INFO Iter [29000/50000]  Loss: 0.3796  Time/Image: 0.3987
2020-04-26 13:55:48,454 INFO Iter [29100/50000]  Loss: 0.5900  Time/Image: 0.4007
2020-04-26 13:56:28,998 INFO Iter [29200/50000]  Loss: 0.3510  Time/Image: 0.4014
2020-04-26 13:57:09,934 INFO Iter [29300/50000]  Loss: 0.2546  Time/Image: 0.4053
2020-04-26 13:57:50,567 INFO Iter [29400/50000]  Loss: 0.5700  Time/Image: 0.4029
2020-04-26 13:58:31,346 INFO Iter [29500/50000]  Loss: 0.8253  Time/Image: 0.4031
2020-04-26 13:59:11,540 INFO Iter [29600/50000]  Loss: 0.0614  Time/Image: 0.3974
2020-04-26 13:59:52,591 INFO Iter [29700/50000]  Loss: 0.3494  Time/Image: 0.4061
2020-04-26 14:00:33,408 INFO Iter [29800/50000]  Loss: 0.3849  Time/Image: 0.4040
2020-04-26 14:01:13,789 INFO Iter [29900/50000]  Loss: 0.3141  Time/Image: 0.4000
2020-04-26 14:01:54,405 INFO Iter [30000/50000]  Loss: 0.0915  Time/Image: 0.4021
2020-04-26 14:05:30,389 INFO Iter 30000 Loss: 0.4150
2020-04-26 14:05:30,405 INFO Overall Acc: 	: 0.8581342031645282
2020-04-26 14:05:30,405 INFO Mean Acc : 	: 0.521584718213421
2020-04-26 14:05:30,405 INFO FreqW Acc : 	: 0.7566598737836522
2020-04-26 14:05:30,405 INFO Mean IoU : 	: 0.4259447154835521
2020-04-26 14:05:30,405 INFO 0: 0.8520136096371832
2020-04-26 14:05:30,405 INFO 1: 0.551985431145258
2020-04-26 14:05:30,405 INFO 2: 0.20647271092529093
2020-04-26 14:05:30,405 INFO 3: 0.5311956053345144
2020-04-26 14:05:30,405 INFO 4: 0.3246208291203236
2020-04-26 14:05:30,405 INFO 5: 0.41791395999199266
2020-04-26 14:05:30,405 INFO 6: 0.6323791292180589
2020-04-26 14:05:30,405 INFO 7: 0.6032861905473846
2020-04-26 14:05:30,405 INFO 8: 0.5914724325128949
2020-04-26 14:05:30,405 INFO 9: 0.14503503628857994
2020-04-26 14:05:30,405 INFO 10: 0.17477699564872662
2020-04-26 14:05:30,405 INFO 11: 0.25146361724268007
2020-04-26 14:05:30,405 INFO 12: 0.5618631475918953
2020-04-26 14:05:30,405 INFO 13: 0.3951004594152629
2020-04-26 14:05:30,405 INFO 14: 0.48772670678397817
2020-04-26 14:05:30,405 INFO 15: 0.630411499595378
2020-04-26 14:05:30,405 INFO 16: 0.1658144377431993
2020-04-26 14:05:30,405 INFO 17: 0.3506019875931282
2020-04-26 14:05:30,405 INFO 18: 0.23176439585993705
2020-04-26 14:05:30,405 INFO 19: 0.472752832518146
2020-04-26 14:05:30,405 INFO 20: 0.36618801044078136
2020-04-26 14:06:11,029 INFO Iter [30100/50000]  Loss: 0.0714  Time/Image: 0.4022
2020-04-26 14:06:51,089 INFO Iter [30200/50000]  Loss: 1.0206  Time/Image: 0.3964
2020-04-26 14:07:31,702 INFO Iter [30300/50000]  Loss: 0.0812  Time/Image: 0.4021
2020-04-26 14:08:11,965 INFO Iter [30400/50000]  Loss: 0.4209  Time/Image: 0.3986
2020-04-26 14:08:52,750 INFO Iter [30500/50000]  Loss: 0.0967  Time/Image: 0.4041
2020-04-26 14:09:32,910 INFO Iter [30600/50000]  Loss: 2.1904  Time/Image: 0.3975
2020-04-26 14:10:13,196 INFO Iter [30700/50000]  Loss: 0.4107  Time/Image: 0.3988
2020-04-26 14:10:54,323 INFO Iter [30800/50000]  Loss: 0.6591  Time/Image: 0.4072
2020-04-26 14:11:34,587 INFO Iter [30900/50000]  Loss: 0.2601  Time/Image: 0.3987
2020-04-26 14:12:15,217 INFO Iter [31000/50000]  Loss: 0.1402  Time/Image: 0.4024
2020-04-26 14:12:56,177 INFO Iter [31100/50000]  Loss: 0.1961  Time/Image: 0.4054
2020-04-26 14:13:36,390 INFO Iter [31200/50000]  Loss: 0.4107  Time/Image: 0.3982
2020-04-26 14:14:16,805 INFO Iter [31300/50000]  Loss: 0.5283  Time/Image: 0.4002
2020-04-26 14:14:57,447 INFO Iter [31400/50000]  Loss: 0.4439  Time/Image: 0.4020
2020-04-26 14:15:37,896 INFO Iter [31500/50000]  Loss: 0.3948  Time/Image: 0.4004
2020-04-26 14:16:18,754 INFO Iter [31600/50000]  Loss: 0.4281  Time/Image: 0.4044
2020-04-26 14:16:59,388 INFO Iter [31700/50000]  Loss: 0.5740  Time/Image: 0.4021
2020-04-26 14:17:40,191 INFO Iter [31800/50000]  Loss: 0.1493  Time/Image: 0.4037
2020-04-26 14:18:20,321 INFO Iter [31900/50000]  Loss: 0.4982  Time/Image: 0.3969
2020-04-26 14:19:00,976 INFO Iter [32000/50000]  Loss: 0.3408  Time/Image: 0.4025
2020-04-26 14:19:41,759 INFO Iter [32100/50000]  Loss: 0.2807  Time/Image: 0.4038
2020-04-26 14:20:22,607 INFO Iter [32200/50000]  Loss: 1.2552  Time/Image: 0.4047
2020-04-26 14:21:03,623 INFO Iter [32300/50000]  Loss: 0.3977  Time/Image: 0.4061
2020-04-26 14:21:44,517 INFO Iter [32400/50000]  Loss: 0.0310  Time/Image: 0.4046
2020-04-26 14:22:24,768 INFO Iter [32500/50000]  Loss: 0.1930  Time/Image: 0.3981
2020-04-26 14:26:02,557 INFO Iter 32500 Loss: 0.4422
2020-04-26 14:26:02,557 INFO Overall Acc: 	: 0.8467095334958359
2020-04-26 14:26:02,557 INFO Mean Acc : 	: 0.49324442849592787
2020-04-26 14:26:02,557 INFO FreqW Acc : 	: 0.7392292315852603
2020-04-26 14:26:02,557 INFO Mean IoU : 	: 0.3930922449355254
2020-04-26 14:26:02,557 INFO 0: 0.8438466146595949
2020-04-26 14:26:02,557 INFO 1: 0.562460816092414
2020-04-26 14:26:02,557 INFO 2: 0.21239015914283854
2020-04-26 14:26:02,557 INFO 3: 0.5601800622712791
2020-04-26 14:26:02,557 INFO 4: 0.37696099854416093
2020-04-26 14:26:02,557 INFO 5: 0.3712795494113596
2020-04-26 14:26:02,557 INFO 6: 0.16562223262193038
2020-04-26 14:26:02,557 INFO 7: 0.5785653533567847
2020-04-26 14:26:02,557 INFO 8: 0.5554503818511285
2020-04-26 14:26:02,557 INFO 9: 0.17125564377201777
2020-04-26 14:26:02,557 INFO 10: 0.11433425464227999
2020-04-26 14:26:02,557 INFO 11: 0.3518368767960388
2020-04-26 14:26:02,557 INFO 12: 0.5502926646664134
2020-04-26 14:26:02,557 INFO 13: 0.37402103108866463
2020-04-26 14:26:02,557 INFO 14: 0.5134810884012005
2020-04-26 14:26:02,557 INFO 15: 0.6393507553653623
2020-04-26 14:26:02,557 INFO 16: 0.17977870335690402
2020-04-26 14:26:02,557 INFO 17: 0.446589213805128
2020-04-26 14:26:02,557 INFO 18: 0.17587491035383457
2020-04-26 14:26:02,557 INFO 19: 0.30921046684364517
2020-04-26 14:26:02,557 INFO 20: 0.20215536660305322
2020-04-26 14:26:43,211 INFO Iter [32600/50000]  Loss: 0.1362  Time/Image: 0.4022
2020-04-26 14:27:23,852 INFO Iter [32700/50000]  Loss: 0.3196  Time/Image: 0.4031
2020-04-26 14:28:04,761 INFO Iter [32800/50000]  Loss: 0.9085  Time/Image: 0.4051
2020-04-26 14:28:45,356 INFO Iter [32900/50000]  Loss: 0.1605  Time/Image: 0.4017
2020-04-26 14:29:26,050 INFO Iter [33000/50000]  Loss: 0.0345  Time/Image: 0.4027
2020-04-26 14:30:06,729 INFO Iter [33100/50000]  Loss: 0.1127  Time/Image: 0.4027
2020-04-26 14:30:47,163 INFO Iter [33200/50000]  Loss: 0.4691  Time/Image: 0.4003
2020-04-26 14:31:27,744 INFO Iter [33300/50000]  Loss: 0.1347  Time/Image: 0.4019
2020-04-26 14:32:08,428 INFO Iter [33400/50000]  Loss: 0.2301  Time/Image: 0.4028
2020-04-26 14:32:48,834 INFO Iter [33500/50000]  Loss: 0.0892  Time/Image: 0.4000
2020-04-26 14:33:29,167 INFO Iter [33600/50000]  Loss: 0.1138  Time/Image: 0.3994
2020-04-26 14:34:09,485 INFO Iter [33700/50000]  Loss: 0.2799  Time/Image: 0.3993
2020-04-26 14:34:50,232 INFO Iter [33800/50000]  Loss: 0.1225  Time/Image: 0.4033
2020-04-26 14:35:31,007 INFO Iter [33900/50000]  Loss: 0.5513  Time/Image: 0.4033
2020-04-26 14:36:11,484 INFO Iter [34000/50000]  Loss: 0.3858  Time/Image: 0.4005
2020-04-26 14:36:52,453 INFO Iter [34100/50000]  Loss: 1.1031  Time/Image: 0.4056
2020-04-26 14:37:33,062 INFO Iter [34200/50000]  Loss: 0.6745  Time/Image: 0.4018
2020-04-26 14:38:13,365 INFO Iter [34300/50000]  Loss: 0.7564  Time/Image: 0.3986
2020-04-26 14:38:53,965 INFO Iter [34400/50000]  Loss: 0.0719  Time/Image: 0.4021
2020-04-26 14:39:34,825 INFO Iter [34500/50000]  Loss: 0.7168  Time/Image: 0.4045
2020-04-26 14:40:15,378 INFO Iter [34600/50000]  Loss: 0.6669  Time/Image: 0.4013
2020-04-26 14:40:56,292 INFO Iter [34700/50000]  Loss: 0.3591  Time/Image: 0.4051
2020-04-26 14:41:37,110 INFO Iter [34800/50000]  Loss: 0.3336  Time/Image: 0.4038
2020-04-26 14:42:17,512 INFO Iter [34900/50000]  Loss: 0.8394  Time/Image: 0.4001
2020-04-26 14:42:58,006 INFO Iter [35000/50000]  Loss: 0.3585  Time/Image: 0.4007
2020-04-26 14:46:35,263 INFO Iter 35000 Loss: 0.4104
2020-04-26 14:46:35,278 INFO Overall Acc: 	: 0.8589043221422044
2020-04-26 14:46:35,278 INFO Mean Acc : 	: 0.4994238949483929
2020-04-26 14:46:35,278 INFO FreqW Acc : 	: 0.7556535238658093
2020-04-26 14:46:35,278 INFO Mean IoU : 	: 0.4210269953974927
2020-04-26 14:46:35,278 INFO 0: 0.8536740349332842
2020-04-26 14:46:35,278 INFO 1: 0.5519953949787909
2020-04-26 14:46:35,278 INFO 2: 0.19723267477109435
2020-04-26 14:46:35,278 INFO 3: 0.5467838559833058
2020-04-26 14:46:35,278 INFO 4: 0.22244198115381444
2020-04-26 14:46:35,278 INFO 5: 0.3492863811677469
2020-04-26 14:46:35,278 INFO 6: 0.3930487524117829
2020-04-26 14:46:35,278 INFO 7: 0.6009857838140614
2020-04-26 14:46:35,278 INFO 8: 0.6179114699142244
2020-04-26 14:46:35,278 INFO 9: 0.17040570457669063
2020-04-26 14:46:35,278 INFO 10: 0.4058300002985903
2020-04-26 14:46:35,278 INFO 11: 0.35801805886153104
2020-04-26 14:46:35,278 INFO 12: 0.5897170414991668
2020-04-26 14:46:35,278 INFO 13: 0.41620650891899313
2020-04-26 14:46:35,278 INFO 14: 0.5214345632332136
2020-04-26 14:46:35,278 INFO 15: 0.5855330978761376
2020-04-26 14:46:35,278 INFO 16: 0.20126073853564144
2020-04-26 14:46:35,278 INFO 17: 0.3737051058152274
2020-04-26 14:46:35,278 INFO 18: 0.133874685697392
2020-04-26 14:46:35,278 INFO 19: 0.5723387521809197
2020-04-26 14:46:35,278 INFO 20: 0.17988231672573674
2020-04-26 14:47:15,828 INFO Iter [35100/50000]  Loss: 0.5732  Time/Image: 0.4011
2020-04-26 14:47:56,428 INFO Iter [35200/50000]  Loss: 0.1638  Time/Image: 0.4019
2020-04-26 14:48:37,252 INFO Iter [35300/50000]  Loss: 0.1348  Time/Image: 0.4040
2020-04-26 14:49:24,770 INFO Iter [35400/50000]  Loss: 0.2966  Time/Image: 0.3960
2020-04-26 14:50:04,852 INFO Iter [35500/50000]  Loss: 0.1725  Time/Image: 0.3970
2020-04-26 14:50:45,710 INFO Iter [35600/50000]  Loss: 0.0274  Time/Image: 0.4044
2020-04-26 14:51:26,408 INFO Iter [35700/50000]  Loss: 0.1841  Time/Image: 0.4026
2020-04-26 14:52:07,164 INFO Iter [35800/50000]  Loss: 0.4391  Time/Image: 0.4035
2020-04-26 14:52:48,130 INFO Iter [35900/50000]  Loss: 0.4537  Time/Image: 0.4059
2020-04-26 14:53:28,914 INFO Iter [36000/50000]  Loss: 1.4863  Time/Image: 0.4036
2020-04-26 14:54:09,449 INFO Iter [36100/50000]  Loss: 1.0510  Time/Image: 0.4013
2020-04-26 14:54:49,692 INFO Iter [36200/50000]  Loss: 0.2239  Time/Image: 0.3984
2020-04-26 14:55:30,357 INFO Iter [36300/50000]  Loss: 0.2352  Time/Image: 0.4026
2020-04-26 14:56:10,901 INFO Iter [36400/50000]  Loss: 0.1068  Time/Image: 0.4011
2020-04-26 14:56:51,856 INFO Iter [36500/50000]  Loss: 1.4568  Time/Image: 0.4055
2020-04-26 14:57:32,546 INFO Iter [36600/50000]  Loss: 0.2496  Time/Image: 0.4027
2020-04-26 14:58:12,731 INFO Iter [36700/50000]  Loss: 0.1056  Time/Image: 0.3975
2020-04-26 14:58:53,307 INFO Iter [36800/50000]  Loss: 1.3456  Time/Image: 0.4017
2020-04-26 14:59:33,735 INFO Iter [36900/50000]  Loss: 0.1816  Time/Image: 0.4002
2020-04-26 15:00:14,545 INFO Iter [37000/50000]  Loss: 0.0950  Time/Image: 0.4039
2020-04-26 15:00:55,067 INFO Iter [37100/50000]  Loss: 0.2483  Time/Image: 0.4012
2020-04-26 15:01:35,258 INFO Iter [37200/50000]  Loss: 0.0357  Time/Image: 0.3974
2020-04-26 15:02:15,945 INFO Iter [37300/50000]  Loss: 0.0454  Time/Image: 0.4030
2020-04-26 15:02:56,781 INFO Iter [37400/50000]  Loss: 0.3588  Time/Image: 0.4043
2020-04-26 15:03:37,491 INFO Iter [37500/50000]  Loss: 0.5358  Time/Image: 0.4028
2020-04-26 15:07:14,384 INFO Iter 37500 Loss: 0.4167
2020-04-26 15:07:14,399 INFO Overall Acc: 	: 0.8576092064199734
2020-04-26 15:07:14,399 INFO Mean Acc : 	: 0.5441884398422767
2020-04-26 15:07:14,399 INFO FreqW Acc : 	: 0.7577843106841071
2020-04-26 15:07:14,399 INFO Mean IoU : 	: 0.43544730973120355
2020-04-26 15:07:14,399 INFO 0: 0.8501139278419202
2020-04-26 15:07:14,399 INFO 1: 0.5836778177303227
2020-04-26 15:07:14,399 INFO 2: 0.20297566577245807
2020-04-26 15:07:14,399 INFO 3: 0.5709866286771883
2020-04-26 15:07:14,399 INFO 4: 0.3835635474427786
2020-04-26 15:07:14,399 INFO 5: 0.45563994845119915
2020-04-26 15:07:14,399 INFO 6: 0.5681078533733103
2020-04-26 15:07:14,399 INFO 7: 0.5169404560240605
2020-04-26 15:07:14,399 INFO 8: 0.6431065679125664
2020-04-26 15:07:14,399 INFO 9: 0.18148953258093192
2020-04-26 15:07:14,399 INFO 10: 0.17863379770105461
2020-04-26 15:07:14,399 INFO 11: 0.28210814626905384
2020-04-26 15:07:14,399 INFO 12: 0.5837165125817436
2020-04-26 15:07:14,399 INFO 13: 0.36959956211825296
2020-04-26 15:07:14,399 INFO 14: 0.4729491404984138
2020-04-26 15:07:14,399 INFO 15: 0.6401645355140069
2020-04-26 15:07:14,399 INFO 16: 0.17588514603052144
2020-04-26 15:07:14,399 INFO 17: 0.3134938534619685
2020-04-26 15:07:14,399 INFO 18: 0.22430333452257126
2020-04-26 15:07:14,399 INFO 19: 0.5857920076980562
2020-04-26 15:07:14,399 INFO 20: 0.36114552215289597
2020-04-26 15:07:55,863 INFO Iter [37600/50000]  Loss: 0.3393  Time/Image: 0.4017
2020-04-26 15:08:36,403 INFO Iter [37700/50000]  Loss: 0.3032  Time/Image: 0.4012
2020-04-26 15:09:16,857 INFO Iter [37800/50000]  Loss: 0.1888  Time/Image: 0.4006
2020-04-26 15:09:57,718 INFO Iter [37900/50000]  Loss: 0.1470  Time/Image: 0.4052
2020-04-26 15:10:38,311 INFO Iter [38000/50000]  Loss: 0.1270  Time/Image: 0.4016
2020-04-26 15:11:19,098 INFO Iter [38100/50000]  Loss: 1.0381  Time/Image: 0.4038
2020-04-26 15:11:59,659 INFO Iter [38200/50000]  Loss: 0.5545  Time/Image: 0.4012
2020-04-26 15:12:40,293 INFO Iter [38300/50000]  Loss: 0.2385  Time/Image: 0.4025
2020-04-26 15:13:20,293 INFO Iter [38400/50000]  Loss: 0.0686  Time/Image: 0.3958
2020-04-26 15:14:00,549 INFO Iter [38500/50000]  Loss: 0.9594  Time/Image: 0.3983
2020-04-26 15:14:40,902 INFO Iter [38600/50000]  Loss: 1.7014  Time/Image: 0.3993
2020-04-26 15:15:21,221 INFO Iter [38700/50000]  Loss: 0.1744  Time/Image: 0.3990
2020-04-26 15:16:01,775 INFO Iter [38800/50000]  Loss: 1.3368  Time/Image: 0.4016
2020-04-26 15:16:42,525 INFO Iter [38900/50000]  Loss: 0.7074  Time/Image: 0.4030
2020-04-26 15:17:23,260 INFO Iter [39000/50000]  Loss: 0.5124  Time/Image: 0.4031
2020-04-26 15:18:03,833 INFO Iter [39100/50000]  Loss: 0.3680  Time/Image: 0.4017
2020-04-26 15:18:44,104 INFO Iter [39200/50000]  Loss: 0.3092  Time/Image: 0.3990
2020-04-26 15:19:24,991 INFO Iter [39300/50000]  Loss: 0.5302  Time/Image: 0.4042
2020-04-26 15:20:05,765 INFO Iter [39400/50000]  Loss: 0.8000  Time/Image: 0.4026
2020-04-26 15:20:46,399 INFO Iter [39500/50000]  Loss: 0.4056  Time/Image: 0.4023
2020-04-26 15:21:26,844 INFO Iter [39600/50000]  Loss: 0.4096  Time/Image: 0.4005
2020-04-26 15:22:07,532 INFO Iter [39700/50000]  Loss: 0.0493  Time/Image: 0.4023
2020-04-26 15:22:48,152 INFO Iter [39800/50000]  Loss: 0.2968  Time/Image: 0.4021
2020-04-26 15:23:28,605 INFO Iter [39900/50000]  Loss: 0.5849  Time/Image: 0.4006
2020-04-26 15:24:09,101 INFO Iter [40000/50000]  Loss: 0.3029  Time/Image: 0.4014
2020-04-26 15:27:45,706 INFO Iter 40000 Loss: 0.4175
2020-04-26 15:27:45,706 INFO Overall Acc: 	: 0.8577919752315862
2020-04-26 15:27:45,706 INFO Mean Acc : 	: 0.5282590907107048
2020-04-26 15:27:45,706 INFO FreqW Acc : 	: 0.7567209590532241
2020-04-26 15:27:45,706 INFO Mean IoU : 	: 0.4292077482289003
2020-04-26 15:27:45,706 INFO 0: 0.8501934998713166
2020-04-26 15:27:45,706 INFO 1: 0.5774320636690795
2020-04-26 15:27:45,706 INFO 2: 0.19966228501892078
2020-04-26 15:27:45,706 INFO 3: 0.5495993264660578
2020-04-26 15:27:45,706 INFO 4: 0.39174912217509206
2020-04-26 15:27:45,706 INFO 5: 0.36546563910327495
2020-04-26 15:27:45,706 INFO 6: 0.4753570191547055
2020-04-26 15:27:45,706 INFO 7: 0.5904309968028838
2020-04-26 15:27:45,706 INFO 8: 0.6735465423643817
2020-04-26 15:27:45,706 INFO 9: 0.18971838856869358
2020-04-26 15:27:45,706 INFO 10: 0.37799317184986875
2020-04-26 15:27:45,706 INFO 11: 0.1662039312124222
2020-04-26 15:27:45,706 INFO 12: 0.6106283217725166
2020-04-26 15:27:45,706 INFO 13: 0.43199117899662925
2020-04-26 15:27:45,706 INFO 14: 0.5465683740450987
2020-04-26 15:27:45,706 INFO 15: 0.6567749727233605
2020-04-26 15:27:45,706 INFO 16: 0.1914796335097127
2020-04-26 15:27:45,706 INFO 17: 0.2966066364447603
2020-04-26 15:27:45,706 INFO 18: 0.17570268868461458
2020-04-26 15:27:45,706 INFO 19: 0.3704532907373744
2020-04-26 15:27:45,706 INFO 20: 0.3258056296361409
2020-04-26 15:28:26,154 INFO Iter [40100/50000]  Loss: 0.3834  Time/Image: 0.4005
2020-04-26 15:29:06,814 INFO Iter [40200/50000]  Loss: 0.1796  Time/Image: 0.4024
2020-04-26 15:29:47,281 INFO Iter [40300/50000]  Loss: 0.1119  Time/Image: 0.4002
2020-04-26 15:30:27,633 INFO Iter [40400/50000]  Loss: 0.2951  Time/Image: 0.3996
2020-04-26 15:31:08,486 INFO Iter [40500/50000]  Loss: 0.4318  Time/Image: 0.4042
2020-04-26 15:31:49,300 INFO Iter [40600/50000]  Loss: 1.0590  Time/Image: 0.4036
2020-04-26 15:32:30,075 INFO Iter [40700/50000]  Loss: 0.5156  Time/Image: 0.4035
2020-04-26 15:33:10,811 INFO Iter [40800/50000]  Loss: 0.1347  Time/Image: 0.4033
2020-04-26 15:33:51,639 INFO Iter [40900/50000]  Loss: 0.2219  Time/Image: 0.4041
2020-04-26 15:34:32,112 INFO Iter [41000/50000]  Loss: 0.4808  Time/Image: 0.4008
2020-04-26 15:35:12,855 INFO Iter [41100/50000]  Loss: 0.0367  Time/Image: 0.4031
2020-04-26 15:35:53,351 INFO Iter [41200/50000]  Loss: 0.2874  Time/Image: 0.4009
2020-04-26 15:36:34,032 INFO Iter [41300/50000]  Loss: 0.1714  Time/Image: 0.4020
2020-04-26 15:37:14,975 INFO Iter [41400/50000]  Loss: 0.2650  Time/Image: 0.4049
2020-04-26 15:37:55,624 INFO Iter [41500/50000]  Loss: 0.3907  Time/Image: 0.4023
2020-04-26 15:38:36,251 INFO Iter [41600/50000]  Loss: 0.6421  Time/Image: 0.4021
2020-04-26 15:39:16,743 INFO Iter [41700/50000]  Loss: 0.4825  Time/Image: 0.4013
2020-04-26 15:39:57,201 INFO Iter [41800/50000]  Loss: 0.6456  Time/Image: 0.4006
2020-04-26 15:40:37,643 INFO Iter [41900/50000]  Loss: 0.0283  Time/Image: 0.4003
2020-04-26 15:41:17,974 INFO Iter [42000/50000]  Loss: 0.4173  Time/Image: 0.3992
2020-04-26 15:41:58,063 INFO Iter [42100/50000]  Loss: 0.1052  Time/Image: 0.3963
2020-04-26 15:42:38,559 INFO Iter [42200/50000]  Loss: 0.5463  Time/Image: 0.4010
2020-04-26 15:43:19,216 INFO Iter [42300/50000]  Loss: 0.1540  Time/Image: 0.4025
2020-04-26 15:43:59,878 INFO Iter [42400/50000]  Loss: 0.0671  Time/Image: 0.4027
2020-04-26 15:44:40,668 INFO Iter [42500/50000]  Loss: 0.2334  Time/Image: 0.4040
2020-04-26 15:48:16,782 INFO Iter 42500 Loss: 0.4001
2020-04-26 15:48:16,798 INFO Overall Acc: 	: 0.8634833178374063
2020-04-26 15:48:16,798 INFO Mean Acc : 	: 0.5222018142048613
2020-04-26 15:48:16,798 INFO FreqW Acc : 	: 0.7627748066631819
2020-04-26 15:48:16,798 INFO Mean IoU : 	: 0.43923983899045754
2020-04-26 15:48:16,798 INFO 0: 0.8549036307356942
2020-04-26 15:48:16,798 INFO 1: 0.589920071428449
2020-04-26 15:48:16,798 INFO 2: 0.21604771689644914
2020-04-26 15:48:16,798 INFO 3: 0.5029666965508135
2020-04-26 15:48:16,798 INFO 4: 0.3147953005390306
2020-04-26 15:48:16,798 INFO 5: 0.42040518775351166
2020-04-26 15:48:16,798 INFO 6: 0.6126315289785477
2020-04-26 15:48:16,798 INFO 7: 0.5773055489442164
2020-04-26 15:48:16,798 INFO 8: 0.6224668458468371
2020-04-26 15:48:16,798 INFO 9: 0.13288658751030952
2020-04-26 15:48:16,798 INFO 10: 0.3612830056305034
2020-04-26 15:48:16,798 INFO 11: 0.34209224573362024
2020-04-26 15:48:16,798 INFO 12: 0.5834046458294488
2020-04-26 15:48:16,798 INFO 13: 0.4181488815084089
2020-04-26 15:48:16,798 INFO 14: 0.5452811428219283
2020-04-26 15:48:16,798 INFO 15: 0.6518140961412077
2020-04-26 15:48:16,798 INFO 16: 0.23300519756945992
2020-04-26 15:48:16,798 INFO 17: 0.4132692949954525
2020-04-26 15:48:16,798 INFO 18: 0.066777372680011
2020-04-26 15:48:16,798 INFO 19: 0.5342901723620015
2020-04-26 15:48:16,798 INFO 20: 0.2303414483437086
2020-04-26 15:48:58,140 INFO Iter [42600/50000]  Loss: 0.2263  Time/Image: 0.4002
2020-04-26 15:49:38,664 INFO Iter [42700/50000]  Loss: 0.0239  Time/Image: 0.4010
2020-04-26 15:50:19,380 INFO Iter [42800/50000]  Loss: 0.1395  Time/Image: 0.4028
2020-04-26 15:50:59,746 INFO Iter [42900/50000]  Loss: 0.0957  Time/Image: 0.3996
2020-04-26 15:51:40,560 INFO Iter [43000/50000]  Loss: 0.2758  Time/Image: 0.4043
2020-04-26 15:52:21,249 INFO Iter [43100/50000]  Loss: 0.0159  Time/Image: 0.4030
2020-04-26 15:53:01,842 INFO Iter [43200/50000]  Loss: 0.4885  Time/Image: 0.4019
2020-04-26 15:53:42,724 INFO Iter [43300/50000]  Loss: 0.8140  Time/Image: 0.4048
2020-04-26 15:54:23,147 INFO Iter [43400/50000]  Loss: 0.2047  Time/Image: 0.4005
2020-04-26 15:55:02,950 INFO Iter [43500/50000]  Loss: 0.0842  Time/Image: 0.3938
2020-04-26 15:55:43,577 INFO Iter [43600/50000]  Loss: 0.2043  Time/Image: 0.4024
2020-04-26 15:56:24,132 INFO Iter [43700/50000]  Loss: 0.0935  Time/Image: 0.4016
2020-04-26 15:57:05,215 INFO Iter [43800/50000]  Loss: 0.2949  Time/Image: 0.4070
2020-04-26 15:57:46,186 INFO Iter [43900/50000]  Loss: 1.0159  Time/Image: 0.4056
2020-04-26 15:58:26,569 INFO Iter [44000/50000]  Loss: 0.4439  Time/Image: 0.3996
2020-04-26 15:59:07,266 INFO Iter [44100/50000]  Loss: 0.4988  Time/Image: 0.4028
2020-04-26 15:59:55,170 INFO Iter [44200/50000]  Loss: 0.4465  Time/Image: 0.3986
2020-04-26 16:00:35,916 INFO Iter [44300/50000]  Loss: 0.1970  Time/Image: 0.4034
2020-04-26 16:01:16,558 INFO Iter [44400/50000]  Loss: 0.1681  Time/Image: 0.4019
2020-04-26 16:01:57,226 INFO Iter [44500/50000]  Loss: 0.1857  Time/Image: 0.4029
2020-04-26 16:02:37,832 INFO Iter [44600/50000]  Loss: 0.3568  Time/Image: 0.4018
2020-04-26 16:03:18,282 INFO Iter [44700/50000]  Loss: 0.1535  Time/Image: 0.4008
2020-04-26 16:03:58,437 INFO Iter [44800/50000]  Loss: 0.2325  Time/Image: 0.3976
2020-04-26 16:04:39,418 INFO Iter [44900/50000]  Loss: 0.5720  Time/Image: 0.4053
2020-04-26 16:05:19,923 INFO Iter [45000/50000]  Loss: 0.4896  Time/Image: 0.4010
2020-04-26 16:08:56,088 INFO Iter 45000 Loss: 0.3973
2020-04-26 16:08:56,103 INFO Overall Acc: 	: 0.8639295286006465
2020-04-26 16:08:56,103 INFO Mean Acc : 	: 0.5215516331878906
2020-04-26 16:08:56,103 INFO FreqW Acc : 	: 0.7635382823293736
2020-04-26 16:08:56,103 INFO Mean IoU : 	: 0.43536913786786013
2020-04-26 16:08:56,103 INFO 0: 0.8557689751377522
2020-04-26 16:08:56,103 INFO 1: 0.5317733739219999
2020-04-26 16:08:56,103 INFO 2: 0.21229190326611694
2020-04-26 16:08:56,103 INFO 3: 0.41874176332004753
2020-04-26 16:08:56,103 INFO 4: 0.36128635356848027
2020-04-26 16:08:56,103 INFO 5: 0.38422128955593116
2020-04-26 16:08:56,103 INFO 6: 0.6760553892845815
2020-04-26 16:08:56,103 INFO 7: 0.6177771312765379
2020-04-26 16:08:56,103 INFO 8: 0.6535179148733319
2020-04-26 16:08:56,103 INFO 9: 0.10598829494864208
2020-04-26 16:08:56,103 INFO 10: 0.1533842933617377
2020-04-26 16:08:56,103 INFO 11: 0.26381984881127457
2020-04-26 16:08:56,103 INFO 12: 0.5680628844017181
2020-04-26 16:08:56,103 INFO 13: 0.3592570113682403
2020-04-26 16:08:56,103 INFO 14: 0.5060438225098812
2020-04-26 16:08:56,103 INFO 15: 0.66713208868316
2020-04-26 16:08:56,103 INFO 16: 0.25957682909784907
2020-04-26 16:08:56,103 INFO 17: 0.3478272679502021
2020-04-26 16:08:56,103 INFO 18: 0.15287752485183026
2020-04-26 16:08:56,103 INFO 19: 0.5633354860425087
2020-04-26 16:08:56,103 INFO 20: 0.48401244899324086
2020-04-26 16:09:36,603 INFO Iter [45100/50000]  Loss: 0.1031  Time/Image: 0.4011
2020-04-26 16:10:17,140 INFO Iter [45200/50000]  Loss: 0.2024  Time/Image: 0.4014
2020-04-26 16:10:57,388 INFO Iter [45300/50000]  Loss: 0.1086  Time/Image: 0.3982
2020-04-26 16:11:38,128 INFO Iter [45400/50000]  Loss: 0.6189  Time/Image: 0.4033
2020-04-26 16:12:18,635 INFO Iter [45500/50000]  Loss: 0.0658  Time/Image: 0.4007
2020-04-26 16:12:58,948 INFO Iter [45600/50000]  Loss: 0.3621  Time/Image: 0.3992
2020-04-26 16:13:39,750 INFO Iter [45700/50000]  Loss: 0.1931  Time/Image: 0.4039
2020-04-26 16:14:19,901 INFO Iter [45800/50000]  Loss: 0.0412  Time/Image: 0.3973
2020-04-26 16:15:00,705 INFO Iter [45900/50000]  Loss: 0.1094  Time/Image: 0.4035
2020-04-26 16:15:41,429 INFO Iter [46000/50000]  Loss: 0.3874  Time/Image: 0.4029
2020-04-26 16:16:22,695 INFO Iter [46100/50000]  Loss: 0.6342  Time/Image: 0.4080
2020-04-26 16:17:03,390 INFO Iter [46200/50000]  Loss: 0.1998  Time/Image: 0.4030
2020-04-26 16:17:44,000 INFO Iter [46300/50000]  Loss: 0.1719  Time/Image: 0.4017
2020-04-26 16:18:24,861 INFO Iter [46400/50000]  Loss: 0.3198  Time/Image: 0.4049
2020-04-26 16:19:05,529 INFO Iter [46500/50000]  Loss: 0.1834  Time/Image: 0.4025
2020-04-26 16:19:45,804 INFO Iter [46600/50000]  Loss: 0.3715  Time/Image: 0.3991
2020-04-26 16:20:26,098 INFO Iter [46700/50000]  Loss: 0.5543  Time/Image: 0.3989
2020-04-26 16:21:06,830 INFO Iter [46800/50000]  Loss: 0.0117  Time/Image: 0.4031
2020-04-26 16:21:47,529 INFO Iter [46900/50000]  Loss: 0.2150  Time/Image: 0.4028
2020-04-26 16:22:28,517 INFO Iter [47000/50000]  Loss: 0.2472  Time/Image: 0.4059
2020-04-26 16:23:09,322 INFO Iter [47100/50000]  Loss: 0.6734  Time/Image: 0.4032
2020-04-26 16:23:49,778 INFO Iter [47200/50000]  Loss: 0.7064  Time/Image: 0.4003
2020-04-26 16:24:30,297 INFO Iter [47300/50000]  Loss: 0.1781  Time/Image: 0.4010
2020-04-26 16:25:11,125 INFO Iter [47400/50000]  Loss: 0.1532  Time/Image: 0.4041
2020-04-26 16:25:51,834 INFO Iter [47500/50000]  Loss: 0.1455  Time/Image: 0.4038
2020-04-26 16:29:30,144 INFO Iter 47500 Loss: 0.4128
2020-04-26 16:29:30,160 INFO Overall Acc: 	: 0.8590733984403857
2020-04-26 16:29:30,160 INFO Mean Acc : 	: 0.5946428343597578
2020-04-26 16:29:30,160 INFO FreqW Acc : 	: 0.766120073626531
2020-04-26 16:29:30,160 INFO Mean IoU : 	: 0.4586583821582951
2020-04-26 16:29:30,160 INFO 0: 0.8553175535038838
2020-04-26 16:29:30,160 INFO 1: 0.5728413073558373
2020-04-26 16:29:30,160 INFO 2: 0.20668859691025082
2020-04-26 16:29:30,160 INFO 3: 0.5674734680653123
2020-04-26 16:29:30,160 INFO 4: 0.3820484952408879
2020-04-26 16:29:30,160 INFO 5: 0.40843687309598076
2020-04-26 16:29:30,160 INFO 6: 0.6435281027804174
2020-04-26 16:29:30,160 INFO 7: 0.5318581019501181
2020-04-26 16:29:30,160 INFO 8: 0.5893941412840885
2020-04-26 16:29:30,160 INFO 9: 0.19114517033903763
2020-04-26 16:29:30,160 INFO 10: 0.31535798001593107
2020-04-26 16:29:30,160 INFO 11: 0.3510775719841704
2020-04-26 16:29:30,160 INFO 12: 0.5790186273011159
2020-04-26 16:29:30,160 INFO 13: 0.3984987761323121
2020-04-26 16:29:30,160 INFO 14: 0.5031559725085268
2020-04-26 16:29:30,160 INFO 15: 0.6451036585244537
2020-04-26 16:29:30,160 INFO 16: 0.16081514624219306
2020-04-26 16:29:30,160 INFO 17: 0.47212800393788057
2020-04-26 16:29:30,160 INFO 18: 0.22834735714514498
2020-04-26 16:29:30,160 INFO 19: 0.553354226534706
2020-04-26 16:29:30,160 INFO 20: 0.47623689447194806
2020-04-26 16:30:11,688 INFO Iter [47600/50000]  Loss: 0.3345  Time/Image: 0.4033
2020-04-26 16:30:52,454 INFO Iter [47700/50000]  Loss: 0.1692  Time/Image: 0.4036
2020-04-26 16:31:32,969 INFO Iter [47800/50000]  Loss: 0.2688  Time/Image: 0.4009
2020-04-26 16:32:13,651 INFO Iter [47900/50000]  Loss: 0.3223  Time/Image: 0.4030
2020-04-26 16:32:54,701 INFO Iter [48000/50000]  Loss: 0.5392  Time/Image: 0.4064
2020-04-26 16:33:35,670 INFO Iter [48100/50000]  Loss: 0.3166  Time/Image: 0.4055
2020-04-26 16:34:16,276 INFO Iter [48200/50000]  Loss: 0.3508  Time/Image: 0.4018
2020-04-26 16:34:56,991 INFO Iter [48300/50000]  Loss: 0.3189  Time/Image: 0.4028
2020-04-26 16:35:37,185 INFO Iter [48400/50000]  Loss: 0.5851  Time/Image: 0.3979
2020-04-26 16:36:17,921 INFO Iter [48500/50000]  Loss: 0.1638  Time/Image: 0.4027
2020-04-26 16:36:58,887 INFO Iter [48600/50000]  Loss: 0.3997  Time/Image: 0.4056
2020-04-26 16:37:39,320 INFO Iter [48700/50000]  Loss: 0.4927  Time/Image: 0.4001
2020-04-26 16:38:19,923 INFO Iter [48800/50000]  Loss: 0.0298  Time/Image: 0.4020
2020-04-26 16:39:00,850 INFO Iter [48900/50000]  Loss: 0.0831  Time/Image: 0.4049
2020-04-26 16:39:41,572 INFO Iter [49000/50000]  Loss: 0.0956  Time/Image: 0.4031
2020-04-26 16:40:22,334 INFO Iter [49100/50000]  Loss: 0.1678  Time/Image: 0.4035
2020-04-26 16:41:02,943 INFO Iter [49200/50000]  Loss: 0.2356  Time/Image: 0.4016
2020-04-26 16:41:43,032 INFO Iter [49300/50000]  Loss: 0.1142  Time/Image: 0.3965
2020-04-26 16:42:23,884 INFO Iter [49400/50000]  Loss: 0.2022  Time/Image: 0.4057
2020-04-26 16:43:04,327 INFO Iter [49500/50000]  Loss: 0.4003  Time/Image: 0.4004
2020-04-26 16:43:45,154 INFO Iter [49600/50000]  Loss: 0.6360  Time/Image: 0.4044
2020-04-26 16:44:25,538 INFO Iter [49700/50000]  Loss: 0.5193  Time/Image: 0.3998
2020-04-26 16:45:06,067 INFO Iter [49800/50000]  Loss: 0.7561  Time/Image: 0.4007
2020-04-26 16:45:46,482 INFO Iter [49900/50000]  Loss: 0.2068  Time/Image: 0.3998
2020-04-26 16:46:27,398 INFO Iter [50000/50000]  Loss: 0.1485  Time/Image: 0.4048
2020-04-26 16:50:03,726 INFO Iter 50000 Loss: 0.3923
2020-04-26 16:50:03,726 INFO Overall Acc: 	: 0.8646700434998185
2020-04-26 16:50:03,726 INFO Mean Acc : 	: 0.5978732294085007
2020-04-26 16:50:03,726 INFO FreqW Acc : 	: 0.7687361778840566
2020-04-26 16:50:03,726 INFO Mean IoU : 	: 0.47716231281405086
2020-04-26 16:50:03,726 INFO 0: 0.8553616122550213
2020-04-26 16:50:03,726 INFO 1: 0.559156679755478
2020-04-26 16:50:03,741 INFO 2: 0.2118369272113632
2020-04-26 16:50:03,741 INFO 3: 0.5920829901838682
2020-04-26 16:50:03,741 INFO 4: 0.4149441770084057
2020-04-26 16:50:03,741 INFO 5: 0.47079930416126453
2020-04-26 16:50:03,741 INFO 6: 0.6884597112600099
2020-04-26 16:50:03,741 INFO 7: 0.6126626853881567
2020-04-26 16:50:03,741 INFO 8: 0.582832389207916
2020-04-26 16:50:03,741 INFO 9: 0.1843993414574319
2020-04-26 16:50:03,741 INFO 10: 0.4096234277522282
2020-04-26 16:50:03,741 INFO 11: 0.3015332158321479
2020-04-26 16:50:03,741 INFO 12: 0.5848538513543877
2020-04-26 16:50:03,741 INFO 13: 0.41266729360418875
2020-04-26 16:50:03,741 INFO 14: 0.5213302459666526
2020-04-26 16:50:03,741 INFO 15: 0.6222202875121863
2020-04-26 16:50:03,741 INFO 16: 0.3071841392518387
2020-04-26 16:50:03,741 INFO 17: 0.47813422672433514
2020-04-26 16:50:03,741 INFO 18: 0.12922375217202578
2020-04-26 16:50:03,741 INFO 19: 0.6226599616670081
2020-04-26 16:50:03,741 INFO 20: 0.45844234936915534
