2020-04-20 15:50:45,361 INFO Let the games begin
2020-04-20 15:50:45,362 INFO Using No Augmentations
2020-04-20 17:30:57,066 INFO Using sgd optimizer
2020-04-20 17:30:57,067 INFO Using optimizer SGD (
Parameter Group 0
    dampening: 0
    lr: 1e-10
    momentum: 0.99
    nesterov: False
    weight_decay: 0.0005
)
2020-04-20 17:30:57,069 INFO Using No LR Scheduling
2020-04-20 17:30:57,071 INFO Using cross_entropy with {'size_average': False} params
2020-04-20 17:30:57,073 INFO Using loss functools.partial(<function cross_entropy2d at 0x7fee06220598>, size_average=False)
2020-04-20 17:30:57,075 INFO No checkpoint found at 'fcn8s_pascal_best_model.pkl'
2020-04-20 17:31:12,747 INFO Iter [50/1000]  Loss: 733788.9375  Time/Image: 0.2981
2020-04-20 17:31:27,934 INFO Iter [100/1000]  Loss: 183842.8438  Time/Image: 0.2963
2020-04-20 17:31:42,797 INFO Iter [150/1000]  Loss: 68010.9141  Time/Image: 0.2908
2020-04-20 17:31:58,410 INFO Iter [200/1000]  Loss: 304609.5000  Time/Image: 0.3049
2020-04-20 17:32:13,624 INFO Iter [250/1000]  Loss: 360494.5625  Time/Image: 0.2976
2020-04-20 17:32:29,071 INFO Iter [300/1000]  Loss: 110032.6250  Time/Image: 0.3019
2020-04-20 17:32:44,576 INFO Iter [350/1000]  Loss: 44447.9648  Time/Image: 0.3025
2020-04-20 17:33:00,065 INFO Iter [400/1000]  Loss: 240329.8281  Time/Image: 0.3022
2020-04-20 17:33:15,851 INFO Iter [450/1000]  Loss: 91905.9844  Time/Image: 0.3082
2020-04-20 17:33:31,390 INFO Iter [500/1000]  Loss: 84680.9688  Time/Image: 0.3031
2020-04-20 17:33:47,106 INFO Iter [550/1000]  Loss: 68506.2891  Time/Image: 0.3069
2020-04-20 17:34:02,990 INFO Iter [600/1000]  Loss: 142785.0938  Time/Image: 0.3095
2020-04-20 17:34:18,782 INFO Iter [650/1000]  Loss: 517642.7188  Time/Image: 0.3080
2020-04-20 17:34:34,552 INFO Iter [700/1000]  Loss: 70501.5156  Time/Image: 0.3077
2020-04-20 17:34:50,515 INFO Iter [750/1000]  Loss: 177985.6875  Time/Image: 0.3103
2020-04-20 17:35:06,353 INFO Iter [800/1000]  Loss: 181275.6094  Time/Image: 0.3091
2020-04-20 17:35:22,293 INFO Iter [850/1000]  Loss: 110422.2969  Time/Image: 0.3110
2020-04-20 17:35:37,904 INFO Iter [900/1000]  Loss: 66911.5938  Time/Image: 0.3044
2020-04-20 17:35:53,858 INFO Iter [950/1000]  Loss: 261497.7031  Time/Image: 0.3114
2020-04-20 17:36:09,723 INFO Iter [1000/1000]  Loss: 256558.2812  Time/Image: 0.3096
2020-04-20 17:39:01,244 INFO Iter 1000 Loss: 75650.8284
2020-04-20 17:39:01,638 INFO Overall Acc: 	: 0.8996779642792272
2020-04-20 17:39:01,643 INFO Mean Acc : 	: 0.8996779642792272
2020-04-20 17:39:01,646 INFO FreqW Acc : 	: 0.8996779642792272
2020-04-20 17:39:01,651 INFO Mean IoU : 	: 0.04498389821396136
2020-04-20 17:39:01,653 INFO 0: 0.8996779642792272
2020-04-20 17:39:01,654 INFO 1: 0.0
2020-04-20 17:39:01,658 INFO 2: 0.0
2020-04-20 17:39:01,661 INFO 3: 0.0
2020-04-20 17:39:01,664 INFO 4: 0.0
2020-04-20 17:39:01,668 INFO 5: nan
2020-04-20 17:39:01,674 INFO 6: 0.0
2020-04-20 17:39:01,675 INFO 7: 0.0
2020-04-20 17:39:01,678 INFO 8: 0.0
2020-04-20 17:39:01,681 INFO 9: 0.0
2020-04-20 17:39:01,683 INFO 10: 0.0
2020-04-20 17:39:01,686 INFO 11: 0.0
2020-04-20 17:39:01,687 INFO 12: 0.0
2020-04-20 17:39:01,689 INFO 13: 0.0
2020-04-20 17:39:01,691 INFO 14: 0.0
2020-04-20 17:39:01,694 INFO 15: 0.0
2020-04-20 17:39:01,696 INFO 16: 0.0
2020-04-20 17:39:01,698 INFO 17: 0.0
2020-04-20 17:39:01,699 INFO 18: 0.0
2020-04-20 17:39:01,701 INFO 19: 0.0
2020-04-20 17:39:01,703 INFO 20: 0.0
