2020-04-27 01:24:09,100 INFO Let the games begin
2020-04-27 01:24:10,317 INFO Using No Augmentations
2020-04-27 01:25:58,697 INFO Using sgd optimizer
2020-04-27 01:25:58,697 INFO Using optimizer SGD (
Parameter Group 0
    dampening: 0
    lr: 1e-05
    momentum: 0
    nesterov: False
    weight_decay: 0
)
2020-04-27 01:25:58,697 INFO Using poly_lr scheduler with {'max_iter': 10000} params
2020-04-27 01:25:58,697 INFO Using cross_entropy with {'size_average': True} params
2020-04-27 01:25:58,697 INFO Using loss functools.partial(<function cross_entropy2d at 0x0000026DA82F1948>, size_average=True)
2020-04-27 01:26:48,589 INFO Iter [100/50000]  Loss: 5.5294  Time/Image: 0.4248
2020-04-27 01:27:37,777 INFO Iter [200/50000]  Loss: 2.2168  Time/Image: 0.4870
2020-04-27 01:28:26,781 INFO Iter [300/50000]  Loss: 2.3458  Time/Image: 0.4849
2020-04-27 01:29:15,269 INFO Iter [400/50000]  Loss: 4.1788  Time/Image: 0.4810
2020-04-27 01:29:56,630 INFO Iter [500/50000]  Loss: 1.3034  Time/Image: 0.4097
2020-04-27 01:30:37,779 INFO Iter [600/50000]  Loss: 2.5766  Time/Image: 0.4074
2020-04-27 01:31:18,716 INFO Iter [700/50000]  Loss: 4.5671  Time/Image: 0.4052
2020-04-27 01:31:59,656 INFO Iter [800/50000]  Loss: 6.0332  Time/Image: 0.4052
2020-04-27 01:32:40,881 INFO Iter [900/50000]  Loss: 0.9066  Time/Image: 0.4079
2020-04-27 01:33:21,593 INFO Iter [1000/50000]  Loss: 2.7749  Time/Image: 0.4030
2020-04-27 01:34:02,306 INFO Iter [1100/50000]  Loss: 2.6718  Time/Image: 0.4031
2020-04-27 01:34:42,991 INFO Iter [1200/50000]  Loss: 0.1207  Time/Image: 0.4036
2020-04-27 01:35:23,640 INFO Iter [1300/50000]  Loss: 0.4708  Time/Image: 0.4026
2020-04-27 01:36:04,520 INFO Iter [1400/50000]  Loss: 4.3552  Time/Image: 0.4049
2020-04-27 01:36:45,442 INFO Iter [1500/50000]  Loss: 4.4822  Time/Image: 0.4049
2020-04-27 01:37:26,180 INFO Iter [1600/50000]  Loss: 0.7048  Time/Image: 0.4033
2020-04-27 01:38:07,295 INFO Iter [1700/50000]  Loss: 2.6302  Time/Image: 0.4072
2020-04-27 01:38:48,274 INFO Iter [1800/50000]  Loss: 3.0204  Time/Image: 0.4059
2020-04-27 01:39:29,542 INFO Iter [1900/50000]  Loss: 3.1561  Time/Image: 0.4085
2020-04-27 01:40:10,272 INFO Iter [2000/50000]  Loss: 4.2316  Time/Image: 0.4031
2020-04-27 01:40:51,431 INFO Iter [2100/50000]  Loss: 1.0950  Time/Image: 0.4076
2020-04-27 01:41:31,795 INFO Iter [2200/50000]  Loss: 0.3543  Time/Image: 0.3997
2020-04-27 01:42:12,630 INFO Iter [2300/50000]  Loss: 2.6829  Time/Image: 0.4037
2020-04-27 01:42:53,881 INFO Iter [2400/50000]  Loss: 2.7073  Time/Image: 0.4084
2020-04-27 01:43:34,100 INFO Iter [2500/50000]  Loss: 0.6399  Time/Image: 0.3983
2020-04-27 01:47:10,322 INFO Iter 2500 Loss: 2.1525
2020-04-27 01:47:10,342 INFO Overall Acc: 	: 0.6615528023415217
2020-04-27 01:47:10,342 INFO Mean Acc : 	: 0.04978667888901673
2020-04-27 01:47:10,342 INFO FreqW Acc : 	: 0.5238500914711076
2020-04-27 01:47:10,342 INFO Mean IoU : 	: 0.037940652329709744
2020-04-27 01:47:10,342 INFO 0: 0.6978395898992051
2020-04-27 01:47:10,342 INFO 1: 0.00539379261171878
2020-04-27 01:47:10,342 INFO 2: 0.0008297873250479628
2020-04-27 01:47:10,342 INFO 3: 0.0031316574471812802
2020-04-27 01:47:10,342 INFO 4: 0.0019492207780095565
2020-04-27 01:47:10,342 INFO 5: 0.0013691667752287603
2020-04-27 01:47:10,342 INFO 6: 0.013924122094379427
2020-04-27 01:47:10,342 INFO 7: 0.0015511408305140142
2020-04-27 01:47:10,342 INFO 8: 0.026314902686894574
2020-04-27 01:47:10,342 INFO 9: 0.00032359550561797753
2020-04-27 01:47:10,342 INFO 10: 0.0012000175587426715
2020-04-27 01:47:10,342 INFO 11: 0.006080755179717778
2020-04-27 01:47:10,342 INFO 12: 0.007079853032431758
2020-04-27 01:47:10,342 INFO 13: 0.0024901657154611664
2020-04-27 01:47:10,342 INFO 14: 0.003181349183500101
2020-04-27 01:47:10,342 INFO 15: 0.013629634923572952
2020-04-27 01:47:10,342 INFO 16: 0.0013411419785936032
2020-04-27 01:47:10,342 INFO 17: 0.004032697712735026
2020-04-27 01:47:10,342 INFO 18: 0.003327058114088481
2020-04-27 01:47:10,342 INFO 19: 0.00019090025646819708
2020-04-27 01:47:10,342 INFO 20: 0.0015731493147952656
2020-04-27 01:47:52,110 INFO Iter [2600/50000]  Loss: 0.7527  Time/Image: 0.4048
2020-04-27 01:48:33,184 INFO Iter [2700/50000]  Loss: 0.7316  Time/Image: 0.4065
2020-04-27 01:49:13,930 INFO Iter [2800/50000]  Loss: 4.4586  Time/Image: 0.4039
2020-04-27 01:49:55,203 INFO Iter [2900/50000]  Loss: 0.4917  Time/Image: 0.4088
2020-04-27 01:50:36,040 INFO Iter [3000/50000]  Loss: 0.2699  Time/Image: 0.4040
2020-04-27 01:51:16,900 INFO Iter [3100/50000]  Loss: 1.1326  Time/Image: 0.4045
2020-04-27 01:51:58,148 INFO Iter [3200/50000]  Loss: 1.6534  Time/Image: 0.4083
2020-04-27 01:52:39,010 INFO Iter [3300/50000]  Loss: 0.7992  Time/Image: 0.4047
2020-04-27 01:53:20,125 INFO Iter [3400/50000]  Loss: 1.8224  Time/Image: 0.4069
2020-04-27 01:54:00,965 INFO Iter [3500/50000]  Loss: 0.5811  Time/Image: 0.4040
2020-04-27 01:54:41,801 INFO Iter [3600/50000]  Loss: 4.2401  Time/Image: 0.4045
2020-04-27 01:55:22,459 INFO Iter [3700/50000]  Loss: 1.6500  Time/Image: 0.4024
2020-04-27 01:56:03,698 INFO Iter [3800/50000]  Loss: 0.5494  Time/Image: 0.4083
2020-04-27 01:56:44,442 INFO Iter [3900/50000]  Loss: 0.3263  Time/Image: 0.4034
2020-04-27 01:57:25,048 INFO Iter [4000/50000]  Loss: 3.0620  Time/Image: 0.4021
2020-04-27 01:58:05,524 INFO Iter [4100/50000]  Loss: 4.3444  Time/Image: 0.4009
2020-04-27 01:58:46,366 INFO Iter [4200/50000]  Loss: 2.6961  Time/Image: 0.4044
2020-04-27 01:59:27,500 INFO Iter [4300/50000]  Loss: 0.2275  Time/Image: 0.4071
2020-04-27 02:00:08,416 INFO Iter [4400/50000]  Loss: 1.2356  Time/Image: 0.4048
2020-04-27 02:00:49,281 INFO Iter [4500/50000]  Loss: 1.8554  Time/Image: 0.4047
2020-04-27 02:01:30,212 INFO Iter [4600/50000]  Loss: 1.0749  Time/Image: 0.4049
2020-04-27 02:02:11,088 INFO Iter [4700/50000]  Loss: 0.6097  Time/Image: 0.4046
2020-04-27 02:02:51,829 INFO Iter [4800/50000]  Loss: 0.1430  Time/Image: 0.4035
2020-04-27 02:03:33,087 INFO Iter [4900/50000]  Loss: 3.0187  Time/Image: 0.4085
2020-04-27 02:04:13,432 INFO Iter [5000/50000]  Loss: 0.7699  Time/Image: 0.3995
2020-04-27 02:07:50,094 INFO Iter 5000 Loss: 1.7611
2020-04-27 02:07:50,094 INFO Overall Acc: 	: 0.6971688243142545
2020-04-27 02:07:50,094 INFO Mean Acc : 	: 0.053061292295744
2020-04-27 02:07:50,094 INFO FreqW Acc : 	: 0.5505461827934184
2020-04-27 02:07:50,094 INFO Mean IoU : 	: 0.04091860851461419
2020-04-27 02:07:50,094 INFO 0: 0.7316636456115534
2020-04-27 02:07:50,094 INFO 1: 0.004951163954148433
2020-04-27 02:07:50,094 INFO 2: 0.0016813255632440636
2020-04-27 02:07:50,094 INFO 3: 0.0027317618157230933
2020-04-27 02:07:50,094 INFO 4: 0.0014440044933436372
2020-04-27 02:07:50,094 INFO 5: 0.0013517159066756045
2020-04-27 02:07:50,094 INFO 6: 0.011060089907233499
2020-04-27 02:07:50,094 INFO 7: 0.003479017313858688
2020-04-27 02:07:50,094 INFO 8: 0.023268975103495362
2020-04-27 02:07:50,094 INFO 9: 0.00044537105044257147
2020-04-27 02:07:50,094 INFO 10: 0.001223908792188269
2020-04-27 02:07:50,094 INFO 11: 0.005653553848966402
2020-04-27 02:07:50,094 INFO 12: 0.009702939003139682
2020-04-27 02:07:50,094 INFO 13: 0.0025925067346661444
2020-04-27 02:07:50,094 INFO 14: 0.005653326783002258
2020-04-27 02:07:50,094 INFO 15: 0.04209895961477207
2020-04-27 02:07:50,094 INFO 16: 0.0013116719966618031
2020-04-27 02:07:50,094 INFO 17: 0.00455731298643176
2020-04-27 02:07:50,094 INFO 18: 0.002653274814389719
2020-04-27 02:07:50,094 INFO 19: 0.00018771576094435237
2020-04-27 02:07:50,094 INFO 20: 0.0015785377520170713
2020-04-27 02:08:32,186 INFO Iter [5100/50000]  Loss: 0.2237  Time/Image: 0.4076
2020-04-27 02:09:13,156 INFO Iter [5200/50000]  Loss: 0.5909  Time/Image: 0.4058
2020-04-27 02:09:54,022 INFO Iter [5300/50000]  Loss: 5.1202  Time/Image: 0.4044
2020-04-27 02:10:35,223 INFO Iter [5400/50000]  Loss: 0.2127  Time/Image: 0.4080
2020-04-27 02:11:16,368 INFO Iter [5500/50000]  Loss: 1.2996  Time/Image: 0.4074
2020-04-27 02:11:57,358 INFO Iter [5600/50000]  Loss: 5.7715  Time/Image: 0.4059
2020-04-27 02:12:38,352 INFO Iter [5700/50000]  Loss: 0.2243  Time/Image: 0.4060
2020-04-27 02:13:18,961 INFO Iter [5800/50000]  Loss: 0.3140  Time/Image: 0.4019
2020-04-27 02:13:59,844 INFO Iter [5900/50000]  Loss: 3.4843  Time/Image: 0.4049
2020-04-27 02:14:40,766 INFO Iter [6000/50000]  Loss: 1.3226  Time/Image: 0.4052
2020-04-27 02:15:21,626 INFO Iter [6100/50000]  Loss: 2.7872  Time/Image: 0.4045
2020-04-27 02:16:02,983 INFO Iter [6200/50000]  Loss: 1.0677  Time/Image: 0.4095
2020-04-27 02:16:44,003 INFO Iter [6300/50000]  Loss: 3.2576  Time/Image: 0.4060
2020-04-27 02:17:24,753 INFO Iter [6400/50000]  Loss: 1.6849  Time/Image: 0.4038
2020-04-27 02:18:05,629 INFO Iter [6500/50000]  Loss: 3.0492  Time/Image: 0.4045
2020-04-27 02:18:46,750 INFO Iter [6600/50000]  Loss: 1.4899  Time/Image: 0.4076
2020-04-27 02:19:27,734 INFO Iter [6700/50000]  Loss: 0.3951  Time/Image: 0.4058
2020-04-27 02:20:08,839 INFO Iter [6800/50000]  Loss: 1.5762  Time/Image: 0.4067
2020-04-27 02:20:49,938 INFO Iter [6900/50000]  Loss: 1.1042  Time/Image: 0.4066
2020-04-27 02:21:31,252 INFO Iter [7000/50000]  Loss: 0.1590  Time/Image: 0.4088
2020-04-27 02:22:12,150 INFO Iter [7100/50000]  Loss: 5.4472  Time/Image: 0.4057
2020-04-27 02:22:53,312 INFO Iter [7200/50000]  Loss: 1.1536  Time/Image: 0.4074
2020-04-27 02:23:34,364 INFO Iter [7300/50000]  Loss: 0.7853  Time/Image: 0.4065
2020-04-27 02:24:14,650 INFO Iter [7400/50000]  Loss: 2.4706  Time/Image: 0.3988
2020-04-27 02:24:55,597 INFO Iter [7500/50000]  Loss: 0.6696  Time/Image: 0.4056
2020-04-27 02:28:33,002 INFO Iter 7500 Loss: 1.5766
2020-04-27 02:28:33,002 INFO Overall Acc: 	: 0.7159819595655448
2020-04-27 02:28:33,002 INFO Mean Acc : 	: 0.05570577526317424
2020-04-27 02:28:33,002 INFO FreqW Acc : 	: 0.5632934375721793
2020-04-27 02:28:33,002 INFO Mean IoU : 	: 0.04298577270225878
2020-04-27 02:28:33,002 INFO 0: 0.7469607987732839
2020-04-27 02:28:33,002 INFO 1: 0.004243899075892253
2020-04-27 02:28:33,002 INFO 2: 0.00228083695758266
2020-04-27 02:28:33,002 INFO 3: 0.002143000407660958
2020-04-27 02:28:33,002 INFO 4: 0.0010990659349334922
2020-04-27 02:28:33,002 INFO 5: 0.0011172011949732118
2020-04-27 02:28:33,002 INFO 6: 0.007025043228184458
2020-04-27 02:28:33,002 INFO 7: 0.00545800241289492
2020-04-27 02:28:33,002 INFO 8: 0.029597137645150897
2020-04-27 02:28:33,002 INFO 9: 0.0006246226238314352
2020-04-27 02:28:33,002 INFO 10: 0.0011670039001092172
2020-04-27 02:28:33,002 INFO 11: 0.004989887464680398
2020-04-27 02:28:33,002 INFO 12: 0.012802080812495115
2020-04-27 02:28:33,017 INFO 13: 0.0024341100440620684
2020-04-27 02:28:33,017 INFO 14: 0.006974691740055707
2020-04-27 02:28:33,017 INFO 15: 0.06542534289009108
2020-04-27 02:28:33,017 INFO 16: 0.000913772844321108
2020-04-27 02:28:33,017 INFO 17: 0.003664259851970776
2020-04-27 02:28:33,017 INFO 18: 0.002130907130498417
2020-04-27 02:28:33,017 INFO 19: 0.00021981686414046747
2020-04-27 02:28:33,017 INFO 20: 0.0014297449506215315
2020-04-27 02:29:15,005 INFO Iter [7600/50000]  Loss: 1.0706  Time/Image: 0.4065
2020-04-27 02:29:56,265 INFO Iter [7700/50000]  Loss: 1.2998  Time/Image: 0.4081
2020-04-27 02:30:37,503 INFO Iter [7800/50000]  Loss: 4.2013  Time/Image: 0.4082
2020-04-27 02:31:18,468 INFO Iter [7900/50000]  Loss: 1.6533  Time/Image: 0.4051
2020-04-27 02:31:59,661 INFO Iter [8000/50000]  Loss: 5.0761  Time/Image: 0.4080
2020-04-27 02:32:40,851 INFO Iter [8100/50000]  Loss: 1.2863  Time/Image: 0.4080
2020-04-27 02:33:21,484 INFO Iter [8200/50000]  Loss: 0.5012  Time/Image: 0.4024
2020-04-27 02:34:02,395 INFO Iter [8300/50000]  Loss: 0.4084  Time/Image: 0.4052
2020-04-27 02:34:43,454 INFO Iter [8400/50000]  Loss: 0.4860  Time/Image: 0.4065
2020-04-27 02:35:24,110 INFO Iter [8500/50000]  Loss: 3.3267  Time/Image: 0.4025
2020-04-27 02:36:05,076 INFO Iter [8600/50000]  Loss: 2.0783  Time/Image: 0.4054
2020-04-27 02:36:45,527 INFO Iter [8700/50000]  Loss: 1.4205  Time/Image: 0.4002
2020-04-27 02:37:26,837 INFO Iter [8800/50000]  Loss: 0.9155  Time/Image: 0.4090
2020-04-27 02:38:15,605 INFO Iter [8900/50000]  Loss: 2.3617  Time/Image: 0.3999
2020-04-27 02:38:56,437 INFO Iter [9000/50000]  Loss: 2.5058  Time/Image: 0.4041
2020-04-27 02:39:37,466 INFO Iter [9100/50000]  Loss: 0.8261  Time/Image: 0.4061
2020-04-27 02:40:18,265 INFO Iter [9200/50000]  Loss: 0.0963  Time/Image: 0.4035
2020-04-27 02:40:58,854 INFO Iter [9300/50000]  Loss: 2.2730  Time/Image: 0.4015
2020-04-27 02:41:40,085 INFO Iter [9400/50000]  Loss: 0.2688  Time/Image: 0.4083
2020-04-27 02:42:21,287 INFO Iter [9500/50000]  Loss: 0.6668  Time/Image: 0.4080
2020-04-27 02:43:02,782 INFO Iter [9600/50000]  Loss: 1.7694  Time/Image: 0.4106
2020-04-27 02:43:43,575 INFO Iter [9700/50000]  Loss: 2.4904  Time/Image: 0.4034
2020-04-27 02:44:24,614 INFO Iter [9800/50000]  Loss: 2.1560  Time/Image: 0.4063
2020-04-27 02:45:05,395 INFO Iter [9900/50000]  Loss: 2.3218  Time/Image: 0.4036
2020-04-27 02:45:46,253 INFO Iter [10000/50000]  Loss: 0.2246  Time/Image: 0.4042
2020-04-27 02:49:24,620 INFO Iter 10000 Loss: 1.4680
2020-04-27 02:49:24,620 INFO Overall Acc: 	: 0.7223390987073611
2020-04-27 02:49:24,620 INFO Mean Acc : 	: 0.05893045866896181
2020-04-27 02:49:24,620 INFO FreqW Acc : 	: 0.5699118274538505
2020-04-27 02:49:24,620 INFO Mean IoU : 	: 0.04506883770058207
2020-04-27 02:49:24,620 INFO 0: 0.7536602391504378
2020-04-27 02:49:24,620 INFO 1: 0.004128872981752045
2020-04-27 02:49:24,620 INFO 2: 0.0025997347718795137
2020-04-27 02:49:24,620 INFO 3: 0.0019034242281928766
2020-04-27 02:49:24,620 INFO 4: 0.0009571848011959433
2020-04-27 02:49:24,620 INFO 5: 0.0010724777840629162
2020-04-27 02:49:24,620 INFO 6: 0.0070055142713012705
2020-04-27 02:49:24,620 INFO 7: 0.008128832947934912
2020-04-27 02:49:24,620 INFO 8: 0.033258267846284495
2020-04-27 02:49:24,620 INFO 9: 0.0008643571663348776
2020-04-27 02:49:24,620 INFO 10: 0.0010060868252930227
2020-04-27 02:49:24,620 INFO 11: 0.00445528302771655
2020-04-27 02:49:24,620 INFO 12: 0.016719131400124574
2020-04-27 02:49:24,620 INFO 13: 0.002179233943864479
2020-04-27 02:49:24,620 INFO 14: 0.007642499055355656
2020-04-27 02:49:24,620 INFO 15: 0.093930457402231
2020-04-27 02:49:24,620 INFO 16: 0.0006034926129151443
2020-04-27 02:49:24,620 INFO 17: 0.003000072701019369
2020-04-27 02:49:24,620 INFO 18: 0.0018076868398719565
2020-04-27 02:49:24,620 INFO 19: 0.0003262796668669703
2020-04-27 02:49:24,620 INFO 20: 0.0011964622875881943
2020-04-27 02:50:06,677 INFO Iter [10100/50000]  Loss: 0.9532  Time/Image: 0.4084
2020-04-27 02:50:47,383 INFO Iter [10200/50000]  Loss: 0.0836  Time/Image: 0.4034
2020-04-27 02:51:28,457 INFO Iter [10300/50000]  Loss: 1.4567  Time/Image: 0.4062
2020-04-27 02:52:09,616 INFO Iter [10400/50000]  Loss: 1.9017  Time/Image: 0.4077
2020-04-27 02:52:50,773 INFO Iter [10500/50000]  Loss: 2.3753  Time/Image: 0.4076
2020-04-27 02:53:31,791 INFO Iter [10600/50000]  Loss: 0.5697  Time/Image: 0.4063
2020-04-27 02:54:12,709 INFO Iter [10700/50000]  Loss: 1.6519  Time/Image: 0.4053
2020-04-27 02:54:53,604 INFO Iter [10800/50000]  Loss: 0.2471  Time/Image: 0.4053
2020-04-27 02:55:34,604 INFO Iter [10900/50000]  Loss: 0.5197  Time/Image: 0.4056
2020-04-27 02:56:14,951 INFO Iter [11000/50000]  Loss: 1.6780  Time/Image: 0.3994
2020-04-27 02:56:55,980 INFO Iter [11100/50000]  Loss: 0.1266  Time/Image: 0.4062
2020-04-27 02:57:37,136 INFO Iter [11200/50000]  Loss: 3.1770  Time/Image: 0.4071
2020-04-27 02:58:18,256 INFO Iter [11300/50000]  Loss: 0.3238  Time/Image: 0.4073
2020-04-27 02:58:59,025 INFO Iter [11400/50000]  Loss: 0.8299  Time/Image: 0.4036
2020-04-27 02:59:39,900 INFO Iter [11500/50000]  Loss: 3.9934  Time/Image: 0.4045
2020-04-27 03:00:20,738 INFO Iter [11600/50000]  Loss: 1.6799  Time/Image: 0.4045
2020-04-27 03:01:01,745 INFO Iter [11700/50000]  Loss: 0.2715  Time/Image: 0.4059
2020-04-27 03:01:42,724 INFO Iter [11800/50000]  Loss: 3.2142  Time/Image: 0.4059
2020-04-27 03:02:23,561 INFO Iter [11900/50000]  Loss: 1.2422  Time/Image: 0.4040
2020-04-27 03:03:04,376 INFO Iter [12000/50000]  Loss: 0.6554  Time/Image: 0.4040
2020-04-27 03:03:45,627 INFO Iter [12100/50000]  Loss: 1.4792  Time/Image: 0.4084
2020-04-27 03:04:26,348 INFO Iter [12200/50000]  Loss: 4.7996  Time/Image: 0.4031
2020-04-27 03:05:07,442 INFO Iter [12300/50000]  Loss: 2.6217  Time/Image: 0.4067
2020-04-27 03:05:48,093 INFO Iter [12400/50000]  Loss: 0.5426  Time/Image: 0.4021
2020-04-27 03:06:28,928 INFO Iter [12500/50000]  Loss: 2.9350  Time/Image: 0.4038
2020-04-27 03:10:06,432 INFO Iter 12500 Loss: 1.3966
2020-04-27 03:10:06,432 INFO Overall Acc: 	: 0.7295813654493938
2020-04-27 03:10:06,432 INFO Mean Acc : 	: 0.060873800114105626
2020-04-27 03:10:06,432 INFO FreqW Acc : 	: 0.5747775363872444
2020-04-27 03:10:06,432 INFO Mean IoU : 	: 0.046487405705968356
2020-04-27 03:10:06,432 INFO 0: 0.7587389754856937
2020-04-27 03:10:06,432 INFO 1: 0.0036588307257151105
2020-04-27 03:10:06,432 INFO 2: 0.002725499784771169
2020-04-27 03:10:06,432 INFO 3: 0.0014971131486212039
2020-04-27 03:10:06,432 INFO 4: 0.0008109001992551222
2020-04-27 03:10:06,432 INFO 5: 0.0008985427794891751
2020-04-27 03:10:06,432 INFO 6: 0.005707078608498811
2020-04-27 03:10:06,432 INFO 7: 0.009107473215938851
2020-04-27 03:10:06,432 INFO 8: 0.03671567676864826
2020-04-27 03:10:06,432 INFO 9: 0.0010454870717977816
2020-04-27 03:10:06,432 INFO 10: 0.0008631548739203421
2020-04-27 03:10:06,432 INFO 11: 0.0036669627444005297
2020-04-27 03:10:06,432 INFO 12: 0.021072370887700188
2020-04-27 03:10:06,432 INFO 13: 0.0021927132715398264
2020-04-27 03:10:06,432 INFO 14: 0.009138722765336893
2020-04-27 03:10:06,432 INFO 15: 0.11235333732934966
2020-04-27 03:10:06,432 INFO 16: 0.00044921997806297463
2020-04-27 03:10:06,432 INFO 17: 0.002633301489580016
2020-04-27 03:10:06,432 INFO 18: 0.0015415881659266572
2020-04-27 03:10:06,432 INFO 19: 0.0004035732783116905
2020-04-27 03:10:06,432 INFO 20: 0.0010149972527776446
2020-04-27 03:10:48,280 INFO Iter [12600/50000]  Loss: 0.2847  Time/Image: 0.4052
2020-04-27 03:11:28,899 INFO Iter [12700/50000]  Loss: 0.5011  Time/Image: 0.4023
2020-04-27 03:12:09,571 INFO Iter [12800/50000]  Loss: 2.1749  Time/Image: 0.4020
2020-04-27 03:12:50,526 INFO Iter [12900/50000]  Loss: 4.2258  Time/Image: 0.4052
2020-04-27 03:13:31,706 INFO Iter [13000/50000]  Loss: 0.8705  Time/Image: 0.4076
2020-04-27 03:14:12,778 INFO Iter [13100/50000]  Loss: 0.9966  Time/Image: 0.4067
2020-04-27 03:14:53,909 INFO Iter [13200/50000]  Loss: 0.6901  Time/Image: 0.4072
2020-04-27 03:15:34,809 INFO Iter [13300/50000]  Loss: 1.2272  Time/Image: 0.4051
2020-04-27 03:16:16,067 INFO Iter [13400/50000]  Loss: 0.3681  Time/Image: 0.4087
2020-04-27 03:16:56,616 INFO Iter [13500/50000]  Loss: 1.4332  Time/Image: 0.4006
2020-04-27 03:17:37,946 INFO Iter [13600/50000]  Loss: 0.4667  Time/Image: 0.4094
2020-04-27 03:18:18,283 INFO Iter [13700/50000]  Loss: 2.2143  Time/Image: 0.3993
2020-04-27 03:18:59,229 INFO Iter [13800/50000]  Loss: 0.9051  Time/Image: 0.4050
2020-04-27 03:19:39,625 INFO Iter [13900/50000]  Loss: 1.8041  Time/Image: 0.3996
2020-04-27 03:20:20,578 INFO Iter [14000/50000]  Loss: 6.0207  Time/Image: 0.4050
2020-04-27 03:21:01,075 INFO Iter [14100/50000]  Loss: 0.1252  Time/Image: 0.4009
2020-04-27 03:21:41,781 INFO Iter [14200/50000]  Loss: 0.8917  Time/Image: 0.4029
2020-04-27 03:22:22,909 INFO Iter [14300/50000]  Loss: 1.2676  Time/Image: 0.4066
2020-04-27 03:23:03,960 INFO Iter [14400/50000]  Loss: 0.1811  Time/Image: 0.4060
2020-04-27 03:23:44,962 INFO Iter [14500/50000]  Loss: 0.4775  Time/Image: 0.4053
2020-04-27 03:24:25,590 INFO Iter [14600/50000]  Loss: 1.9914  Time/Image: 0.4022
2020-04-27 03:25:06,520 INFO Iter [14700/50000]  Loss: 1.9929  Time/Image: 0.4051
2020-04-27 03:25:47,625 INFO Iter [14800/50000]  Loss: 0.8187  Time/Image: 0.4067
2020-04-27 03:26:28,606 INFO Iter [14900/50000]  Loss: 1.3523  Time/Image: 0.4059
2020-04-27 03:27:09,497 INFO Iter [15000/50000]  Loss: 2.2292  Time/Image: 0.4050
2020-04-27 03:30:46,261 INFO Iter 15000 Loss: 1.3428
2020-04-27 03:30:46,261 INFO Overall Acc: 	: 0.7341247907115916
2020-04-27 03:30:46,261 INFO Mean Acc : 	: 0.06282009333927403
2020-04-27 03:30:46,261 INFO FreqW Acc : 	: 0.5782621662744656
2020-04-27 03:30:46,261 INFO Mean IoU : 	: 0.04788395225270031
2020-04-27 03:30:46,261 INFO 0: 0.7620213131347988
2020-04-27 03:30:46,261 INFO 1: 0.0033183662596085912
2020-04-27 03:30:46,261 INFO 2: 0.00317937642460374
2020-04-27 03:30:46,261 INFO 3: 0.0012857261894842096
2020-04-27 03:30:46,261 INFO 4: 0.0007389363914357464
2020-04-27 03:30:46,261 INFO 5: 0.000769767617959894
2020-04-27 03:30:46,261 INFO 6: 0.004823218554712075
2020-04-27 03:30:46,261 INFO 7: 0.012098579123036732
2020-04-27 03:30:46,261 INFO 8: 0.04251597026023793
2020-04-27 03:30:46,261 INFO 9: 0.001235007415842652
2020-04-27 03:30:46,261 INFO 10: 0.0007584950966055163
2020-04-27 03:30:46,261 INFO 11: 0.003348774622031063
2020-04-27 03:30:46,261 INFO 12: 0.02244058739075669
2020-04-27 03:30:46,261 INFO 13: 0.0021878450295402183
2020-04-27 03:30:46,261 INFO 14: 0.01029816874600901
2020-04-27 03:30:46,261 INFO 15: 0.12929974943609615
2020-04-27 03:30:46,261 INFO 16: 0.0003844260734289728
2020-04-27 03:30:46,261 INFO 17: 0.002129669314918814
2020-04-27 03:30:46,261 INFO 18: 0.0014473706632131416
2020-04-27 03:30:46,261 INFO 19: 0.00046586469979181366
2020-04-27 03:30:46,261 INFO 20: 0.0008157848625948278
2020-04-27 03:31:27,897 INFO Iter [15100/50000]  Loss: 1.6293  Time/Image: 0.4033
2020-04-27 03:32:09,030 INFO Iter [15200/50000]  Loss: 2.2597  Time/Image: 0.4073
2020-04-27 03:32:50,270 INFO Iter [15300/50000]  Loss: 1.7026  Time/Image: 0.4085
2020-04-27 03:33:31,310 INFO Iter [15400/50000]  Loss: 0.8005  Time/Image: 0.4063
2020-04-27 03:34:12,158 INFO Iter [15500/50000]  Loss: 2.2000  Time/Image: 0.4044
2020-04-27 03:34:53,363 INFO Iter [15600/50000]  Loss: 2.0760  Time/Image: 0.4081
2020-04-27 03:35:34,518 INFO Iter [15700/50000]  Loss: 1.3963  Time/Image: 0.4075
2020-04-27 03:36:15,401 INFO Iter [15800/50000]  Loss: 0.9932  Time/Image: 0.4048
2020-04-27 03:36:56,349 INFO Iter [15900/50000]  Loss: 1.5586  Time/Image: 0.4053
2020-04-27 03:37:37,721 INFO Iter [16000/50000]  Loss: 1.0271  Time/Image: 0.4095
2020-04-27 03:38:18,568 INFO Iter [16100/50000]  Loss: 0.5395  Time/Image: 0.4041
2020-04-27 03:38:59,288 INFO Iter [16200/50000]  Loss: 0.0436  Time/Image: 0.4030
2020-04-27 03:39:40,655 INFO Iter [16300/50000]  Loss: 0.3327  Time/Image: 0.4095
2020-04-27 03:40:21,636 INFO Iter [16400/50000]  Loss: 1.8446  Time/Image: 0.4053
2020-04-27 03:41:02,735 INFO Iter [16500/50000]  Loss: 1.9116  Time/Image: 0.4068
2020-04-27 03:41:43,922 INFO Iter [16600/50000]  Loss: 0.2587  Time/Image: 0.4076
2020-04-27 03:42:24,650 INFO Iter [16700/50000]  Loss: 1.8449  Time/Image: 0.4033
2020-04-27 03:43:06,068 INFO Iter [16800/50000]  Loss: 1.0675  Time/Image: 0.4096
2020-04-27 03:43:46,836 INFO Iter [16900/50000]  Loss: 0.8299  Time/Image: 0.4033
2020-04-27 03:44:27,707 INFO Iter [17000/50000]  Loss: 0.6699  Time/Image: 0.4045
2020-04-27 03:45:08,362 INFO Iter [17100/50000]  Loss: 0.3879  Time/Image: 0.4025
2020-04-27 03:45:49,285 INFO Iter [17200/50000]  Loss: 2.2345  Time/Image: 0.4050
2020-04-27 03:46:30,389 INFO Iter [17300/50000]  Loss: 1.3773  Time/Image: 0.4066
2020-04-27 03:47:11,503 INFO Iter [17400/50000]  Loss: 1.2449  Time/Image: 0.4068
2020-04-27 03:47:52,753 INFO Iter [17500/50000]  Loss: 0.7647  Time/Image: 0.4086
2020-04-27 03:51:29,043 INFO Iter 17500 Loss: 1.3050
2020-04-27 03:51:29,043 INFO Overall Acc: 	: 0.7392635778810829
2020-04-27 03:51:29,043 INFO Mean Acc : 	: 0.06343110701672483
2020-04-27 03:51:29,043 INFO FreqW Acc : 	: 0.5800536710822082
2020-04-27 03:51:29,043 INFO Mean IoU : 	: 0.04839828931837582
2020-04-27 03:51:29,043 INFO 0: 0.7636385231627298
2020-04-27 03:51:29,043 INFO 1: 0.002812487088529893
2020-04-27 03:51:29,043 INFO 2: 0.003099216748058083
2020-04-27 03:51:29,043 INFO 3: 0.0009796566638191086
2020-04-27 03:51:29,043 INFO 4: 0.0005567001416632661
2020-04-27 03:51:29,043 INFO 5: 0.0006135991050983748
2020-04-27 03:51:29,043 INFO 6: 0.003829261812100467
2020-04-27 03:51:29,043 INFO 7: 0.01151218648861664
2020-04-27 03:51:29,043 INFO 8: 0.04272460933892831
2020-04-27 03:51:29,043 INFO 9: 0.001192452431131137
2020-04-27 03:51:29,043 INFO 10: 0.0006766496725551415
2020-04-27 03:51:29,043 INFO 11: 0.0026509353614884786
2020-04-27 03:51:29,043 INFO 12: 0.02389482612854197
2020-04-27 03:51:29,043 INFO 13: 0.0019511053217267582
2020-04-27 03:51:29,043 INFO 14: 0.01100204014332085
2020-04-27 03:51:29,043 INFO 15: 0.1412101209409059
2020-04-27 03:51:29,043 INFO 16: 0.00029114308568593534
2020-04-27 03:51:29,043 INFO 17: 0.0015743367373218437
2020-04-27 03:51:29,043 INFO 18: 0.0010136125768699393
2020-04-27 03:51:29,043 INFO 19: 0.000566472072337526
2020-04-27 03:51:29,043 INFO 20: 0.0005741406644627934
2020-04-27 03:52:10,633 INFO Iter [17600/50000]  Loss: 1.6403  Time/Image: 0.4027
2020-04-27 03:52:59,431 INFO Iter [17700/50000]  Loss: 1.6645  Time/Image: 0.3984
2020-04-27 03:53:40,247 INFO Iter [17800/50000]  Loss: 3.1806  Time/Image: 0.4044
2020-04-27 03:54:21,445 INFO Iter [17900/50000]  Loss: 2.3078  Time/Image: 0.4073
2020-04-27 03:55:02,234 INFO Iter [18000/50000]  Loss: 0.7907  Time/Image: 0.4035
2020-04-27 03:55:43,099 INFO Iter [18100/50000]  Loss: 0.0270  Time/Image: 0.4047
2020-04-27 03:56:24,023 INFO Iter [18200/50000]  Loss: 4.6078  Time/Image: 0.4047
2020-04-27 03:57:04,271 INFO Iter [18300/50000]  Loss: 1.2360  Time/Image: 0.3994
2020-04-27 03:57:45,568 INFO Iter [18400/50000]  Loss: 1.2892  Time/Image: 0.4083
2020-04-27 03:58:26,689 INFO Iter [18500/50000]  Loss: 0.8733  Time/Image: 0.4072
2020-04-27 03:59:07,981 INFO Iter [18600/50000]  Loss: 1.4958  Time/Image: 0.4090
2020-04-27 03:59:48,518 INFO Iter [18700/50000]  Loss: 0.2622  Time/Image: 0.4014
2020-04-27 04:00:29,496 INFO Iter [18800/50000]  Loss: 0.2439  Time/Image: 0.4054
2020-04-27 04:01:10,454 INFO Iter [18900/50000]  Loss: 0.3406  Time/Image: 0.4057
2020-04-27 04:01:51,170 INFO Iter [19000/50000]  Loss: 0.8527  Time/Image: 0.4028
2020-04-27 04:02:32,241 INFO Iter [19100/50000]  Loss: 0.9854  Time/Image: 0.4066
2020-04-27 04:03:13,326 INFO Iter [19200/50000]  Loss: 0.1043  Time/Image: 0.4066
2020-04-27 04:03:53,757 INFO Iter [19300/50000]  Loss: 4.2533  Time/Image: 0.3991
2020-04-27 04:04:34,632 INFO Iter [19400/50000]  Loss: 2.0567  Time/Image: 0.4045
2020-04-27 04:05:15,511 INFO Iter [19500/50000]  Loss: 0.3823  Time/Image: 0.4047
2020-04-27 04:05:56,320 INFO Iter [19600/50000]  Loss: 0.9269  Time/Image: 0.4039
2020-04-27 04:06:37,312 INFO Iter [19700/50000]  Loss: 0.6059  Time/Image: 0.4056
2020-04-27 04:07:18,348 INFO Iter [19800/50000]  Loss: 0.8940  Time/Image: 0.4058
2020-04-27 04:07:59,313 INFO Iter [19900/50000]  Loss: 2.1683  Time/Image: 0.4057
2020-04-27 04:08:39,793 INFO Iter [20000/50000]  Loss: 0.3583  Time/Image: 0.4009
2020-04-27 04:12:16,562 INFO Iter 20000 Loss: 1.2711
2020-04-27 04:12:16,562 INFO Overall Acc: 	: 0.7409535767372872
2020-04-27 04:12:16,562 INFO Mean Acc : 	: 0.06552658452101835
2020-04-27 04:12:16,562 INFO FreqW Acc : 	: 0.5823782739930604
2020-04-27 04:12:16,562 INFO Mean IoU : 	: 0.04985197497541122
2020-04-27 04:12:16,562 INFO 0: 0.7655017760869963
2020-04-27 04:12:16,562 INFO 1: 0.002945613090997662
2020-04-27 04:12:16,562 INFO 2: 0.003403723073931563
2020-04-27 04:12:16,562 INFO 3: 0.0009085800890795118
2020-04-27 04:12:16,562 INFO 4: 0.000547859173467581
2020-04-27 04:12:16,562 INFO 5: 0.0005280037450162533
2020-04-27 04:12:16,562 INFO 6: 0.004284346256181139
2020-04-27 04:12:16,562 INFO 7: 0.014037231605023544
2020-04-27 04:12:16,562 INFO 8: 0.04937647624447243
2020-04-27 04:12:16,562 INFO 9: 0.0011490328873143328
2020-04-27 04:12:16,562 INFO 10: 0.0006482740891044046
2020-04-27 04:12:16,562 INFO 11: 0.0020530618089547
2020-04-27 04:12:16,562 INFO 12: 0.02756556768684068
2020-04-27 04:12:16,562 INFO 13: 0.0020174111815877936
2020-04-27 04:12:16,562 INFO 14: 0.0139540237681928
2020-04-27 04:12:16,562 INFO 15: 0.1541085401065164
2020-04-27 04:12:16,562 INFO 16: 0.0002911780553808654
2020-04-27 04:12:16,562 INFO 17: 0.0013289876776727647
2020-04-27 04:12:16,562 INFO 18: 0.0009284661295062091
2020-04-27 04:12:16,562 INFO 19: 0.000756117629043709
2020-04-27 04:12:16,562 INFO 20: 0.0005572040983548587
