2020-04-26 00:33:13,514 INFO Let the games begin
2020-04-26 00:33:14,862 INFO Using No Augmentations
2020-04-26 00:35:36,872 INFO Using sgd optimizer
2020-04-26 00:35:36,872 INFO Using optimizer SGD (
Parameter Group 0
    dampening: 0
    lr: 0.0001
    momentum: 0
    nesterov: False
    weight_decay: 0
)
2020-04-26 00:35:36,872 INFO Using No LR Scheduling
2020-04-26 00:35:36,872 INFO Using cross_entropy with {'size_average': True} params
2020-04-26 00:35:36,872 INFO Using loss functools.partial(<function cross_entropy2d at 0x000001DC3A2E3948>, size_average=True)
2020-04-26 00:36:26,730 INFO Iter [100/50000]  Loss: 1.0371  Time/Image: 0.4244
2020-04-26 00:37:15,668 INFO Iter [200/50000]  Loss: 0.2833  Time/Image: 0.4847
2020-04-26 00:38:04,492 INFO Iter [300/50000]  Loss: 1.4869  Time/Image: 0.4831
2020-04-26 00:38:53,186 INFO Iter [400/50000]  Loss: 0.8888  Time/Image: 0.4821
2020-04-26 00:39:37,585 INFO Iter [500/50000]  Loss: 0.4117  Time/Image: 0.4399
2020-04-26 00:40:18,791 INFO Iter [600/50000]  Loss: 0.7142  Time/Image: 0.4075
2020-04-26 00:40:59,769 INFO Iter [700/50000]  Loss: 2.4538  Time/Image: 0.4055
2020-04-26 00:41:40,646 INFO Iter [800/50000]  Loss: 3.3900  Time/Image: 0.4048
2020-04-26 00:42:21,840 INFO Iter [900/50000]  Loss: 0.9877  Time/Image: 0.4078
2020-04-26 00:43:02,465 INFO Iter [1000/50000]  Loss: 1.6779  Time/Image: 0.4023
2020-04-26 00:43:43,146 INFO Iter [1100/50000]  Loss: 1.6458  Time/Image: 0.4028
2020-04-26 00:44:23,741 INFO Iter [1200/50000]  Loss: 0.1539  Time/Image: 0.4027
2020-04-26 00:45:04,285 INFO Iter [1300/50000]  Loss: 0.9173  Time/Image: 0.4015
2020-04-26 00:45:45,130 INFO Iter [1400/50000]  Loss: 3.3448  Time/Image: 0.4047
2020-04-26 00:46:25,989 INFO Iter [1500/50000]  Loss: 1.5010  Time/Image: 0.4047
2020-04-26 00:47:06,637 INFO Iter [1600/50000]  Loss: 0.3449  Time/Image: 0.4021
2020-04-26 00:47:47,639 INFO Iter [1700/50000]  Loss: 0.9959  Time/Image: 0.4061
2020-04-26 00:48:28,547 INFO Iter [1800/50000]  Loss: 2.0308  Time/Image: 0.4047
2020-04-26 00:49:09,682 INFO Iter [1900/50000]  Loss: 1.5946  Time/Image: 0.4073
2020-04-26 00:49:50,237 INFO Iter [2000/50000]  Loss: 2.1452  Time/Image: 0.4013
2020-04-26 00:50:31,317 INFO Iter [2100/50000]  Loss: 0.5081  Time/Image: 0.4067
2020-04-26 00:51:11,581 INFO Iter [2200/50000]  Loss: 0.2802  Time/Image: 0.3984
2020-04-26 00:51:52,388 INFO Iter [2300/50000]  Loss: 1.2476  Time/Image: 0.4040
2020-04-26 00:52:33,610 INFO Iter [2400/50000]  Loss: 1.7608  Time/Image: 0.4078
2020-04-26 00:53:13,769 INFO Iter [2500/50000]  Loss: 0.2559  Time/Image: 0.3978
2020-04-26 00:56:54,284 INFO Iter 2500 Loss: 1.2236
2020-04-26 00:56:54,284 INFO Overall Acc: 	: 0.7434301502862951
2020-04-26 00:56:54,284 INFO Mean Acc : 	: 0.06823148179106575
2020-04-26 00:56:54,284 INFO FreqW Acc : 	: 0.5842334974174784
2020-04-26 00:56:54,284 INFO Mean IoU : 	: 0.05242880684955939
2020-04-26 00:56:54,284 INFO 0: 0.7668783136058135
2020-04-26 00:56:54,284 INFO 1: 0.003289853890458623
2020-04-26 00:56:54,284 INFO 2: 0.003573490986226336
2020-04-26 00:56:54,284 INFO 3: 0.0006328914610826425
2020-04-26 00:56:54,284 INFO 4: 0.0005518607421919801
2020-04-26 00:56:54,284 INFO 5: 0.00023489394991819037
2020-04-26 00:56:54,284 INFO 6: 0.006273070435835743
2020-04-26 00:56:54,284 INFO 7: 0.02666607781154258
2020-04-26 00:56:54,284 INFO 8: 0.06293901591860604
2020-04-26 00:56:54,284 INFO 9: 0.0009612016853513779
2020-04-26 00:56:54,284 INFO 10: 0.0006185388612808543
2020-04-26 00:56:54,284 INFO 11: 0.0010107232121260984
2020-04-26 00:56:54,284 INFO 12: 0.044001930080037735
2020-04-26 00:56:54,284 INFO 13: 0.001931956058253272
2020-04-26 00:56:54,284 INFO 14: 0.0249490381912373
2020-04-26 00:56:54,284 INFO 15: 0.1519122545513827
2020-04-26 00:56:54,284 INFO 16: 0.00021783262588154142
2020-04-26 00:56:54,284 INFO 17: 0.0012931329856384838
2020-04-26 00:56:54,284 INFO 18: 0.0006626182577967943
2020-04-26 00:56:54,284 INFO 19: 0.0021381483366098904
2020-04-26 00:56:54,284 INFO 20: 0.0002681001934754546
2020-04-26 00:57:35,915 INFO Iter [2600/50000]  Loss: 0.4430  Time/Image: 0.4046
2020-04-26 00:58:17,000 INFO Iter [2700/50000]  Loss: 0.4074  Time/Image: 0.4065
2020-04-26 00:58:57,720 INFO Iter [2800/50000]  Loss: 2.3647  Time/Image: 0.4034
2020-04-26 00:59:38,950 INFO Iter [2900/50000]  Loss: 0.2441  Time/Image: 0.4081
2020-04-26 01:00:19,772 INFO Iter [3000/50000]  Loss: 0.3991  Time/Image: 0.4042
2020-04-26 01:01:00,598 INFO Iter [3100/50000]  Loss: 0.7248  Time/Image: 0.4040
2020-04-26 01:01:41,900 INFO Iter [3200/50000]  Loss: 0.9789  Time/Image: 0.4088
2020-04-26 01:02:22,733 INFO Iter [3300/50000]  Loss: 0.5750  Time/Image: 0.4039
2020-04-26 01:03:03,805 INFO Iter [3400/50000]  Loss: 1.1734  Time/Image: 0.4065
2020-04-26 01:03:44,604 INFO Iter [3500/50000]  Loss: 1.0060  Time/Image: 0.4038
2020-04-26 01:04:25,292 INFO Iter [3600/50000]  Loss: 3.4610  Time/Image: 0.4023
2020-04-26 01:05:05,831 INFO Iter [3700/50000]  Loss: 0.6828  Time/Image: 0.4012
2020-04-26 01:05:46,966 INFO Iter [3800/50000]  Loss: 0.1817  Time/Image: 0.4073
2020-04-26 01:06:27,714 INFO Iter [3900/50000]  Loss: 0.1301  Time/Image: 0.4033
2020-04-26 01:07:08,307 INFO Iter [4000/50000]  Loss: 1.4636  Time/Image: 0.4021
2020-04-26 01:07:48,730 INFO Iter [4100/50000]  Loss: 2.9011  Time/Image: 0.4002
2020-04-26 01:08:29,518 INFO Iter [4200/50000]  Loss: 1.5080  Time/Image: 0.4040
2020-04-26 01:09:10,609 INFO Iter [4300/50000]  Loss: 0.1350  Time/Image: 0.4065
2020-04-26 01:09:51,485 INFO Iter [4400/50000]  Loss: 0.9705  Time/Image: 0.4042
2020-04-26 01:10:32,329 INFO Iter [4500/50000]  Loss: 0.9455  Time/Image: 0.4044
2020-04-26 01:11:13,298 INFO Iter [4600/50000]  Loss: 0.4489  Time/Image: 0.4055
2020-04-26 01:11:54,214 INFO Iter [4700/50000]  Loss: 0.3678  Time/Image: 0.4052
2020-04-26 01:12:34,905 INFO Iter [4800/50000]  Loss: 0.0762  Time/Image: 0.4029
2020-04-26 01:13:16,110 INFO Iter [4900/50000]  Loss: 2.0724  Time/Image: 0.4080
2020-04-26 01:13:56,414 INFO Iter [5000/50000]  Loss: 0.6560  Time/Image: 0.3991
2020-04-26 01:17:37,399 INFO Iter 5000 Loss: 1.0908
2020-04-26 01:17:37,399 INFO Overall Acc: 	: 0.7554463265012554
2020-04-26 01:17:37,399 INFO Mean Acc : 	: 0.08198412329841728
2020-04-26 01:17:37,399 INFO FreqW Acc : 	: 0.5979287148609431
2020-04-26 01:17:37,399 INFO Mean IoU : 	: 0.06104770487276401
2020-04-26 01:17:37,399 INFO 0: 0.7764944889037272
2020-04-26 01:17:37,399 INFO 1: 0.005220026056888669
2020-04-26 01:17:37,399 INFO 2: 0.002067794866519212
2020-04-26 01:17:37,399 INFO 3: 0.0005834109947023239
2020-04-26 01:17:37,399 INFO 4: 0.00036260839146917543
2020-04-26 01:17:37,399 INFO 5: 0.00012062203857430937
2020-04-26 01:17:37,399 INFO 6: 0.012040397428132656
2020-04-26 01:17:37,399 INFO 7: 0.034106408120168775
2020-04-26 01:17:37,399 INFO 8: 0.11497169406874058
2020-04-26 01:17:37,399 INFO 9: 0.0005659035638806057
2020-04-26 01:17:37,399 INFO 10: 0.00033950535806955115
2020-04-26 01:17:37,399 INFO 11: 0.0006189531013169593
2020-04-26 01:17:37,399 INFO 12: 0.06632147129124774
2020-04-26 01:17:37,399 INFO 13: 0.0019072442227861747
2020-04-26 01:17:37,399 INFO 14: 0.0153932942106127
2020-04-26 01:17:37,399 INFO 15: 0.2485198480548128
2020-04-26 01:17:37,399 INFO 16: 3.114593066436666e-05
2020-04-26 01:17:37,414 INFO 17: 0.000686512063070005
2020-04-26 01:17:37,414 INFO 18: 0.000423965922846767
2020-04-26 01:17:37,414 INFO 19: 0.001076003911649569
2020-04-26 01:17:37,414 INFO 20: 0.0001505038281644675
2020-04-26 01:18:19,898 INFO Iter [5100/50000]  Loss: 0.1823  Time/Image: 0.4080
2020-04-26 01:19:00,794 INFO Iter [5200/50000]  Loss: 0.8466  Time/Image: 0.4049
2020-04-26 01:19:41,587 INFO Iter [5300/50000]  Loss: 2.6189  Time/Image: 0.4040
2020-04-26 01:20:22,723 INFO Iter [5400/50000]  Loss: 0.1121  Time/Image: 0.4067
2020-04-26 01:21:03,786 INFO Iter [5500/50000]  Loss: 0.7310  Time/Image: 0.4064
2020-04-26 01:21:44,749 INFO Iter [5600/50000]  Loss: 3.5456  Time/Image: 0.4056
2020-04-26 01:22:25,707 INFO Iter [5700/50000]  Loss: 0.1950  Time/Image: 0.4055
2020-04-26 01:23:06,263 INFO Iter [5800/50000]  Loss: 0.1984  Time/Image: 0.4006
2020-04-26 01:23:47,100 INFO Iter [5900/50000]  Loss: 2.6116  Time/Image: 0.4043
2020-04-26 01:24:27,993 INFO Iter [6000/50000]  Loss: 0.5660  Time/Image: 0.4046
2020-04-26 01:25:08,828 INFO Iter [6100/50000]  Loss: 1.7636  Time/Image: 0.4041
2020-04-26 01:25:50,059 INFO Iter [6200/50000]  Loss: 0.7522  Time/Image: 0.4081
2020-04-26 01:26:30,899 INFO Iter [6300/50000]  Loss: 2.8884  Time/Image: 0.4035
2020-04-26 01:27:11,487 INFO Iter [6400/50000]  Loss: 1.3202  Time/Image: 0.4020
2020-04-26 01:27:52,259 INFO Iter [6500/50000]  Loss: 2.1475  Time/Image: 0.4035
2020-04-26 01:28:33,245 INFO Iter [6600/50000]  Loss: 0.9827  Time/Image: 0.4061
2020-04-26 01:29:14,050 INFO Iter [6700/50000]  Loss: 0.3212  Time/Image: 0.4038
2020-04-26 01:29:54,986 INFO Iter [6800/50000]  Loss: 1.2315  Time/Image: 0.4051
2020-04-26 01:30:35,949 INFO Iter [6900/50000]  Loss: 0.6956  Time/Image: 0.4054
2020-04-26 01:31:17,061 INFO Iter [7000/50000]  Loss: 0.1416  Time/Image: 0.4069
2020-04-26 01:31:57,809 INFO Iter [7100/50000]  Loss: 4.1842  Time/Image: 0.4042
2020-04-26 01:32:38,878 INFO Iter [7200/50000]  Loss: 0.5742  Time/Image: 0.4065
2020-04-26 01:33:19,848 INFO Iter [7300/50000]  Loss: 0.3775  Time/Image: 0.4056
2020-04-26 01:34:00,075 INFO Iter [7400/50000]  Loss: 1.5700  Time/Image: 0.3981
2020-04-26 01:34:40,903 INFO Iter [7500/50000]  Loss: 0.3023  Time/Image: 0.4040
2020-04-26 01:38:18,297 INFO Iter 7500 Loss: 1.0102
2020-04-26 01:38:18,297 INFO Overall Acc: 	: 0.7671597314510651
2020-04-26 01:38:18,297 INFO Mean Acc : 	: 0.09476443475044058
2020-04-26 01:38:18,297 INFO FreqW Acc : 	: 0.6069336691024684
2020-04-26 01:38:18,297 INFO Mean IoU : 	: 0.07344749783087598
2020-04-26 01:38:18,297 INFO 0: 0.7803551993643065
2020-04-26 01:38:18,297 INFO 1: 0.01665799062988027
2020-04-26 01:38:18,297 INFO 2: 0.01063698271899748
2020-04-26 01:38:18,297 INFO 3: 0.0005434846605983585
2020-04-26 01:38:18,312 INFO 4: 0.00022731130793615176
2020-04-26 01:38:18,312 INFO 5: 3.2704252331475766e-05
2020-04-26 01:38:18,312 INFO 6: 0.015106623656011479
2020-04-26 01:38:18,312 INFO 7: 0.05141362747565977
2020-04-26 01:38:18,312 INFO 8: 0.23033240433194618
2020-04-26 01:38:18,312 INFO 9: 0.0003583914060148635
2020-04-26 01:38:18,312 INFO 10: 0.00021796597111228808
2020-04-26 01:38:18,312 INFO 11: 0.00030203160671931495
2020-04-26 01:38:18,312 INFO 12: 0.13162456315662832
2020-04-26 01:38:18,312 INFO 13: 0.0009692031070943439
2020-04-26 01:38:18,312 INFO 14: 0.014037216200410622
2020-04-26 01:38:18,312 INFO 15: 0.2867750812774707
2020-04-26 01:38:18,312 INFO 16: 1.1271279572013414e-05
2020-04-26 01:38:18,312 INFO 17: 1.8499315011474713e-05
2020-04-26 01:38:18,312 INFO 18: 0.0004398565558230054
2020-04-26 01:38:18,312 INFO 19: 0.00210612692149121
2020-04-26 01:38:18,312 INFO 20: 0.00023091925337962848
2020-04-26 01:39:00,586 INFO Iter [7600/50000]  Loss: 0.7825  Time/Image: 0.4053
2020-04-26 01:39:41,641 INFO Iter [7700/50000]  Loss: 0.6196  Time/Image: 0.4059
2020-04-26 01:40:22,686 INFO Iter [7800/50000]  Loss: 2.3840  Time/Image: 0.4067
2020-04-26 01:41:03,472 INFO Iter [7900/50000]  Loss: 0.9329  Time/Image: 0.4035
2020-04-26 01:41:44,575 INFO Iter [8000/50000]  Loss: 3.1936  Time/Image: 0.4073
2020-04-26 01:42:25,688 INFO Iter [8100/50000]  Loss: 0.8811  Time/Image: 0.4071
2020-04-26 01:43:06,181 INFO Iter [8200/50000]  Loss: 0.2397  Time/Image: 0.4010
2020-04-26 01:43:47,021 INFO Iter [8300/50000]  Loss: 0.2858  Time/Image: 0.4042
2020-04-26 01:44:28,006 INFO Iter [8400/50000]  Loss: 0.6907  Time/Image: 0.4061
2020-04-26 01:45:08,600 INFO Iter [8500/50000]  Loss: 3.1838  Time/Image: 0.4018
2020-04-26 01:45:49,506 INFO Iter [8600/50000]  Loss: 1.5745  Time/Image: 0.4048
2020-04-26 01:46:29,974 INFO Iter [8700/50000]  Loss: 0.9932  Time/Image: 0.4008
2020-04-26 01:47:11,250 INFO Iter [8800/50000]  Loss: 0.6547  Time/Image: 0.4089
2020-04-26 01:47:59,200 INFO Iter [8900/50000]  Loss: 1.4086  Time/Image: 0.3999
2020-04-26 01:48:39,889 INFO Iter [9000/50000]  Loss: 0.9529  Time/Image: 0.4030
2020-04-26 01:49:20,819 INFO Iter [9100/50000]  Loss: 0.5904  Time/Image: 0.4049
2020-04-26 01:50:01,497 INFO Iter [9200/50000]  Loss: 0.0752  Time/Image: 0.4027
2020-04-26 01:50:41,971 INFO Iter [9300/50000]  Loss: 1.3353  Time/Image: 0.4002
2020-04-26 01:51:23,021 INFO Iter [9400/50000]  Loss: 0.2380  Time/Image: 0.4063
2020-04-26 01:52:04,065 INFO Iter [9500/50000]  Loss: 0.4091  Time/Image: 0.4064
2020-04-26 01:52:45,426 INFO Iter [9600/50000]  Loss: 0.6290  Time/Image: 0.4095
2020-04-26 01:53:26,110 INFO Iter [9700/50000]  Loss: 2.0098  Time/Image: 0.4026
2020-04-26 01:54:07,061 INFO Iter [9800/50000]  Loss: 1.4882  Time/Image: 0.4058
2020-04-26 01:54:47,855 INFO Iter [9900/50000]  Loss: 1.4721  Time/Image: 0.4036
2020-04-26 01:55:28,612 INFO Iter [10000/50000]  Loss: 0.1671  Time/Image: 0.4035
2020-04-26 01:59:05,218 INFO Iter 10000 Loss: 0.9522
2020-04-26 01:59:05,218 INFO Overall Acc: 	: 0.7737189509426033
2020-04-26 01:59:05,218 INFO Mean Acc : 	: 0.11656801164991674
2020-04-26 01:59:05,218 INFO FreqW Acc : 	: 0.6204247227699261
2020-04-26 01:59:05,218 INFO Mean IoU : 	: 0.08986842822825959
2020-04-26 01:59:05,218 INFO 0: 0.7882131290938045
2020-04-26 01:59:05,218 INFO 1: 0.04139114803839747
2020-04-26 01:59:05,218 INFO 2: 0.010602483943685934
2020-04-26 01:59:05,218 INFO 3: 0.00106879085455304
2020-04-26 01:59:05,218 INFO 4: 0.0003075666510082853
2020-04-26 01:59:05,218 INFO 5: 3.635600632386761e-05
2020-04-26 01:59:05,218 INFO 6: 0.10808373752858687
2020-04-26 01:59:05,233 INFO 7: 0.14070039575799873
2020-04-26 01:59:05,233 INFO 8: 0.24636433417151768
2020-04-26 01:59:05,233 INFO 9: 0.00018483458006987214
2020-04-26 01:59:05,233 INFO 10: 0.00016044680229859384
2020-04-26 01:59:05,233 INFO 11: 0.0002898453824804492
2020-04-26 01:59:05,233 INFO 12: 0.1728730549964565
2020-04-26 01:59:05,233 INFO 13: 0.0008435443650564267
2020-04-26 01:59:05,233 INFO 14: 0.017660223638495405
2020-04-26 01:59:05,233 INFO 15: 0.35542461806221565
2020-04-26 01:59:05,233 INFO 16: 4.848343805755953e-06
2020-04-26 01:59:05,233 INFO 17: 4.125418923399737e-06
2020-04-26 01:59:05,233 INFO 18: 0.0002677080270319254
2020-04-26 01:59:05,233 INFO 19: 0.002731637569279344
2020-04-26 01:59:05,233 INFO 20: 2.416356146170441e-05
2020-04-26 01:59:47,175 INFO Iter [10100/50000]  Loss: 0.5824  Time/Image: 0.4067
2020-04-26 02:00:27,795 INFO Iter [10200/50000]  Loss: 0.0519  Time/Image: 0.4025
2020-04-26 02:01:08,763 INFO Iter [10300/50000]  Loss: 0.9799  Time/Image: 0.4056
2020-04-26 02:01:49,844 INFO Iter [10400/50000]  Loss: 0.7834  Time/Image: 0.4071
2020-04-26 02:02:31,024 INFO Iter [10500/50000]  Loss: 2.2425  Time/Image: 0.4079
2020-04-26 02:03:12,066 INFO Iter [10600/50000]  Loss: 0.0996  Time/Image: 0.4065
2020-04-26 02:03:52,909 INFO Iter [10700/50000]  Loss: 0.7408  Time/Image: 0.4044
2020-04-26 02:04:33,744 INFO Iter [10800/50000]  Loss: 0.0762  Time/Image: 0.4048
2020-04-26 02:05:14,656 INFO Iter [10900/50000]  Loss: 0.2989  Time/Image: 0.4052
2020-04-26 02:05:54,894 INFO Iter [11000/50000]  Loss: 0.6721  Time/Image: 0.3980
2020-04-26 02:06:35,793 INFO Iter [11100/50000]  Loss: 0.0709  Time/Image: 0.4046
2020-04-26 02:07:16,822 INFO Iter [11200/50000]  Loss: 1.6194  Time/Image: 0.4060
2020-04-26 02:07:57,866 INFO Iter [11300/50000]  Loss: 0.6241  Time/Image: 0.4064
2020-04-26 02:08:38,504 INFO Iter [11400/50000]  Loss: 0.6402  Time/Image: 0.4025
2020-04-26 02:09:19,262 INFO Iter [11500/50000]  Loss: 2.4747  Time/Image: 0.4033
2020-04-26 02:09:59,992 INFO Iter [11600/50000]  Loss: 0.8385  Time/Image: 0.4032
2020-04-26 02:10:40,888 INFO Iter [11700/50000]  Loss: 0.3285  Time/Image: 0.4049
2020-04-26 02:11:21,753 INFO Iter [11800/50000]  Loss: 2.3081  Time/Image: 0.4046
2020-04-26 02:12:02,617 INFO Iter [11900/50000]  Loss: 0.2830  Time/Image: 0.4043
2020-04-26 02:12:43,518 INFO Iter [12000/50000]  Loss: 0.4059  Time/Image: 0.4048
2020-04-26 02:13:24,783 INFO Iter [12100/50000]  Loss: 0.7963  Time/Image: 0.4086
2020-04-26 02:14:05,551 INFO Iter [12200/50000]  Loss: 3.1200  Time/Image: 0.4037
2020-04-26 02:14:46,655 INFO Iter [12300/50000]  Loss: 0.8919  Time/Image: 0.4068
2020-04-26 02:15:27,304 INFO Iter [12400/50000]  Loss: 1.0350  Time/Image: 0.4026
2020-04-26 02:16:08,131 INFO Iter [12500/50000]  Loss: 1.6423  Time/Image: 0.4042
2020-04-26 02:19:46,538 INFO Iter 12500 Loss: 0.9068
2020-04-26 02:19:46,548 INFO Overall Acc: 	: 0.7788324525010453
2020-04-26 02:19:46,548 INFO Mean Acc : 	: 0.12072035592135047
2020-04-26 02:19:46,548 INFO FreqW Acc : 	: 0.6230155266801164
2020-04-26 02:19:46,548 INFO Mean IoU : 	: 0.09658598904116522
2020-04-26 02:19:46,548 INFO 0: 0.7881665018586796
2020-04-26 02:19:46,548 INFO 1: 0.06613394610324483
2020-04-26 02:19:46,548 INFO 2: 0.0075236055736430055
2020-04-26 02:19:46,548 INFO 3: 0.0013636365716346204
2020-04-26 02:19:46,548 INFO 4: 0.00022795739908670445
2020-04-26 02:19:46,548 INFO 5: 2.3917611109002433e-05
2020-04-26 02:19:46,548 INFO 6: 0.13310236551430002
2020-04-26 02:19:46,548 INFO 7: 0.14811162144368187
2020-04-26 02:19:46,548 INFO 8: 0.26073886849167505
2020-04-26 02:19:46,548 INFO 9: 0.00011010940828427425
2020-04-26 02:19:46,548 INFO 10: 0.00011273175630019087
2020-04-26 02:19:46,548 INFO 11: 0.000168841731851594
2020-04-26 02:19:46,548 INFO 12: 0.2134303312852928
2020-04-26 02:19:46,548 INFO 13: 0.0018902531847665865
2020-04-26 02:19:46,548 INFO 14: 0.03418440467314393
2020-04-26 02:19:46,548 INFO 15: 0.367783252795494
2020-04-26 02:19:46,548 INFO 16: 2.425585071332414e-06
2020-04-26 02:19:46,548 INFO 17: 0.0002354028350330929
2020-04-26 02:19:46,548 INFO 18: 5.679253000395253e-05
2020-04-26 02:19:46,548 INFO 19: 0.004829350965745539
2020-04-26 02:19:46,548 INFO 20: 0.00010945254642752501
2020-04-26 02:20:28,314 INFO Iter [12600/50000]  Loss: 0.0896  Time/Image: 0.4047
2020-04-26 02:21:08,919 INFO Iter [12700/50000]  Loss: 0.3714  Time/Image: 0.4020
2020-04-26 02:21:49,593 INFO Iter [12800/50000]  Loss: 1.0895  Time/Image: 0.4020
2020-04-26 02:22:30,520 INFO Iter [12900/50000]  Loss: 3.7941  Time/Image: 0.4054
2020-04-26 02:23:11,611 INFO Iter [13000/50000]  Loss: 0.8346  Time/Image: 0.4064
2020-04-26 02:23:52,495 INFO Iter [13100/50000]  Loss: 0.3929  Time/Image: 0.4048
2020-04-26 02:24:33,496 INFO Iter [13200/50000]  Loss: 0.5423  Time/Image: 0.4058
2020-04-26 02:25:14,212 INFO Iter [13300/50000]  Loss: 1.0324  Time/Image: 0.4031
2020-04-26 02:25:55,252 INFO Iter [13400/50000]  Loss: 0.2251  Time/Image: 0.4070
2020-04-26 02:26:35,631 INFO Iter [13500/50000]  Loss: 1.0689  Time/Image: 0.3988
2020-04-26 02:27:16,851 INFO Iter [13600/50000]  Loss: 0.4811  Time/Image: 0.4081
2020-04-26 02:27:57,170 INFO Iter [13700/50000]  Loss: 1.6934  Time/Image: 0.3990
2020-04-26 02:28:38,136 INFO Iter [13800/50000]  Loss: 0.6109  Time/Image: 0.4054
2020-04-26 02:29:18,567 INFO Iter [13900/50000]  Loss: 0.9200  Time/Image: 0.4001
2020-04-26 02:29:59,609 INFO Iter [14000/50000]  Loss: 3.8169  Time/Image: 0.4057
2020-04-26 02:30:40,098 INFO Iter [14100/50000]  Loss: 0.2848  Time/Image: 0.4008
2020-04-26 02:31:20,728 INFO Iter [14200/50000]  Loss: 0.6015  Time/Image: 0.4022
2020-04-26 02:32:01,648 INFO Iter [14300/50000]  Loss: 0.6458  Time/Image: 0.4051
2020-04-26 02:32:42,469 INFO Iter [14400/50000]  Loss: 0.1196  Time/Image: 0.4038
2020-04-26 02:33:23,287 INFO Iter [14500/50000]  Loss: 0.2996  Time/Image: 0.4038
2020-04-26 02:34:03,735 INFO Iter [14600/50000]  Loss: 1.2643  Time/Image: 0.4001
2020-04-26 02:34:44,571 INFO Iter [14700/50000]  Loss: 1.1141  Time/Image: 0.4046
2020-04-26 02:35:25,636 INFO Iter [14800/50000]  Loss: 0.5581  Time/Image: 0.4063
2020-04-26 02:36:06,478 INFO Iter [14900/50000]  Loss: 1.4029  Time/Image: 0.4042
2020-04-26 02:36:47,195 INFO Iter [15000/50000]  Loss: 1.3718  Time/Image: 0.4032
2020-04-26 02:40:27,275 INFO Iter 15000 Loss: 0.8750
2020-04-26 02:40:27,275 INFO Overall Acc: 	: 0.7822706897061806
2020-04-26 02:40:27,275 INFO Mean Acc : 	: 0.1318583856944978
2020-04-26 02:40:27,275 INFO FreqW Acc : 	: 0.6276398149355672
2020-04-26 02:40:27,275 INFO Mean IoU : 	: 0.10500769679456427
2020-04-26 02:40:27,275 INFO 0: 0.789764881727687
2020-04-26 02:40:27,275 INFO 1: 0.08871815173775556
2020-04-26 02:40:27,275 INFO 2: 0.012597307114846195
2020-04-26 02:40:27,275 INFO 3: 0.002074944040779077
2020-04-26 02:40:27,275 INFO 4: 0.0002376695142859245
2020-04-26 02:40:27,290 INFO 5: 4.0548865281593676e-05
2020-04-26 02:40:27,290 INFO 6: 0.06745515157546206
2020-04-26 02:40:27,290 INFO 7: 0.2572080128481647
2020-04-26 02:40:27,290 INFO 8: 0.30904937745146366
2020-04-26 02:40:27,290 INFO 9: 0.0001438455944466199
2020-04-26 02:40:27,290 INFO 10: 0.00019114883473117218
2020-04-26 02:40:27,290 INFO 11: 0.0005991402388956088
2020-04-26 02:40:27,290 INFO 12: 0.21108357928017835
2020-04-26 02:40:27,290 INFO 13: 0.003336846580341169
2020-04-26 02:40:27,290 INFO 14: 0.06064411234668524
2020-04-26 02:40:27,290 INFO 15: 0.398501080550484
2020-04-26 02:40:27,290 INFO 16: 4.849938850354328e-06
2020-04-26 02:40:27,290 INFO 17: 0.00027201979602128467
2020-04-26 02:40:27,290 INFO 18: 0.0001388796031486646
2020-04-26 02:40:27,290 INFO 19: 0.0030437084279800767
2020-04-26 02:40:27,290 INFO 20: 5.6376618361300834e-05
2020-04-26 02:41:09,422 INFO Iter [15100/50000]  Loss: 0.7121  Time/Image: 0.4044
2020-04-26 02:41:50,358 INFO Iter [15200/50000]  Loss: 1.3879  Time/Image: 0.4051
2020-04-26 02:42:31,393 INFO Iter [15300/50000]  Loss: 0.9551  Time/Image: 0.4058
2020-04-26 02:43:12,330 INFO Iter [15400/50000]  Loss: 0.4133  Time/Image: 0.4050
2020-04-26 02:43:53,066 INFO Iter [15500/50000]  Loss: 1.6804  Time/Image: 0.4035
2020-04-26 02:44:34,104 INFO Iter [15600/50000]  Loss: 0.8843  Time/Image: 0.4062
2020-04-26 02:45:15,089 INFO Iter [15700/50000]  Loss: 0.8280  Time/Image: 0.4056
2020-04-26 02:45:55,783 INFO Iter [15800/50000]  Loss: 1.0533  Time/Image: 0.4029
2020-04-26 02:46:36,643 INFO Iter [15900/50000]  Loss: 1.0849  Time/Image: 0.4039
2020-04-26 02:47:17,931 INFO Iter [16000/50000]  Loss: 0.7647  Time/Image: 0.4088
2020-04-26 02:47:58,734 INFO Iter [16100/50000]  Loss: 0.3048  Time/Image: 0.4038
2020-04-26 02:48:39,341 INFO Iter [16200/50000]  Loss: 0.0334  Time/Image: 0.4020
2020-04-26 02:49:20,598 INFO Iter [16300/50000]  Loss: 0.3074  Time/Image: 0.4084
2020-04-26 02:50:01,437 INFO Iter [16400/50000]  Loss: 0.7009  Time/Image: 0.4037
2020-04-26 02:50:42,435 INFO Iter [16500/50000]  Loss: 1.1150  Time/Image: 0.4057
2020-04-26 02:51:23,462 INFO Iter [16600/50000]  Loss: 0.6003  Time/Image: 0.4064
2020-04-26 02:52:04,017 INFO Iter [16700/50000]  Loss: 0.9321  Time/Image: 0.4017
2020-04-26 02:52:45,210 INFO Iter [16800/50000]  Loss: 0.4781  Time/Image: 0.4068
2020-04-26 02:53:25,824 INFO Iter [16900/50000]  Loss: 0.5125  Time/Image: 0.4018
2020-04-26 02:54:06,607 INFO Iter [17000/50000]  Loss: 0.5490  Time/Image: 0.4033
2020-04-26 02:54:47,325 INFO Iter [17100/50000]  Loss: 0.2407  Time/Image: 0.4030
2020-04-26 02:55:28,266 INFO Iter [17200/50000]  Loss: 0.8159  Time/Image: 0.4055
2020-04-26 02:56:09,336 INFO Iter [17300/50000]  Loss: 0.8124  Time/Image: 0.4065
2020-04-26 02:56:50,373 INFO Iter [17400/50000]  Loss: 0.7892  Time/Image: 0.4060
2020-04-26 02:57:31,446 INFO Iter [17500/50000]  Loss: 0.3664  Time/Image: 0.4062
2020-04-26 03:01:14,723 INFO Iter 17500 Loss: 0.8409
2020-04-26 03:01:14,723 INFO Overall Acc: 	: 0.784742242409649
2020-04-26 03:01:14,723 INFO Mean Acc : 	: 0.14205554761697772
2020-04-26 03:01:14,723 INFO FreqW Acc : 	: 0.6333546110711393
2020-04-26 03:01:14,723 INFO Mean IoU : 	: 0.11336406107202845
2020-04-26 03:01:14,723 INFO 0: 0.7929820277845286
2020-04-26 03:01:14,723 INFO 1: 0.13771523680115985
2020-04-26 03:01:14,723 INFO 2: 0.010535249835259382
2020-04-26 03:01:14,723 INFO 3: 0.005662054220224588
2020-04-26 03:01:14,723 INFO 4: 0.00032934606018854507
2020-04-26 03:01:14,723 INFO 5: 6.543676704978335e-05
2020-04-26 03:01:14,723 INFO 6: 0.14500666674063278
2020-04-26 03:01:14,723 INFO 7: 0.19241772075894142
2020-04-26 03:01:14,723 INFO 8: 0.34361814149310915
2020-04-26 03:01:14,723 INFO 9: 0.00018791610412895263
2020-04-26 03:01:14,723 INFO 10: 0.00030374022901879166
2020-04-26 03:01:14,723 INFO 11: 0.0004445781129607799
2020-04-26 03:01:14,723 INFO 12: 0.20958969588533838
2020-04-26 03:01:14,723 INFO 13: 0.003493910634040059
2020-04-26 03:01:14,723 INFO 14: 0.10609005575713568
2020-04-26 03:01:14,723 INFO 15: 0.4237117442275028
2020-04-26 03:01:14,723 INFO 16: 1.3751642107851703e-05
2020-04-26 03:01:14,723 INFO 17: 0.000601955349046414
2020-04-26 03:01:14,723 INFO 18: 0.0005411129655084956
2020-04-26 03:01:14,723 INFO 19: 0.00730561005709048
2020-04-26 03:01:14,723 INFO 20: 2.93310876249321e-05
2020-04-26 03:01:56,162 INFO Iter [17600/50000]  Loss: 1.0833  Time/Image: 0.4016
2020-04-26 03:02:43,790 INFO Iter [17700/50000]  Loss: 1.5639  Time/Image: 0.3972
2020-04-26 03:03:24,495 INFO Iter [17800/50000]  Loss: 1.8151  Time/Image: 0.4033
2020-04-26 03:04:05,504 INFO Iter [17900/50000]  Loss: 1.0611  Time/Image: 0.4056
2020-04-26 03:04:46,046 INFO Iter [18000/50000]  Loss: 0.3179  Time/Image: 0.4010
2020-04-26 03:05:26,767 INFO Iter [18100/50000]  Loss: 0.0081  Time/Image: 0.4031
2020-04-26 03:06:07,497 INFO Iter [18200/50000]  Loss: 3.2660  Time/Image: 0.4031
2020-04-26 03:06:47,565 INFO Iter [18300/50000]  Loss: 0.6459  Time/Image: 0.3976
2020-04-26 03:07:28,693 INFO Iter [18400/50000]  Loss: 1.3485  Time/Image: 0.4071
2020-04-26 03:08:09,711 INFO Iter [18500/50000]  Loss: 0.4601  Time/Image: 0.4063
2020-04-26 03:08:50,859 INFO Iter [18600/50000]  Loss: 0.8590  Time/Image: 0.4076
2020-04-26 03:09:31,231 INFO Iter [18700/50000]  Loss: 0.1480  Time/Image: 0.4001
2020-04-26 03:10:12,034 INFO Iter [18800/50000]  Loss: 0.1187  Time/Image: 0.4038
2020-04-26 03:10:52,760 INFO Iter [18900/50000]  Loss: 0.1809  Time/Image: 0.4032
2020-04-26 03:11:33,285 INFO Iter [19000/50000]  Loss: 0.4984  Time/Image: 0.4010
2020-04-26 03:12:14,152 INFO Iter [19100/50000]  Loss: 0.6126  Time/Image: 0.4046
2020-04-26 03:12:55,023 INFO Iter [19200/50000]  Loss: 0.0793  Time/Image: 0.4046
2020-04-26 03:13:35,186 INFO Iter [19300/50000]  Loss: 3.4722  Time/Image: 0.3973
2020-04-26 03:14:15,778 INFO Iter [19400/50000]  Loss: 1.0095  Time/Image: 0.4020
2020-04-26 03:14:56,395 INFO Iter [19500/50000]  Loss: 0.4027  Time/Image: 0.4018
2020-04-26 03:15:36,908 INFO Iter [19600/50000]  Loss: 0.4590  Time/Image: 0.4007
2020-04-26 03:16:17,647 INFO Iter [19700/50000]  Loss: 0.6357  Time/Image: 0.4030
2020-04-26 03:16:58,460 INFO Iter [19800/50000]  Loss: 0.3511  Time/Image: 0.4039
2020-04-26 03:17:39,190 INFO Iter [19900/50000]  Loss: 1.1650  Time/Image: 0.4031
2020-04-26 03:18:19,489 INFO Iter [20000/50000]  Loss: 0.5508  Time/Image: 0.3986
2020-04-26 03:21:57,522 INFO Iter 20000 Loss: 0.8037
2020-04-26 03:21:57,522 INFO Overall Acc: 	: 0.7916214954584966
2020-04-26 03:21:57,522 INFO Mean Acc : 	: 0.16100300542466073
2020-04-26 03:21:57,522 INFO FreqW Acc : 	: 0.6435403543263694
2020-04-26 03:21:57,522 INFO Mean IoU : 	: 0.13000655040324324
2020-04-26 03:21:57,522 INFO 0: 0.7995194085329184
2020-04-26 03:21:57,522 INFO 1: 0.18381256446134947
2020-04-26 03:21:57,522 INFO 2: 0.028579232152227584
2020-04-26 03:21:57,522 INFO 3: 0.009204005856557928
2020-04-26 03:21:57,522 INFO 4: 0.0005846370298971787
2020-04-26 03:21:57,522 INFO 5: 0.00013440323148958738
2020-04-26 03:21:57,522 INFO 6: 0.24137938786888838
2020-04-26 03:21:57,522 INFO 7: 0.24939575510011888
2020-04-26 03:21:57,522 INFO 8: 0.35897009029470084
2020-04-26 03:21:57,522 INFO 9: 0.00013734745378046515
2020-04-26 03:21:57,522 INFO 10: 0.000560417467699363
2020-04-26 03:21:57,522 INFO 11: 0.00013070682147082023
2020-04-26 03:21:57,522 INFO 12: 0.2688976863129072
2020-04-26 03:21:57,522 INFO 13: 0.0050822585743609365
2020-04-26 03:21:57,522 INFO 14: 0.12568452517912201
2020-04-26 03:21:57,522 INFO 15: 0.43467643258931643
2020-04-26 03:21:57,522 INFO 16: 1.535225754947265e-05
2020-04-26 03:21:57,522 INFO 17: 0.001251724143253217
2020-04-26 03:21:57,522 INFO 18: 0.001966111266058584
2020-04-26 03:21:57,522 INFO 19: 0.020063619385271105
2020-04-26 03:21:57,522 INFO 20: 9.189248917021647e-05
2020-04-26 03:22:38,777 INFO Iter [20100/50000]  Loss: 0.9481  Time/Image: 0.3999
2020-04-26 03:23:19,626 INFO Iter [20200/50000]  Loss: 0.9362  Time/Image: 0.4047
2020-04-26 03:24:00,478 INFO Iter [20300/50000]  Loss: 0.3053  Time/Image: 0.4040
2020-04-26 03:24:41,403 INFO Iter [20400/50000]  Loss: 0.5009  Time/Image: 0.4052
2020-04-26 03:25:22,627 INFO Iter [20500/50000]  Loss: 1.4060  Time/Image: 0.4081
2020-04-26 03:26:03,726 INFO Iter [20600/50000]  Loss: 1.1647  Time/Image: 0.4068
2020-04-26 03:26:44,652 INFO Iter [20700/50000]  Loss: 0.1455  Time/Image: 0.4052
2020-04-26 03:27:25,404 INFO Iter [20800/50000]  Loss: 0.1834  Time/Image: 0.4036
2020-04-26 03:28:06,171 INFO Iter [20900/50000]  Loss: 3.1963  Time/Image: 0.4044
2020-04-26 03:28:46,671 INFO Iter [21000/50000]  Loss: 0.2931  Time/Image: 0.4009
2020-04-26 03:29:27,257 INFO Iter [21100/50000]  Loss: 0.9986  Time/Image: 0.4012
2020-04-26 03:30:08,188 INFO Iter [21200/50000]  Loss: 0.7300  Time/Image: 0.4053
2020-04-26 03:30:49,203 INFO Iter [21300/50000]  Loss: 0.4873  Time/Image: 0.4058
2020-04-26 03:31:30,086 INFO Iter [21400/50000]  Loss: 0.4095  Time/Image: 0.4035
2020-04-26 03:32:11,090 INFO Iter [21500/50000]  Loss: 0.7550  Time/Image: 0.4060
2020-04-26 03:32:52,312 INFO Iter [21600/50000]  Loss: 0.4330  Time/Image: 0.4083
2020-04-26 03:33:33,347 INFO Iter [21700/50000]  Loss: 0.1771  Time/Image: 0.4066
2020-04-26 03:34:14,452 INFO Iter [21800/50000]  Loss: 1.0726  Time/Image: 0.4071
2020-04-26 03:34:55,818 INFO Iter [21900/50000]  Loss: 0.1026  Time/Image: 0.4097
2020-04-26 03:35:36,448 INFO Iter [22000/50000]  Loss: 1.6893  Time/Image: 0.4024
2020-04-26 03:36:17,366 INFO Iter [22100/50000]  Loss: 1.3012  Time/Image: 0.4048
2020-04-26 03:36:58,280 INFO Iter [22200/50000]  Loss: 0.4162  Time/Image: 0.4052
2020-04-26 03:37:39,060 INFO Iter [22300/50000]  Loss: 3.0850  Time/Image: 0.4037
2020-04-26 03:38:20,160 INFO Iter [22400/50000]  Loss: 0.6779  Time/Image: 0.4068
2020-04-26 03:39:00,952 INFO Iter [22500/50000]  Loss: 2.5917  Time/Image: 0.4037
2020-04-26 03:42:38,394 INFO Iter 22500 Loss: 0.7751
2020-04-26 03:42:38,394 INFO Overall Acc: 	: 0.795253643044094
2020-04-26 03:42:38,394 INFO Mean Acc : 	: 0.18383945516104241
2020-04-26 03:42:38,394 INFO FreqW Acc : 	: 0.6525385548917142
2020-04-26 03:42:38,394 INFO Mean IoU : 	: 0.14639294204070497
2020-04-26 03:42:38,394 INFO 0: 0.805481302434902
2020-04-26 03:42:38,394 INFO 1: 0.2353382233836793
2020-04-26 03:42:38,394 INFO 2: 0.05627646496380276
2020-04-26 03:42:38,394 INFO 3: 0.03373747199788956
2020-04-26 03:42:38,394 INFO 4: 0.0012671838637984545
2020-04-26 03:42:38,394 INFO 5: 0.00018201910526460444
2020-04-26 03:42:38,394 INFO 6: 0.28848905520503176
2020-04-26 03:42:38,394 INFO 7: 0.31539671322615076
2020-04-26 03:42:38,394 INFO 8: 0.3466514849541802
2020-04-26 03:42:38,394 INFO 9: 0.0003677149104900815
2020-04-26 03:42:38,394 INFO 10: 0.000508339062154457
2020-04-26 03:42:38,394 INFO 11: 0.00237394096493877
2020-04-26 03:42:38,394 INFO 12: 0.2775614741500087
2020-04-26 03:42:38,394 INFO 13: 0.011791741296994685
2020-04-26 03:42:38,394 INFO 14: 0.1683959151161686
2020-04-26 03:42:38,394 INFO 15: 0.45657196962200464
2020-04-26 03:42:38,394 INFO 16: 3.637909931817484e-05
2020-04-26 03:42:38,394 INFO 17: 0.016214286147176526
2020-04-26 03:42:38,394 INFO 18: 0.0033029821226415366
2020-04-26 03:42:38,410 INFO 19: 0.05418928027740698
2020-04-26 03:42:38,410 INFO 20: 0.00011784095080168495
2020-04-26 03:43:20,034 INFO Iter [22600/50000]  Loss: 0.1322  Time/Image: 0.4036
2020-04-26 03:44:01,236 INFO Iter [22700/50000]  Loss: 0.5514  Time/Image: 0.4076
2020-04-26 03:44:42,138 INFO Iter [22800/50000]  Loss: 0.3725  Time/Image: 0.4051
2020-04-26 03:45:22,853 INFO Iter [22900/50000]  Loss: 0.4104  Time/Image: 0.4031
2020-04-26 03:46:03,470 INFO Iter [23000/50000]  Loss: 0.7699  Time/Image: 0.4023
2020-04-26 03:46:44,347 INFO Iter [23100/50000]  Loss: 0.2858  Time/Image: 0.4045
2020-04-26 03:47:25,161 INFO Iter [23200/50000]  Loss: 1.0376  Time/Image: 0.4041
2020-04-26 03:48:06,231 INFO Iter [23300/50000]  Loss: 0.6766  Time/Image: 0.4066
2020-04-26 03:48:46,981 INFO Iter [23400/50000]  Loss: 1.2455  Time/Image: 0.4031
2020-04-26 03:49:27,733 INFO Iter [23500/50000]  Loss: 0.1798  Time/Image: 0.4033
2020-04-26 03:50:08,535 INFO Iter [23600/50000]  Loss: 0.5028  Time/Image: 0.4036
2020-04-26 03:50:49,311 INFO Iter [23700/50000]  Loss: 0.9609  Time/Image: 0.4037
2020-04-26 03:51:30,142 INFO Iter [23800/50000]  Loss: 1.2972  Time/Image: 0.4041
2020-04-26 03:52:11,078 INFO Iter [23900/50000]  Loss: 0.4167  Time/Image: 0.4056
2020-04-26 03:52:52,019 INFO Iter [24000/50000]  Loss: 0.3566  Time/Image: 0.4053
2020-04-26 03:53:32,687 INFO Iter [24100/50000]  Loss: 0.1799  Time/Image: 0.4032
2020-04-26 03:54:12,789 INFO Iter [24200/50000]  Loss: 0.3710  Time/Image: 0.3968
2020-04-26 03:54:53,316 INFO Iter [24300/50000]  Loss: 0.5911  Time/Image: 0.4012
2020-04-26 03:55:34,382 INFO Iter [24400/50000]  Loss: 1.2265  Time/Image: 0.4068
2020-04-26 03:56:15,458 INFO Iter [24500/50000]  Loss: 0.1716  Time/Image: 0.4067
2020-04-26 03:56:56,427 INFO Iter [24600/50000]  Loss: 0.5930  Time/Image: 0.4058
2020-04-26 03:57:37,081 INFO Iter [24700/50000]  Loss: 0.2301  Time/Image: 0.4023
2020-04-26 03:58:18,010 INFO Iter [24800/50000]  Loss: 0.1863  Time/Image: 0.4052
2020-04-26 03:58:58,929 INFO Iter [24900/50000]  Loss: 0.5367  Time/Image: 0.4048
2020-04-26 03:59:39,892 INFO Iter [25000/50000]  Loss: 0.7548  Time/Image: 0.4054
2020-04-26 04:03:20,955 INFO Iter 25000 Loss: 0.7574
2020-04-26 04:03:20,955 INFO Overall Acc: 	: 0.7985536506984714
2020-04-26 04:03:20,955 INFO Mean Acc : 	: 0.19229437663700144
2020-04-26 04:03:20,955 INFO FreqW Acc : 	: 0.6564534539080366
2020-04-26 04:03:20,955 INFO Mean IoU : 	: 0.15289111678649445
2020-04-26 04:03:20,955 INFO 0: 0.8070778450226921
2020-04-26 04:03:20,955 INFO 1: 0.26481567959690894
2020-04-26 04:03:20,955 INFO 2: 0.06583575972763533
2020-04-26 04:03:20,955 INFO 3: 0.05260570602668236
2020-04-26 04:03:20,955 INFO 4: 0.00129544916072828
2020-04-26 04:03:20,955 INFO 5: 0.00011792024020404877
2020-04-26 04:03:20,955 INFO 6: 0.27070595342495635
2020-04-26 04:03:20,955 INFO 7: 0.34102564102564104
2020-04-26 04:03:20,955 INFO 8: 0.4113203217503364
2020-04-26 04:03:20,965 INFO 9: 0.00037362969322617313
2020-04-26 04:03:20,965 INFO 10: 0.0003254949985282402
2020-04-26 04:03:20,965 INFO 11: 0.002150960225690202
2020-04-26 04:03:20,965 INFO 12: 0.2778791327753999
2020-04-26 04:03:20,965 INFO 13: 0.01176108139468761
2020-04-26 04:03:20,965 INFO 14: 0.16036979516522198
2020-04-26 04:03:20,965 INFO 15: 0.47662782804408865
2020-04-26 04:03:20,965 INFO 16: 6.619015138979138e-05
2020-04-26 04:03:20,965 INFO 17: 0.013983561822572474
2020-04-26 04:03:20,965 INFO 18: 0.004793356825451875
2020-04-26 04:03:20,965 INFO 19: 0.047450750737462764
2020-04-26 04:03:20,965 INFO 20: 0.00013139470687983812
2020-04-26 04:04:02,529 INFO Iter [25100/50000]  Loss: 0.0564  Time/Image: 0.4030
2020-04-26 04:04:43,298 INFO Iter [25200/50000]  Loss: 0.9951  Time/Image: 0.4036
2020-04-26 04:05:24,123 INFO Iter [25300/50000]  Loss: 0.9966  Time/Image: 0.4040
2020-04-26 04:06:04,842 INFO Iter [25400/50000]  Loss: 0.6042  Time/Image: 0.4033
2020-04-26 04:06:45,704 INFO Iter [25500/50000]  Loss: 1.5336  Time/Image: 0.4047
2020-04-26 04:07:26,643 INFO Iter [25600/50000]  Loss: 0.1990  Time/Image: 0.4052
2020-04-26 04:08:07,331 INFO Iter [25700/50000]  Loss: 0.8939  Time/Image: 0.4028
2020-04-26 04:08:47,740 INFO Iter [25800/50000]  Loss: 0.2834  Time/Image: 0.4002
2020-04-26 04:09:28,368 INFO Iter [25900/50000]  Loss: 2.5885  Time/Image: 0.4020
2020-04-26 04:10:09,290 INFO Iter [26000/50000]  Loss: 0.7364  Time/Image: 0.4053
2020-04-26 04:10:50,282 INFO Iter [26100/50000]  Loss: 0.5810  Time/Image: 0.4058
2020-04-26 04:11:31,269 INFO Iter [26200/50000]  Loss: 0.9289  Time/Image: 0.4056
2020-04-26 04:12:11,588 INFO Iter [26300/50000]  Loss: 0.3430  Time/Image: 0.3990
2020-04-26 04:12:52,386 INFO Iter [26400/50000]  Loss: 0.6268  Time/Image: 0.4041
2020-04-26 04:13:40,562 INFO Iter [26500/50000]  Loss: 0.4362  Time/Image: 0.4022
2020-04-26 04:14:21,383 INFO Iter [26600/50000]  Loss: 0.9393  Time/Image: 0.4038
2020-04-26 04:15:02,310 INFO Iter [26700/50000]  Loss: 0.2073  Time/Image: 0.4050
2020-04-26 04:15:43,153 INFO Iter [26800/50000]  Loss: 0.2040  Time/Image: 0.4037
2020-04-26 04:16:24,116 INFO Iter [26900/50000]  Loss: 4.0577  Time/Image: 0.4062
2020-04-26 04:17:04,935 INFO Iter [27000/50000]  Loss: 0.1454  Time/Image: 0.4041
2020-04-26 04:17:45,859 INFO Iter [27100/50000]  Loss: 0.2276  Time/Image: 0.4049
2020-04-26 04:18:26,438 INFO Iter [27200/50000]  Loss: 0.3619  Time/Image: 0.4020
2020-04-26 04:19:07,416 INFO Iter [27300/50000]  Loss: 0.3842  Time/Image: 0.4056
2020-04-26 04:19:48,038 INFO Iter [27400/50000]  Loss: 0.0292  Time/Image: 0.4022
2020-04-26 04:20:28,882 INFO Iter [27500/50000]  Loss: 0.1895  Time/Image: 0.4041
2020-04-26 04:24:11,204 INFO Iter 27500 Loss: 0.7390
2020-04-26 04:24:11,204 INFO Overall Acc: 	: 0.800427950476726
2020-04-26 04:24:11,204 INFO Mean Acc : 	: 0.214860934244565
2020-04-26 04:24:11,204 INFO FreqW Acc : 	: 0.6637458096161435
2020-04-26 04:24:11,204 INFO Mean IoU : 	: 0.16943811486797267
2020-04-26 04:24:11,204 INFO 0: 0.8126381998058195
2020-04-26 04:24:11,204 INFO 1: 0.2894128107039117
2020-04-26 04:24:11,204 INFO 2: 0.08307533061296052
2020-04-26 04:24:11,204 INFO 3: 0.09878417895285327
2020-04-26 04:24:11,204 INFO 4: 0.002746330421300919
2020-04-26 04:24:11,204 INFO 5: 0.00016204425054534122
2020-04-26 04:24:11,204 INFO 6: 0.22228385507209422
2020-04-26 04:24:11,220 INFO 7: 0.34948338815090746
2020-04-26 04:24:11,220 INFO 8: 0.41120379271869295
2020-04-26 04:24:11,220 INFO 9: 0.00033639829558196907
2020-04-26 04:24:11,220 INFO 10: 0.0005373832631416677
2020-04-26 04:24:11,220 INFO 11: 0.0028129231336539453
2020-04-26 04:24:11,220 INFO 12: 0.3012196771334776
2020-04-26 04:24:11,220 INFO 13: 0.06569835801643568
2020-04-26 04:24:11,220 INFO 14: 0.25120840049750004
2020-04-26 04:24:11,220 INFO 15: 0.4822740901521062
2020-04-26 04:24:11,220 INFO 16: 0.00017837613149791558
2020-04-26 04:24:11,220 INFO 17: 0.11457797835115602
2020-04-26 04:24:11,220 INFO 18: 0.013339719485867063
2020-04-26 04:24:11,220 INFO 19: 0.05599770108381695
2020-04-26 04:24:11,220 INFO 20: 0.00022947599410466586
2020-04-26 04:24:53,241 INFO Iter [27600/50000]  Loss: 0.8934  Time/Image: 0.4045
2020-04-26 04:25:33,824 INFO Iter [27700/50000]  Loss: 0.4236  Time/Image: 0.4017
2020-04-26 04:26:14,893 INFO Iter [27800/50000]  Loss: 0.7180  Time/Image: 0.4064
2020-04-26 04:26:55,424 INFO Iter [27900/50000]  Loss: 0.1857  Time/Image: 0.4011
2020-04-26 04:27:35,939 INFO Iter [28000/50000]  Loss: 0.8955  Time/Image: 0.4008
2020-04-26 04:28:16,829 INFO Iter [28100/50000]  Loss: 0.2935  Time/Image: 0.4045
2020-04-26 04:28:57,771 INFO Iter [28200/50000]  Loss: 0.7938  Time/Image: 0.4054
2020-04-26 04:29:38,318 INFO Iter [28300/50000]  Loss: 0.4722  Time/Image: 0.4013
2020-04-26 04:30:19,265 INFO Iter [28400/50000]  Loss: 1.8823  Time/Image: 0.4053
2020-04-26 04:31:00,075 INFO Iter [28500/50000]  Loss: 0.6361  Time/Image: 0.4037
2020-04-26 04:31:40,922 INFO Iter [28600/50000]  Loss: 0.0350  Time/Image: 0.4038
2020-04-26 04:32:21,740 INFO Iter [28700/50000]  Loss: 1.5184  Time/Image: 0.4043
2020-04-26 04:33:02,601 INFO Iter [28800/50000]  Loss: 0.3435  Time/Image: 0.4042
2020-04-26 04:33:43,246 INFO Iter [28900/50000]  Loss: 0.5799  Time/Image: 0.4024
2020-04-26 04:34:23,700 INFO Iter [29000/50000]  Loss: 0.7143  Time/Image: 0.4005
2020-04-26 04:35:04,332 INFO Iter [29100/50000]  Loss: 0.7887  Time/Image: 0.4027
2020-04-26 04:35:45,088 INFO Iter [29200/50000]  Loss: 0.6447  Time/Image: 0.4033
2020-04-26 04:36:26,209 INFO Iter [29300/50000]  Loss: 0.3494  Time/Image: 0.4073
2020-04-26 04:37:07,027 INFO Iter [29400/50000]  Loss: 0.7636  Time/Image: 0.4043
2020-04-26 04:37:47,957 INFO Iter [29500/50000]  Loss: 0.6653  Time/Image: 0.4051
2020-04-26 04:38:28,391 INFO Iter [29600/50000]  Loss: 0.0487  Time/Image: 0.4004
2020-04-26 04:39:09,625 INFO Iter [29700/50000]  Loss: 0.5354  Time/Image: 0.4083
2020-04-26 04:39:50,624 INFO Iter [29800/50000]  Loss: 0.9524  Time/Image: 0.4056
2020-04-26 04:40:31,232 INFO Iter [29900/50000]  Loss: 0.8117  Time/Image: 0.4020
2020-04-26 04:41:12,040 INFO Iter [30000/50000]  Loss: 0.1701  Time/Image: 0.4039
2020-04-26 04:44:56,043 INFO Iter 30000 Loss: 0.7156
2020-04-26 04:44:56,043 INFO Overall Acc: 	: 0.8036798066400987
2020-04-26 04:44:56,043 INFO Mean Acc : 	: 0.21372457679007312
2020-04-26 04:44:56,059 INFO FreqW Acc : 	: 0.6640194248184703
2020-04-26 04:44:56,059 INFO Mean IoU : 	: 0.17147291173557408
2020-04-26 04:44:56,059 INFO 0: 0.8104076921753435
2020-04-26 04:44:56,059 INFO 1: 0.30474305203630464
2020-04-26 04:44:56,059 INFO 2: 0.07081859371119868
2020-04-26 04:44:56,059 INFO 3: 0.09253166241275448
2020-04-26 04:44:56,059 INFO 4: 0.002053954044794084
2020-04-26 04:44:56,059 INFO 5: 0.00020097339673083274
2020-04-26 04:44:56,059 INFO 6: 0.3092860506538323
2020-04-26 04:44:56,059 INFO 7: 0.3691088060372026
2020-04-26 04:44:56,059 INFO 8: 0.44718038576376085
2020-04-26 04:44:56,059 INFO 9: 0.0004146712955991836
2020-04-26 04:44:56,059 INFO 10: 0.0005409394314793358
2020-04-26 04:44:56,059 INFO 11: 0.0020095148319032564
2020-04-26 04:44:56,059 INFO 12: 0.28590511881828895
2020-04-26 04:44:56,059 INFO 13: 0.031233958620889908
2020-04-26 04:44:56,059 INFO 14: 0.26780624239726564
2020-04-26 04:44:56,059 INFO 15: 0.48752251170272337
2020-04-26 04:44:56,059 INFO 16: 6.71142567662087e-05
2020-04-26 04:44:56,059 INFO 17: 0.033000709301550156
2020-04-26 04:44:56,059 INFO 18: 0.01868014948692104
2020-04-26 04:44:56,059 INFO 19: 0.06724701863534394
2020-04-26 04:44:56,059 INFO 20: 0.00017202743640202077
2020-04-26 04:45:37,782 INFO Iter [30100/50000]  Loss: 0.4477  Time/Image: 0.4036
2020-04-26 04:46:18,122 INFO Iter [30200/50000]  Loss: 1.2053  Time/Image: 0.3990
2020-04-26 04:46:59,058 INFO Iter [30300/50000]  Loss: 0.1385  Time/Image: 0.4051
2020-04-26 04:47:39,548 INFO Iter [30400/50000]  Loss: 0.3944  Time/Image: 0.4010
2020-04-26 04:48:20,478 INFO Iter [30500/50000]  Loss: 0.3072  Time/Image: 0.4052
2020-04-26 04:49:00,833 INFO Iter [30600/50000]  Loss: 2.0853  Time/Image: 0.3991
2020-04-26 04:49:41,330 INFO Iter [30700/50000]  Loss: 0.8478  Time/Image: 0.4007
2020-04-26 04:50:22,620 INFO Iter [30800/50000]  Loss: 0.5404  Time/Image: 0.4088
2020-04-26 04:51:03,051 INFO Iter [30900/50000]  Loss: 0.6592  Time/Image: 0.4001
2020-04-26 04:51:43,865 INFO Iter [31000/50000]  Loss: 0.1973  Time/Image: 0.4042
2020-04-26 04:52:24,932 INFO Iter [31100/50000]  Loss: 0.3399  Time/Image: 0.4067
2020-04-26 04:53:05,314 INFO Iter [31200/50000]  Loss: 0.8754  Time/Image: 0.3996
2020-04-26 04:53:45,953 INFO Iter [31300/50000]  Loss: 1.2100  Time/Image: 0.4023
2020-04-26 04:54:26,790 INFO Iter [31400/50000]  Loss: 0.5157  Time/Image: 0.4037
2020-04-26 04:55:07,379 INFO Iter [31500/50000]  Loss: 0.6727  Time/Image: 0.4015
2020-04-26 04:55:48,379 INFO Iter [31600/50000]  Loss: 0.4520  Time/Image: 0.4059
2020-04-26 04:56:29,217 INFO Iter [31700/50000]  Loss: 1.1885  Time/Image: 0.4037
2020-04-26 04:57:10,190 INFO Iter [31800/50000]  Loss: 0.1310  Time/Image: 0.4057
2020-04-26 04:57:50,445 INFO Iter [31900/50000]  Loss: 1.4282  Time/Image: 0.3985
2020-04-26 04:58:31,238 INFO Iter [32000/50000]  Loss: 1.2531  Time/Image: 0.4039
2020-04-26 04:59:12,174 INFO Iter [32100/50000]  Loss: 0.3436  Time/Image: 0.4053
2020-04-26 04:59:53,207 INFO Iter [32200/50000]  Loss: 0.8792  Time/Image: 0.4060
2020-04-26 05:00:34,416 INFO Iter [32300/50000]  Loss: 1.1096  Time/Image: 0.4082
2020-04-26 05:01:15,455 INFO Iter [32400/50000]  Loss: 0.0616  Time/Image: 0.4061
2020-04-26 05:01:55,836 INFO Iter [32500/50000]  Loss: 0.3870  Time/Image: 0.4000
2020-04-26 05:05:36,388 INFO Iter 32500 Loss: 0.7056
2020-04-26 05:05:36,388 INFO Overall Acc: 	: 0.8041308028364436
2020-04-26 05:05:36,388 INFO Mean Acc : 	: 0.22127480574742736
2020-04-26 05:05:36,388 INFO FreqW Acc : 	: 0.6663817365258594
2020-04-26 05:05:36,388 INFO Mean IoU : 	: 0.1770545160670067
2020-04-26 05:05:36,388 INFO 0: 0.8121152078115998
2020-04-26 05:05:36,388 INFO 1: 0.28236834933157334
2020-04-26 05:05:36,388 INFO 2: 0.1114808048490356
2020-04-26 05:05:36,388 INFO 3: 0.12218157261667176
2020-04-26 05:05:36,388 INFO 4: 0.0035379351747693347
2020-04-26 05:05:36,388 INFO 5: 0.00028154659466277
2020-04-26 05:05:36,388 INFO 6: 0.28349688960871644
2020-04-26 05:05:36,388 INFO 7: 0.3958495387800229
2020-04-26 05:05:36,388 INFO 8: 0.40416099904335845
2020-04-26 05:05:36,388 INFO 9: 0.0005980799571032307
2020-04-26 05:05:36,388 INFO 10: 0.0005585780313799249
2020-04-26 05:05:36,388 INFO 11: 0.0036184353580066314
2020-04-26 05:05:36,388 INFO 12: 0.30267089038076406
2020-04-26 05:05:36,388 INFO 13: 0.03874263551822762
2020-04-26 05:05:36,388 INFO 14: 0.2568672555587944
2020-04-26 05:05:36,388 INFO 15: 0.5055885756790433
2020-04-26 05:05:36,388 INFO 16: 0.00011478921628066772
2020-04-26 05:05:36,388 INFO 17: 0.09314112456014206
2020-04-26 05:05:36,403 INFO 18: 0.024029001375173466
2020-04-26 05:05:36,403 INFO 19: 0.07630762437247184
2020-04-26 05:05:36,403 INFO 20: 0.0004350035893430882
2020-04-26 05:06:17,985 INFO Iter [32600/50000]  Loss: 0.7916  Time/Image: 0.4033
2020-04-26 05:06:58,794 INFO Iter [32700/50000]  Loss: 0.5118  Time/Image: 0.4047
2020-04-26 05:07:39,853 INFO Iter [32800/50000]  Loss: 1.3332  Time/Image: 0.4064
2020-04-26 05:08:20,670 INFO Iter [32900/50000]  Loss: 0.3020  Time/Image: 0.4041
2020-04-26 05:09:01,576 INFO Iter [33000/50000]  Loss: 0.0959  Time/Image: 0.4051
2020-04-26 05:09:42,458 INFO Iter [33100/50000]  Loss: 0.2300  Time/Image: 0.4051
2020-04-26 05:10:23,043 INFO Iter [33200/50000]  Loss: 0.5896  Time/Image: 0.4021
2020-04-26 05:11:03,756 INFO Iter [33300/50000]  Loss: 0.3339  Time/Image: 0.4032
2020-04-26 05:11:44,576 INFO Iter [33400/50000]  Loss: 0.3367  Time/Image: 0.4045
2020-04-26 05:12:25,158 INFO Iter [33500/50000]  Loss: 0.2319  Time/Image: 0.4019
2020-04-26 05:13:05,657 INFO Iter [33600/50000]  Loss: 0.2723  Time/Image: 0.4011
2020-04-26 05:13:46,099 INFO Iter [33700/50000]  Loss: 0.5581  Time/Image: 0.4002
2020-04-26 05:14:27,016 INFO Iter [33800/50000]  Loss: 0.3599  Time/Image: 0.4049
2020-04-26 05:15:07,921 INFO Iter [33900/50000]  Loss: 1.6700  Time/Image: 0.4051
2020-04-26 05:15:48,530 INFO Iter [34000/50000]  Loss: 1.3536  Time/Image: 0.4019
2020-04-26 05:16:29,757 INFO Iter [34100/50000]  Loss: 2.4660  Time/Image: 0.4081
2020-04-26 05:17:10,608 INFO Iter [34200/50000]  Loss: 0.6087  Time/Image: 0.4035
2020-04-26 05:17:51,133 INFO Iter [34300/50000]  Loss: 0.4895  Time/Image: 0.4012
2020-04-26 05:18:32,004 INFO Iter [34400/50000]  Loss: 0.1496  Time/Image: 0.4047
2020-04-26 05:19:13,155 INFO Iter [34500/50000]  Loss: 0.5503  Time/Image: 0.4075
2020-04-26 05:19:53,981 INFO Iter [34600/50000]  Loss: 0.7484  Time/Image: 0.4041
2020-04-26 05:20:35,239 INFO Iter [34700/50000]  Loss: 0.9208  Time/Image: 0.4083
2020-04-26 05:21:16,382 INFO Iter [34800/50000]  Loss: 1.0167  Time/Image: 0.4071
2020-04-26 05:21:57,123 INFO Iter [34900/50000]  Loss: 3.1386  Time/Image: 0.4037
2020-04-26 05:22:37,910 INFO Iter [35000/50000]  Loss: 0.4873  Time/Image: 0.4039
2020-04-26 05:26:17,663 INFO Iter 35000 Loss: 0.6836
2020-04-26 05:26:17,679 INFO Overall Acc: 	: 0.8069568943854374
2020-04-26 05:26:17,679 INFO Mean Acc : 	: 0.23091226774428833
2020-04-26 05:26:17,679 INFO FreqW Acc : 	: 0.6695594537538561
2020-04-26 05:26:17,679 INFO Mean IoU : 	: 0.18771908679051366
2020-04-26 05:26:17,679 INFO 0: 0.8134101242953687
2020-04-26 05:26:17,679 INFO 1: 0.33104502367859434
2020-04-26 05:26:17,679 INFO 2: 0.11471541347104997
2020-04-26 05:26:17,679 INFO 3: 0.15607127039938484
2020-04-26 05:26:17,679 INFO 4: 0.00458569071966465
2020-04-26 05:26:17,679 INFO 5: 0.0007895589512293117
2020-04-26 05:26:17,679 INFO 6: 0.33070462503335124
2020-04-26 05:26:17,679 INFO 7: 0.39682143522793245
2020-04-26 05:26:17,679 INFO 8: 0.4181363431704655
2020-04-26 05:26:17,679 INFO 9: 0.0012356594416145078
2020-04-26 05:26:17,679 INFO 10: 0.0022317412722210324
2020-04-26 05:26:17,679 INFO 11: 0.006090662260833501
2020-04-26 05:26:17,679 INFO 12: 0.31492887228800764
2020-04-26 05:26:17,679 INFO 13: 0.0421399896818829
2020-04-26 05:26:17,679 INFO 14: 0.2831641712714558
2020-04-26 05:26:17,679 INFO 15: 0.4771695531223041
2020-04-26 05:26:17,679 INFO 16: 0.0002615411067547834
2020-04-26 05:26:17,679 INFO 17: 0.03261784253264702
2020-04-26 05:26:17,679 INFO 18: 0.033228523250268684
2020-04-26 05:26:17,679 INFO 19: 0.18237560760218383
2020-04-26 05:26:17,679 INFO 20: 0.0003771738235728566
2020-04-26 05:26:59,304 INFO Iter [35100/50000]  Loss: 0.7070  Time/Image: 0.4037
2020-04-26 05:27:40,191 INFO Iter [35200/50000]  Loss: 0.2156  Time/Image: 0.4046
2020-04-26 05:28:21,251 INFO Iter [35300/50000]  Loss: 0.2283  Time/Image: 0.4067
2020-04-26 05:29:09,127 INFO Iter [35400/50000]  Loss: 0.2229  Time/Image: 0.3992
2020-04-26 05:29:49,514 INFO Iter [35500/50000]  Loss: 0.0587  Time/Image: 0.3999
2020-04-26 05:30:30,658 INFO Iter [35600/50000]  Loss: 0.0276  Time/Image: 0.4077
2020-04-26 05:31:11,607 INFO Iter [35700/50000]  Loss: 0.5043  Time/Image: 0.4048
2020-04-26 05:31:52,547 INFO Iter [35800/50000]  Loss: 1.0503  Time/Image: 0.4055
2020-04-26 05:32:33,739 INFO Iter [35900/50000]  Loss: 0.5475  Time/Image: 0.4077
2020-04-26 05:33:14,806 INFO Iter [36000/50000]  Loss: 2.3753  Time/Image: 0.4067
2020-04-26 05:33:55,567 INFO Iter [36100/50000]  Loss: 0.8435  Time/Image: 0.4034
2020-04-26 05:34:36,005 INFO Iter [36200/50000]  Loss: 0.3534  Time/Image: 0.4003
2020-04-26 05:35:16,902 INFO Iter [36300/50000]  Loss: 0.6087  Time/Image: 0.4042
2020-04-26 05:35:57,699 INFO Iter [36400/50000]  Loss: 0.2686  Time/Image: 0.4034
2020-04-26 05:36:38,793 INFO Iter [36500/50000]  Loss: 2.8273  Time/Image: 0.4069
2020-04-26 05:37:19,679 INFO Iter [36600/50000]  Loss: 0.4304  Time/Image: 0.4048
2020-04-26 05:38:00,061 INFO Iter [36700/50000]  Loss: 0.1716  Time/Image: 0.3993
2020-04-26 05:38:40,753 INFO Iter [36800/50000]  Loss: 1.9833  Time/Image: 0.4026
2020-04-26 05:39:21,295 INFO Iter [36900/50000]  Loss: 0.3290  Time/Image: 0.4014
2020-04-26 05:40:02,248 INFO Iter [37000/50000]  Loss: 0.2179  Time/Image: 0.4052
2020-04-26 05:40:42,979 INFO Iter [37100/50000]  Loss: 0.5012  Time/Image: 0.4034
2020-04-26 05:41:23,405 INFO Iter [37200/50000]  Loss: 0.0988  Time/Image: 0.4002
2020-04-26 05:42:04,348 INFO Iter [37300/50000]  Loss: 0.1036  Time/Image: 0.4055
2020-04-26 05:42:45,421 INFO Iter [37400/50000]  Loss: 0.4557  Time/Image: 0.4070
2020-04-26 05:43:26,385 INFO Iter [37500/50000]  Loss: 1.5218  Time/Image: 0.4056
2020-04-26 05:47:05,669 INFO Iter 37500 Loss: 0.6674
2020-04-26 05:47:05,669 INFO Overall Acc: 	: 0.8110894207496425
2020-04-26 05:47:05,669 INFO Mean Acc : 	: 0.2600590157722889
2020-04-26 05:47:05,669 INFO FreqW Acc : 	: 0.6780959546298851
2020-04-26 05:47:05,669 INFO Mean IoU : 	: 0.2065809235115725
2020-04-26 05:47:05,669 INFO 0: 0.8170536922228432
2020-04-26 05:47:05,669 INFO 1: 0.3637619468867093
2020-04-26 05:47:05,669 INFO 2: 0.13676700272095924
2020-04-26 05:47:05,669 INFO 3: 0.21611320527257652
2020-04-26 05:47:05,669 INFO 4: 0.013718574357511393
2020-04-26 05:47:05,669 INFO 5: 0.0024467054263565893
2020-04-26 05:47:05,669 INFO 6: 0.38473883525426816
2020-04-26 05:47:05,669 INFO 7: 0.4197414627001576
2020-04-26 05:47:05,669 INFO 8: 0.4434365143389476
2020-04-26 05:47:05,669 INFO 9: 0.00429772553404343
2020-04-26 05:47:05,669 INFO 10: 0.0007601531275468724
2020-04-26 05:47:05,669 INFO 11: 0.005024608507257691
2020-04-26 05:47:05,669 INFO 12: 0.3284926759487694
2020-04-26 05:47:05,669 INFO 13: 0.05181460039513152
2020-04-26 05:47:05,669 INFO 14: 0.30001945276347924
2020-04-26 05:47:05,669 INFO 15: 0.5119246744544715
2020-04-26 05:47:05,669 INFO 16: 0.0005984990740203006
2020-04-26 05:47:05,669 INFO 17: 0.08344596187787152
2020-04-26 05:47:05,669 INFO 18: 0.06843231532972081
2020-04-26 05:47:05,669 INFO 19: 0.18482940947437346
2020-04-26 05:47:05,669 INFO 20: 0.0007813780760071862
2020-04-26 05:47:47,485 INFO Iter [37600/50000]  Loss: 0.7071  Time/Image: 0.4053
2020-04-26 05:48:28,269 INFO Iter [37700/50000]  Loss: 0.7856  Time/Image: 0.4038
2020-04-26 05:49:08,942 INFO Iter [37800/50000]  Loss: 0.2821  Time/Image: 0.4025
2020-04-26 05:49:49,980 INFO Iter [37900/50000]  Loss: 0.3047  Time/Image: 0.4069
2020-04-26 05:50:30,803 INFO Iter [38000/50000]  Loss: 0.1757  Time/Image: 0.4037
2020-04-26 05:51:11,931 INFO Iter [38100/50000]  Loss: 1.2246  Time/Image: 0.4067
2020-04-26 05:51:52,787 INFO Iter [38200/50000]  Loss: 0.7760  Time/Image: 0.4042
2020-04-26 05:52:33,780 INFO Iter [38300/50000]  Loss: 0.7383  Time/Image: 0.4054
2020-04-26 05:53:14,139 INFO Iter [38400/50000]  Loss: 0.1358  Time/Image: 0.3989
2020-04-26 05:53:54,743 INFO Iter [38500/50000]  Loss: 3.9131  Time/Image: 0.4020
2020-04-26 05:54:35,429 INFO Iter [38600/50000]  Loss: 2.4826  Time/Image: 0.4026
2020-04-26 05:55:16,088 INFO Iter [38700/50000]  Loss: 0.7668  Time/Image: 0.4025
2020-04-26 05:55:56,983 INFO Iter [38800/50000]  Loss: 0.9695  Time/Image: 0.4046
2020-04-26 05:56:38,020 INFO Iter [38900/50000]  Loss: 0.9125  Time/Image: 0.4064
2020-04-26 05:57:19,068 INFO Iter [39000/50000]  Loss: 0.6592  Time/Image: 0.4064
2020-04-26 05:57:59,962 INFO Iter [39100/50000]  Loss: 0.5683  Time/Image: 0.4047
2020-04-26 05:58:40,472 INFO Iter [39200/50000]  Loss: 0.5991  Time/Image: 0.4010
2020-04-26 05:59:21,633 INFO Iter [39300/50000]  Loss: 1.0792  Time/Image: 0.4072
2020-04-26 06:00:02,684 INFO Iter [39400/50000]  Loss: 0.9286  Time/Image: 0.4059
2020-04-26 06:00:43,685 INFO Iter [39500/50000]  Loss: 0.3886  Time/Image: 0.4060
2020-04-26 06:01:24,441 INFO Iter [39600/50000]  Loss: 0.5048  Time/Image: 0.4031
2020-04-26 06:02:05,420 INFO Iter [39700/50000]  Loss: 0.1090  Time/Image: 0.4055
2020-04-26 06:02:46,312 INFO Iter [39800/50000]  Loss: 0.6012  Time/Image: 0.4044
2020-04-26 06:03:26,957 INFO Iter [39900/50000]  Loss: 0.7412  Time/Image: 0.4022
2020-04-26 06:04:07,697 INFO Iter [40000/50000]  Loss: 1.2094  Time/Image: 0.4038
2020-04-26 06:07:47,245 INFO Iter 40000 Loss: 0.6554
2020-04-26 06:07:47,245 INFO Overall Acc: 	: 0.8130257999447684
2020-04-26 06:07:47,245 INFO Mean Acc : 	: 0.2711297343958461
2020-04-26 06:07:47,245 INFO FreqW Acc : 	: 0.6828132487285736
2020-04-26 06:07:47,245 INFO Mean IoU : 	: 0.21309115669300552
2020-04-26 06:07:47,245 INFO 0: 0.8198210771697302
2020-04-26 06:07:47,245 INFO 1: 0.3342616634655019
2020-04-26 06:07:47,245 INFO 2: 0.14712787254844661
2020-04-26 06:07:47,245 INFO 3: 0.270114413414707
2020-04-26 06:07:47,245 INFO 4: 0.018783110911422714
2020-04-26 06:07:47,245 INFO 5: 0.002867982627218423
2020-04-26 06:07:47,245 INFO 6: 0.3609938576546219
2020-04-26 06:07:47,245 INFO 7: 0.41558639639111306
2020-04-26 06:07:47,245 INFO 8: 0.484838000306291
2020-04-26 06:07:47,245 INFO 9: 0.006868359494806616
2020-04-26 06:07:47,245 INFO 10: 0.001618983663889683
2020-04-26 06:07:47,245 INFO 11: 0.006482191709457426
2020-04-26 06:07:47,245 INFO 12: 0.34753111331817504
2020-04-26 06:07:47,245 INFO 13: 0.0886228583463068
2020-04-26 06:07:47,245 INFO 14: 0.3167021240480259
2020-04-26 06:07:47,245 INFO 15: 0.5346111812363642
2020-04-26 06:07:47,245 INFO 16: 0.0003514983932079198
2020-04-26 06:07:47,245 INFO 17: 0.06995182326850455
2020-04-26 06:07:47,245 INFO 18: 0.06809318656923297
2020-04-26 06:07:47,245 INFO 19: 0.17829626766003204
2020-04-26 06:07:47,245 INFO 20: 0.001390328356059097
2020-04-26 06:08:28,879 INFO Iter [40100/50000]  Loss: 0.7514  Time/Image: 0.4031
2020-04-26 06:09:09,815 INFO Iter [40200/50000]  Loss: 0.3734  Time/Image: 0.4051
2020-04-26 06:09:50,551 INFO Iter [40300/50000]  Loss: 0.1643  Time/Image: 0.4035
2020-04-26 06:10:31,118 INFO Iter [40400/50000]  Loss: 0.4865  Time/Image: 0.4016
2020-04-26 06:11:12,168 INFO Iter [40500/50000]  Loss: 0.8073  Time/Image: 0.4057
2020-04-26 06:11:53,141 INFO Iter [40600/50000]  Loss: 1.4515  Time/Image: 0.4055
2020-04-26 06:12:34,081 INFO Iter [40700/50000]  Loss: 0.6844  Time/Image: 0.4052
2020-04-26 06:13:14,972 INFO Iter [40800/50000]  Loss: 0.2519  Time/Image: 0.4048
2020-04-26 06:13:55,948 INFO Iter [40900/50000]  Loss: 0.1436  Time/Image: 0.4057
2020-04-26 06:14:36,609 INFO Iter [41000/50000]  Loss: 0.6112  Time/Image: 0.4024
2020-04-26 06:15:17,458 INFO Iter [41100/50000]  Loss: 0.0918  Time/Image: 0.4044
2020-04-26 06:15:58,123 INFO Iter [41200/50000]  Loss: 0.4286  Time/Image: 0.4021
2020-04-26 06:16:38,745 INFO Iter [41300/50000]  Loss: 0.2463  Time/Image: 0.4012
2020-04-26 06:17:19,661 INFO Iter [41400/50000]  Loss: 1.0052  Time/Image: 0.4048
2020-04-26 06:18:00,599 INFO Iter [41500/50000]  Loss: 0.4328  Time/Image: 0.4052
2020-04-26 06:18:41,535 INFO Iter [41600/50000]  Loss: 1.0445  Time/Image: 0.4050
2020-04-26 06:19:22,192 INFO Iter [41700/50000]  Loss: 1.1036  Time/Image: 0.4023
2020-04-26 06:20:02,732 INFO Iter [41800/50000]  Loss: 1.1274  Time/Image: 0.4018
2020-04-26 06:20:43,196 INFO Iter [41900/50000]  Loss: 0.0647  Time/Image: 0.4006
2020-04-26 06:21:23,619 INFO Iter [42000/50000]  Loss: 0.9908  Time/Image: 0.4001
2020-04-26 06:22:04,040 INFO Iter [42100/50000]  Loss: 0.2296  Time/Image: 0.3994
2020-04-26 06:22:44,868 INFO Iter [42200/50000]  Loss: 0.8284  Time/Image: 0.4039
2020-04-26 06:23:25,813 INFO Iter [42300/50000]  Loss: 0.1931  Time/Image: 0.4051
2020-04-26 06:24:06,837 INFO Iter [42400/50000]  Loss: 0.2477  Time/Image: 0.4061
2020-04-26 06:24:48,008 INFO Iter [42500/50000]  Loss: 0.2795  Time/Image: 0.4076
2020-04-26 06:28:27,595 INFO Iter 42500 Loss: 0.6383
2020-04-26 06:28:27,595 INFO Overall Acc: 	: 0.8145524688817372
2020-04-26 06:28:27,595 INFO Mean Acc : 	: 0.26871770519989013
2020-04-26 06:28:27,595 INFO FreqW Acc : 	: 0.6832277919267117
2020-04-26 06:28:27,595 INFO Mean IoU : 	: 0.21628968004463087
2020-04-26 06:28:27,595 INFO 0: 0.8191193116111487
2020-04-26 06:28:27,595 INFO 1: 0.34629993291345473
2020-04-26 06:28:27,595 INFO 2: 0.15139994238234802
2020-04-26 06:28:27,595 INFO 3: 0.2446876855043093
2020-04-26 06:28:27,595 INFO 4: 0.014223703026211683
2020-04-26 06:28:27,595 INFO 5: 0.0012672654547792603
2020-04-26 06:28:27,595 INFO 6: 0.3865073716197433
2020-04-26 06:28:27,595 INFO 7: 0.41827662390582243
2020-04-26 06:28:27,595 INFO 8: 0.4663917273083963
2020-04-26 06:28:27,595 INFO 9: 0.003109748499148471
2020-04-26 06:28:27,595 INFO 10: 0.004842066844046394
2020-04-26 06:28:27,595 INFO 11: 0.01006272039386382
2020-04-26 06:28:27,595 INFO 12: 0.33812551057259577
2020-04-26 06:28:27,595 INFO 13: 0.07529607235535202
2020-04-26 06:28:27,595 INFO 14: 0.33439589861137203
2020-04-26 06:28:27,595 INFO 15: 0.539774671865548
2020-04-26 06:28:27,595 INFO 16: 0.000803374819522976
2020-04-26 06:28:27,595 INFO 17: 0.09462368618712978
2020-04-26 06:28:27,595 INFO 18: 0.07021444692426772
2020-04-26 06:28:27,595 INFO 19: 0.22130688667215104
2020-04-26 06:28:27,595 INFO 20: 0.00135463346603672
2020-04-26 06:29:09,151 INFO Iter [42600/50000]  Loss: 0.3437  Time/Image: 0.4030
2020-04-26 06:29:49,997 INFO Iter [42700/50000]  Loss: 0.0914  Time/Image: 0.4043
2020-04-26 06:30:30,964 INFO Iter [42800/50000]  Loss: 0.2745  Time/Image: 0.4051
2020-04-26 06:31:11,517 INFO Iter [42900/50000]  Loss: 0.1684  Time/Image: 0.4014
2020-04-26 06:31:52,523 INFO Iter [43000/50000]  Loss: 0.3320  Time/Image: 0.4058
2020-04-26 06:32:33,432 INFO Iter [43100/50000]  Loss: 0.0497  Time/Image: 0.4049
2020-04-26 06:33:14,253 INFO Iter [43200/50000]  Loss: 1.4095  Time/Image: 0.4034
2020-04-26 06:33:55,402 INFO Iter [43300/50000]  Loss: 0.2887  Time/Image: 0.4074
2020-04-26 06:34:36,179 INFO Iter [43400/50000]  Loss: 0.5923  Time/Image: 0.4038
2020-04-26 06:35:16,372 INFO Iter [43500/50000]  Loss: 0.1182  Time/Image: 0.3977
2020-04-26 06:35:57,260 INFO Iter [43600/50000]  Loss: 0.5195  Time/Image: 0.4050
2020-04-26 06:36:38,060 INFO Iter [43700/50000]  Loss: 0.2045  Time/Image: 0.4035
2020-04-26 06:37:19,318 INFO Iter [43800/50000]  Loss: 0.6608  Time/Image: 0.4084
2020-04-26 06:38:00,487 INFO Iter [43900/50000]  Loss: 0.3755  Time/Image: 0.4067
2020-04-26 06:38:41,007 INFO Iter [44000/50000]  Loss: 0.8920  Time/Image: 0.4007
2020-04-26 06:39:21,871 INFO Iter [44100/50000]  Loss: 1.2008  Time/Image: 0.4046
2020-04-26 06:40:09,848 INFO Iter [44200/50000]  Loss: 0.4265  Time/Image: 0.4004
2020-04-26 06:40:50,725 INFO Iter [44300/50000]  Loss: 0.3078  Time/Image: 0.4047
2020-04-26 06:41:31,508 INFO Iter [44400/50000]  Loss: 0.3052  Time/Image: 0.4038
2020-04-26 06:42:12,361 INFO Iter [44500/50000]  Loss: 0.5974  Time/Image: 0.4048
2020-04-26 06:42:53,175 INFO Iter [44600/50000]  Loss: 0.4843  Time/Image: 0.4039
2020-04-26 06:43:33,813 INFO Iter [44700/50000]  Loss: 0.3640  Time/Image: 0.4023
2020-04-26 06:44:14,242 INFO Iter [44800/50000]  Loss: 0.2730  Time/Image: 0.4002
2020-04-26 06:44:55,392 INFO Iter [44900/50000]  Loss: 1.5811  Time/Image: 0.4070
2020-04-26 06:45:36,066 INFO Iter [45000/50000]  Loss: 0.8720  Time/Image: 0.4030
2020-04-26 06:49:12,313 INFO Iter 45000 Loss: 0.6280
2020-04-26 06:49:12,313 INFO Overall Acc: 	: 0.8170417161100316
2020-04-26 06:49:12,313 INFO Mean Acc : 	: 0.2807812367782522
2020-04-26 06:49:12,313 INFO FreqW Acc : 	: 0.6881638228300874
2020-04-26 06:49:12,313 INFO Mean IoU : 	: 0.2232114315726586
2020-04-26 06:49:12,313 INFO 0: 0.8231985092655708
2020-04-26 06:49:12,313 INFO 1: 0.3708450609541433
2020-04-26 06:49:12,313 INFO 2: 0.146346480448106
2020-04-26 06:49:12,313 INFO 3: 0.23676990895363242
2020-04-26 06:49:12,313 INFO 4: 0.034397366486007684
2020-04-26 06:49:12,313 INFO 5: 0.0016192846224459595
2020-04-26 06:49:12,313 INFO 6: 0.41449856260367646
2020-04-26 06:49:12,313 INFO 7: 0.445921839452404
2020-04-26 06:49:12,313 INFO 8: 0.48005029036808844
2020-04-26 06:49:12,313 INFO 9: 0.004606140374114709
2020-04-26 06:49:12,313 INFO 10: 0.004208968095704625
2020-04-26 06:49:12,313 INFO 11: 0.012180561544532223
2020-04-26 06:49:12,313 INFO 12: 0.34563918611891564
2020-04-26 06:49:12,313 INFO 13: 0.07542361739996249
2020-04-26 06:49:12,313 INFO 14: 0.34126062071053187
2020-04-26 06:49:12,313 INFO 15: 0.5402955239181934
2020-04-26 06:49:12,313 INFO 16: 0.0012735138914508634
2020-04-26 06:49:12,313 INFO 17: 0.1022394913458142
2020-04-26 06:49:12,313 INFO 18: 0.07029761658679497
2020-04-26 06:49:12,313 INFO 19: 0.23353387857235247
2020-04-26 06:49:12,313 INFO 20: 0.0028336413133888145
2020-04-26 06:49:53,831 INFO Iter [45100/50000]  Loss: 0.1259  Time/Image: 0.4024
2020-04-26 06:50:34,613 INFO Iter [45200/50000]  Loss: 0.2374  Time/Image: 0.4039
2020-04-26 06:51:15,097 INFO Iter [45300/50000]  Loss: 0.1472  Time/Image: 0.4003
2020-04-26 06:51:55,999 INFO Iter [45400/50000]  Loss: 0.3928  Time/Image: 0.4049
2020-04-26 06:52:36,802 INFO Iter [45500/50000]  Loss: 0.0934  Time/Image: 0.4037
2020-04-26 06:53:17,283 INFO Iter [45600/50000]  Loss: 1.0740  Time/Image: 0.4007
2020-04-26 06:53:58,213 INFO Iter [45700/50000]  Loss: 0.4636  Time/Image: 0.4051
2020-04-26 06:54:38,470 INFO Iter [45800/50000]  Loss: 0.1900  Time/Image: 0.3977
2020-04-26 06:55:19,401 INFO Iter [45900/50000]  Loss: 0.3242  Time/Image: 0.4051
2020-04-26 06:56:00,250 INFO Iter [46000/50000]  Loss: 0.7790  Time/Image: 0.4044
2020-04-26 06:56:41,646 INFO Iter [46100/50000]  Loss: 1.8752  Time/Image: 0.4091
2020-04-26 06:57:22,427 INFO Iter [46200/50000]  Loss: 0.1894  Time/Image: 0.4041
2020-04-26 06:58:03,184 INFO Iter [46300/50000]  Loss: 0.1295  Time/Image: 0.4032
2020-04-26 06:58:44,262 INFO Iter [46400/50000]  Loss: 0.5526  Time/Image: 0.4070
2020-04-26 06:59:25,171 INFO Iter [46500/50000]  Loss: 0.2379  Time/Image: 0.4049
2020-04-26 07:00:05,691 INFO Iter [46600/50000]  Loss: 0.5088  Time/Image: 0.4013
2020-04-26 07:00:46,265 INFO Iter [46700/50000]  Loss: 1.3889  Time/Image: 0.4017
2020-04-26 07:01:27,252 INFO Iter [46800/50000]  Loss: 0.0754  Time/Image: 0.4054
2020-04-26 07:02:08,345 INFO Iter [46900/50000]  Loss: 0.5882  Time/Image: 0.4064
2020-04-26 07:02:49,683 INFO Iter [47000/50000]  Loss: 0.1941  Time/Image: 0.4093
2020-04-26 07:03:30,818 INFO Iter [47100/50000]  Loss: 0.4162  Time/Image: 0.4067
2020-04-26 07:04:11,586 INFO Iter [47200/50000]  Loss: 0.4159  Time/Image: 0.4035
2020-04-26 07:04:52,374 INFO Iter [47300/50000]  Loss: 0.2100  Time/Image: 0.4038
2020-04-26 07:05:33,418 INFO Iter [47400/50000]  Loss: 0.3976  Time/Image: 0.4064
2020-04-26 07:06:14,350 INFO Iter [47500/50000]  Loss: 0.4111  Time/Image: 0.4057
2020-04-26 07:09:50,841 INFO Iter 47500 Loss: 0.6223
2020-04-26 07:09:50,841 INFO Overall Acc: 	: 0.8177477951869518
2020-04-26 07:09:50,841 INFO Mean Acc : 	: 0.30458197858519076
2020-04-26 07:09:50,841 INFO FreqW Acc : 	: 0.690921069634987
2020-04-26 07:09:50,841 INFO Mean IoU : 	: 0.24160051157760534
2020-04-26 07:09:50,841 INFO 0: 0.8214574691407847
2020-04-26 07:09:50,841 INFO 1: 0.37087895334484433
2020-04-26 07:09:50,841 INFO 2: 0.1581040667190365
2020-04-26 07:09:50,841 INFO 3: 0.3318550657177854
2020-04-26 07:09:50,841 INFO 4: 0.04759161427748428
2020-04-26 07:09:50,841 INFO 5: 0.002984618887922825
2020-04-26 07:09:50,841 INFO 6: 0.3619704046958223
2020-04-26 07:09:50,841 INFO 7: 0.4622048664592572
2020-04-26 07:09:50,841 INFO 8: 0.4901073710860646
2020-04-26 07:09:50,841 INFO 9: 0.01886572276674195
2020-04-26 07:09:50,841 INFO 10: 0.009411284011390924
2020-04-26 07:09:50,841 INFO 11: 0.012709818178848142
2020-04-26 07:09:50,841 INFO 12: 0.353258658381415
2020-04-26 07:09:50,841 INFO 13: 0.16707254980554442
2020-04-26 07:09:50,841 INFO 14: 0.3622995303277968
2020-04-26 07:09:50,841 INFO 15: 0.5474692057918714
2020-04-26 07:09:50,841 INFO 16: 0.0012429238087705223
2020-04-26 07:09:50,841 INFO 17: 0.1472474441886232
2020-04-26 07:09:50,841 INFO 18: 0.12708280480487735
2020-04-26 07:09:50,841 INFO 19: 0.27607457863008966
2020-04-26 07:09:50,841 INFO 20: 0.0037217921047409
2020-04-26 07:10:32,612 INFO Iter [47600/50000]  Loss: 0.2296  Time/Image: 0.4052
2020-04-26 07:11:13,533 INFO Iter [47700/50000]  Loss: 0.4437  Time/Image: 0.4052
2020-04-26 07:11:54,171 INFO Iter [47800/50000]  Loss: 0.5814  Time/Image: 0.4020
2020-04-26 07:12:34,991 INFO Iter [47900/50000]  Loss: 0.8448  Time/Image: 0.4041
2020-04-26 07:13:16,185 INFO Iter [48000/50000]  Loss: 0.4625  Time/Image: 0.4078
2020-04-26 07:13:57,343 INFO Iter [48100/50000]  Loss: 0.9544  Time/Image: 0.4069
2020-04-26 07:14:38,138 INFO Iter [48200/50000]  Loss: 0.5181  Time/Image: 0.4036
2020-04-26 07:15:19,012 INFO Iter [48300/50000]  Loss: 0.2355  Time/Image: 0.4043
2020-04-26 07:15:59,340 INFO Iter [48400/50000]  Loss: 1.1111  Time/Image: 0.3992
2020-04-26 07:16:40,204 INFO Iter [48500/50000]  Loss: 0.3286  Time/Image: 0.4049
2020-04-26 07:17:21,369 INFO Iter [48600/50000]  Loss: 1.0260  Time/Image: 0.4074
2020-04-26 07:18:02,029 INFO Iter [48700/50000]  Loss: 0.7924  Time/Image: 0.4025
2020-04-26 07:18:42,889 INFO Iter [48800/50000]  Loss: 0.0800  Time/Image: 0.4045
2020-04-26 07:19:24,046 INFO Iter [48900/50000]  Loss: 0.1935  Time/Image: 0.4077
2020-04-26 07:20:04,864 INFO Iter [49000/50000]  Loss: 0.1492  Time/Image: 0.4037
2020-04-26 07:20:45,805 INFO Iter [49100/50000]  Loss: 0.2569  Time/Image: 0.4053
2020-04-26 07:21:26,543 INFO Iter [49200/50000]  Loss: 0.2562  Time/Image: 0.4032
2020-04-26 07:22:06,680 INFO Iter [49300/50000]  Loss: 0.2544  Time/Image: 0.3973
2020-04-26 07:22:47,601 INFO Iter [49400/50000]  Loss: 0.1542  Time/Image: 0.4064
2020-04-26 07:23:28,141 INFO Iter [49500/50000]  Loss: 0.1874  Time/Image: 0.4012
2020-04-26 07:24:08,998 INFO Iter [49600/50000]  Loss: 2.4772  Time/Image: 0.4048
2020-04-26 07:24:49,446 INFO Iter [49700/50000]  Loss: 0.7815  Time/Image: 0.4001
2020-04-26 07:25:30,163 INFO Iter [49800/50000]  Loss: 0.5501  Time/Image: 0.4030
2020-04-26 07:26:10,746 INFO Iter [49900/50000]  Loss: 0.2501  Time/Image: 0.4018
2020-04-26 07:26:51,802 INFO Iter [50000/50000]  Loss: 0.3459  Time/Image: 0.4062
2020-04-26 07:30:29,683 INFO Iter 50000 Loss: 0.6126
2020-04-26 07:30:29,699 INFO Overall Acc: 	: 0.8189085984669742
2020-04-26 07:30:29,699 INFO Mean Acc : 	: 0.3100186420471485
2020-04-26 07:30:29,699 INFO FreqW Acc : 	: 0.692729138669285
2020-04-26 07:30:29,699 INFO Mean IoU : 	: 0.2433298343566513
2020-04-26 07:30:29,699 INFO 0: 0.824117733701449
2020-04-26 07:30:29,699 INFO 1: 0.4119946178242118
2020-04-26 07:30:29,699 INFO 2: 0.16030397325394372
2020-04-26 07:30:29,699 INFO 3: 0.33959440469651686
2020-04-26 07:30:29,699 INFO 4: 0.04934547134857891
2020-04-26 07:30:29,699 INFO 5: 0.005866975304499374
2020-04-26 07:30:29,699 INFO 6: 0.43133220639014486
2020-04-26 07:30:29,699 INFO 7: 0.45277382735448146
2020-04-26 07:30:29,699 INFO 8: 0.4754162340495053
2020-04-26 07:30:29,699 INFO 9: 0.011442935428756618
2020-04-26 07:30:29,699 INFO 10: 0.0073746429026867915
2020-04-26 07:30:29,699 INFO 11: 0.014659393263624235
2020-04-26 07:30:29,699 INFO 12: 0.3652165640233939
2020-04-26 07:30:29,699 INFO 13: 0.1405799990109055
2020-04-26 07:30:29,699 INFO 14: 0.3611300191665733
2020-04-26 07:30:29,699 INFO 15: 0.5326912102308188
2020-04-26 07:30:29,699 INFO 16: 0.006777390263729401
2020-04-26 07:30:29,699 INFO 17: 0.14680715771721625
2020-04-26 07:30:29,699 INFO 18: 0.07685895720827131
2020-04-26 07:30:29,699 INFO 19: 0.28890863754450957
2020-04-26 07:30:29,699 INFO 20: 0.006734170805860067
