2020-04-27 04:30:53,052 INFO Let the games begin
2020-04-27 04:30:54,471 INFO Using No Augmentations
2020-04-27 04:33:17,479 INFO Using sgd optimizer
2020-04-27 04:33:17,479 INFO Using optimizer SGD (
Parameter Group 0
    dampening: 0
    lr: 1e-05
    momentum: 0
    nesterov: False
    weight_decay: 0
)
2020-04-27 04:33:17,479 INFO Using constant_lr scheduler with {} params
2020-04-27 04:33:17,479 INFO Using cross_entropy with {'size_average': True} params
2020-04-27 04:33:17,479 INFO Using loss functools.partial(<function cross_entropy2d at 0x0000022F9C710948>, size_average=True)
2020-04-27 04:34:06,993 INFO Iter [100/50000]  Loss: 5.5294  Time/Image: 0.4223
2020-04-27 04:34:48,226 INFO Iter [200/50000]  Loss: 2.2168  Time/Image: 0.4083
2020-04-27 04:35:29,338 INFO Iter [300/50000]  Loss: 2.3458  Time/Image: 0.4070
2020-04-27 04:36:10,326 INFO Iter [400/50000]  Loss: 4.1787  Time/Image: 0.4054
2020-04-27 04:36:51,244 INFO Iter [500/50000]  Loss: 1.3034  Time/Image: 0.4048
2020-04-27 04:37:32,178 INFO Iter [600/50000]  Loss: 2.5766  Time/Image: 0.4053
2020-04-27 04:38:12,995 INFO Iter [700/50000]  Loss: 4.5671  Time/Image: 0.4041
2020-04-27 04:38:53,890 INFO Iter [800/50000]  Loss: 6.0332  Time/Image: 0.4044
2020-04-27 04:39:35,080 INFO Iter [900/50000]  Loss: 0.9066  Time/Image: 0.4077
2020-04-27 04:40:15,709 INFO Iter [1000/50000]  Loss: 2.7749  Time/Image: 0.4022
2020-04-27 04:40:56,419 INFO Iter [1100/50000]  Loss: 2.6719  Time/Image: 0.4030
2020-04-27 04:41:37,051 INFO Iter [1200/50000]  Loss: 0.1207  Time/Image: 0.4032
2020-04-27 04:42:17,652 INFO Iter [1300/50000]  Loss: 0.4708  Time/Image: 0.4020
2020-04-27 04:42:58,560 INFO Iter [1400/50000]  Loss: 4.3552  Time/Image: 0.4052
2020-04-27 04:43:39,472 INFO Iter [1500/50000]  Loss: 4.4823  Time/Image: 0.4049
2020-04-27 04:44:20,185 INFO Iter [1600/50000]  Loss: 0.7048  Time/Image: 0.4031
2020-04-27 04:45:01,293 INFO Iter [1700/50000]  Loss: 2.6302  Time/Image: 0.4069
2020-04-27 04:45:42,323 INFO Iter [1800/50000]  Loss: 3.0204  Time/Image: 0.4062
2020-04-27 04:46:23,669 INFO Iter [1900/50000]  Loss: 3.1561  Time/Image: 0.4092
2020-04-27 04:47:04,486 INFO Iter [2000/50000]  Loss: 4.2316  Time/Image: 0.4041
2020-04-27 04:47:45,774 INFO Iter [2100/50000]  Loss: 1.0950  Time/Image: 0.4087
2020-04-27 04:48:26,263 INFO Iter [2200/50000]  Loss: 0.3543  Time/Image: 0.4010
2020-04-27 04:49:07,155 INFO Iter [2300/50000]  Loss: 2.6829  Time/Image: 0.4049
2020-04-27 04:49:48,483 INFO Iter [2400/50000]  Loss: 2.7073  Time/Image: 0.4091
2020-04-27 04:50:28,777 INFO Iter [2500/50000]  Loss: 0.6399  Time/Image: 0.3990
2020-04-27 04:54:06,174 INFO Iter 2500 Loss: 2.1525
2020-04-27 04:54:06,174 INFO Overall Acc: 	: 0.661552038215913
2020-04-27 04:54:06,174 INFO Mean Acc : 	: 0.04978671336998412
2020-04-27 04:54:06,174 INFO FreqW Acc : 	: 0.5238497203488528
2020-04-27 04:54:06,174 INFO Mean IoU : 	: 0.03794063913411726
2020-04-27 04:54:06,174 INFO 0: 0.6978391131554673
2020-04-27 04:54:06,174 INFO 1: 0.005393686606220605
2020-04-27 04:54:06,174 INFO 2: 0.0008298331943148859
2020-04-27 04:54:06,174 INFO 3: 0.003131450734295806
2020-04-27 04:54:06,174 INFO 4: 0.0019493313746750142
2020-04-27 04:54:06,174 INFO 5: 0.0013691572288639334
2020-04-27 04:54:06,174 INFO 6: 0.013924328503672315
2020-04-27 04:54:06,174 INFO 7: 0.0015515041876283638
2020-04-27 04:54:06,174 INFO 8: 0.026314502334331018
2020-04-27 04:54:06,174 INFO 9: 0.00032359471681348787
2020-04-27 04:54:06,174 INFO 10: 0.0012000193963152106
2020-04-27 04:54:06,189 INFO 11: 0.006080305845156065
2020-04-27 04:54:06,189 INFO 12: 0.007079538172229401
2020-04-27 04:54:06,189 INFO 13: 0.002489844570962531
2020-04-27 04:54:06,189 INFO 14: 0.0031823764782482576
2020-04-27 04:54:06,189 INFO 15: 0.013629538614151572
2020-04-27 04:54:06,189 INFO 16: 0.001342026768984469
2020-04-27 04:54:06,189 INFO 17: 0.004032381204767584
2020-04-27 04:54:06,189 INFO 18: 0.0033264784123895282
2020-04-27 04:54:06,189 INFO 19: 0.00019090002074463356
2020-04-27 04:54:06,189 INFO 20: 0.0015735102962304167
2020-04-27 04:54:48,077 INFO Iter [2600/50000]  Loss: 0.7527  Time/Image: 0.4065
2020-04-27 04:55:29,307 INFO Iter [2700/50000]  Loss: 0.7315  Time/Image: 0.4079
2020-04-27 04:56:10,182 INFO Iter [2800/50000]  Loss: 4.4586  Time/Image: 0.4052
2020-04-27 04:56:51,572 INFO Iter [2900/50000]  Loss: 0.4917  Time/Image: 0.4101
2020-04-27 04:57:32,492 INFO Iter [3000/50000]  Loss: 0.2699  Time/Image: 0.4049
2020-04-27 04:58:13,393 INFO Iter [3100/50000]  Loss: 1.1326  Time/Image: 0.4046
2020-04-27 04:58:54,761 INFO Iter [3200/50000]  Loss: 1.6534  Time/Image: 0.4092
2020-04-27 04:59:35,667 INFO Iter [3300/50000]  Loss: 0.7992  Time/Image: 0.4047
2020-04-27 05:00:16,799 INFO Iter [3400/50000]  Loss: 1.8224  Time/Image: 0.4070
2020-04-27 05:00:57,723 INFO Iter [3500/50000]  Loss: 0.5811  Time/Image: 0.4050
2020-04-27 05:01:38,524 INFO Iter [3600/50000]  Loss: 4.2404  Time/Image: 0.4039
2020-04-27 05:02:19,171 INFO Iter [3700/50000]  Loss: 1.6499  Time/Image: 0.4023
2020-04-27 05:03:00,346 INFO Iter [3800/50000]  Loss: 0.5493  Time/Image: 0.4077
2020-04-27 05:03:41,124 INFO Iter [3900/50000]  Loss: 0.3263  Time/Image: 0.4037
2020-04-27 05:04:21,841 INFO Iter [4000/50000]  Loss: 3.0620  Time/Image: 0.4029
2020-04-27 05:05:02,360 INFO Iter [4100/50000]  Loss: 4.3445  Time/Image: 0.4012
2020-04-27 05:05:43,237 INFO Iter [4200/50000]  Loss: 2.6962  Time/Image: 0.4050
2020-04-27 05:06:24,421 INFO Iter [4300/50000]  Loss: 0.2275  Time/Image: 0.4078
2020-04-27 05:07:05,347 INFO Iter [4400/50000]  Loss: 1.2356  Time/Image: 0.4050
2020-04-27 05:07:46,223 INFO Iter [4500/50000]  Loss: 1.8554  Time/Image: 0.4049
2020-04-27 05:08:27,287 INFO Iter [4600/50000]  Loss: 1.0749  Time/Image: 0.4064
2020-04-27 05:09:08,290 INFO Iter [4700/50000]  Loss: 0.6097  Time/Image: 0.4058
2020-04-27 05:09:49,171 INFO Iter [4800/50000]  Loss: 0.1430  Time/Image: 0.4049
2020-04-27 05:10:30,576 INFO Iter [4900/50000]  Loss: 3.0187  Time/Image: 0.4100
2020-04-27 05:11:11,047 INFO Iter [5000/50000]  Loss: 0.7699  Time/Image: 0.4005
2020-04-27 05:14:48,024 INFO Iter 5000 Loss: 1.7611
2020-04-27 05:14:48,024 INFO Overall Acc: 	: 0.6971706342885498
2020-04-27 05:14:48,024 INFO Mean Acc : 	: 0.05306081077027714
2020-04-27 05:14:48,024 INFO FreqW Acc : 	: 0.5505457237585947
2020-04-27 05:14:48,024 INFO Mean IoU : 	: 0.04091823955132164
2020-04-27 05:14:48,024 INFO 0: 0.7316633432305022
2020-04-27 05:14:48,024 INFO 1: 0.0049506257944675015
2020-04-27 05:14:48,024 INFO 2: 0.0016814094221659125
2020-04-27 05:14:48,024 INFO 3: 0.0027314934613765153
2020-04-27 05:14:48,024 INFO 4: 0.0014440864659220492
2020-04-27 05:14:48,024 INFO 5: 0.0013517302719728722
2020-04-27 05:14:48,024 INFO 6: 0.01105881811220871
2020-04-27 05:14:48,024 INFO 7: 0.003479282067623194
2020-04-27 05:14:48,024 INFO 8: 0.023265716677513915
2020-04-27 05:14:48,024 INFO 9: 0.00044538523077688796
2020-04-27 05:14:48,024 INFO 10: 0.0012230647902844367
2020-04-27 05:14:48,024 INFO 11: 0.00565419290785044
2020-04-27 05:14:48,024 INFO 12: 0.009701513101205818
2020-04-27 05:14:48,024 INFO 13: 0.0025934419268528516
2020-04-27 05:14:48,024 INFO 14: 0.005653894637018497
2020-04-27 05:14:48,024 INFO 15: 0.04209667599889614
2020-04-27 05:14:48,024 INFO 16: 0.0013116959835614069
2020-04-27 05:14:48,024 INFO 17: 0.004557816948233974
2020-04-27 05:14:48,024 INFO 18: 0.0026524278864914733
2020-04-27 05:14:48,024 INFO 19: 0.0001874667508272718
2020-04-27 05:14:48,024 INFO 20: 0.0015789489120026513
2020-04-27 05:15:30,197 INFO Iter [5100/50000]  Loss: 0.2237  Time/Image: 0.4089
2020-04-27 05:16:11,230 INFO Iter [5200/50000]  Loss: 0.5908  Time/Image: 0.4064
2020-04-27 05:16:52,157 INFO Iter [5300/50000]  Loss: 5.1202  Time/Image: 0.4054
2020-04-27 05:17:33,435 INFO Iter [5400/50000]  Loss: 0.2126  Time/Image: 0.4089
2020-04-27 05:18:14,681 INFO Iter [5500/50000]  Loss: 1.2996  Time/Image: 0.4081
2020-04-27 05:18:55,798 INFO Iter [5600/50000]  Loss: 5.7717  Time/Image: 0.4070
2020-04-27 05:19:36,852 INFO Iter [5700/50000]  Loss: 0.2243  Time/Image: 0.4066
2020-04-27 05:20:17,543 INFO Iter [5800/50000]  Loss: 0.3140  Time/Image: 0.4028
2020-04-27 05:20:58,487 INFO Iter [5900/50000]  Loss: 3.4843  Time/Image: 0.4051
2020-04-27 05:21:39,464 INFO Iter [6000/50000]  Loss: 1.3226  Time/Image: 0.4054
2020-04-27 05:22:20,393 INFO Iter [6100/50000]  Loss: 2.7871  Time/Image: 0.4051
2020-04-27 05:23:01,680 INFO Iter [6200/50000]  Loss: 1.0677  Time/Image: 0.4089
2020-04-27 05:23:42,576 INFO Iter [6300/50000]  Loss: 3.2576  Time/Image: 0.4046
2020-04-27 05:24:23,216 INFO Iter [6400/50000]  Loss: 1.6850  Time/Image: 0.4024
2020-04-27 05:25:04,106 INFO Iter [6500/50000]  Loss: 3.0491  Time/Image: 0.4046
2020-04-27 05:25:45,185 INFO Iter [6600/50000]  Loss: 1.4899  Time/Image: 0.4069
2020-04-27 05:26:26,038 INFO Iter [6700/50000]  Loss: 0.3950  Time/Image: 0.4046
2020-04-27 05:27:07,031 INFO Iter [6800/50000]  Loss: 1.5761  Time/Image: 0.4059
2020-04-27 05:27:48,055 INFO Iter [6900/50000]  Loss: 1.1043  Time/Image: 0.4057
2020-04-27 05:28:29,261 INFO Iter [7000/50000]  Loss: 0.1590  Time/Image: 0.4078
2020-04-27 05:29:10,071 INFO Iter [7100/50000]  Loss: 5.4471  Time/Image: 0.4048
2020-04-27 05:29:51,157 INFO Iter [7200/50000]  Loss: 1.1536  Time/Image: 0.4066
2020-04-27 05:30:32,163 INFO Iter [7300/50000]  Loss: 0.7853  Time/Image: 0.4062
2020-04-27 05:31:12,421 INFO Iter [7400/50000]  Loss: 2.4706  Time/Image: 0.3982
2020-04-27 05:31:53,301 INFO Iter [7500/50000]  Loss: 0.6697  Time/Image: 0.4046
2020-04-27 05:35:29,280 INFO Iter 7500 Loss: 1.5766
2020-04-27 05:35:29,280 INFO Overall Acc: 	: 0.7159801380135888
2020-04-27 05:35:29,280 INFO Mean Acc : 	: 0.05570534431265776
2020-04-27 05:35:29,280 INFO FreqW Acc : 	: 0.5632919149048573
2020-04-27 05:35:29,280 INFO Mean IoU : 	: 0.04298542679198286
2020-04-27 05:35:29,280 INFO 0: 0.746959052197275
2020-04-27 05:35:29,280 INFO 1: 0.004242890817269289
2020-04-27 05:35:29,280 INFO 2: 0.002281922515228285
2020-04-27 05:35:29,280 INFO 3: 0.0021426358063704586
2020-04-27 05:35:29,280 INFO 4: 0.0010990473419294738
2020-04-27 05:35:29,280 INFO 5: 0.0011167598181616978
2020-04-27 05:35:29,280 INFO 6: 0.007025215173575351
2020-04-27 05:35:29,280 INFO 7: 0.00545845547963236
2020-04-27 05:35:29,280 INFO 8: 0.029597941369635967
2020-04-27 05:35:29,280 INFO 9: 0.0006246346658358769
2020-04-27 05:35:29,280 INFO 10: 0.0011666830479379344
2020-04-27 05:35:29,280 INFO 11: 0.004990776475044493
2020-04-27 05:35:29,280 INFO 12: 0.012800470569880786
2020-04-27 05:35:29,280 INFO 13: 0.0024337372094473315
2020-04-27 05:35:29,280 INFO 14: 0.006976451958234801
2020-04-27 05:35:29,280 INFO 15: 0.06542132446721345
2020-04-27 05:35:29,280 INFO 16: 0.000913764277566837
2020-04-27 05:35:29,280 INFO 17: 0.003662425916074307
2020-04-27 05:35:29,280 INFO 18: 0.0021306659218986138
2020-04-27 05:35:29,280 INFO 19: 0.00021981538498346898
2020-04-27 05:35:29,280 INFO 20: 0.0014292922184442486
2020-04-27 05:36:11,109 INFO Iter [7600/50000]  Loss: 1.0706  Time/Image: 0.4052
2020-04-27 05:36:52,288 INFO Iter [7700/50000]  Loss: 1.2998  Time/Image: 0.4076
2020-04-27 05:37:33,482 INFO Iter [7800/50000]  Loss: 4.2012  Time/Image: 0.4080
2020-04-27 05:38:14,480 INFO Iter [7900/50000]  Loss: 1.6533  Time/Image: 0.4056
2020-04-27 05:38:55,715 INFO Iter [8000/50000]  Loss: 5.0759  Time/Image: 0.4080
2020-04-27 05:39:36,943 INFO Iter [8100/50000]  Loss: 1.2864  Time/Image: 0.4083
2020-04-27 05:40:17,618 INFO Iter [8200/50000]  Loss: 0.5012  Time/Image: 0.4027
2020-04-27 05:40:58,572 INFO Iter [8300/50000]  Loss: 0.4085  Time/Image: 0.4056
2020-04-27 05:41:39,707 INFO Iter [8400/50000]  Loss: 0.4860  Time/Image: 0.4071
2020-04-27 05:42:20,441 INFO Iter [8500/50000]  Loss: 3.3269  Time/Image: 0.4033
2020-04-27 05:43:01,460 INFO Iter [8600/50000]  Loss: 2.0782  Time/Image: 0.4058
2020-04-27 05:43:42,024 INFO Iter [8700/50000]  Loss: 1.4205  Time/Image: 0.4017
2020-04-27 05:44:23,373 INFO Iter [8800/50000]  Loss: 0.9155  Time/Image: 0.4091
2020-04-27 05:45:12,069 INFO Iter [8900/50000]  Loss: 2.3618  Time/Image: 0.4001
2020-04-27 05:45:52,859 INFO Iter [9000/50000]  Loss: 2.5058  Time/Image: 0.4037
2020-04-27 05:46:33,822 INFO Iter [9100/50000]  Loss: 0.8261  Time/Image: 0.4057
2020-04-27 05:47:14,574 INFO Iter [9200/50000]  Loss: 0.0963  Time/Image: 0.4038
2020-04-27 05:47:55,126 INFO Iter [9300/50000]  Loss: 2.2730  Time/Image: 0.4013
2020-04-27 05:48:36,309 INFO Iter [9400/50000]  Loss: 0.2688  Time/Image: 0.4075
2020-04-27 05:49:17,526 INFO Iter [9500/50000]  Loss: 0.6668  Time/Image: 0.4081
2020-04-27 05:49:59,007 INFO Iter [9600/50000]  Loss: 1.7692  Time/Image: 0.4109
2020-04-27 05:50:39,835 INFO Iter [9700/50000]  Loss: 2.4903  Time/Image: 0.4042
2020-04-27 05:51:20,910 INFO Iter [9800/50000]  Loss: 2.1561  Time/Image: 0.4070
2020-04-27 05:52:01,728 INFO Iter [9900/50000]  Loss: 2.3218  Time/Image: 0.4040
2020-04-27 05:52:42,549 INFO Iter [10000/50000]  Loss: 0.2247  Time/Image: 0.4038
2020-04-27 05:56:20,409 INFO Iter 10000 Loss: 1.4681
2020-04-27 05:56:20,409 INFO Overall Acc: 	: 0.7223391450180041
2020-04-27 05:56:20,409 INFO Mean Acc : 	: 0.058929222965128814
2020-04-27 05:56:20,409 INFO FreqW Acc : 	: 0.5699097579473019
2020-04-27 05:56:20,409 INFO Mean IoU : 	: 0.04506804759941639
2020-04-27 05:56:20,409 INFO 0: 0.7536581961813695
2020-04-27 05:56:20,409 INFO 1: 0.004129573400279141
2020-04-27 05:56:20,409 INFO 2: 0.0025997484326301928
2020-04-27 05:56:20,409 INFO 3: 0.0019026853656754297
2020-04-27 05:56:20,409 INFO 4: 0.0009571836573736601
2020-04-27 05:56:20,409 INFO 5: 0.0010720196485235324
2020-04-27 05:56:20,409 INFO 6: 0.007005987553159259
2020-04-27 05:56:20,409 INFO 7: 0.008127547160678662
2020-04-27 05:56:20,409 INFO 8: 0.03325917723661483
2020-04-27 05:56:20,409 INFO 9: 0.0008636084024291118
2020-04-27 05:56:20,409 INFO 10: 0.0010063646934800159
2020-04-27 05:56:20,409 INFO 11: 0.004454669328516653
2020-04-27 05:56:20,409 INFO 12: 0.01671595058986128
2020-04-27 05:56:20,409 INFO 13: 0.0021789223991867165
2020-04-27 05:56:20,409 INFO 14: 0.007642046719097385
2020-04-27 05:56:20,409 INFO 15: 0.09392104093966125
2020-04-27 05:56:20,409 INFO 16: 0.0006034926129151443
2020-04-27 05:56:20,409 INFO 17: 0.00300012565311252
2020-04-27 05:56:20,409 INFO 18: 0.001807690977414544
2020-04-27 05:56:20,409 INFO 19: 0.0003265295987286452
2020-04-27 05:56:20,409 INFO 20: 0.0011964390370366117
2020-04-27 05:57:02,486 INFO Iter [10100/50000]  Loss: 0.9524  Time/Image: 0.4080
2020-04-27 05:57:43,202 INFO Iter [10200/50000]  Loss: 0.0836  Time/Image: 0.4037
2020-04-27 05:58:24,345 INFO Iter [10300/50000]  Loss: 1.4566  Time/Image: 0.4070
2020-04-27 05:59:05,575 INFO Iter [10400/50000]  Loss: 1.9014  Time/Image: 0.4082
2020-04-27 05:59:46,828 INFO Iter [10500/50000]  Loss: 2.3753  Time/Image: 0.4083
2020-04-27 06:00:27,952 INFO Iter [10600/50000]  Loss: 0.5696  Time/Image: 0.4073
2020-04-27 06:01:08,931 INFO Iter [10700/50000]  Loss: 1.6519  Time/Image: 0.4056
2020-04-27 06:01:49,910 INFO Iter [10800/50000]  Loss: 0.2471  Time/Image: 0.4057
2020-04-27 06:02:30,916 INFO Iter [10900/50000]  Loss: 0.5196  Time/Image: 0.4057
2020-04-27 06:03:11,305 INFO Iter [11000/50000]  Loss: 1.6779  Time/Image: 0.3999
2020-04-27 06:03:52,364 INFO Iter [11100/50000]  Loss: 0.1266  Time/Image: 0.4064
2020-04-27 06:04:33,519 INFO Iter [11200/50000]  Loss: 3.1768  Time/Image: 0.4073
2020-04-27 06:05:14,621 INFO Iter [11300/50000]  Loss: 0.3237  Time/Image: 0.4062
2020-04-27 06:05:55,294 INFO Iter [11400/50000]  Loss: 0.8300  Time/Image: 0.4028
2020-04-27 06:06:36,144 INFO Iter [11500/50000]  Loss: 3.9932  Time/Image: 0.4043
2020-04-27 06:07:16,923 INFO Iter [11600/50000]  Loss: 1.6799  Time/Image: 0.4040
2020-04-27 06:07:57,945 INFO Iter [11700/50000]  Loss: 0.2715  Time/Image: 0.4062
2020-04-27 06:08:38,935 INFO Iter [11800/50000]  Loss: 3.2143  Time/Image: 0.4058
2020-04-27 06:09:19,874 INFO Iter [11900/50000]  Loss: 1.2424  Time/Image: 0.4053
2020-04-27 06:10:00,821 INFO Iter [12000/50000]  Loss: 0.6554  Time/Image: 0.4053
2020-04-27 06:10:42,099 INFO Iter [12100/50000]  Loss: 1.4793  Time/Image: 0.4085
2020-04-27 06:11:22,828 INFO Iter [12200/50000]  Loss: 4.7994  Time/Image: 0.4029
2020-04-27 06:12:03,930 INFO Iter [12300/50000]  Loss: 2.6219  Time/Image: 0.4068
2020-04-27 06:12:44,578 INFO Iter [12400/50000]  Loss: 0.5426  Time/Image: 0.4022
2020-04-27 06:13:25,433 INFO Iter [12500/50000]  Loss: 2.9351  Time/Image: 0.4039
2020-04-27 06:17:02,346 INFO Iter 12500 Loss: 1.3966
2020-04-27 06:17:02,346 INFO Overall Acc: 	: 0.7295803466152488
2020-04-27 06:17:02,346 INFO Mean Acc : 	: 0.06087433506727828
2020-04-27 06:17:02,346 INFO FreqW Acc : 	: 0.5747776357377983
2020-04-27 06:17:02,346 INFO Mean IoU : 	: 0.046487789134659264
2020-04-27 06:17:02,346 INFO 0: 0.7587388424792016
2020-04-27 06:17:02,346 INFO 1: 0.0036587412745226642
2020-04-27 06:17:02,346 INFO 2: 0.0027249791709679167
2020-04-27 06:17:02,346 INFO 3: 0.0014959863630841126
2020-04-27 06:17:02,346 INFO 4: 0.0008109509008932965
2020-04-27 06:17:02,346 INFO 5: 0.0008985495856872129
2020-04-27 06:17:02,346 INFO 6: 0.0057059808878614435
2020-04-27 06:17:02,346 INFO 7: 0.009104658737124027
2020-04-27 06:17:02,346 INFO 8: 0.036718430664645064
2020-04-27 06:17:02,346 INFO 9: 0.001044719370594601
2020-04-27 06:17:02,346 INFO 10: 0.0008628245472631352
2020-04-27 06:17:02,346 INFO 11: 0.003666700948497324
2020-04-27 06:17:02,346 INFO 12: 0.02108863185141912
2020-04-27 06:17:02,346 INFO 13: 0.002192404337896967
2020-04-27 06:17:02,346 INFO 14: 0.009135931504883418
2020-04-27 06:17:02,346 INFO 15: 0.11235183561003671
2020-04-27 06:17:02,346 INFO 16: 0.0004499098084529949
2020-04-27 06:17:02,346 INFO 17: 0.0026327660628361164
2020-04-27 06:17:02,346 INFO 18: 0.0015426308983100226
2020-04-27 06:17:02,346 INFO 19: 0.0004035740757252169
2020-04-27 06:17:02,346 INFO 20: 0.0010145227479415697
2020-04-27 06:17:44,236 INFO Iter [12600/50000]  Loss: 0.2847  Time/Image: 0.4054
2020-04-27 06:18:24,900 INFO Iter [12700/50000]  Loss: 0.5011  Time/Image: 0.4027
2020-04-27 06:19:05,608 INFO Iter [12800/50000]  Loss: 2.1747  Time/Image: 0.4024
2020-04-27 06:19:46,567 INFO Iter [12900/50000]  Loss: 4.2253  Time/Image: 0.4055
2020-04-27 06:20:27,674 INFO Iter [13000/50000]  Loss: 0.8705  Time/Image: 0.4069
2020-04-27 06:21:08,554 INFO Iter [13100/50000]  Loss: 0.9966  Time/Image: 0.4050
2020-04-27 06:21:49,636 INFO Iter [13200/50000]  Loss: 0.6901  Time/Image: 0.4066
2020-04-27 06:22:30,481 INFO Iter [13300/50000]  Loss: 1.2270  Time/Image: 0.4044
2020-04-27 06:23:11,694 INFO Iter [13400/50000]  Loss: 0.3681  Time/Image: 0.4081
2020-04-27 06:23:52,188 INFO Iter [13500/50000]  Loss: 1.4332  Time/Image: 0.3999
2020-04-27 06:24:33,492 INFO Iter [13600/50000]  Loss: 0.4668  Time/Image: 0.4089
2020-04-27 06:25:13,958 INFO Iter [13700/50000]  Loss: 2.2143  Time/Image: 0.4006
2020-04-27 06:25:54,954 INFO Iter [13800/50000]  Loss: 0.9050  Time/Image: 0.4059
2020-04-27 06:26:35,395 INFO Iter [13900/50000]  Loss: 1.8041  Time/Image: 0.3997
2020-04-27 06:27:16,449 INFO Iter [14000/50000]  Loss: 6.0214  Time/Image: 0.4062
2020-04-27 06:27:57,009 INFO Iter [14100/50000]  Loss: 0.1251  Time/Image: 0.4017
2020-04-27 06:28:37,685 INFO Iter [14200/50000]  Loss: 0.8916  Time/Image: 0.4027
2020-04-27 06:29:18,667 INFO Iter [14300/50000]  Loss: 1.2675  Time/Image: 0.4054
2020-04-27 06:29:59,650 INFO Iter [14400/50000]  Loss: 0.1811  Time/Image: 0.4058
2020-04-27 06:30:40,634 INFO Iter [14500/50000]  Loss: 0.4775  Time/Image: 0.4053
2020-04-27 06:31:21,199 INFO Iter [14600/50000]  Loss: 1.9917  Time/Image: 0.4012
2020-04-27 06:32:02,116 INFO Iter [14700/50000]  Loss: 1.9926  Time/Image: 0.4048
2020-04-27 06:32:43,229 INFO Iter [14800/50000]  Loss: 0.8186  Time/Image: 0.4068
2020-04-27 06:33:24,206 INFO Iter [14900/50000]  Loss: 1.3521  Time/Image: 0.4058
2020-04-27 06:34:05,048 INFO Iter [15000/50000]  Loss: 2.2292  Time/Image: 0.4044
2020-04-27 06:37:47,761 INFO Iter 15000 Loss: 1.3428
2020-04-27 06:37:47,761 INFO Overall Acc: 	: 0.7341248949105383
2020-04-27 06:37:47,761 INFO Mean Acc : 	: 0.06282093821277486
2020-04-27 06:37:47,761 INFO FreqW Acc : 	: 0.5782634691337981
2020-04-27 06:37:47,761 INFO Mean IoU : 	: 0.04788435062000641
2020-04-27 06:37:47,761 INFO 0: 0.7620224542751396
2020-04-27 06:37:47,761 INFO 1: 0.0033188200308669085
2020-04-27 06:37:47,761 INFO 2: 0.0031789607824008583
2020-04-27 06:37:47,761 INFO 3: 0.0012853582899776635
2020-04-27 06:37:47,761 INFO 4: 0.0007396024541005782
2020-04-27 06:37:47,761 INFO 5: 0.0007697772710238182
2020-04-27 06:37:47,761 INFO 6: 0.004821593417619907
2020-04-27 06:37:47,761 INFO 7: 0.012090883679735846
2020-04-27 06:37:47,777 INFO 8: 0.04251832806107
2020-04-27 06:37:47,777 INFO 9: 0.0012342453013251611
2020-04-27 06:37:47,777 INFO 10: 0.0007588133684300675
2020-04-27 06:37:47,777 INFO 11: 0.0033499177387064163
2020-04-27 06:37:47,777 INFO 12: 0.02245258550867146
2020-04-27 06:37:47,777 INFO 13: 0.00218652533503906
2020-04-27 06:37:47,777 INFO 14: 0.010295938831744452
2020-04-27 06:37:47,777 INFO 15: 0.12930636015839614
2020-04-27 06:37:47,777 INFO 16: 0.0003829955714789737
2020-04-27 06:37:47,777 INFO 17: 0.0021296409133864783
2020-04-27 06:37:47,777 INFO 18: 0.0014476427014392024
2020-04-27 06:37:47,777 INFO 19: 0.00046561789784968743
2020-04-27 06:37:47,777 INFO 20: 0.0008153014317325084
2020-04-27 06:38:29,473 INFO Iter [15100/50000]  Loss: 1.6291  Time/Image: 0.4042
2020-04-27 06:39:10,650 INFO Iter [15200/50000]  Loss: 2.2599  Time/Image: 0.4074
2020-04-27 06:39:51,819 INFO Iter [15300/50000]  Loss: 1.7026  Time/Image: 0.4077
2020-04-27 06:40:32,835 INFO Iter [15400/50000]  Loss: 0.8005  Time/Image: 0.4058
2020-04-27 06:41:13,612 INFO Iter [15500/50000]  Loss: 2.2000  Time/Image: 0.4037
2020-04-27 06:41:54,708 INFO Iter [15600/50000]  Loss: 2.0760  Time/Image: 0.4066
2020-04-27 06:42:35,844 INFO Iter [15700/50000]  Loss: 1.3962  Time/Image: 0.4071
2020-04-27 06:43:16,715 INFO Iter [15800/50000]  Loss: 0.9933  Time/Image: 0.4046
2020-04-27 06:43:57,663 INFO Iter [15900/50000]  Loss: 1.5585  Time/Image: 0.4053
2020-04-27 06:44:39,066 INFO Iter [16000/50000]  Loss: 1.0272  Time/Image: 0.4101
2020-04-27 06:45:19,929 INFO Iter [16100/50000]  Loss: 0.5395  Time/Image: 0.4046
2020-04-27 06:46:00,599 INFO Iter [16200/50000]  Loss: 0.0435  Time/Image: 0.4026
2020-04-27 06:46:41,900 INFO Iter [16300/50000]  Loss: 0.3327  Time/Image: 0.4089
2020-04-27 06:47:22,785 INFO Iter [16400/50000]  Loss: 1.8447  Time/Image: 0.4048
2020-04-27 06:48:03,818 INFO Iter [16500/50000]  Loss: 1.9116  Time/Image: 0.4061
2020-04-27 06:48:44,972 INFO Iter [16600/50000]  Loss: 0.2589  Time/Image: 0.4076
2020-04-27 06:49:25,707 INFO Iter [16700/50000]  Loss: 1.8449  Time/Image: 0.4031
2020-04-27 06:50:07,010 INFO Iter [16800/50000]  Loss: 1.0675  Time/Image: 0.4082
2020-04-27 06:50:47,713 INFO Iter [16900/50000]  Loss: 0.8299  Time/Image: 0.4022
2020-04-27 06:51:28,544 INFO Iter [17000/50000]  Loss: 0.6698  Time/Image: 0.4038
2020-04-27 06:52:09,288 INFO Iter [17100/50000]  Loss: 0.3879  Time/Image: 0.4030
2020-04-27 06:52:50,284 INFO Iter [17200/50000]  Loss: 2.2345  Time/Image: 0.4051
2020-04-27 06:53:31,347 INFO Iter [17300/50000]  Loss: 1.3772  Time/Image: 0.4059
2020-04-27 06:54:12,403 INFO Iter [17400/50000]  Loss: 1.2449  Time/Image: 0.4064
2020-04-27 06:54:53,599 INFO Iter [17500/50000]  Loss: 0.7648  Time/Image: 0.4076
2020-04-27 06:58:40,107 INFO Iter 17500 Loss: 1.3050
2020-04-27 06:58:40,107 INFO Overall Acc: 	: 0.7392646391666505
2020-04-27 06:58:40,107 INFO Mean Acc : 	: 0.06343270336011114
2020-04-27 06:58:40,107 INFO FreqW Acc : 	: 0.5800560054372705
2020-04-27 06:58:40,107 INFO Mean IoU : 	: 0.04839925650750756
2020-04-27 06:58:40,107 INFO 0: 0.7636406310803003
2020-04-27 06:58:40,107 INFO 1: 0.0028129775704510947
2020-04-27 06:58:40,123 INFO 2: 0.003096773092463722
2020-04-27 06:58:40,123 INFO 3: 0.0009796712876557153
2020-04-27 06:58:40,123 INFO 4: 0.0005573773537581168
2020-04-27 06:58:40,123 INFO 5: 0.0006140867571945176
2020-04-27 06:58:40,123 INFO 6: 0.0038286597648537705
2020-04-27 06:58:40,123 INFO 7: 0.011508876533056817
2020-04-27 06:58:40,123 INFO 8: 0.042729447293497806
2020-04-27 06:58:40,123 INFO 9: 0.0011928413734051222
2020-04-27 06:58:40,123 INFO 10: 0.0006769724172946849
2020-04-27 06:58:40,123 INFO 11: 0.002652165225188363
2020-04-27 06:58:40,123 INFO 12: 0.02390401452505112
2020-04-27 06:58:40,123 INFO 13: 0.0019504386817438728
2020-04-27 06:58:40,123 INFO 14: 0.010998439368366404
2020-04-27 06:58:40,123 INFO 15: 0.14122096213079752
2020-04-27 06:58:40,123 INFO 16: 0.0002911500053847896
2020-04-27 06:58:40,123 INFO 17: 0.0015743367373218437
2020-04-27 06:58:40,123 INFO 18: 0.0010144322698024326
2020-04-27 06:58:40,123 INFO 19: 0.0005659879313202498
2020-04-27 06:58:40,123 INFO 20: 0.0005741452587504638
2020-04-27 06:59:21,625 INFO Iter [17600/50000]  Loss: 1.6403  Time/Image: 0.4023
2020-04-27 07:00:09,225 INFO Iter [17700/50000]  Loss: 1.6645  Time/Image: 0.3975
2020-04-27 07:00:49,998 INFO Iter [17800/50000]  Loss: 3.1807  Time/Image: 0.4040
2020-04-27 07:01:31,075 INFO Iter [17900/50000]  Loss: 2.3079  Time/Image: 0.4065
2020-04-27 07:02:11,680 INFO Iter [18000/50000]  Loss: 0.7907  Time/Image: 0.4018
2020-04-27 07:02:52,406 INFO Iter [18100/50000]  Loss: 0.0270  Time/Image: 0.4030
2020-04-27 07:03:33,201 INFO Iter [18200/50000]  Loss: 4.6086  Time/Image: 0.4034
2020-04-27 07:04:13,328 INFO Iter [18300/50000]  Loss: 1.2360  Time/Image: 0.3983
2020-04-27 07:04:54,520 INFO Iter [18400/50000]  Loss: 1.2892  Time/Image: 0.4078
2020-04-27 07:05:35,674 INFO Iter [18500/50000]  Loss: 0.8732  Time/Image: 0.4076
2020-04-27 07:06:17,000 INFO Iter [18600/50000]  Loss: 1.4957  Time/Image: 0.4092
2020-04-27 07:06:57,592 INFO Iter [18700/50000]  Loss: 0.2621  Time/Image: 0.4020
2020-04-27 07:07:38,629 INFO Iter [18800/50000]  Loss: 0.2438  Time/Image: 0.4058
2020-04-27 07:08:19,479 INFO Iter [18900/50000]  Loss: 0.3406  Time/Image: 0.4047
2020-04-27 07:09:00,115 INFO Iter [19000/50000]  Loss: 0.8526  Time/Image: 0.4023
2020-04-27 07:09:41,095 INFO Iter [19100/50000]  Loss: 0.9854  Time/Image: 0.4056
2020-04-27 07:10:22,038 INFO Iter [19200/50000]  Loss: 0.1043  Time/Image: 0.4057
2020-04-27 07:11:02,271 INFO Iter [19300/50000]  Loss: 4.2534  Time/Image: 0.3976
2020-04-27 07:11:43,027 INFO Iter [19400/50000]  Loss: 2.0567  Time/Image: 0.4033
2020-04-27 07:12:23,772 INFO Iter [19500/50000]  Loss: 0.3822  Time/Image: 0.4028
2020-04-27 07:13:04,425 INFO Iter [19600/50000]  Loss: 0.9269  Time/Image: 0.4023
2020-04-27 07:13:45,240 INFO Iter [19700/50000]  Loss: 0.6059  Time/Image: 0.4040
2020-04-27 07:14:26,103 INFO Iter [19800/50000]  Loss: 0.8940  Time/Image: 0.4041
2020-04-27 07:15:06,899 INFO Iter [19900/50000]  Loss: 2.1683  Time/Image: 0.4041
2020-04-27 07:15:47,237 INFO Iter [20000/50000]  Loss: 0.3583  Time/Image: 0.3993
2020-04-27 07:19:27,511 INFO Iter 20000 Loss: 1.2711
2020-04-27 07:19:27,527 INFO Overall Acc: 	: 0.74095550634741
2020-04-27 07:19:27,527 INFO Mean Acc : 	: 0.06552638677961886
2020-04-27 07:19:27,527 INFO FreqW Acc : 	: 0.5823797546115171
2020-04-27 07:19:27,527 INFO Mean IoU : 	: 0.04985200547429341
2020-04-27 07:19:27,527 INFO 0: 0.7655036610277126
2020-04-27 07:19:27,527 INFO 1: 0.0029460818991955827
2020-04-27 07:19:27,527 INFO 2: 0.003403746924496555
2020-04-27 07:19:27,527 INFO 3: 0.0009090026488234086
2020-04-27 07:19:27,527 INFO 4: 0.0005485346241602443
2020-04-27 07:19:27,527 INFO 5: 0.0005279964292200251
2020-04-27 07:19:27,527 INFO 6: 0.004282779595025862
2020-04-27 07:19:27,527 INFO 7: 0.01403103977627203
2020-04-27 07:19:27,527 INFO 8: 0.049381014471623706
2020-04-27 07:19:27,527 INFO 9: 0.0011482227960445746
2020-04-27 07:19:27,527 INFO 10: 0.0006479423567394858
2020-04-27 07:19:27,527 INFO 11: 0.0020525047024376303
2020-04-27 07:19:27,527 INFO 12: 0.027574252459883458
2020-04-27 07:19:27,527 INFO 13: 0.0020170986546216223
2020-04-27 07:19:27,527 INFO 14: 0.013946116948401732
2020-04-27 07:19:27,527 INFO 15: 0.15410844453327957
2020-04-27 07:19:27,527 INFO 16: 0.00029118198874296435
2020-04-27 07:19:27,527 INFO 17: 0.0013314011543654988
2020-04-27 07:19:27,527 INFO 18: 0.00092873540259788
2020-04-27 07:19:27,527 INFO 19: 0.0007551510607405707
2020-04-27 07:19:27,527 INFO 20: 0.0005572055057763974
2020-04-27 07:20:08,915 INFO Iter [20100/50000]  Loss: 1.2578  Time/Image: 0.4015
2020-04-27 07:20:49,817 INFO Iter [20200/50000]  Loss: 1.3852  Time/Image: 0.4051
2020-04-27 07:21:30,724 INFO Iter [20300/50000]  Loss: 0.6975  Time/Image: 0.4045
2020-04-27 07:22:11,765 INFO Iter [20400/50000]  Loss: 0.6765  Time/Image: 0.4063
2020-04-27 07:22:53,067 INFO Iter [20500/50000]  Loss: 3.7519  Time/Image: 0.4088
2020-04-27 07:23:34,182 INFO Iter [20600/50000]  Loss: 1.5287  Time/Image: 0.4069
2020-04-27 07:24:15,232 INFO Iter [20700/50000]  Loss: 0.3385  Time/Image: 0.4066
2020-04-27 07:24:56,134 INFO Iter [20800/50000]  Loss: 0.3104  Time/Image: 0.4053
2020-04-27 07:25:37,111 INFO Iter [20900/50000]  Loss: 3.7125  Time/Image: 0.4065
2020-04-27 07:26:17,798 INFO Iter [21000/50000]  Loss: 0.3780  Time/Image: 0.4028
2020-04-27 07:26:58,535 INFO Iter [21100/50000]  Loss: 1.7538  Time/Image: 0.4028
2020-04-27 07:27:39,575 INFO Iter [21200/50000]  Loss: 1.8009  Time/Image: 0.4062
2020-04-27 07:28:20,728 INFO Iter [21300/50000]  Loss: 0.8558  Time/Image: 0.4076
2020-04-27 07:29:01,716 INFO Iter [21400/50000]  Loss: 0.4771  Time/Image: 0.4058
2020-04-27 07:29:42,808 INFO Iter [21500/50000]  Loss: 1.6683  Time/Image: 0.4067
2020-04-27 07:30:24,099 INFO Iter [21600/50000]  Loss: 0.9253  Time/Image: 0.4089
2020-04-27 07:31:05,274 INFO Iter [21700/50000]  Loss: 0.1707  Time/Image: 0.4077
2020-04-27 07:31:46,507 INFO Iter [21800/50000]  Loss: 0.8059  Time/Image: 0.4081
2020-04-27 07:32:27,953 INFO Iter [21900/50000]  Loss: 0.1187  Time/Image: 0.4104
2020-04-27 07:33:08,753 INFO Iter [22000/50000]  Loss: 3.3725  Time/Image: 0.4041
2020-04-27 07:33:49,755 INFO Iter [22100/50000]  Loss: 1.3466  Time/Image: 0.4060
2020-04-27 07:34:30,767 INFO Iter [22200/50000]  Loss: 0.8491  Time/Image: 0.4059
2020-04-27 07:35:11,578 INFO Iter [22300/50000]  Loss: 3.5811  Time/Image: 0.4041
2020-04-27 07:35:52,731 INFO Iter [22400/50000]  Loss: 1.1377  Time/Image: 0.4072
2020-04-27 07:36:33,553 INFO Iter [22500/50000]  Loss: 2.4558  Time/Image: 0.4040
2020-04-27 07:40:09,848 INFO Iter 22500 Loss: 1.2435
2020-04-27 07:40:09,848 INFO Overall Acc: 	: 0.7428421517712305
2020-04-27 07:40:09,848 INFO Mean Acc : 	: 0.06756861557761046
2020-04-27 07:40:09,848 INFO FreqW Acc : 	: 0.5847900287440421
2020-04-27 07:40:09,848 INFO Mean IoU : 	: 0.05125762161989867
2020-04-27 07:40:09,848 INFO 0: 0.7675030179562122
2020-04-27 07:40:09,848 INFO 1: 0.002757932430655449
2020-04-27 07:40:09,848 INFO 2: 0.0034701505268855976
2020-04-27 07:40:09,848 INFO 3: 0.0008461745355861723
2020-04-27 07:40:09,848 INFO 4: 0.0004562713961837027
2020-04-27 07:40:09,848 INFO 5: 0.00041713542363973886
2020-04-27 07:40:09,848 INFO 6: 0.004530474095144404
2020-04-27 07:40:09,848 INFO 7: 0.015535661893619001
2020-04-27 07:40:09,848 INFO 8: 0.05990410972908004
2020-04-27 07:40:09,848 INFO 9: 0.0012279338848892533
2020-04-27 07:40:09,848 INFO 10: 0.0005809571920556163
2020-04-27 07:40:09,848 INFO 11: 0.001922050087477324
2020-04-27 07:40:09,848 INFO 12: 0.03215770617477556
2020-04-27 07:40:09,848 INFO 13: 0.0020864066470893707
2020-04-27 07:40:09,848 INFO 14: 0.013827867028336556
2020-04-27 07:40:09,848 INFO 15: 0.165577861245668
2020-04-27 07:40:09,848 INFO 16: 0.0002527424843368174
2020-04-27 07:40:09,848 INFO 17: 0.0012379361144750974
2020-04-27 07:40:09,848 INFO 18: 0.0007967269416343533
2020-04-27 07:40:09,848 INFO 19: 0.0008685877037047875
2020-04-27 07:40:09,848 INFO 20: 0.0004523505264229251
2020-04-27 07:40:51,730 INFO Iter [22600/50000]  Loss: 0.2066  Time/Image: 0.4058
2020-04-27 07:41:33,170 INFO Iter [22700/50000]  Loss: 0.3053  Time/Image: 0.4102
2020-04-27 07:42:14,242 INFO Iter [22800/50000]  Loss: 0.6098  Time/Image: 0.4068
2020-04-27 07:42:55,172 INFO Iter [22900/50000]  Loss: 0.6348  Time/Image: 0.4051
2020-04-27 07:43:36,001 INFO Iter [23000/50000]  Loss: 0.9272  Time/Image: 0.4039
2020-04-27 07:44:17,069 INFO Iter [23100/50000]  Loss: 0.5264  Time/Image: 0.4065
2020-04-27 07:44:58,041 INFO Iter [23200/50000]  Loss: 1.2806  Time/Image: 0.4053
2020-04-27 07:45:39,168 INFO Iter [23300/50000]  Loss: 0.9348  Time/Image: 0.4071
2020-04-27 07:46:19,983 INFO Iter [23400/50000]  Loss: 1.4216  Time/Image: 0.4042
2020-04-27 07:47:00,878 INFO Iter [23500/50000]  Loss: 0.5311  Time/Image: 0.4047
2020-04-27 07:47:41,769 INFO Iter [23600/50000]  Loss: 0.6357  Time/Image: 0.4048
2020-04-27 07:48:22,745 INFO Iter [23700/50000]  Loss: 1.2410  Time/Image: 0.4054
2020-04-27 07:49:03,739 INFO Iter [23800/50000]  Loss: 1.5913  Time/Image: 0.4057
2020-04-27 07:49:44,910 INFO Iter [23900/50000]  Loss: 0.7801  Time/Image: 0.4078
2020-04-27 07:50:26,061 INFO Iter [24000/50000]  Loss: 1.3344  Time/Image: 0.4070
2020-04-27 07:51:06,894 INFO Iter [24100/50000]  Loss: 0.2670  Time/Image: 0.4052
2020-04-27 07:51:47,229 INFO Iter [24200/50000]  Loss: 0.4083  Time/Image: 0.3993
2020-04-27 07:52:28,022 INFO Iter [24300/50000]  Loss: 0.3333  Time/Image: 0.4039
2020-04-27 07:53:09,353 INFO Iter [24400/50000]  Loss: 1.9246  Time/Image: 0.4091
2020-04-27 07:53:50,601 INFO Iter [24500/50000]  Loss: 0.2555  Time/Image: 0.4081
2020-04-27 07:54:31,820 INFO Iter [24600/50000]  Loss: 1.0356  Time/Image: 0.4081
2020-04-27 07:55:12,721 INFO Iter [24700/50000]  Loss: 0.2858  Time/Image: 0.4046
2020-04-27 07:55:53,872 INFO Iter [24800/50000]  Loss: 0.3028  Time/Image: 0.4071
2020-04-27 07:56:35,052 INFO Iter [24900/50000]  Loss: 1.0150  Time/Image: 0.4077
2020-04-27 07:57:16,227 INFO Iter [25000/50000]  Loss: 1.3848  Time/Image: 0.4071
2020-04-27 08:00:54,808 INFO Iter 25000 Loss: 1.2231
2020-04-27 08:00:54,808 INFO Overall Acc: 	: 0.7455355864835009
2020-04-27 08:00:54,808 INFO Mean Acc : 	: 0.06791066791972947
2020-04-27 08:00:54,808 INFO FreqW Acc : 	: 0.5854549424279871
2020-04-27 08:00:54,808 INFO Mean IoU : 	: 0.051662569177008816
2020-04-27 08:00:54,808 INFO 0: 0.7678699501381715
2020-04-27 08:00:54,808 INFO 1: 0.002547811751957938
2020-04-27 08:00:54,808 INFO 2: 0.0033445929081318535
2020-04-27 08:00:54,808 INFO 3: 0.000707636228704886
2020-04-27 08:00:54,808 INFO 4: 0.0003590083940564166
2020-04-27 08:00:54,808 INFO 5: 0.0002763266838120554
2020-04-27 08:00:54,808 INFO 6: 0.004206998004115865
2020-04-27 08:00:54,808 INFO 7: 0.01691401453053331
2020-04-27 08:00:54,808 INFO 8: 0.06068288655682844
2020-04-27 08:00:54,808 INFO 9: 0.0011010111650748033
2020-04-27 08:00:54,808 INFO 10: 0.0005093971857295923
2020-04-27 08:00:54,808 INFO 11: 0.0016095168131946254
2020-04-27 08:00:54,808 INFO 12: 0.033037222152778004
2020-04-27 08:00:54,808 INFO 13: 0.0018298945744609683
2020-04-27 08:00:54,808 INFO 14: 0.014225814384061659
2020-04-27 08:00:54,808 INFO 15: 0.1726882549603287
2020-04-27 08:00:54,808 INFO 16: 0.0001844501571685126
2020-04-27 08:00:54,808 INFO 17: 0.0010159907024460595
2020-04-27 08:00:54,808 INFO 18: 0.0006290602918906883
2020-04-27 08:00:54,808 INFO 19: 0.0008240820430363227
2020-04-27 08:00:54,808 INFO 20: 0.00035003309070311063
2020-04-27 08:01:36,626 INFO Iter [25100/50000]  Loss: 0.1402  Time/Image: 0.4051
2020-04-27 08:02:17,524 INFO Iter [25200/50000]  Loss: 1.4355  Time/Image: 0.4049
2020-04-27 08:02:58,505 INFO Iter [25300/50000]  Loss: 1.8237  Time/Image: 0.4057
2020-04-27 08:03:39,444 INFO Iter [25400/50000]  Loss: 0.9961  Time/Image: 0.4053
2020-04-27 08:04:20,520 INFO Iter [25500/50000]  Loss: 1.4536  Time/Image: 0.4067
2020-04-27 08:05:01,611 INFO Iter [25600/50000]  Loss: 0.4412  Time/Image: 0.4064
2020-04-27 08:05:42,511 INFO Iter [25700/50000]  Loss: 0.7391  Time/Image: 0.4049
2020-04-27 08:06:23,144 INFO Iter [25800/50000]  Loss: 0.4863  Time/Image: 0.4020
2020-04-27 08:07:03,906 INFO Iter [25900/50000]  Loss: 3.2798  Time/Image: 0.4036
2020-04-27 08:07:44,949 INFO Iter [26000/50000]  Loss: 1.1245  Time/Image: 0.4064
2020-04-27 08:08:26,110 INFO Iter [26100/50000]  Loss: 0.9632  Time/Image: 0.4072
2020-04-27 08:09:07,226 INFO Iter [26200/50000]  Loss: 1.0435  Time/Image: 0.4068
2020-04-27 08:09:47,719 INFO Iter [26300/50000]  Loss: 0.5159  Time/Image: 0.4007
2020-04-27 08:10:28,711 INFO Iter [26400/50000]  Loss: 0.7425  Time/Image: 0.4060
2020-04-27 08:11:17,729 INFO Iter [26500/50000]  Loss: 0.8954  Time/Image: 0.4039
2020-04-27 08:11:58,658 INFO Iter [26600/50000]  Loss: 1.4014  Time/Image: 0.4048
2020-04-27 08:12:39,686 INFO Iter [26700/50000]  Loss: 0.2254  Time/Image: 0.4061
2020-04-27 08:13:20,716 INFO Iter [26800/50000]  Loss: 0.5674  Time/Image: 0.4056
2020-04-27 08:14:01,859 INFO Iter [26900/50000]  Loss: 4.9873  Time/Image: 0.4079
2020-04-27 08:14:42,883 INFO Iter [27000/50000]  Loss: 0.1113  Time/Image: 0.4056
2020-04-27 08:15:24,038 INFO Iter [27100/50000]  Loss: 0.2614  Time/Image: 0.4069
2020-04-27 08:16:04,868 INFO Iter [27200/50000]  Loss: 1.3590  Time/Image: 0.4046
2020-04-27 08:16:45,965 INFO Iter [27300/50000]  Loss: 1.0876  Time/Image: 0.4066
2020-04-27 08:17:26,749 INFO Iter [27400/50000]  Loss: 0.2122  Time/Image: 0.4038
2020-04-27 08:18:07,728 INFO Iter [27500/50000]  Loss: 0.3866  Time/Image: 0.4053
2020-04-27 08:21:45,164 INFO Iter 27500 Loss: 1.2045
2020-04-27 08:21:45,164 INFO Overall Acc: 	: 0.7469026998186344
2020-04-27 08:21:45,164 INFO Mean Acc : 	: 0.07047237692610085
2020-04-27 08:21:45,164 INFO FreqW Acc : 	: 0.588078241081732
2020-04-27 08:21:45,164 INFO Mean IoU : 	: 0.053198850929357194
2020-04-27 08:21:45,164 INFO 0: 0.7700363309113706
2020-04-27 08:21:45,164 INFO 1: 0.002785466106208137
2020-04-27 08:21:45,164 INFO 2: 0.0031876790467224993
2020-04-27 08:21:45,164 INFO 3: 0.0006734859315295164
2020-04-27 08:21:45,164 INFO 4: 0.0003282309804342482
2020-04-27 08:21:45,164 INFO 5: 0.00022894818866955213
2020-04-27 08:21:45,164 INFO 6: 0.003803741018247656
2020-04-27 08:21:45,164 INFO 7: 0.0157766459453218
2020-04-27 08:21:45,164 INFO 8: 0.0743761271504758
2020-04-27 08:21:45,164 INFO 9: 0.0009945883787670915
2020-04-27 08:21:45,164 INFO 10: 0.0004576581575658294
2020-04-27 08:21:45,164 INFO 11: 0.0013342902972529034
2020-04-27 08:21:45,180 INFO 12: 0.03772159110310202
2020-04-27 08:21:45,180 INFO 13: 0.0020083051339173405
2020-04-27 08:21:45,180 INFO 14: 0.015532285786234869
2020-04-27 08:21:45,180 INFO 15: 0.1851010531483221
2020-04-27 08:21:45,180 INFO 16: 0.00010273620766412109
2020-04-27 08:21:45,180 INFO 17: 0.0010089307025220782
2020-04-27 08:21:45,180 INFO 18: 0.0006167251250222815
2020-04-27 08:21:45,180 INFO 19: 0.0008120256523379306
2020-04-27 08:21:45,180 INFO 20: 0.00028902454481285794
2020-04-27 08:22:27,091 INFO Iter [27600/50000]  Loss: 1.4644  Time/Image: 0.4056
2020-04-27 08:23:07,781 INFO Iter [27700/50000]  Loss: 0.5344  Time/Image: 0.4030
2020-04-27 08:23:48,914 INFO Iter [27800/50000]  Loss: 1.0345  Time/Image: 0.4071
2020-04-27 08:24:29,587 INFO Iter [27900/50000]  Loss: 0.3116  Time/Image: 0.4025
2020-04-27 08:25:10,323 INFO Iter [28000/50000]  Loss: 1.6993  Time/Image: 0.4029
2020-04-27 08:25:51,513 INFO Iter [28100/50000]  Loss: 0.6813  Time/Image: 0.4080
2020-04-27 08:26:32,728 INFO Iter [28200/50000]  Loss: 1.2221  Time/Image: 0.4081
2020-04-27 08:27:13,587 INFO Iter [28300/50000]  Loss: 1.4335  Time/Image: 0.4045
2020-04-27 08:27:54,889 INFO Iter [28400/50000]  Loss: 3.0785  Time/Image: 0.4087
2020-04-27 08:28:35,973 INFO Iter [28500/50000]  Loss: 0.9102  Time/Image: 0.4065
2020-04-27 08:29:17,085 INFO Iter [28600/50000]  Loss: 0.0744  Time/Image: 0.4071
2020-04-27 08:29:58,121 INFO Iter [28700/50000]  Loss: 1.6263  Time/Image: 0.4061
2020-04-27 08:30:39,162 INFO Iter [28800/50000]  Loss: 1.1747  Time/Image: 0.4057
2020-04-27 08:31:19,943 INFO Iter [28900/50000]  Loss: 0.5980  Time/Image: 0.4036
2020-04-27 08:32:00,560 INFO Iter [29000/50000]  Loss: 1.2593  Time/Image: 0.4017
2020-04-27 08:32:41,356 INFO Iter [29100/50000]  Loss: 0.7714  Time/Image: 0.4041
2020-04-27 08:33:22,206 INFO Iter [29200/50000]  Loss: 1.3131  Time/Image: 0.4044
2020-04-27 08:34:03,465 INFO Iter [29300/50000]  Loss: 0.8404  Time/Image: 0.4082
2020-04-27 08:34:44,483 INFO Iter [29400/50000]  Loss: 0.4512  Time/Image: 0.4063
2020-04-27 08:35:25,628 INFO Iter [29500/50000]  Loss: 0.8476  Time/Image: 0.4072
2020-04-27 08:36:06,227 INFO Iter [29600/50000]  Loss: 0.0911  Time/Image: 0.4017
2020-04-27 08:36:47,681 INFO Iter [29700/50000]  Loss: 1.5187  Time/Image: 0.4102
2020-04-27 08:37:28,816 INFO Iter [29800/50000]  Loss: 2.1738  Time/Image: 0.4070
2020-04-27 08:38:09,562 INFO Iter [29900/50000]  Loss: 1.6926  Time/Image: 0.4032
2020-04-27 08:38:50,490 INFO Iter [30000/50000]  Loss: 0.1958  Time/Image: 0.4052
2020-04-27 08:42:31,437 INFO Iter 30000 Loss: 1.1870
2020-04-27 08:42:31,437 INFO Overall Acc: 	: 0.7493175760135754
2020-04-27 08:42:31,437 INFO Mean Acc : 	: 0.07009288458628125
2020-04-27 08:42:31,437 INFO FreqW Acc : 	: 0.5878756539297352
2020-04-27 08:42:31,437 INFO Mean IoU : 	: 0.053538806430396386
2020-04-27 08:42:31,437 INFO 0: 0.7695399538221548
2020-04-27 08:42:31,437 INFO 1: 0.002933746066182157
2020-04-27 08:42:31,437 INFO 2: 0.0032564711390542437
2020-04-27 08:42:31,437 INFO 3: 0.000585178627543969
2020-04-27 08:42:31,437 INFO 4: 0.00027598902488314245
2020-04-27 08:42:31,437 INFO 5: 0.0001404151591184583
2020-04-27 08:42:31,437 INFO 6: 0.004000728922183166
2020-04-27 08:42:31,437 INFO 7: 0.016109129649799665
2020-04-27 08:42:31,437 INFO 8: 0.07886725776515674
2020-04-27 08:42:31,437 INFO 9: 0.0008644798044510363
2020-04-27 08:42:31,437 INFO 10: 0.00043523668197365374
2020-04-27 08:42:31,437 INFO 11: 0.0010106489558745191
2020-04-27 08:42:31,437 INFO 12: 0.040370420759695436
2020-04-27 08:42:31,437 INFO 13: 0.0019117123429280283
2020-04-27 08:42:31,437 INFO 14: 0.016084586049064927
2020-04-27 08:42:31,437 INFO 15: 0.18535159017115665
2020-04-27 08:42:31,437 INFO 16: 6.66223562681448e-05
2020-04-27 08:42:31,437 INFO 17: 0.000869846522416701
2020-04-27 08:42:31,437 INFO 18: 0.0005458004641417266
2020-04-27 08:42:31,437 INFO 19: 0.0008663307160204882
2020-04-27 08:42:31,437 INFO 20: 0.00022879003825669491
2020-04-27 08:43:13,274 INFO Iter [30100/50000]  Loss: 0.3379  Time/Image: 0.4059
2020-04-27 08:43:53,729 INFO Iter [30200/50000]  Loss: 1.8383  Time/Image: 0.4002
2020-04-27 08:44:34,805 INFO Iter [30300/50000]  Loss: 0.6672  Time/Image: 0.4067
2020-04-27 08:45:15,525 INFO Iter [30400/50000]  Loss: 0.3425  Time/Image: 0.4030
2020-04-27 08:45:56,784 INFO Iter [30500/50000]  Loss: 0.5402  Time/Image: 0.4081
2020-04-27 08:46:37,425 INFO Iter [30600/50000]  Loss: 1.6467  Time/Image: 0.4020
2020-04-27 08:47:18,223 INFO Iter [30700/50000]  Loss: 1.2047  Time/Image: 0.4038
2020-04-27 08:47:59,724 INFO Iter [30800/50000]  Loss: 1.0550  Time/Image: 0.4108
2020-04-27 08:48:40,285 INFO Iter [30900/50000]  Loss: 1.9766  Time/Image: 0.4014
2020-04-27 08:49:21,212 INFO Iter [31000/50000]  Loss: 0.2958  Time/Image: 0.4054
2020-04-27 08:50:02,460 INFO Iter [31100/50000]  Loss: 0.4866  Time/Image: 0.4083
2020-04-27 08:50:42,996 INFO Iter [31200/50000]  Loss: 1.2282  Time/Image: 0.4012
2020-04-27 08:51:23,800 INFO Iter [31300/50000]  Loss: 1.9365  Time/Image: 0.4036
2020-04-27 08:52:04,884 INFO Iter [31400/50000]  Loss: 0.2674  Time/Image: 0.4063
2020-04-27 08:52:45,711 INFO Iter [31500/50000]  Loss: 1.0845  Time/Image: 0.4036
2020-04-27 08:53:26,916 INFO Iter [31600/50000]  Loss: 0.4019  Time/Image: 0.4075
2020-04-27 08:54:07,930 INFO Iter [31700/50000]  Loss: 1.4859  Time/Image: 0.4062
2020-04-27 08:54:49,123 INFO Iter [31800/50000]  Loss: 0.2925  Time/Image: 0.4072
2020-04-27 08:55:29,540 INFO Iter [31900/50000]  Loss: 1.5349  Time/Image: 0.4000
2020-04-27 08:56:10,422 INFO Iter [32000/50000]  Loss: 1.5224  Time/Image: 0.4046
2020-04-27 08:56:51,531 INFO Iter [32100/50000]  Loss: 0.5474  Time/Image: 0.4070
2020-04-27 08:57:32,730 INFO Iter [32200/50000]  Loss: 0.6687  Time/Image: 0.4076
2020-04-27 08:58:14,051 INFO Iter [32300/50000]  Loss: 2.1526  Time/Image: 0.4090
2020-04-27 08:58:55,170 INFO Iter [32400/50000]  Loss: 0.1056  Time/Image: 0.4072
2020-04-27 08:59:35,691 INFO Iter [32500/50000]  Loss: 0.5544  Time/Image: 0.4010
2020-04-27 09:03:12,342 INFO Iter 32500 Loss: 1.1723
2020-04-27 09:03:12,342 INFO Overall Acc: 	: 0.7507651077801872
2020-04-27 09:03:12,342 INFO Mean Acc : 	: 0.07114057970498344
2020-04-27 09:03:12,342 INFO FreqW Acc : 	: 0.5889091493058651
2020-04-27 09:03:12,342 INFO Mean IoU : 	: 0.05426301236707893
2020-04-27 09:03:12,342 INFO 0: 0.7700987765753151
2020-04-27 09:03:12,342 INFO 1: 0.0028848969755783625
2020-04-27 09:03:12,342 INFO 2: 0.00317126996210728
2020-04-27 09:03:12,342 INFO 3: 0.00045965984281680263
2020-04-27 09:03:12,342 INFO 4: 0.0002632532897862651
2020-04-27 09:03:12,342 INFO 5: 0.00011733228400356198
2020-04-27 09:03:12,342 INFO 6: 0.004641582128125108
2020-04-27 09:03:12,342 INFO 7: 0.01731472881934168
2020-04-27 09:03:12,342 INFO 8: 0.0845781637441864
2020-04-27 09:03:12,342 INFO 9: 0.0007807232640931715
2020-04-27 09:03:12,342 INFO 10: 0.0003878955268047806
2020-04-27 09:03:12,342 INFO 11: 0.0008505717183916893
2020-04-27 09:03:12,342 INFO 12: 0.03899995994460451
2020-04-27 09:03:12,342 INFO 13: 0.001711490116912667
2020-04-27 09:03:12,342 INFO 14: 0.015447085796605005
2020-04-27 09:03:12,342 INFO 15: 0.1953790502410824
2020-04-27 09:03:12,342 INFO 16: 3.6300189944689556e-05
2020-04-27 09:03:12,342 INFO 17: 0.0007857328618936162
2020-04-27 09:03:12,342 INFO 18: 0.0004883056867113276
2020-04-27 09:03:12,342 INFO 19: 0.0009026550029820515
2020-04-27 09:03:12,342 INFO 20: 0.00022382573737096984
2020-04-27 09:03:54,161 INFO Iter [32600/50000]  Loss: 1.7181  Time/Image: 0.4048
2020-04-27 09:04:35,066 INFO Iter [32700/50000]  Loss: 1.3705  Time/Image: 0.4059
2020-04-27 09:05:16,228 INFO Iter [32800/50000]  Loss: 2.0479  Time/Image: 0.4074
2020-04-27 09:05:57,112 INFO Iter [32900/50000]  Loss: 1.1402  Time/Image: 0.4043
2020-04-27 09:06:38,045 INFO Iter [33000/50000]  Loss: 0.1897  Time/Image: 0.4050
2020-04-27 09:07:19,019 INFO Iter [33100/50000]  Loss: 0.4095  Time/Image: 0.4058
2020-04-27 09:07:59,790 INFO Iter [33200/50000]  Loss: 0.1377  Time/Image: 0.4035
2020-04-27 09:08:40,699 INFO Iter [33300/50000]  Loss: 0.5546  Time/Image: 0.4050
2020-04-27 09:09:21,710 INFO Iter [33400/50000]  Loss: 0.2401  Time/Image: 0.4058
2020-04-27 09:10:02,497 INFO Iter [33500/50000]  Loss: 0.8624  Time/Image: 0.4036
2020-04-27 09:10:43,184 INFO Iter [33600/50000]  Loss: 0.4277  Time/Image: 0.4023
2020-04-27 09:11:23,910 INFO Iter [33700/50000]  Loss: 0.9063  Time/Image: 0.4030
2020-04-27 09:12:05,046 INFO Iter [33800/50000]  Loss: 2.2267  Time/Image: 0.4070
2020-04-27 09:12:46,188 INFO Iter [33900/50000]  Loss: 2.8589  Time/Image: 0.4070
2020-04-27 09:13:26,996 INFO Iter [34000/50000]  Loss: 1.6743  Time/Image: 0.4039
2020-04-27 09:14:08,384 INFO Iter [34100/50000]  Loss: 3.2454  Time/Image: 0.4096
2020-04-27 09:14:49,446 INFO Iter [34200/50000]  Loss: 0.8233  Time/Image: 0.4062
2020-04-27 09:15:30,134 INFO Iter [34300/50000]  Loss: 0.8821  Time/Image: 0.4028
2020-04-27 09:16:11,112 INFO Iter [34400/50000]  Loss: 0.2136  Time/Image: 0.4059
2020-04-27 09:16:52,351 INFO Iter [34500/50000]  Loss: 0.5312  Time/Image: 0.4084
2020-04-27 09:17:33,329 INFO Iter [34600/50000]  Loss: 1.0631  Time/Image: 0.4057
2020-04-27 09:18:14,677 INFO Iter [34700/50000]  Loss: 1.6876  Time/Image: 0.4094
2020-04-27 09:18:55,933 INFO Iter [34800/50000]  Loss: 1.8351  Time/Image: 0.4084
2020-04-27 09:19:36,771 INFO Iter [34900/50000]  Loss: 4.1927  Time/Image: 0.4047
2020-04-27 09:20:17,631 INFO Iter [35000/50000]  Loss: 0.5962  Time/Image: 0.4044
2020-04-27 09:23:55,401 INFO Iter 35000 Loss: 1.1558
2020-04-27 09:23:55,416 INFO Overall Acc: 	: 0.751826968371552
2020-04-27 09:23:55,416 INFO Mean Acc : 	: 0.07247962666686758
2020-04-27 09:23:55,416 INFO FreqW Acc : 	: 0.5900458697386193
2020-04-27 09:23:55,416 INFO Mean IoU : 	: 0.055458936757408636
2020-04-27 09:23:55,416 INFO 0: 0.7707783749036539
2020-04-27 09:23:55,416 INFO 1: 0.0036522185279505024
2020-04-27 09:23:55,416 INFO 2: 0.0033980878665252493
2020-04-27 09:23:55,416 INFO 3: 0.0004898017236398224
2020-04-27 09:23:55,416 INFO 4: 0.0002747376607567543
2020-04-27 09:23:55,416 INFO 5: 0.00011341074343564761
2020-04-27 09:23:55,416 INFO 6: 0.00598481268613251
2020-04-27 09:23:55,416 INFO 7: 0.020723466403550644
2020-04-27 09:23:55,416 INFO 8: 0.09329764318390292
2020-04-27 09:23:55,416 INFO 9: 0.0007351203190292075
2020-04-27 09:23:55,416 INFO 10: 0.00039736313556850095
2020-04-27 09:23:55,416 INFO 11: 0.0008359499245606165
2020-04-27 09:23:55,416 INFO 12: 0.042896274402308865
2020-04-27 09:23:55,416 INFO 13: 0.0016524593111804208
2020-04-27 09:23:55,416 INFO 14: 0.015969175645734808
2020-04-27 09:23:55,416 INFO 15: 0.20089656262296715
2020-04-27 09:23:55,416 INFO 16: 3.7171722284526595e-05
2020-04-27 09:23:55,416 INFO 17: 0.0006292579153822477
2020-04-27 09:23:55,416 INFO 18: 0.0005034163224673176
2020-04-27 09:23:55,416 INFO 19: 0.001169063172115671
2020-04-27 09:23:55,416 INFO 20: 0.0002033037124342177
2020-04-27 09:24:38,615 INFO Iter [35100/50000]  Loss: 1.0975  Time/Image: 0.4134
2020-04-27 09:25:19,555 INFO Iter [35200/50000]  Loss: 0.5981  Time/Image: 0.4049
2020-04-27 09:26:00,686 INFO Iter [35300/50000]  Loss: 0.6149  Time/Image: 0.4072
2020-04-27 09:26:48,461 INFO Iter [35400/50000]  Loss: 0.1356  Time/Image: 0.3993
2020-04-27 09:27:28,932 INFO Iter [35500/50000]  Loss: 0.1124  Time/Image: 0.4006
2020-04-27 09:28:10,178 INFO Iter [35600/50000]  Loss: 0.0616  Time/Image: 0.4084
2020-04-27 09:28:51,238 INFO Iter [35700/50000]  Loss: 1.2408  Time/Image: 0.4061
2020-04-27 09:29:32,322 INFO Iter [35800/50000]  Loss: 1.9086  Time/Image: 0.4068
2020-04-27 09:30:13,683 INFO Iter [35900/50000]  Loss: 1.6383  Time/Image: 0.4094
2020-04-27 09:30:54,859 INFO Iter [36000/50000]  Loss: 2.6016  Time/Image: 0.4078
2020-04-27 09:31:35,694 INFO Iter [36100/50000]  Loss: 1.5708  Time/Image: 0.4041
2020-04-27 09:32:16,221 INFO Iter [36200/50000]  Loss: 0.6280  Time/Image: 0.4012
2020-04-27 09:32:57,210 INFO Iter [36300/50000]  Loss: 1.0113  Time/Image: 0.4057
2020-04-27 09:33:38,065 INFO Iter [36400/50000]  Loss: 0.6041  Time/Image: 0.4042
2020-04-27 09:34:19,313 INFO Iter [36500/50000]  Loss: 3.5859  Time/Image: 0.4083
2020-04-27 09:35:00,288 INFO Iter [36600/50000]  Loss: 0.9375  Time/Image: 0.4058
2020-04-27 09:35:40,790 INFO Iter [36700/50000]  Loss: 0.4347  Time/Image: 0.4006
2020-04-27 09:36:21,646 INFO Iter [36800/50000]  Loss: 2.1221  Time/Image: 0.4045
2020-04-27 09:37:02,374 INFO Iter [36900/50000]  Loss: 1.0398  Time/Image: 0.4029
2020-04-27 09:37:43,495 INFO Iter [37000/50000]  Loss: 0.3958  Time/Image: 0.4067
2020-04-27 09:38:24,346 INFO Iter [37100/50000]  Loss: 1.2106  Time/Image: 0.4044
2020-04-27 09:39:04,822 INFO Iter [37200/50000]  Loss: 0.1248  Time/Image: 0.4005
2020-04-27 09:39:45,784 INFO Iter [37300/50000]  Loss: 0.1839  Time/Image: 0.4056
2020-04-27 09:40:26,904 INFO Iter [37400/50000]  Loss: 0.3165  Time/Image: 0.4070
2020-04-27 09:41:07,979 INFO Iter [37500/50000]  Loss: 2.0431  Time/Image: 0.4068
2020-04-27 09:44:48,878 INFO Iter 37500 Loss: 1.1421
2020-04-27 09:44:48,894 INFO Overall Acc: 	: 0.7529368492404332
2020-04-27 09:44:48,894 INFO Mean Acc : 	: 0.07405626286315092
2020-04-27 09:44:48,894 INFO FreqW Acc : 	: 0.5914353636085359
2020-04-27 09:44:48,894 INFO Mean IoU : 	: 0.05664048039554163
2020-04-27 09:44:48,894 INFO 0: 0.7716776249520514
2020-04-27 09:44:48,894 INFO 1: 0.004078862736147681
2020-04-27 09:44:48,894 INFO 2: 0.003303642279219274
2020-04-27 09:44:48,894 INFO 3: 0.0004801597800707857
2020-04-27 09:44:48,894 INFO 4: 0.00027191577408897593
2020-04-27 09:44:48,894 INFO 5: 9.820526030563946e-05
2020-04-27 09:44:48,894 INFO 6: 0.006694492054423496
2020-04-27 09:44:48,894 INFO 7: 0.02392643912130297
2020-04-27 09:44:48,894 INFO 8: 0.10012397867408179
2020-04-27 09:44:48,910 INFO 9: 0.0006972482518521887
2020-04-27 09:44:48,910 INFO 10: 0.0003386603877561244
2020-04-27 09:44:48,910 INFO 11: 0.0006753921709655782
2020-04-27 09:44:48,910 INFO 12: 0.047327826968002994
2020-04-27 09:44:48,910 INFO 13: 0.0016171243736458128
2020-04-27 09:44:48,910 INFO 14: 0.016332357527372846
2020-04-27 09:44:48,910 INFO 15: 0.2092693229959332
2020-04-27 09:44:48,910 INFO 16: 3.250794858986862e-05
2020-04-27 09:44:48,910 INFO 17: 0.000557596980054756
2020-04-27 09:44:48,910 INFO 18: 0.0004773512028512871
2020-04-27 09:44:48,910 INFO 19: 0.0012845512017363315
2020-04-27 09:44:48,910 INFO 20: 0.00018482766592099517
2020-04-27 09:45:32,996 INFO Iter [37600/50000]  Loss: 2.2075  Time/Image: 0.4155
2020-04-27 09:46:13,792 INFO Iter [37700/50000]  Loss: 1.1421  Time/Image: 0.4033
2020-04-27 09:46:54,560 INFO Iter [37800/50000]  Loss: 0.6667  Time/Image: 0.4035
2020-04-27 09:47:35,728 INFO Iter [37900/50000]  Loss: 0.4436  Time/Image: 0.4082
2020-04-27 09:48:16,674 INFO Iter [38000/50000]  Loss: 0.2239  Time/Image: 0.4054
2020-04-27 09:48:57,900 INFO Iter [38100/50000]  Loss: 1.8638  Time/Image: 0.4082
2020-04-27 09:49:38,870 INFO Iter [38200/50000]  Loss: 1.5302  Time/Image: 0.4052
2020-04-27 09:50:19,915 INFO Iter [38300/50000]  Loss: 1.6832  Time/Image: 0.4064
2020-04-27 09:51:00,329 INFO Iter [38400/50000]  Loss: 0.7090  Time/Image: 0.4000
2020-04-27 09:51:41,039 INFO Iter [38500/50000]  Loss: 4.1244  Time/Image: 0.4027
2020-04-27 09:52:21,840 INFO Iter [38600/50000]  Loss: 3.5113  Time/Image: 0.4035
2020-04-27 09:53:02,566 INFO Iter [38700/50000]  Loss: 0.8596  Time/Image: 0.4030
2020-04-27 09:53:43,643 INFO Iter [38800/50000]  Loss: 0.9758  Time/Image: 0.4064
2020-04-27 09:54:24,831 INFO Iter [38900/50000]  Loss: 0.9374  Time/Image: 0.4078
2020-04-27 09:55:06,049 INFO Iter [39000/50000]  Loss: 1.5905  Time/Image: 0.4080
2020-04-27 09:55:47,069 INFO Iter [39100/50000]  Loss: 0.4629  Time/Image: 0.4062
2020-04-27 09:56:27,692 INFO Iter [39200/50000]  Loss: 0.5530  Time/Image: 0.4017
2020-04-27 09:57:08,915 INFO Iter [39300/50000]  Loss: 1.5328  Time/Image: 0.4080
2020-04-27 09:57:50,045 INFO Iter [39400/50000]  Loss: 0.9337  Time/Image: 0.4063
2020-04-27 09:58:31,065 INFO Iter [39500/50000]  Loss: 0.4118  Time/Image: 0.4062
2020-04-27 09:59:11,869 INFO Iter [39600/50000]  Loss: 0.4513  Time/Image: 0.4040
2020-04-27 09:59:52,917 INFO Iter [39700/50000]  Loss: 0.1443  Time/Image: 0.4058
2020-04-27 10:00:33,874 INFO Iter [39800/50000]  Loss: 1.1047  Time/Image: 0.4054
2020-04-27 10:01:14,642 INFO Iter [39900/50000]  Loss: 1.3219  Time/Image: 0.4034
2020-04-27 10:01:55,584 INFO Iter [40000/50000]  Loss: 1.3484  Time/Image: 0.4057
2020-04-27 10:05:32,328 INFO Iter 40000 Loss: 1.1310
2020-04-27 10:05:32,328 INFO Overall Acc: 	: 0.7543160612310368
2020-04-27 10:05:32,328 INFO Mean Acc : 	: 0.07549255498731793
2020-04-27 10:05:32,328 INFO FreqW Acc : 	: 0.5928340294272457
2020-04-27 10:05:32,328 INFO Mean IoU : 	: 0.05766272661985001
2020-04-27 10:05:32,328 INFO 0: 0.7725796883902151
2020-04-27 10:05:32,328 INFO 1: 0.004003145618994012
2020-04-27 10:05:32,328 INFO 2: 0.0031394862095161314
2020-04-27 10:05:32,328 INFO 3: 0.00045462213338595496
2020-04-27 10:05:32,328 INFO 4: 0.0002597901749491096
2020-04-27 10:05:32,328 INFO 5: 7.67508728480137e-05
2020-04-27 10:05:32,328 INFO 6: 0.006637118101275535
2020-04-27 10:05:32,328 INFO 7: 0.02378860987014527
2020-04-27 10:05:32,328 INFO 8: 0.10956919278951541
2020-04-27 10:05:32,328 INFO 9: 0.0007024149086134893
2020-04-27 10:05:32,328 INFO 10: 0.00029625319951783624
2020-04-27 10:05:32,328 INFO 11: 0.0005658526518354532
2020-04-27 10:05:32,328 INFO 12: 0.05019385531193024
2020-04-27 10:05:32,328 INFO 13: 0.00157246777023197
2020-04-27 10:05:32,328 INFO 14: 0.0161825021287143
2020-04-27 10:05:32,328 INFO 15: 0.21866962438340123
2020-04-27 10:05:32,328 INFO 16: 2.4693147810793135e-05
2020-04-27 10:05:32,328 INFO 17: 0.0004699178813416664
2020-04-27 10:05:32,328 INFO 18: 0.0004448760000477262
2020-04-27 10:05:32,328 INFO 19: 0.0011177022642716778
2020-04-27 10:05:32,328 INFO 20: 0.00016869520828928817
2020-04-27 10:06:14,121 INFO Iter [40100/50000]  Loss: 2.2768  Time/Image: 0.4050
2020-04-27 10:06:55,212 INFO Iter [40200/50000]  Loss: 0.6348  Time/Image: 0.4063
2020-04-27 10:07:36,074 INFO Iter [40300/50000]  Loss: 0.2570  Time/Image: 0.4042
2020-04-27 10:08:16,809 INFO Iter [40400/50000]  Loss: 0.7268  Time/Image: 0.4031
2020-04-27 10:08:58,036 INFO Iter [40500/50000]  Loss: 1.3256  Time/Image: 0.4077
2020-04-27 10:09:39,175 INFO Iter [40600/50000]  Loss: 1.8690  Time/Image: 0.4069
2020-04-27 10:10:20,275 INFO Iter [40700/50000]  Loss: 1.1382  Time/Image: 0.4068
2020-04-27 10:11:01,321 INFO Iter [40800/50000]  Loss: 0.2574  Time/Image: 0.4062
2020-04-27 10:11:42,457 INFO Iter [40900/50000]  Loss: 0.0945  Time/Image: 0.4070
2020-04-27 10:12:23,363 INFO Iter [41000/50000]  Loss: 0.5719  Time/Image: 0.4045
2020-04-27 10:13:04,397 INFO Iter [41100/50000]  Loss: 0.2643  Time/Image: 0.4059
2020-04-27 10:13:45,269 INFO Iter [41200/50000]  Loss: 1.2582  Time/Image: 0.4043
2020-04-27 10:14:26,090 INFO Iter [41300/50000]  Loss: 0.2371  Time/Image: 0.4034
2020-04-27 10:15:07,134 INFO Iter [41400/50000]  Loss: 1.8885  Time/Image: 0.4062
2020-04-27 10:15:48,195 INFO Iter [41500/50000]  Loss: 1.5431  Time/Image: 0.4064
2020-04-27 10:16:29,254 INFO Iter [41600/50000]  Loss: 1.9659  Time/Image: 0.4068
2020-04-27 10:17:10,120 INFO Iter [41700/50000]  Loss: 2.0255  Time/Image: 0.4047
2020-04-27 10:17:50,956 INFO Iter [41800/50000]  Loss: 2.2207  Time/Image: 0.4045
2020-04-27 10:18:31,691 INFO Iter [41900/50000]  Loss: 0.1216  Time/Image: 0.4032
2020-04-27 10:19:12,376 INFO Iter [42000/50000]  Loss: 1.2993  Time/Image: 0.4028
2020-04-27 10:19:53,065 INFO Iter [42100/50000]  Loss: 0.5071  Time/Image: 0.4025
2020-04-27 10:20:34,076 INFO Iter [42200/50000]  Loss: 1.7974  Time/Image: 0.4059
2020-04-27 10:21:15,194 INFO Iter [42300/50000]  Loss: 0.3474  Time/Image: 0.4068
2020-04-27 10:21:56,309 INFO Iter [42400/50000]  Loss: 0.4814  Time/Image: 0.4072
2020-04-27 10:22:37,574 INFO Iter [42500/50000]  Loss: 0.7425  Time/Image: 0.4083
2020-04-27 10:26:16,414 INFO Iter 42500 Loss: 1.1174
2020-04-27 10:26:16,414 INFO Overall Acc: 	: 0.7550038012933498
2020-04-27 10:26:16,414 INFO Mean Acc : 	: 0.07829760750570805
2020-04-27 10:26:16,414 INFO FreqW Acc : 	: 0.5951643607643081
2020-04-27 10:26:16,414 INFO Mean IoU : 	: 0.05962374629191762
2020-04-27 10:26:16,414 INFO 0: 0.7743746730823213
2020-04-27 10:26:16,414 INFO 1: 0.005076560498797351
2020-04-27 10:26:16,414 INFO 2: 0.0037397157816005983
2020-04-27 10:26:16,414 INFO 3: 0.0005325043985130907
2020-04-27 10:26:16,414 INFO 4: 0.0002691251510269118
2020-04-27 10:26:16,414 INFO 5: 6.910953396965679e-05
2020-04-27 10:26:16,414 INFO 6: 0.007890661335582107
2020-04-27 10:26:16,414 INFO 7: 0.027480143003499373
2020-04-27 10:26:16,414 INFO 8: 0.12164869842197955
2020-04-27 10:26:16,414 INFO 9: 0.0006574980976506762
2020-04-27 10:26:16,414 INFO 10: 0.0003041875934917226
2020-04-27 10:26:16,414 INFO 11: 0.0006226361420437473
2020-04-27 10:26:16,414 INFO 12: 0.06028173657483184
2020-04-27 10:26:16,414 INFO 13: 0.0017390552972386779
2020-04-27 10:26:16,414 INFO 14: 0.017773171177217717
2020-04-27 10:26:16,414 INFO 15: 0.22701950523048334
2020-04-27 10:26:16,414 INFO 16: 2.7049883963953642e-05
2020-04-27 10:26:16,429 INFO 17: 0.00046050461343280773
2020-04-27 10:26:16,429 INFO 18: 0.000507849945678802
2020-04-27 10:26:16,429 INFO 19: 0.0014515378558747581
2020-04-27 10:26:16,429 INFO 20: 0.00017274851107235695
2020-04-27 10:26:58,157 INFO Iter [42600/50000]  Loss: 1.0261  Time/Image: 0.4041
2020-04-27 10:27:39,077 INFO Iter [42700/50000]  Loss: 0.1302  Time/Image: 0.4053
2020-04-27 10:28:20,109 INFO Iter [42800/50000]  Loss: 0.5492  Time/Image: 0.4063
2020-04-27 10:29:00,788 INFO Iter [42900/50000]  Loss: 0.5189  Time/Image: 0.4026
2020-04-27 10:29:41,870 INFO Iter [43000/50000]  Loss: 0.3741  Time/Image: 0.4068
2020-04-27 10:30:22,876 INFO Iter [43100/50000]  Loss: 0.0714  Time/Image: 0.4063
2020-04-27 10:31:03,806 INFO Iter [43200/50000]  Loss: 1.7238  Time/Image: 0.4055
2020-04-27 10:31:44,997 INFO Iter [43300/50000]  Loss: 0.3137  Time/Image: 0.4078
2020-04-27 10:32:25,789 INFO Iter [43400/50000]  Loss: 0.9097  Time/Image: 0.4042
2020-04-27 10:33:05,993 INFO Iter [43500/50000]  Loss: 0.2354  Time/Image: 0.3976
2020-04-27 10:33:46,933 INFO Iter [43600/50000]  Loss: 1.0941  Time/Image: 0.4052
2020-04-27 10:34:27,805 INFO Iter [43700/50000]  Loss: 0.5423  Time/Image: 0.4047
2020-04-27 10:35:09,212 INFO Iter [43800/50000]  Loss: 1.4314  Time/Image: 0.4095
2020-04-27 10:35:50,472 INFO Iter [43900/50000]  Loss: 0.2983  Time/Image: 0.4085
2020-04-27 10:36:31,091 INFO Iter [44000/50000]  Loss: 1.2509  Time/Image: 0.4023
2020-04-27 10:37:11,993 INFO Iter [44100/50000]  Loss: 1.2450  Time/Image: 0.4050
2020-04-27 10:38:00,751 INFO Iter [44200/50000]  Loss: 1.4530  Time/Image: 0.4013
2020-04-27 10:38:41,810 INFO Iter [44300/50000]  Loss: 1.2816  Time/Image: 0.4068
2020-04-27 10:39:22,772 INFO Iter [44400/50000]  Loss: 0.7239  Time/Image: 0.4051
2020-04-27 10:40:03,802 INFO Iter [44500/50000]  Loss: 1.6121  Time/Image: 0.4067
2020-04-27 10:40:44,769 INFO Iter [44600/50000]  Loss: 1.0325  Time/Image: 0.4055
2020-04-27 10:41:25,599 INFO Iter [44700/50000]  Loss: 0.8128  Time/Image: 0.4044
2020-04-27 10:42:06,172 INFO Iter [44800/50000]  Loss: 0.1805  Time/Image: 0.4015
2020-04-27 10:42:47,451 INFO Iter [44900/50000]  Loss: 2.4671  Time/Image: 0.4089
2020-04-27 10:43:28,321 INFO Iter [45000/50000]  Loss: 1.9948  Time/Image: 0.4046
2020-04-27 10:47:10,934 INFO Iter 45000 Loss: 1.1063
2020-04-27 10:47:10,934 INFO Overall Acc: 	: 0.7565764258250035
2020-04-27 10:47:10,934 INFO Mean Acc : 	: 0.07844958275030298
2020-04-27 10:47:10,934 INFO FreqW Acc : 	: 0.595102455569671
2020-04-27 10:47:10,934 INFO Mean IoU : 	: 0.06038952767875537
2020-04-27 10:47:10,934 INFO 0: 0.773854771069068
2020-04-27 10:47:10,934 INFO 1: 0.005856965775026753
2020-04-27 10:47:10,934 INFO 2: 0.0036008527458861674
2020-04-27 10:47:10,934 INFO 3: 0.0005095452576756959
2020-04-27 10:47:10,934 INFO 4: 0.0002979146684223961
2020-04-27 10:47:10,934 INFO 5: 5.423592939205139e-05
2020-04-27 10:47:10,934 INFO 6: 0.009289434782155322
2020-04-27 10:47:10,934 INFO 7: 0.028745176305120333
2020-04-27 10:47:10,934 INFO 8: 0.1335124274258425
2020-04-27 10:47:10,949 INFO 9: 0.0005653799744119532
2020-04-27 10:47:10,949 INFO 10: 0.00031326781121418523
2020-04-27 10:47:10,949 INFO 11: 0.0005542020293968033
2020-04-27 10:47:10,949 INFO 12: 0.06390454798392657
2020-04-27 10:47:10,949 INFO 13: 0.0015662838783699555
2020-04-27 10:47:10,949 INFO 14: 0.01676946607975733
2020-04-27 10:47:10,949 INFO 15: 0.22627133611665903
2020-04-27 10:47:10,949 INFO 16: 2.631215948676937e-05
2020-04-27 10:47:10,949 INFO 17: 0.00036886344206653196
2020-04-27 10:47:10,949 INFO 18: 0.0004792427281888353
2020-04-27 10:47:10,949 INFO 19: 0.0014744198459542828
2020-04-27 10:47:10,949 INFO 20: 0.0001654352458417219
2020-04-27 10:47:52,572 INFO Iter [45100/50000]  Loss: 0.1508  Time/Image: 0.4041
2020-04-27 10:48:33,460 INFO Iter [45200/50000]  Loss: 0.2763  Time/Image: 0.4047
2020-04-27 10:49:14,090 INFO Iter [45300/50000]  Loss: 0.4096  Time/Image: 0.4018
2020-04-27 10:49:55,207 INFO Iter [45400/50000]  Loss: 0.1844  Time/Image: 0.4069
2020-04-27 10:50:36,099 INFO Iter [45500/50000]  Loss: 0.1580  Time/Image: 0.4048
2020-04-27 10:51:16,689 INFO Iter [45600/50000]  Loss: 2.5415  Time/Image: 0.4014
2020-04-27 10:51:57,754 INFO Iter [45700/50000]  Loss: 1.0996  Time/Image: 0.4067
2020-04-27 10:52:38,224 INFO Iter [45800/50000]  Loss: 0.7150  Time/Image: 0.4005
2020-04-27 10:53:19,341 INFO Iter [45900/50000]  Loss: 0.8979  Time/Image: 0.4068
2020-04-27 10:54:00,370 INFO Iter [46000/50000]  Loss: 0.6458  Time/Image: 0.4064
2020-04-27 10:54:41,913 INFO Iter [46100/50000]  Loss: 2.4885  Time/Image: 0.4105
2020-04-27 10:55:22,869 INFO Iter [46200/50000]  Loss: 0.3664  Time/Image: 0.4055
2020-04-27 10:56:03,748 INFO Iter [46300/50000]  Loss: 0.0781  Time/Image: 0.4046
2020-04-27 10:56:44,943 INFO Iter [46400/50000]  Loss: 1.0303  Time/Image: 0.4082
2020-04-27 10:57:25,942 INFO Iter [46500/50000]  Loss: 1.1973  Time/Image: 0.4056
2020-04-27 10:58:06,566 INFO Iter [46600/50000]  Loss: 1.1100  Time/Image: 0.4027
2020-04-27 10:58:47,256 INFO Iter [46700/50000]  Loss: 2.2506  Time/Image: 0.4027
2020-04-27 10:59:28,321 INFO Iter [46800/50000]  Loss: 0.0465  Time/Image: 0.4066
2020-04-27 11:00:09,394 INFO Iter [46900/50000]  Loss: 0.9075  Time/Image: 0.4062
2020-04-27 11:00:50,717 INFO Iter [47000/50000]  Loss: 0.3714  Time/Image: 0.4092
2020-04-27 11:01:31,765 INFO Iter [47100/50000]  Loss: 0.9002  Time/Image: 0.4063
2020-04-27 11:02:12,466 INFO Iter [47200/50000]  Loss: 1.2762  Time/Image: 0.4026
2020-04-27 11:02:53,200 INFO Iter [47300/50000]  Loss: 0.2772  Time/Image: 0.4033
2020-04-27 11:03:34,251 INFO Iter [47400/50000]  Loss: 0.3052  Time/Image: 0.4065
2020-04-27 11:04:15,177 INFO Iter [47500/50000]  Loss: 0.5383  Time/Image: 0.4057
2020-04-27 11:07:58,991 INFO Iter 47500 Loss: 1.0960
2020-04-27 11:07:58,991 INFO Overall Acc: 	: 0.7576150037406264
2020-04-27 11:07:58,991 INFO Mean Acc : 	: 0.07999680800129354
2020-04-27 11:07:58,991 INFO FreqW Acc : 	: 0.5962527840135861
2020-04-27 11:07:58,991 INFO Mean IoU : 	: 0.061670272626004025
2020-04-27 11:07:58,991 INFO 0: 0.7744794263366112
2020-04-27 11:07:58,991 INFO 1: 0.006180471586326085
2020-04-27 11:07:58,991 INFO 2: 0.003921328281702697
2020-04-27 11:07:58,991 INFO 3: 0.0005268918528731722
2020-04-27 11:07:58,991 INFO 4: 0.00027965103545789645
2020-04-27 11:07:58,991 INFO 5: 4.3951134611466796e-05
2020-04-27 11:07:58,991 INFO 6: 0.009575619386591775
2020-04-27 11:07:58,991 INFO 7: 0.031371715714875424
2020-04-27 11:07:58,991 INFO 8: 0.14293307796017896
2020-04-27 11:07:58,991 INFO 9: 0.0005665883141385403
2020-04-27 11:07:58,991 INFO 10: 0.00030772771181701174
2020-04-27 11:07:58,991 INFO 11: 0.00048211644070892984
2020-04-27 11:07:58,991 INFO 12: 0.06990663257458658
2020-04-27 11:07:58,991 INFO 13: 0.0015727993675222222
2020-04-27 11:07:58,991 INFO 14: 0.01812113677577933
2020-04-27 11:07:58,991 INFO 15: 0.23224832718272273
2020-04-27 11:07:58,991 INFO 16: 1.758438506606134e-05
2020-04-27 11:07:59,007 INFO 17: 0.0002859058134352247
2020-04-27 11:07:59,007 INFO 18: 0.00048269145337115127
2020-04-27 11:07:59,007 INFO 19: 0.0016127851683313504
2020-04-27 11:07:59,007 INFO 20: 0.00015929666937673111
2020-04-27 11:08:41,844 INFO Iter [47600/50000]  Loss: 0.1314  Time/Image: 0.4083
2020-04-27 11:09:22,883 INFO Iter [47700/50000]  Loss: 0.8764  Time/Image: 0.4065
2020-04-27 11:10:03,675 INFO Iter [47800/50000]  Loss: 0.8840  Time/Image: 0.4039
2020-04-27 11:10:44,665 INFO Iter [47900/50000]  Loss: 1.3219  Time/Image: 0.4058
2020-04-27 11:11:25,998 INFO Iter [48000/50000]  Loss: 0.8755  Time/Image: 0.4091
2020-04-27 11:12:07,294 INFO Iter [48100/50000]  Loss: 1.6037  Time/Image: 0.4084
2020-04-27 11:12:48,154 INFO Iter [48200/50000]  Loss: 1.0067  Time/Image: 0.4041
2020-04-27 11:13:29,097 INFO Iter [48300/50000]  Loss: 0.1877  Time/Image: 0.4051
2020-04-27 11:14:09,549 INFO Iter [48400/50000]  Loss: 1.5614  Time/Image: 0.4002
2020-04-27 11:14:50,564 INFO Iter [48500/50000]  Loss: 0.5060  Time/Image: 0.4058
2020-04-27 11:15:31,845 INFO Iter [48600/50000]  Loss: 1.1907  Time/Image: 0.4088
2020-04-27 11:16:12,616 INFO Iter [48700/50000]  Loss: 1.3586  Time/Image: 0.4035
2020-04-27 11:16:53,558 INFO Iter [48800/50000]  Loss: 0.2605  Time/Image: 0.4052
2020-04-27 11:17:34,817 INFO Iter [48900/50000]  Loss: 0.2448  Time/Image: 0.4087
2020-04-27 11:18:15,777 INFO Iter [49000/50000]  Loss: 0.5154  Time/Image: 0.4054
2020-04-27 11:18:56,836 INFO Iter [49100/50000]  Loss: 0.9102  Time/Image: 0.4065
2020-04-27 11:19:37,815 INFO Iter [49200/50000]  Loss: 0.2106  Time/Image: 0.4056
2020-04-27 11:20:18,126 INFO Iter [49300/50000]  Loss: 0.2062  Time/Image: 0.3989
2020-04-27 11:20:59,224 INFO Iter [49400/50000]  Loss: 0.0609  Time/Image: 0.4077
2020-04-27 11:21:39,948 INFO Iter [49500/50000]  Loss: 0.1761  Time/Image: 0.4029
2020-04-27 11:22:21,006 INFO Iter [49600/50000]  Loss: 2.5416  Time/Image: 0.4065
2020-04-27 11:23:01,702 INFO Iter [49700/50000]  Loss: 0.5325  Time/Image: 0.4031
2020-04-27 11:23:42,606 INFO Iter [49800/50000]  Loss: 0.7014  Time/Image: 0.4045
2020-04-27 11:24:23,329 INFO Iter [49900/50000]  Loss: 0.3364  Time/Image: 0.4035
2020-04-27 11:25:04,545 INFO Iter [50000/50000]  Loss: 0.4638  Time/Image: 0.4075
2020-04-27 11:28:41,419 INFO Iter 50000 Loss: 1.0869
2020-04-27 11:28:41,423 INFO Overall Acc: 	: 0.7585117977636452
2020-04-27 11:28:41,423 INFO Mean Acc : 	: 0.08192081841900795
2020-04-27 11:28:41,423 INFO FreqW Acc : 	: 0.5977951514322981
2020-04-27 11:28:41,423 INFO Mean IoU : 	: 0.06296906439484766
2020-04-27 11:28:41,424 INFO 0: 0.7755259434877415
2020-04-27 11:28:41,424 INFO 1: 0.006605342988550739
2020-04-27 11:28:41,424 INFO 2: 0.0040768424385424955
2020-04-27 11:28:41,424 INFO 3: 0.0004986817028252047
2020-04-27 11:28:41,424 INFO 4: 0.00025790884641671476
2020-04-27 11:28:41,424 INFO 5: 4.19094569465701e-05
2020-04-27 11:28:41,424 INFO 6: 0.009731609539200542
2020-04-27 11:28:41,425 INFO 7: 0.032753759952532456
2020-04-27 11:28:41,425 INFO 8: 0.15363343046498648
2020-04-27 11:28:41,425 INFO 9: 0.000528014719090726
2020-04-27 11:28:41,425 INFO 10: 0.0002721663234179537
2020-04-27 11:28:41,426 INFO 11: 0.000425550181627792
2020-04-27 11:28:41,426 INFO 12: 0.07336614080176702
2020-04-27 11:28:41,426 INFO 13: 0.0015872772500239113
2020-04-27 11:28:41,426 INFO 14: 0.01998420081263085
2020-04-27 11:28:41,426 INFO 15: 0.24048575195239383
2020-04-27 11:28:41,427 INFO 16: 2.7948150591023532e-05
2020-04-27 11:28:41,427 INFO 17: 0.00024533718785315137
2020-04-27 11:28:41,427 INFO 18: 0.0004916688339785893
2020-04-27 11:28:41,427 INFO 19: 0.0016660586160768575
2020-04-27 11:28:41,427 INFO 20: 0.0001448085846066264
