2020-04-27 17:11:13,298 INFO Let the games begin
2020-04-27 17:11:14,535 INFO Using No Augmentations
2020-04-27 17:13:05,668 INFO Using sgd optimizer
2020-04-27 17:13:05,668 INFO Using optimizer SGD (
Parameter Group 0
    dampening: 0
    lr: 1e-05
    momentum: 0
    nesterov: False
    weight_decay: 0
)
2020-04-27 17:13:05,668 INFO Using No LR Scheduling
2020-04-27 17:13:05,668 INFO Using cross_entropy with {'size_average': True} params
2020-04-27 17:13:05,668 INFO Using loss functools.partial(<function cross_entropy2d at 0x000001232C693828>, size_average=True)
2020-04-27 17:13:55,087 INFO Iter [100/50000]  Loss: 4.6649  Time/Image: 0.4195
2020-04-27 17:14:36,667 INFO Iter [200/50000]  Loss: 4.6753  Time/Image: 0.4113
2020-04-27 17:15:14,351 INFO Iter [300/50000]  Loss: 3.5857  Time/Image: 0.3730
2020-04-27 17:15:54,840 INFO Iter [400/50000]  Loss: 2.2531  Time/Image: 0.4010
2020-04-27 17:16:32,386 INFO Iter [500/50000]  Loss: 1.1759  Time/Image: 0.3716
2020-04-27 17:17:09,804 INFO Iter [600/50000]  Loss: 2.0963  Time/Image: 0.3703
2020-04-27 17:17:47,272 INFO Iter [700/50000]  Loss: 2.0624  Time/Image: 0.3709
2020-04-27 17:18:24,799 INFO Iter [800/50000]  Loss: 3.3594  Time/Image: 0.3716
2020-04-27 17:19:01,910 INFO Iter [900/50000]  Loss: 1.1920  Time/Image: 0.3703
2020-04-27 17:19:39,650 INFO Iter [1000/50000]  Loss: 0.9305  Time/Image: 0.3736
2020-04-27 17:20:17,207 INFO Iter [1100/50000]  Loss: 2.5473  Time/Image: 0.3718
2020-04-27 17:20:54,623 INFO Iter [1200/50000]  Loss: 1.9199  Time/Image: 0.3704
2020-04-27 17:21:32,390 INFO Iter [1300/50000]  Loss: 3.2447  Time/Image: 0.3737
2020-04-27 17:22:09,535 INFO Iter [1400/50000]  Loss: 0.5057  Time/Image: 0.3675
2020-04-27 17:22:46,872 INFO Iter [1500/50000]  Loss: 0.6986  Time/Image: 0.3695
2020-04-27 17:23:24,255 INFO Iter [1600/50000]  Loss: 1.8903  Time/Image: 0.3698
2020-04-27 17:24:01,606 INFO Iter [1700/50000]  Loss: 6.7735  Time/Image: 0.3694
2020-04-27 17:24:39,285 INFO Iter [1800/50000]  Loss: 4.6801  Time/Image: 0.3724
2020-04-27 17:25:16,617 INFO Iter [1900/50000]  Loss: 1.8132  Time/Image: 0.3695
2020-04-27 17:25:54,715 INFO Iter [2000/50000]  Loss: 1.0236  Time/Image: 0.3767
2020-04-27 17:26:32,337 INFO Iter [2100/50000]  Loss: 0.6823  Time/Image: 0.3726
2020-04-27 17:27:09,750 INFO Iter [2200/50000]  Loss: 1.7871  Time/Image: 0.3705
2020-04-27 17:27:47,352 INFO Iter [2300/50000]  Loss: 0.5566  Time/Image: 0.3720
2020-04-27 17:28:24,737 INFO Iter [2400/50000]  Loss: 0.4748  Time/Image: 0.3699
2020-04-27 17:29:02,022 INFO Iter [2500/50000]  Loss: 0.6763  Time/Image: 0.3697
2020-04-27 17:32:20,650 INFO Iter 2500 Loss: 1.9149
2020-04-27 17:32:20,650 INFO Overall Acc: 	: 0.7066810651086655
2020-04-27 17:32:20,650 INFO Mean Acc : 	: 0.055688169879692474
2020-04-27 17:32:20,650 INFO FreqW Acc : 	: 0.5550764642054249
2020-04-27 17:32:20,650 INFO Mean IoU : 	: 0.0427537487108882
2020-04-27 17:32:20,650 INFO 0: 0.7363175203347124
2020-04-27 17:32:20,650 INFO 1: 0.006482128391658696
2020-04-27 17:32:20,650 INFO 2: 0.00409596774730654
2020-04-27 17:32:20,650 INFO 3: 0.005469360917032166
2020-04-27 17:32:20,650 INFO 4: 0.001989321144810801
2020-04-27 17:32:20,650 INFO 5: 0.002318499004103367
2020-04-27 17:32:20,650 INFO 6: 0.0057634151346461346
2020-04-27 17:32:20,650 INFO 7: 0.007799001573793268
2020-04-27 17:32:20,650 INFO 8: 0.01247387355045912
2020-04-27 17:32:20,650 INFO 9: 0.004559421264757692
2020-04-27 17:32:20,659 INFO 10: 0.0009489361420498471
2020-04-27 17:32:20,659 INFO 11: 0.001964463528206427
2020-04-27 17:32:20,659 INFO 12: 0.010705048819990194
2020-04-27 17:32:20,659 INFO 13: 0.003631296606768737
2020-04-27 17:32:20,660 INFO 14: 0.006972781076004755
2020-04-27 17:32:20,660 INFO 15: 0.06289278558344284
2020-04-27 17:32:20,660 INFO 16: 0.004360581125302467
2020-04-27 17:32:20,660 INFO 17: 0.003152287660187679
2020-04-27 17:32:20,661 INFO 18: 0.0008968597747987538
2020-04-27 17:32:20,661 INFO 19: 0.014398341047262014
2020-04-27 17:32:20,661 INFO 20: 0.0006368325013582024
2020-04-27 17:32:59,186 INFO Iter [2600/50000]  Loss: 0.7739  Time/Image: 0.3729
2020-04-27 17:33:36,519 INFO Iter [2700/50000]  Loss: 2.3284  Time/Image: 0.3693
2020-04-27 17:34:13,954 INFO Iter [2800/50000]  Loss: 1.9940  Time/Image: 0.3705
2020-04-27 17:34:51,187 INFO Iter [2900/50000]  Loss: 1.7915  Time/Image: 0.3684
2020-04-27 17:35:28,670 INFO Iter [3000/50000]  Loss: 1.8269  Time/Image: 0.3709
2020-04-27 17:36:06,063 INFO Iter [3100/50000]  Loss: 1.3199  Time/Image: 0.3702
2020-04-27 17:36:43,430 INFO Iter [3200/50000]  Loss: 2.4835  Time/Image: 0.3699
2020-04-27 17:37:20,496 INFO Iter [3300/50000]  Loss: 0.5710  Time/Image: 0.3670
2020-04-27 17:37:57,637 INFO Iter [3400/50000]  Loss: 3.4964  Time/Image: 0.3675
2020-04-27 17:38:34,968 INFO Iter [3500/50000]  Loss: 1.7548  Time/Image: 0.3696
2020-04-27 17:39:12,229 INFO Iter [3600/50000]  Loss: 2.8951  Time/Image: 0.3688
2020-04-27 17:39:49,370 INFO Iter [3700/50000]  Loss: 2.0918  Time/Image: 0.3675
2020-04-27 17:40:27,004 INFO Iter [3800/50000]  Loss: 0.7691  Time/Image: 0.3727
2020-04-27 17:41:04,356 INFO Iter [3900/50000]  Loss: 0.6032  Time/Image: 0.3697
2020-04-27 17:41:42,054 INFO Iter [4000/50000]  Loss: 2.2721  Time/Image: 0.3761
2020-04-27 17:42:19,229 INFO Iter [4100/50000]  Loss: 1.9965  Time/Image: 0.3680
2020-04-27 17:42:56,462 INFO Iter [4200/50000]  Loss: 0.2970  Time/Image: 0.3686
2020-04-27 17:43:33,596 INFO Iter [4300/50000]  Loss: 1.0878  Time/Image: 0.3677
2020-04-27 17:44:11,046 INFO Iter [4400/50000]  Loss: 4.8225  Time/Image: 0.3707
2020-04-27 17:44:48,431 INFO Iter [4500/50000]  Loss: 0.7464  Time/Image: 0.3700
2020-04-27 17:45:25,696 INFO Iter [4600/50000]  Loss: 0.2320  Time/Image: 0.3688
2020-04-27 17:46:03,204 INFO Iter [4700/50000]  Loss: 3.3502  Time/Image: 0.3711
2020-04-27 17:46:40,570 INFO Iter [4800/50000]  Loss: 0.2855  Time/Image: 0.3696
2020-04-27 17:47:18,151 INFO Iter [4900/50000]  Loss: 1.4373  Time/Image: 0.3719
2020-04-27 17:47:55,851 INFO Iter [5000/50000]  Loss: 2.3156  Time/Image: 0.3722
2020-04-27 17:51:15,992 INFO Iter 5000 Loss: 1.6372
2020-04-27 17:51:15,992 INFO Overall Acc: 	: 0.7215196859094875
2020-04-27 17:51:15,992 INFO Mean Acc : 	: 0.059415426186967046
2020-04-27 17:51:15,992 INFO FreqW Acc : 	: 0.5679662639151964
2020-04-27 17:51:15,992 INFO Mean IoU : 	: 0.045665227074093075
2020-04-27 17:51:15,992 INFO 0: 0.7510828052286127
2020-04-27 17:51:15,992 INFO 1: 0.0061754678059122775
2020-04-27 17:51:15,992 INFO 2: 0.004003008879540943
2020-04-27 17:51:15,992 INFO 3: 0.0053571281170809015
2020-04-27 17:51:15,999 INFO 4: 0.0018124837288392526
2020-04-27 17:51:15,999 INFO 5: 0.0018407003754394762
2020-04-27 17:51:15,999 INFO 6: 0.0048107427564386815
2020-04-27 17:51:16,000 INFO 7: 0.012843605199458676
2020-04-27 17:51:16,000 INFO 8: 0.015231435221320143
2020-04-27 17:51:16,000 INFO 9: 0.004099707352788749
2020-04-27 17:51:16,000 INFO 10: 0.0007215149837906222
2020-04-27 17:51:16,000 INFO 11: 0.002141829797651667
2020-04-27 17:51:16,000 INFO 12: 0.021250976517803208
2020-04-27 17:51:16,000 INFO 13: 0.004223136885770801
2020-04-27 17:51:16,000 INFO 14: 0.00990427987529589
2020-04-27 17:51:16,002 INFO 15: 0.09366733677690228
2020-04-27 17:51:16,002 INFO 16: 0.0032791875047737174
2020-04-27 17:51:16,002 INFO 17: 0.0026499413440442808
2020-04-27 17:51:16,002 INFO 18: 0.000764439711378458
2020-04-27 17:51:16,002 INFO 19: 0.012578535021717279
2020-04-27 17:51:16,002 INFO 20: 0.000531505471394855
2020-04-27 17:51:54,306 INFO Iter [5100/50000]  Loss: 0.6691  Time/Image: 0.3686
2020-04-27 17:52:31,747 INFO Iter [5200/50000]  Loss: 2.3941  Time/Image: 0.3706
2020-04-27 17:53:09,179 INFO Iter [5300/50000]  Loss: 0.3538  Time/Image: 0.3707
2020-04-27 17:53:46,533 INFO Iter [5400/50000]  Loss: 0.7968  Time/Image: 0.3697
2020-04-27 17:54:23,968 INFO Iter [5500/50000]  Loss: 0.5742  Time/Image: 0.3705
2020-04-27 17:55:01,543 INFO Iter [5600/50000]  Loss: 1.2940  Time/Image: 0.3723
2020-04-27 17:55:38,812 INFO Iter [5700/50000]  Loss: 1.3338  Time/Image: 0.3687
2020-04-27 17:56:16,336 INFO Iter [5800/50000]  Loss: 0.9826  Time/Image: 0.3716
2020-04-27 17:56:54,161 INFO Iter [5900/50000]  Loss: 1.9141  Time/Image: 0.3744
2020-04-27 17:57:31,379 INFO Iter [6000/50000]  Loss: 0.5713  Time/Image: 0.3681
2020-04-27 17:58:08,282 INFO Iter [6100/50000]  Loss: 2.0792  Time/Image: 0.3662
2020-04-27 17:58:45,903 INFO Iter [6200/50000]  Loss: 2.6526  Time/Image: 0.3722
2020-04-27 17:59:23,260 INFO Iter [6300/50000]  Loss: 5.4049  Time/Image: 0.3697
2020-04-27 18:00:00,678 INFO Iter [6400/50000]  Loss: 0.3389  Time/Image: 0.3703
2020-04-27 18:00:38,069 INFO Iter [6500/50000]  Loss: 1.3619  Time/Image: 0.3700
2020-04-27 18:01:15,840 INFO Iter [6600/50000]  Loss: 0.7864  Time/Image: 0.3740
2020-04-27 18:01:53,272 INFO Iter [6700/50000]  Loss: 1.1154  Time/Image: 0.3703
2020-04-27 18:02:30,408 INFO Iter [6800/50000]  Loss: 2.7300  Time/Image: 0.3677
2020-04-27 18:03:07,909 INFO Iter [6900/50000]  Loss: 3.4003  Time/Image: 0.3712
2020-04-27 18:03:45,040 INFO Iter [7000/50000]  Loss: 0.4116  Time/Image: 0.3674
2020-04-27 18:04:22,976 INFO Iter [7100/50000]  Loss: 1.9608  Time/Image: 0.3753
2020-04-27 18:05:00,512 INFO Iter [7200/50000]  Loss: 0.6010  Time/Image: 0.3712
2020-04-27 18:05:38,068 INFO Iter [7300/50000]  Loss: 1.2544  Time/Image: 0.3717
2020-04-27 18:06:15,656 INFO Iter [7400/50000]  Loss: 0.3781  Time/Image: 0.3718
2020-04-27 18:06:53,358 INFO Iter [7500/50000]  Loss: 1.2304  Time/Image: 0.3729
2020-04-27 18:10:11,278 INFO Iter 7500 Loss: 1.4922
2020-04-27 18:10:11,281 INFO Overall Acc: 	: 0.7293869803848416
2020-04-27 18:10:11,281 INFO Mean Acc : 	: 0.06179704001074086
2020-04-27 18:10:11,283 INFO FreqW Acc : 	: 0.574129922311564
2020-04-27 18:10:11,283 INFO Mean IoU : 	: 0.04759787046619946
2020-04-27 18:10:11,283 INFO 0: 0.75786832197132
2020-04-27 18:10:11,283 INFO 1: 0.006027180760642031
2020-04-27 18:10:11,283 INFO 2: 0.004113425859603014
2020-04-27 18:10:11,283 INFO 3: 0.005021556383373852
2020-04-27 18:10:11,283 INFO 4: 0.0015242027381109865
2020-04-27 18:10:11,283 INFO 5: 0.0016388980530814702
2020-04-27 18:10:11,283 INFO 6: 0.005097992220897466
2020-04-27 18:10:11,283 INFO 7: 0.018071653956616387
2020-04-27 18:10:11,283 INFO 8: 0.018373784430266483
2020-04-27 18:10:11,283 INFO 9: 0.0035023212218421433
2020-04-27 18:10:11,283 INFO 10: 0.000419226580456649
2020-04-27 18:10:11,283 INFO 11: 0.0019417546578090706
2020-04-27 18:10:11,283 INFO 12: 0.03239103098380209
2020-04-27 18:10:11,283 INFO 13: 0.004380227872344332
2020-04-27 18:10:11,283 INFO 14: 0.014043031988764
2020-04-27 18:10:11,283 INFO 15: 0.10820054263821159
2020-04-27 18:10:11,283 INFO 16: 0.0022078159497124212
2020-04-27 18:10:11,283 INFO 17: 0.002261872992794766
2020-04-27 18:10:11,283 INFO 18: 0.0006001119297603844
2020-04-27 18:10:11,283 INFO 19: 0.011350962985300214
2020-04-27 18:10:11,288 INFO 20: 0.0005193636154792236
2020-04-27 18:10:49,688 INFO Iter [7600/50000]  Loss: 0.7546  Time/Image: 0.3710
2020-04-27 18:11:27,389 INFO Iter [7700/50000]  Loss: 2.7523  Time/Image: 0.3731
2020-04-27 18:12:04,692 INFO Iter [7800/50000]  Loss: 1.9814  Time/Image: 0.3688
2020-04-27 18:12:42,153 INFO Iter [7900/50000]  Loss: 1.1229  Time/Image: 0.3710
2020-04-27 18:13:19,969 INFO Iter [8000/50000]  Loss: 3.6120  Time/Image: 0.3741
2020-04-27 18:13:57,894 INFO Iter [8100/50000]  Loss: 0.3513  Time/Image: 0.3753
2020-04-27 18:14:35,298 INFO Iter [8200/50000]  Loss: 0.8118  Time/Image: 0.3699
2020-04-27 18:15:12,758 INFO Iter [8300/50000]  Loss: 2.8985  Time/Image: 0.3709
2020-04-27 18:15:50,783 INFO Iter [8400/50000]  Loss: 1.3671  Time/Image: 0.3757
2020-04-27 18:16:27,918 INFO Iter [8500/50000]  Loss: 0.5038  Time/Image: 0.3675
2020-04-27 18:17:05,513 INFO Iter [8600/50000]  Loss: 0.5894  Time/Image: 0.3723
2020-04-27 18:17:43,058 INFO Iter [8700/50000]  Loss: 1.0771  Time/Image: 0.3717
2020-04-27 18:18:20,698 INFO Iter [8800/50000]  Loss: 0.4313  Time/Image: 0.3724
2020-04-27 18:19:06,300 INFO Iter [8900/50000]  Loss: 1.0210  Time/Image: 0.3684
2020-04-27 18:19:44,058 INFO Iter [9000/50000]  Loss: 0.3104  Time/Image: 0.3737
2020-04-27 18:20:21,439 INFO Iter [9100/50000]  Loss: 0.6482  Time/Image: 0.3699
2020-04-27 18:20:58,897 INFO Iter [9200/50000]  Loss: 0.8000  Time/Image: 0.3712
2020-04-27 18:21:36,830 INFO Iter [9300/50000]  Loss: 1.6498  Time/Image: 0.3754
2020-04-27 18:22:14,030 INFO Iter [9400/50000]  Loss: 0.7023  Time/Image: 0.3682
2020-04-27 18:22:51,622 INFO Iter [9500/50000]  Loss: 2.6636  Time/Image: 0.3720
2020-04-27 18:23:28,899 INFO Iter [9600/50000]  Loss: 1.8748  Time/Image: 0.3689
2020-04-27 18:24:06,568 INFO Iter [9700/50000]  Loss: 0.2073  Time/Image: 0.3727
2020-04-27 18:24:44,228 INFO Iter [9800/50000]  Loss: 3.2721  Time/Image: 0.3729
2020-04-27 18:25:21,278 INFO Iter [9900/50000]  Loss: 1.0025  Time/Image: 0.3666
2020-04-27 18:25:58,661 INFO Iter [10000/50000]  Loss: 1.9490  Time/Image: 0.3702
2020-04-27 18:29:16,812 INFO Iter 10000 Loss: 1.4022
2020-04-27 18:29:16,818 INFO Overall Acc: 	: 0.7332216096790664
2020-04-27 18:29:16,818 INFO Mean Acc : 	: 0.06380321237063487
2020-04-27 18:29:16,818 INFO FreqW Acc : 	: 0.5776591088156414
2020-04-27 18:29:16,818 INFO Mean IoU : 	: 0.04889610912442312
2020-04-27 18:29:16,818 INFO 0: 0.7612633627351623
2020-04-27 18:29:16,818 INFO 1: 0.006007788123449181
2020-04-27 18:29:16,818 INFO 2: 0.003984077108789372
2020-04-27 18:29:16,818 INFO 3: 0.004751549481566262
2020-04-27 18:29:16,818 INFO 4: 0.0013303629383108703
2020-04-27 18:29:16,818 INFO 5: 0.001311950707871844
2020-04-27 18:29:16,818 INFO 6: 0.005574289127246367
2020-04-27 18:29:16,818 INFO 7: 0.02108265806777653
2020-04-27 18:29:16,818 INFO 8: 0.017652374023653338
2020-04-27 18:29:16,818 INFO 9: 0.003391147302004914
2020-04-27 18:29:16,818 INFO 10: 0.0003989746968101209
2020-04-27 18:29:16,823 INFO 11: 0.0019787857966675664
2020-04-27 18:29:16,823 INFO 12: 0.036688331380037936
2020-04-27 18:29:16,823 INFO 13: 0.00410607660532764
2020-04-27 18:29:16,823 INFO 14: 0.01635773624752461
2020-04-27 18:29:16,823 INFO 15: 0.12574614936024764
2020-04-27 18:29:16,823 INFO 16: 0.0018539903948444213
2020-04-27 18:29:16,823 INFO 17: 0.0019374143852191762
2020-04-27 18:29:16,823 INFO 18: 0.0006203063037236838
2020-04-27 18:29:16,823 INFO 19: 0.010225746523728717
2020-04-27 18:29:16,823 INFO 20: 0.0005552203029227447
2020-04-27 18:29:55,583 INFO Iter [10100/50000]  Loss: 2.3737  Time/Image: 0.3748
2020-04-27 18:30:33,097 INFO Iter [10200/50000]  Loss: 0.6870  Time/Image: 0.3712
2020-04-27 18:31:10,547 INFO Iter [10300/50000]  Loss: 2.7191  Time/Image: 0.3707
2020-04-27 18:31:48,006 INFO Iter [10400/50000]  Loss: 0.3601  Time/Image: 0.3701
2020-04-27 18:32:25,529 INFO Iter [10500/50000]  Loss: 0.9838  Time/Image: 0.3714
2020-04-27 18:33:03,496 INFO Iter [10600/50000]  Loss: 1.7066  Time/Image: 0.3758
2020-04-27 18:33:40,812 INFO Iter [10700/50000]  Loss: 1.2604  Time/Image: 0.3692
2020-04-27 18:34:18,537 INFO Iter [10800/50000]  Loss: 2.1475  Time/Image: 0.3735
2020-04-27 18:34:56,167 INFO Iter [10900/50000]  Loss: 1.7856  Time/Image: 0.3721
2020-04-27 18:35:33,907 INFO Iter [11000/50000]  Loss: 0.4396  Time/Image: 0.3734
2020-04-27 18:36:11,611 INFO Iter [11100/50000]  Loss: 0.1752  Time/Image: 0.3735
2020-04-27 18:36:49,126 INFO Iter [11200/50000]  Loss: 1.9458  Time/Image: 0.3715
2020-04-27 18:37:26,749 INFO Iter [11300/50000]  Loss: 1.7054  Time/Image: 0.3724
2020-04-27 18:38:04,023 INFO Iter [11400/50000]  Loss: 0.6574  Time/Image: 0.3689
2020-04-27 18:38:41,447 INFO Iter [11500/50000]  Loss: 2.2894  Time/Image: 0.3704
2020-04-27 18:39:18,530 INFO Iter [11600/50000]  Loss: 0.5424  Time/Image: 0.3668
2020-04-27 18:39:56,189 INFO Iter [11700/50000]  Loss: 0.5035  Time/Image: 0.3729
2020-04-27 18:40:33,667 INFO Iter [11800/50000]  Loss: 3.0543  Time/Image: 0.3708
2020-04-27 18:41:11,289 INFO Iter [11900/50000]  Loss: 0.1650  Time/Image: 0.3724
2020-04-27 18:41:48,626 INFO Iter [12000/50000]  Loss: 2.2954  Time/Image: 0.3697
2020-04-27 18:42:25,937 INFO Iter [12100/50000]  Loss: 0.7934  Time/Image: 0.3693
2020-04-27 18:43:03,290 INFO Iter [12200/50000]  Loss: 0.3379  Time/Image: 0.3696
2020-04-27 18:43:40,523 INFO Iter [12300/50000]  Loss: 0.6531  Time/Image: 0.3683
2020-04-27 18:44:18,109 INFO Iter [12400/50000]  Loss: 1.1723  Time/Image: 0.3721
2020-04-27 18:44:55,928 INFO Iter [12500/50000]  Loss: 1.1485  Time/Image: 0.3744
2020-04-27 18:48:13,597 INFO Iter 12500 Loss: 1.3451
2020-04-27 18:48:13,599 INFO Overall Acc: 	: 0.7389274590937898
2020-04-27 18:48:13,601 INFO Mean Acc : 	: 0.0634121534822899
2020-04-27 18:48:13,601 INFO FreqW Acc : 	: 0.578919019366427
2020-04-27 18:48:13,601 INFO Mean IoU : 	: 0.04900206932781219
2020-04-27 18:48:13,601 INFO 0: 0.7628160823699801
2020-04-27 18:48:13,601 INFO 1: 0.005811142517108003
2020-04-27 18:48:13,601 INFO 2: 0.004006669531099429
2020-04-27 18:48:13,601 INFO 3: 0.00415646238510244
2020-04-27 18:48:13,601 INFO 4: 0.0009351118718606728
2020-04-27 18:48:13,601 INFO 5: 0.001067024995240349
2020-04-27 18:48:13,601 INFO 6: 0.00490436156800823
2020-04-27 18:48:13,601 INFO 7: 0.0210839594630386
2020-04-27 18:48:13,601 INFO 8: 0.01743471831689184
2020-04-27 18:48:13,601 INFO 9: 0.0029673657345844523
2020-04-27 18:48:13,601 INFO 10: 0.0003088045391970098
2020-04-27 18:48:13,601 INFO 11: 0.001835522313840226
2020-04-27 18:48:13,601 INFO 12: 0.04173164112647675
2020-04-27 18:48:13,601 INFO 13: 0.0037757079705417872
2020-04-27 18:48:13,601 INFO 14: 0.016702883216740936
2020-04-27 18:48:13,601 INFO 15: 0.1270221766453454
2020-04-27 18:48:13,601 INFO 16: 0.0013452690432381733
2020-04-27 18:48:13,601 INFO 17: 0.0014950540765270217
2020-04-27 18:48:13,601 INFO 18: 0.00042865427771754204
2020-04-27 18:48:13,601 INFO 19: 0.008764770837967097
2020-04-27 18:48:13,601 INFO 20: 0.0004500730835498821
2020-04-27 18:48:52,182 INFO Iter [12600/50000]  Loss: 1.6415  Time/Image: 0.3725
2020-04-27 18:49:29,538 INFO Iter [12700/50000]  Loss: 0.1621  Time/Image: 0.3696
2020-04-27 18:50:06,607 INFO Iter [12800/50000]  Loss: 0.8479  Time/Image: 0.3669
2020-04-27 18:50:44,412 INFO Iter [12900/50000]  Loss: 0.1497  Time/Image: 0.3741
2020-04-27 18:51:21,807 INFO Iter [13000/50000]  Loss: 0.5319  Time/Image: 0.3701
2020-04-27 18:51:58,867 INFO Iter [13100/50000]  Loss: 1.8829  Time/Image: 0.3667
2020-04-27 18:52:36,166 INFO Iter [13200/50000]  Loss: 0.7891  Time/Image: 0.3690
2020-04-27 18:53:13,802 INFO Iter [13300/50000]  Loss: 0.7905  Time/Image: 0.3725
2020-04-27 18:53:51,120 INFO Iter [13400/50000]  Loss: 2.5908  Time/Image: 0.3691
2020-04-27 18:54:28,539 INFO Iter [13500/50000]  Loss: 0.4447  Time/Image: 0.3704
2020-04-27 18:55:05,971 INFO Iter [13600/50000]  Loss: 0.9784  Time/Image: 0.3706
2020-04-27 18:55:43,284 INFO Iter [13700/50000]  Loss: 0.3138  Time/Image: 0.3692
2020-04-27 18:56:20,811 INFO Iter [13800/50000]  Loss: 2.0026  Time/Image: 0.3716
2020-04-27 18:56:58,361 INFO Iter [13900/50000]  Loss: 0.7870  Time/Image: 0.3716
2020-04-27 18:57:35,856 INFO Iter [14000/50000]  Loss: 0.1250  Time/Image: 0.3712
2020-04-27 18:58:13,117 INFO Iter [14100/50000]  Loss: 1.8396  Time/Image: 0.3689
2020-04-27 18:58:50,617 INFO Iter [14200/50000]  Loss: 1.6484  Time/Image: 0.3712
2020-04-27 18:59:27,785 INFO Iter [14300/50000]  Loss: 0.7189  Time/Image: 0.3678
2020-04-27 19:00:05,277 INFO Iter [14400/50000]  Loss: 0.1885  Time/Image: 0.3711
2020-04-27 19:00:42,337 INFO Iter [14500/50000]  Loss: 0.2534  Time/Image: 0.3668
2020-04-27 19:01:19,602 INFO Iter [14600/50000]  Loss: 2.0923  Time/Image: 0.3687
2020-04-27 19:01:56,593 INFO Iter [14700/50000]  Loss: 0.3470  Time/Image: 0.3660
2020-04-27 19:02:33,886 INFO Iter [14800/50000]  Loss: 0.6657  Time/Image: 0.3692
2020-04-27 19:03:11,338 INFO Iter [14900/50000]  Loss: 0.3076  Time/Image: 0.3708
2020-04-27 19:03:48,793 INFO Iter [15000/50000]  Loss: 4.9365  Time/Image: 0.3708
2020-04-27 19:07:08,777 INFO Iter 15000 Loss: 1.3032
2020-04-27 19:07:08,777 INFO Overall Acc: 	: 0.7419435130409343
2020-04-27 19:07:08,777 INFO Mean Acc : 	: 0.06387443476256172
2020-04-27 19:07:08,777 INFO FreqW Acc : 	: 0.5802333072574418
2020-04-27 19:07:08,777 INFO Mean IoU : 	: 0.04931159468350094
2020-04-27 19:07:08,777 INFO 0: 0.7639491120206662
2020-04-27 19:07:08,777 INFO 1: 0.005477135750274926
2020-04-27 19:07:08,777 INFO 2: 0.0039003073565927007
2020-04-27 19:07:08,777 INFO 3: 0.0032315969422476265
2020-04-27 19:07:08,777 INFO 4: 0.0007185718401388213
2020-04-27 19:07:08,777 INFO 5: 0.0008328033453137554
2020-04-27 19:07:08,777 INFO 6: 0.005887189592595815
2020-04-27 19:07:08,777 INFO 7: 0.020358204793946035
2020-04-27 19:07:08,777 INFO 8: 0.019978220169378235
2020-04-27 19:07:08,777 INFO 9: 0.002470560547250665
2020-04-27 19:07:08,777 INFO 10: 0.00022937750778363156
2020-04-27 19:07:08,777 INFO 11: 0.0017117961748219798
2020-04-27 19:07:08,777 INFO 12: 0.03833555276686388
2020-04-27 19:07:08,777 INFO 13: 0.003013432706473698
2020-04-27 19:07:08,777 INFO 14: 0.017262381860393052
2020-04-27 19:07:08,777 INFO 15: 0.1371598212077346
2020-04-27 19:07:08,777 INFO 16: 0.0011489809038939375
2020-04-27 19:07:08,785 INFO 17: 0.0011279778961707937
2020-04-27 19:07:08,785 INFO 18: 0.00031145233426345663
2020-04-27 19:07:08,785 INFO 19: 0.008077623886834034
2020-04-27 19:07:08,785 INFO 20: 0.000361388749881656
2020-04-27 19:07:47,468 INFO Iter [15100/50000]  Loss: 1.8289  Time/Image: 0.3745
2020-04-27 19:08:25,396 INFO Iter [15200/50000]  Loss: 0.4176  Time/Image: 0.3753
2020-04-27 19:09:02,646 INFO Iter [15300/50000]  Loss: 0.1918  Time/Image: 0.3688
2020-04-27 19:09:40,216 INFO Iter [15400/50000]  Loss: 1.4614  Time/Image: 0.3720
2020-04-27 19:10:17,702 INFO Iter [15500/50000]  Loss: 2.7446  Time/Image: 0.3709
2020-04-27 19:10:54,956 INFO Iter [15600/50000]  Loss: 0.3410  Time/Image: 0.3686
2020-04-27 19:11:32,288 INFO Iter [15700/50000]  Loss: 0.4457  Time/Image: 0.3694
2020-04-27 19:12:09,686 INFO Iter [15800/50000]  Loss: 2.1370  Time/Image: 0.3702
2020-04-27 19:12:47,206 INFO Iter [15900/50000]  Loss: 0.2525  Time/Image: 0.3717
2020-04-27 19:13:24,751 INFO Iter [16000/50000]  Loss: 0.3622  Time/Image: 0.3714
2020-04-27 19:14:02,003 INFO Iter [16100/50000]  Loss: 0.7132  Time/Image: 0.3685
2020-04-27 19:14:39,086 INFO Iter [16200/50000]  Loss: 0.6943  Time/Image: 0.3671
2020-04-27 19:15:16,170 INFO Iter [16300/50000]  Loss: 1.4960  Time/Image: 0.3669
2020-04-27 19:15:53,486 INFO Iter [16400/50000]  Loss: 0.4724  Time/Image: 0.3686
2020-04-27 19:16:30,956 INFO Iter [16500/50000]  Loss: 4.3572  Time/Image: 0.3708
2020-04-27 19:17:08,438 INFO Iter [16600/50000]  Loss: 0.7342  Time/Image: 0.3710
2020-04-27 19:17:45,816 INFO Iter [16700/50000]  Loss: 0.8167  Time/Image: 0.3700
2020-04-27 19:18:23,085 INFO Iter [16800/50000]  Loss: 1.0391  Time/Image: 0.3688
2020-04-27 19:19:00,906 INFO Iter [16900/50000]  Loss: 1.2048  Time/Image: 0.3742
2020-04-27 19:19:38,359 INFO Iter [17000/50000]  Loss: 1.1771  Time/Image: 0.3705
2020-04-27 19:20:15,672 INFO Iter [17100/50000]  Loss: 0.4364  Time/Image: 0.3696
2020-04-27 19:20:53,353 INFO Iter [17200/50000]  Loss: 0.6975  Time/Image: 0.3731
2020-04-27 19:21:30,726 INFO Iter [17300/50000]  Loss: 0.3593  Time/Image: 0.3698
2020-04-27 19:22:08,256 INFO Iter [17400/50000]  Loss: 0.4090  Time/Image: 0.3716
2020-04-27 19:22:45,716 INFO Iter [17500/50000]  Loss: 1.2579  Time/Image: 0.3708
2020-04-27 19:26:04,267 INFO Iter 17500 Loss: 1.2693
2020-04-27 19:26:04,267 INFO Overall Acc: 	: 0.7437635174495532
2020-04-27 19:26:04,267 INFO Mean Acc : 	: 0.06505741389866995
2020-04-27 19:26:04,267 INFO FreqW Acc : 	: 0.5820169381893877
2020-04-27 19:26:04,267 INFO Mean IoU : 	: 0.05010553313112852
2020-04-27 19:26:04,267 INFO 0: 0.7654727542770132
2020-04-27 19:26:04,267 INFO 1: 0.005269379620614275
2020-04-27 19:26:04,267 INFO 2: 0.0035833393857188566
2020-04-27 19:26:04,267 INFO 3: 0.0029416569944553553
2020-04-27 19:26:04,267 INFO 4: 0.000619669618250901
2020-04-27 19:26:04,267 INFO 5: 0.0006831342676111568
2020-04-27 19:26:04,267 INFO 6: 0.006004566345545351
2020-04-27 19:26:04,267 INFO 7: 0.021917313578859784
2020-04-27 19:26:04,267 INFO 8: 0.024186401865404505
2020-04-27 19:26:04,267 INFO 9: 0.0024120598951067333
2020-04-27 19:26:04,267 INFO 10: 0.00017304141037052781
2020-04-27 19:26:04,267 INFO 11: 0.0015169469608951917
2020-04-27 19:26:04,267 INFO 12: 0.04176160186941072
2020-04-27 19:26:04,267 INFO 13: 0.002496955512928622
2020-04-27 19:26:04,267 INFO 14: 0.016476205718658227
2020-04-27 19:26:04,275 INFO 15: 0.14719073081196837
2020-04-27 19:26:04,275 INFO 16: 0.0009725826436187772
2020-04-27 19:26:04,275 INFO 17: 0.0009245204019298928
2020-04-27 19:26:04,275 INFO 18: 0.0002531806513349866
2020-04-27 19:26:04,275 INFO 19: 0.007038396934514311
2020-04-27 19:26:04,275 INFO 20: 0.0003217569894889081
2020-04-27 19:26:42,820 INFO Iter [17600/50000]  Loss: 0.5038  Time/Image: 0.3723
2020-04-27 19:27:28,445 INFO Iter [17700/50000]  Loss: 0.5707  Time/Image: 0.3692
2020-04-27 19:28:05,950 INFO Iter [17800/50000]  Loss: 2.8506  Time/Image: 0.3710
2020-04-27 19:28:43,815 INFO Iter [17900/50000]  Loss: 0.5868  Time/Image: 0.3751
2020-04-27 19:29:21,566 INFO Iter [18000/50000]  Loss: 0.3538  Time/Image: 0.3734
2020-04-27 19:29:58,892 INFO Iter [18100/50000]  Loss: 1.3332  Time/Image: 0.3696
2020-04-27 19:30:36,492 INFO Iter [18200/50000]  Loss: 0.1844  Time/Image: 0.3723
2020-04-27 19:31:13,888 INFO Iter [18300/50000]  Loss: 0.8052  Time/Image: 0.3702
2020-04-27 19:31:51,115 INFO Iter [18400/50000]  Loss: 0.4927  Time/Image: 0.3684
2020-04-27 19:32:27,901 INFO Iter [18500/50000]  Loss: 4.4032  Time/Image: 0.3642
2020-04-27 19:33:05,121 INFO Iter [18600/50000]  Loss: 1.9570  Time/Image: 0.3694
2020-04-27 19:33:42,626 INFO Iter [18700/50000]  Loss: 1.3435  Time/Image: 0.3711
2020-04-27 19:34:19,635 INFO Iter [18800/50000]  Loss: 2.2711  Time/Image: 0.3662
2020-04-27 19:34:57,071 INFO Iter [18900/50000]  Loss: 3.9769  Time/Image: 0.3705
2020-04-27 19:35:34,408 INFO Iter [19000/50000]  Loss: 3.2909  Time/Image: 0.3696
2020-04-27 19:36:11,845 INFO Iter [19100/50000]  Loss: 0.1337  Time/Image: 0.3704
2020-04-27 19:36:49,285 INFO Iter [19200/50000]  Loss: 0.6639  Time/Image: 0.3702
2020-04-27 19:37:26,598 INFO Iter [19300/50000]  Loss: 0.9790  Time/Image: 0.3693
2020-04-27 19:38:03,635 INFO Iter [19400/50000]  Loss: 0.6216  Time/Image: 0.3665
2020-04-27 19:38:41,156 INFO Iter [19500/50000]  Loss: 0.9080  Time/Image: 0.3713
2020-04-27 19:39:18,535 INFO Iter [19600/50000]  Loss: 1.4771  Time/Image: 0.3701
2020-04-27 19:39:55,785 INFO Iter [19700/50000]  Loss: 1.9146  Time/Image: 0.3686
2020-04-27 19:40:33,340 INFO Iter [19800/50000]  Loss: 0.2631  Time/Image: 0.3718
2020-04-27 19:41:10,555 INFO Iter [19900/50000]  Loss: 0.9649  Time/Image: 0.3682
2020-04-27 19:41:48,330 INFO Iter [20000/50000]  Loss: 0.1975  Time/Image: 0.3738
2020-04-27 19:45:06,548 INFO Iter 20000 Loss: 1.2393
2020-04-27 19:45:06,556 INFO Overall Acc: 	: 0.7446931457184217
2020-04-27 19:45:06,556 INFO Mean Acc : 	: 0.0662268403064775
2020-04-27 19:45:06,556 INFO FreqW Acc : 	: 0.5833517144072167
2020-04-27 19:45:06,558 INFO Mean IoU : 	: 0.0509328677380018
2020-04-27 19:45:06,558 INFO 0: 0.766552689561156
2020-04-27 19:45:06,558 INFO 1: 0.00511517149569227
2020-04-27 19:45:06,558 INFO 2: 0.003731365430462266
2020-04-27 19:45:06,558 INFO 3: 0.0027402940600688565
2020-04-27 19:45:06,558 INFO 4: 0.0006104993569908679
2020-04-27 19:45:06,558 INFO 5: 0.0006230514054822538
2020-04-27 19:45:06,558 INFO 6: 0.006835666934343999
2020-04-27 19:45:06,558 INFO 7: 0.02275294238586407
2020-04-27 19:45:06,558 INFO 8: 0.027774945443292388
2020-04-27 19:45:06,558 INFO 9: 0.0023988367106643265
2020-04-27 19:45:06,558 INFO 10: 0.00014374423109813272
2020-04-27 19:45:06,558 INFO 11: 0.0014262106251718718
2020-04-27 19:45:06,558 INFO 12: 0.044972926103541616
2020-04-27 19:45:06,558 INFO 13: 0.0023109245187849965
2020-04-27 19:45:06,558 INFO 14: 0.017811472760966052
2020-04-27 19:45:06,558 INFO 15: 0.15413508422933153
2020-04-27 19:45:06,558 INFO 16: 0.0009092554125372563
2020-04-27 19:45:06,558 INFO 17: 0.0007052306359806966
2020-04-27 19:45:06,558 INFO 18: 0.0002674657783627938
2020-04-27 19:45:06,558 INFO 19: 0.00745940515699923
2020-04-27 19:45:06,558 INFO 20: 0.0003130402612463271
2020-04-27 19:45:44,901 INFO Iter [20100/50000]  Loss: 1.1533  Time/Image: 0.3713
2020-04-27 19:46:22,525 INFO Iter [20200/50000]  Loss: 1.0736  Time/Image: 0.3723
2020-04-27 19:46:59,996 INFO Iter [20300/50000]  Loss: 0.6482  Time/Image: 0.3710
2020-04-27 19:47:37,158 INFO Iter [20400/50000]  Loss: 2.0768  Time/Image: 0.3677
2020-04-27 19:48:14,338 INFO Iter [20500/50000]  Loss: 1.5194  Time/Image: 0.3682
2020-04-27 19:48:51,745 INFO Iter [20600/50000]  Loss: 0.6937  Time/Image: 0.3703
2020-04-27 19:49:28,960 INFO Iter [20700/50000]  Loss: 0.2987  Time/Image: 0.3680
2020-04-27 19:50:06,605 INFO Iter [20800/50000]  Loss: 0.3913  Time/Image: 0.3726
2020-04-27 19:50:44,114 INFO Iter [20900/50000]  Loss: 0.3673  Time/Image: 0.3715
2020-04-27 19:51:21,260 INFO Iter [21000/50000]  Loss: 0.5449  Time/Image: 0.3680
2020-04-27 19:51:58,334 INFO Iter [21100/50000]  Loss: 0.1275  Time/Image: 0.3671
2020-04-27 19:52:35,807 INFO Iter [21200/50000]  Loss: 1.8031  Time/Image: 0.3711
2020-04-27 19:53:13,144 INFO Iter [21300/50000]  Loss: 1.8201  Time/Image: 0.3691
2020-04-27 19:53:50,757 INFO Iter [21400/50000]  Loss: 0.6808  Time/Image: 0.3721
2020-04-27 19:54:27,939 INFO Iter [21500/50000]  Loss: 2.6263  Time/Image: 0.3675
2020-04-27 19:55:05,264 INFO Iter [21600/50000]  Loss: 0.5794  Time/Image: 0.3690
2020-04-27 19:55:43,014 INFO Iter [21700/50000]  Loss: 2.2459  Time/Image: 0.3738
2020-04-27 19:56:20,637 INFO Iter [21800/50000]  Loss: 0.1833  Time/Image: 0.3722
2020-04-27 19:56:57,878 INFO Iter [21900/50000]  Loss: 0.4681  Time/Image: 0.3684
2020-04-27 19:57:35,534 INFO Iter [22000/50000]  Loss: 0.2380  Time/Image: 0.3727
2020-04-27 19:58:13,105 INFO Iter [22100/50000]  Loss: 1.5967  Time/Image: 0.3720
2020-04-27 19:58:50,347 INFO Iter [22200/50000]  Loss: 0.3610  Time/Image: 0.3685
2020-04-27 19:59:27,961 INFO Iter [22300/50000]  Loss: 0.3249  Time/Image: 0.3724
2020-04-27 20:00:05,462 INFO Iter [22400/50000]  Loss: 0.1866  Time/Image: 0.3713
2020-04-27 20:00:42,684 INFO Iter [22500/50000]  Loss: 0.4546  Time/Image: 0.3684
2020-04-27 20:04:00,646 INFO Iter 22500 Loss: 1.2186
2020-04-27 20:04:00,646 INFO Overall Acc: 	: 0.746611448325917
2020-04-27 20:04:00,646 INFO Mean Acc : 	: 0.06574651466221074
2020-04-27 20:04:00,646 INFO FreqW Acc : 	: 0.5830525053595615
2020-04-27 20:04:00,646 INFO Mean IoU : 	: 0.05083360969933204
2020-04-27 20:04:00,646 INFO 0: 0.7661880407481207
2020-04-27 20:04:00,646 INFO 1: 0.005493684113650407
2020-04-27 20:04:00,646 INFO 2: 0.00367354392563722
2020-04-27 20:04:00,646 INFO 3: 0.0024841856585552866
2020-04-27 20:04:00,646 INFO 4: 0.0005016658502437109
2020-04-27 20:04:00,646 INFO 5: 0.00048058720487048883
2020-04-27 20:04:00,646 INFO 6: 0.0070694889818640905
2020-04-27 20:04:00,646 INFO 7: 0.022745823400291146
2020-04-27 20:04:00,646 INFO 8: 0.02803294133101223
2020-04-27 20:04:00,646 INFO 9: 0.0021236869900780947
2020-04-27 20:04:00,646 INFO 10: 0.0001194678541370917
2020-04-27 20:04:00,646 INFO 11: 0.0013308192367616012
2020-04-27 20:04:00,646 INFO 12: 0.044414959856792155
2020-04-27 20:04:00,646 INFO 13: 0.0018539828436442093
2020-04-27 20:04:00,654 INFO 14: 0.01891839795544753
2020-04-27 20:04:00,654 INFO 15: 0.15401099494373113
2020-04-27 20:04:00,654 INFO 16: 0.0007362065628640712
2020-04-27 20:04:00,655 INFO 17: 0.0005302753449688111
2020-04-27 20:04:00,655 INFO 18: 0.0002198121413097131
2020-04-27 20:04:00,655 INFO 19: 0.006289353228128738
2020-04-27 20:04:00,655 INFO 20: 0.00028788551386465426
2020-04-27 20:04:37,871 INFO Iter [22600/50000]  Loss: 0.8329  Time/Image: 0.3683
2020-04-27 20:05:15,564 INFO Iter [22700/50000]  Loss: 0.8315  Time/Image: 0.3730
2020-04-27 20:05:52,905 INFO Iter [22800/50000]  Loss: 1.4532  Time/Image: 0.3695
2020-04-27 20:06:30,407 INFO Iter [22900/50000]  Loss: 0.2132  Time/Image: 0.3714
2020-04-27 20:07:07,544 INFO Iter [23000/50000]  Loss: 0.9157  Time/Image: 0.3683
2020-04-27 20:07:44,968 INFO Iter [23100/50000]  Loss: 2.0375  Time/Image: 0.3705
2020-04-27 20:08:22,245 INFO Iter [23200/50000]  Loss: 0.3384  Time/Image: 0.3690
2020-04-27 20:08:59,165 INFO Iter [23300/50000]  Loss: 1.1106  Time/Image: 0.3653
2020-04-27 20:09:36,446 INFO Iter [23400/50000]  Loss: 0.3711  Time/Image: 0.3689
2020-04-27 20:10:13,774 INFO Iter [23500/50000]  Loss: 0.8460  Time/Image: 0.3695
2020-04-27 20:10:51,235 INFO Iter [23600/50000]  Loss: 0.6483  Time/Image: 0.3708
2020-04-27 20:11:28,443 INFO Iter [23700/50000]  Loss: 0.8641  Time/Image: 0.3679
2020-04-27 20:12:05,955 INFO Iter [23800/50000]  Loss: 0.1283  Time/Image: 0.3717
2020-04-27 20:12:43,523 INFO Iter [23900/50000]  Loss: 0.3623  Time/Image: 0.3719
2020-04-27 20:13:21,166 INFO Iter [24000/50000]  Loss: 1.1081  Time/Image: 0.3733
2020-04-27 20:13:58,353 INFO Iter [24100/50000]  Loss: 1.8546  Time/Image: 0.3684
2020-04-27 20:14:35,830 INFO Iter [24200/50000]  Loss: 0.7142  Time/Image: 0.3705
2020-04-27 20:15:13,436 INFO Iter [24300/50000]  Loss: 1.8765  Time/Image: 0.3723
2020-04-27 20:15:50,537 INFO Iter [24400/50000]  Loss: 1.0752  Time/Image: 0.3671
2020-04-27 20:16:28,046 INFO Iter [24500/50000]  Loss: 0.2828  Time/Image: 0.3712
2020-04-27 20:17:05,424 INFO Iter [24600/50000]  Loss: 1.8383  Time/Image: 0.3700
2020-04-27 20:17:42,363 INFO Iter [24700/50000]  Loss: 1.3056  Time/Image: 0.3651
2020-04-27 20:18:19,726 INFO Iter [24800/50000]  Loss: 1.2659  Time/Image: 0.3700
2020-04-27 20:18:57,085 INFO Iter [24900/50000]  Loss: 1.6865  Time/Image: 0.3692
2020-04-27 20:19:34,379 INFO Iter [25000/50000]  Loss: 1.9143  Time/Image: 0.3689
2020-04-27 20:22:55,518 INFO Iter 25000 Loss: 1.1982
2020-04-27 20:22:55,531 INFO Overall Acc: 	: 0.7473945381428387
2020-04-27 20:22:55,531 INFO Mean Acc : 	: 0.06670673359538441
2020-04-27 20:22:55,533 INFO FreqW Acc : 	: 0.5840075412859034
2020-04-27 20:22:55,533 INFO Mean IoU : 	: 0.05150713753572457
2020-04-27 20:22:55,533 INFO 0: 0.7668438592248885
2020-04-27 20:22:55,533 INFO 1: 0.006164473460339991
2020-04-27 20:22:55,533 INFO 2: 0.0036295373056830322
2020-04-27 20:22:55,533 INFO 3: 0.0022643957854617453
2020-04-27 20:22:55,533 INFO 4: 0.0004599964152486361
2020-04-27 20:22:55,533 INFO 5: 0.0004606459065536751
2020-04-27 20:22:55,533 INFO 6: 0.00869441418434027
2020-04-27 20:22:55,538 INFO 7: 0.02492143565162668
2020-04-27 20:22:55,539 INFO 8: 0.02805711915119292
2020-04-27 20:22:55,541 INFO 9: 0.001942785577023362
2020-04-27 20:22:55,541 INFO 10: 0.00010025598695335423
2020-04-27 20:22:55,541 INFO 11: 0.0013879132619555594
2020-04-27 20:22:55,541 INFO 12: 0.04762853776857273
2020-04-27 20:22:55,541 INFO 13: 0.0016654610420573197
2020-04-27 20:22:55,541 INFO 14: 0.018563745031528227
2020-04-27 20:22:55,544 INFO 15: 0.16096284083672124
2020-04-27 20:22:55,544 INFO 16: 0.0006457465173629394
2020-04-27 20:22:55,544 INFO 17: 0.0004504679861856484
2020-04-27 20:22:55,544 INFO 18: 0.00019291604466830026
2020-04-27 20:22:55,544 INFO 19: 0.0063628043063945336
2020-04-27 20:22:55,544 INFO 20: 0.00025053680545706686
2020-04-27 20:23:35,906 INFO Iter [25100/50000]  Loss: 3.1068  Time/Image: 0.3747
2020-04-27 20:24:13,499 INFO Iter [25200/50000]  Loss: 1.3611  Time/Image: 0.3723
2020-04-27 20:24:50,943 INFO Iter [25300/50000]  Loss: 0.2875  Time/Image: 0.3705
2020-04-27 20:25:28,483 INFO Iter [25400/50000]  Loss: 0.9133  Time/Image: 0.3715
2020-04-27 20:26:06,465 INFO Iter [25500/50000]  Loss: 0.7278  Time/Image: 0.3759
2020-04-27 20:26:43,926 INFO Iter [25600/50000]  Loss: 0.4038  Time/Image: 0.3709
2020-04-27 20:27:21,153 INFO Iter [25700/50000]  Loss: 1.7961  Time/Image: 0.3683
2020-04-27 20:27:58,603 INFO Iter [25800/50000]  Loss: 1.4833  Time/Image: 0.3707
2020-04-27 20:28:36,037 INFO Iter [25900/50000]  Loss: 1.2829  Time/Image: 0.3707
2020-04-27 20:29:13,798 INFO Iter [26000/50000]  Loss: 2.0126  Time/Image: 0.3738
2020-04-27 20:29:51,218 INFO Iter [26100/50000]  Loss: 2.1173  Time/Image: 0.3701
2020-04-27 20:30:28,687 INFO Iter [26200/50000]  Loss: 0.5741  Time/Image: 0.3709
2020-04-27 20:31:06,333 INFO Iter [26300/50000]  Loss: 1.3482  Time/Image: 0.3727
2020-04-27 20:31:43,663 INFO Iter [26400/50000]  Loss: 0.6509  Time/Image: 0.3693
2020-04-27 20:32:28,602 INFO Iter [26500/50000]  Loss: 3.1743  Time/Image: 0.3661
2020-04-27 20:33:06,178 INFO Iter [26600/50000]  Loss: 2.2086  Time/Image: 0.3718
2020-04-27 20:33:43,818 INFO Iter [26700/50000]  Loss: 3.0213  Time/Image: 0.3725
2020-04-27 20:34:21,223 INFO Iter [26800/50000]  Loss: 0.3374  Time/Image: 0.3702
2020-04-27 20:34:58,618 INFO Iter [26900/50000]  Loss: 0.7183  Time/Image: 0.3702
2020-04-27 20:35:36,006 INFO Iter [27000/50000]  Loss: 0.4492  Time/Image: 0.3700
2020-04-27 20:36:13,613 INFO Iter [27100/50000]  Loss: 0.0802  Time/Image: 0.3723
2020-04-27 20:36:51,203 INFO Iter [27200/50000]  Loss: 1.7433  Time/Image: 0.3717
2020-04-27 20:37:28,778 INFO Iter [27300/50000]  Loss: 1.2777  Time/Image: 0.3718
2020-04-27 20:38:06,463 INFO Iter [27400/50000]  Loss: 0.6199  Time/Image: 0.3732
2020-04-27 20:38:44,197 INFO Iter [27500/50000]  Loss: 0.3832  Time/Image: 0.3735
2020-04-27 20:42:02,105 INFO Iter 27500 Loss: 1.1828
2020-04-27 20:42:02,105 INFO Overall Acc: 	: 0.7484436054190893
2020-04-27 20:42:02,105 INFO Mean Acc : 	: 0.06713624109670174
2020-04-27 20:42:02,105 INFO FreqW Acc : 	: 0.5845717427818173
2020-04-27 20:42:02,105 INFO Mean IoU : 	: 0.0519774516138178
2020-04-27 20:42:02,105 INFO 0: 0.7672502341657823
2020-04-27 20:42:02,105 INFO 1: 0.00608030540382498
2020-04-27 20:42:02,105 INFO 2: 0.0034157688923954527
2020-04-27 20:42:02,105 INFO 3: 0.0021122323603945743
2020-04-27 20:42:02,105 INFO 4: 0.00040777912763486696
2020-04-27 20:42:02,105 INFO 5: 0.0004568581257547677
2020-04-27 20:42:02,105 INFO 6: 0.009607014395220645
2020-04-27 20:42:02,113 INFO 7: 0.025610254895069594
2020-04-27 20:42:02,113 INFO 8: 0.03167546414682887
2020-04-27 20:42:02,113 INFO 9: 0.0019458804380069114
2020-04-27 20:42:02,113 INFO 10: 7.966241878533555e-05
2020-04-27 20:42:02,113 INFO 11: 0.0011828059247283708
2020-04-27 20:42:02,113 INFO 12: 0.050145559528411286
2020-04-27 20:42:02,113 INFO 13: 0.0014786185789551773
2020-04-27 20:42:02,113 INFO 14: 0.019523341961974472
2020-04-27 20:42:02,115 INFO 15: 0.16320657640973701
2020-04-27 20:42:02,115 INFO 16: 0.0006826839318322932
2020-04-27 20:42:02,115 INFO 17: 0.00039493649836828867
2020-04-27 20:42:02,115 INFO 18: 0.0001762678061960652
2020-04-27 20:42:02,115 INFO 19: 0.005861567766142789
2020-04-27 20:42:02,115 INFO 20: 0.00023267111412987913
2020-04-27 20:42:40,617 INFO Iter [27600/50000]  Loss: 1.6060  Time/Image: 0.3718
2020-04-27 20:43:18,315 INFO Iter [27700/50000]  Loss: 0.6140  Time/Image: 0.3730
2020-04-27 20:43:55,880 INFO Iter [27800/50000]  Loss: 4.3621  Time/Image: 0.3717
2020-04-27 20:44:33,576 INFO Iter [27900/50000]  Loss: 0.2018  Time/Image: 0.3729
2020-04-27 20:45:10,674 INFO Iter [28000/50000]  Loss: 0.2966  Time/Image: 0.3673
2020-04-27 20:45:48,004 INFO Iter [28100/50000]  Loss: 1.4713  Time/Image: 0.3694
2020-04-27 20:46:25,428 INFO Iter [28200/50000]  Loss: 0.0729  Time/Image: 0.3704
2020-04-27 20:47:03,076 INFO Iter [28300/50000]  Loss: 0.6576  Time/Image: 0.3736
2020-04-27 20:47:40,299 INFO Iter [28400/50000]  Loss: 0.4239  Time/Image: 0.3678
2020-04-27 20:48:17,423 INFO Iter [28500/50000]  Loss: 0.8591  Time/Image: 0.3674
2020-04-27 20:48:54,613 INFO Iter [28600/50000]  Loss: 1.4055  Time/Image: 0.3677
2020-04-27 20:49:31,580 INFO Iter [28700/50000]  Loss: 1.1105  Time/Image: 0.3657
2020-04-27 20:50:08,690 INFO Iter [28800/50000]  Loss: 0.1826  Time/Image: 0.3671
2020-04-27 20:50:46,027 INFO Iter [28900/50000]  Loss: 1.1153  Time/Image: 0.3696
2020-04-27 20:51:23,736 INFO Iter [29000/50000]  Loss: 0.0456  Time/Image: 0.3736
2020-04-27 20:52:01,272 INFO Iter [29100/50000]  Loss: 1.7546  Time/Image: 0.3716
2020-04-27 20:52:38,530 INFO Iter [29200/50000]  Loss: 5.0986  Time/Image: 0.3689
2020-04-27 20:53:15,977 INFO Iter [29300/50000]  Loss: 0.1182  Time/Image: 0.3705
2020-04-27 20:53:53,604 INFO Iter [29400/50000]  Loss: 1.0059  Time/Image: 0.3726
2020-04-27 20:54:30,980 INFO Iter [29500/50000]  Loss: 0.9037  Time/Image: 0.3699
2020-04-27 20:55:08,262 INFO Iter [29600/50000]  Loss: 0.7273  Time/Image: 0.3689
2020-04-27 20:55:45,653 INFO Iter [29700/50000]  Loss: 0.5747  Time/Image: 0.3701
2020-04-27 20:56:23,096 INFO Iter [29800/50000]  Loss: 1.3232  Time/Image: 0.3702
2020-04-27 20:57:00,573 INFO Iter [29900/50000]  Loss: 3.1518  Time/Image: 0.3711
2020-04-27 20:57:38,279 INFO Iter [30000/50000]  Loss: 0.6282  Time/Image: 0.3732
2020-04-27 21:00:57,413 INFO Iter 30000 Loss: 1.1736
2020-04-27 21:00:57,413 INFO Overall Acc: 	: 0.7501468336822956
2020-04-27 21:00:57,413 INFO Mean Acc : 	: 0.06583833517318516
2020-04-27 21:00:57,413 INFO FreqW Acc : 	: 0.5834458646218047
2020-04-27 21:00:57,413 INFO Mean IoU : 	: 0.0512516541260122
2020-04-27 21:00:57,413 INFO 0: 0.7661353241096174
2020-04-27 21:00:57,413 INFO 1: 0.005170452347631342
2020-04-27 21:00:57,413 INFO 2: 0.0034132680776107122
2020-04-27 21:00:57,413 INFO 3: 0.00173463447102697
2020-04-27 21:00:57,413 INFO 4: 0.00026835724575297824
2020-04-27 21:00:57,413 INFO 5: 0.00035425898018398973
2020-04-27 21:00:57,413 INFO 6: 0.008872964004548121
2020-04-27 21:00:57,413 INFO 7: 0.023084945524764266
2020-04-27 21:00:57,413 INFO 8: 0.02916918583207433
2020-04-27 21:00:57,413 INFO 9: 0.0016243189681814155
2020-04-27 21:00:57,413 INFO 10: 5.9706579061238156e-05
2020-04-27 21:00:57,413 INFO 11: 0.0009959999839839198
2020-04-27 21:00:57,413 INFO 12: 0.049962614757715886
2020-04-27 21:00:57,413 INFO 13: 0.0012807017030148282
2020-04-27 21:00:57,413 INFO 14: 0.01786812029592884
2020-04-27 21:00:57,413 INFO 15: 0.16064736311239505
2020-04-27 21:00:57,413 INFO 16: 0.0005017052559045212
2020-04-27 21:00:57,413 INFO 17: 0.00029496691683665046
2020-04-27 21:00:57,413 INFO 18: 0.00012822621804362222
2020-04-27 21:00:57,413 INFO 19: 0.004527867256776102
2020-04-27 21:00:57,421 INFO 20: 0.00018975500520439166
2020-04-27 21:01:35,024 INFO Iter [30100/50000]  Loss: 0.9106  Time/Image: 0.3719
2020-04-27 21:02:12,742 INFO Iter [30200/50000]  Loss: 0.1608  Time/Image: 0.3731
2020-04-27 21:02:50,022 INFO Iter [30300/50000]  Loss: 4.3339  Time/Image: 0.3688
2020-04-27 21:03:27,654 INFO Iter [30400/50000]  Loss: 1.1075  Time/Image: 0.3726
2020-04-27 21:04:05,062 INFO Iter [30500/50000]  Loss: 0.3826  Time/Image: 0.3699
2020-04-27 21:04:42,981 INFO Iter [30600/50000]  Loss: 0.6243  Time/Image: 0.3754
2020-04-27 21:05:20,272 INFO Iter [30700/50000]  Loss: 1.9365  Time/Image: 0.3691
2020-04-27 21:05:57,982 INFO Iter [30800/50000]  Loss: 0.3600  Time/Image: 0.3733
2020-04-27 21:06:35,466 INFO Iter [30900/50000]  Loss: 1.2574  Time/Image: 0.3707
2020-04-27 21:07:13,342 INFO Iter [31000/50000]  Loss: 0.8724  Time/Image: 0.3750
2020-04-27 21:07:50,629 INFO Iter [31100/50000]  Loss: 0.6693  Time/Image: 0.3690
2020-04-27 21:08:28,339 INFO Iter [31200/50000]  Loss: 1.5632  Time/Image: 0.3730
2020-04-27 21:09:06,032 INFO Iter [31300/50000]  Loss: 4.0878  Time/Image: 0.3729
2020-04-27 21:09:43,725 INFO Iter [31400/50000]  Loss: 1.2601  Time/Image: 0.3724
2020-04-27 21:10:21,472 INFO Iter [31500/50000]  Loss: 1.1413  Time/Image: 0.3738
2020-04-27 21:10:59,069 INFO Iter [31600/50000]  Loss: 0.4745  Time/Image: 0.3720
2020-04-27 21:11:36,391 INFO Iter [31700/50000]  Loss: 0.9783  Time/Image: 0.3695
2020-04-27 21:12:13,786 INFO Iter [31800/50000]  Loss: 0.6935  Time/Image: 0.3701
2020-04-27 21:12:51,373 INFO Iter [31900/50000]  Loss: 0.9788  Time/Image: 0.3720
2020-04-27 21:13:28,847 INFO Iter [32000/50000]  Loss: 0.8708  Time/Image: 0.3710
2020-04-27 21:14:06,069 INFO Iter [32100/50000]  Loss: 2.7961  Time/Image: 0.3686
2020-04-27 21:14:43,281 INFO Iter [32200/50000]  Loss: 1.1001  Time/Image: 0.3684
2020-04-27 21:15:20,982 INFO Iter [32300/50000]  Loss: 0.2838  Time/Image: 0.3728
2020-04-27 21:15:58,154 INFO Iter [32400/50000]  Loss: 0.8226  Time/Image: 0.3680
2020-04-27 21:16:35,703 INFO Iter [32500/50000]  Loss: 1.7008  Time/Image: 0.3715
2020-04-27 21:19:53,572 INFO Iter 32500 Loss: 1.1600
2020-04-27 21:19:53,576 INFO Overall Acc: 	: 0.7506092570297878
2020-04-27 21:19:53,576 INFO Mean Acc : 	: 0.06702726993006711
2020-04-27 21:19:53,576 INFO FreqW Acc : 	: 0.584808723180948
2020-04-27 21:19:53,576 INFO Mean IoU : 	: 0.052001572584896516
2020-04-27 21:19:53,576 INFO 0: 0.767204112989431
2020-04-27 21:19:53,576 INFO 1: 0.005651485604210518
2020-04-27 21:19:53,576 INFO 2: 0.0030629255782267536
2020-04-27 21:19:53,576 INFO 3: 0.0016313408586507523
2020-04-27 21:19:53,576 INFO 4: 0.0003036219599404758
2020-04-27 21:19:53,576 INFO 5: 0.0003477953101848276
2020-04-27 21:19:53,576 INFO 6: 0.00952878710542556
2020-04-27 21:19:53,580 INFO 7: 0.02357950025001192
2020-04-27 21:19:53,580 INFO 8: 0.033684799105359854
2020-04-27 21:19:53,580 INFO 9: 0.0016186741327650373
2020-04-27 21:19:53,581 INFO 10: 4.83335822736587e-05
2020-04-27 21:19:53,581 INFO 11: 0.0009933671940233577
2020-04-27 21:19:53,581 INFO 12: 0.04951533978518041
2020-04-27 21:19:53,581 INFO 13: 0.0010075600168933984
2020-04-27 21:19:53,581 INFO 14: 0.0185804711461075
2020-04-27 21:19:53,582 INFO 15: 0.1695506043820986
2020-04-27 21:19:53,582 INFO 16: 0.0004352044525003198
2020-04-27 21:19:53,582 INFO 17: 0.0002617724906198191
2020-04-27 21:19:53,582 INFO 18: 0.00011965029456494871
2020-04-27 21:19:53,582 INFO 19: 0.004723798553754657
2020-04-27 21:19:53,582 INFO 20: 0.0001838794906038136
2020-04-27 21:20:31,928 INFO Iter [32600/50000]  Loss: 0.1389  Time/Image: 0.3706
2020-04-27 21:21:09,319 INFO Iter [32700/50000]  Loss: 1.2235  Time/Image: 0.3702
2020-04-27 21:21:46,577 INFO Iter [32800/50000]  Loss: 0.1447  Time/Image: 0.3685
2020-04-27 21:22:23,996 INFO Iter [32900/50000]  Loss: 1.4579  Time/Image: 0.3702
2020-04-27 21:23:01,418 INFO Iter [33000/50000]  Loss: 1.2016  Time/Image: 0.3701
2020-04-27 21:23:39,061 INFO Iter [33100/50000]  Loss: 0.6077  Time/Image: 0.3728
2020-04-27 21:24:16,757 INFO Iter [33200/50000]  Loss: 0.7273  Time/Image: 0.3729
2020-04-27 21:24:53,815 INFO Iter [33300/50000]  Loss: 0.8247  Time/Image: 0.3666
2020-04-27 21:25:31,231 INFO Iter [33400/50000]  Loss: 1.1102  Time/Image: 0.3700
2020-04-27 21:26:08,872 INFO Iter [33500/50000]  Loss: 1.8922  Time/Image: 0.3726
2020-04-27 21:26:46,533 INFO Iter [33600/50000]  Loss: 0.9952  Time/Image: 0.3719
2020-04-27 21:27:23,905 INFO Iter [33700/50000]  Loss: 1.6938  Time/Image: 0.3697
2020-04-27 21:28:01,303 INFO Iter [33800/50000]  Loss: 0.8098  Time/Image: 0.3700
2020-04-27 21:28:38,491 INFO Iter [33900/50000]  Loss: 0.9278  Time/Image: 0.3688
2020-04-27 21:29:15,626 INFO Iter [34000/50000]  Loss: 0.3810  Time/Image: 0.3673
2020-04-27 21:29:52,781 INFO Iter [34100/50000]  Loss: 0.6251  Time/Image: 0.3675
2020-04-27 21:30:29,586 INFO Iter [34200/50000]  Loss: 1.3069  Time/Image: 0.3643
2020-04-27 21:31:06,563 INFO Iter [34300/50000]  Loss: 0.9551  Time/Image: 0.3661
2020-04-27 21:31:43,881 INFO Iter [34400/50000]  Loss: 0.1924  Time/Image: 0.3695
2020-04-27 21:32:21,491 INFO Iter [34500/50000]  Loss: 0.7853  Time/Image: 0.3722
2020-04-27 21:32:58,922 INFO Iter [34600/50000]  Loss: 0.5471  Time/Image: 0.3704
2020-04-27 21:33:36,204 INFO Iter [34700/50000]  Loss: 1.2097  Time/Image: 0.3690
2020-04-27 21:34:13,875 INFO Iter [34800/50000]  Loss: 1.1532  Time/Image: 0.3731
2020-04-27 21:34:51,301 INFO Iter [34900/50000]  Loss: 0.7788  Time/Image: 0.3703
2020-04-27 21:35:28,503 INFO Iter [35000/50000]  Loss: 2.2896  Time/Image: 0.3682
2020-04-27 21:38:45,913 INFO Iter 35000 Loss: 1.1472
2020-04-27 21:38:45,913 INFO Overall Acc: 	: 0.7509671804114687
2020-04-27 21:38:45,913 INFO Mean Acc : 	: 0.06817064323765898
2020-04-27 21:38:45,913 INFO FreqW Acc : 	: 0.585923246083339
2020-04-27 21:38:45,913 INFO Mean IoU : 	: 0.052835209390871454
2020-04-27 21:38:45,913 INFO 0: 0.7680690989234908
2020-04-27 21:38:45,913 INFO 1: 0.006479420796123616
2020-04-27 21:38:45,913 INFO 2: 0.00323365319042684
2020-04-27 21:38:45,913 INFO 3: 0.0015401175348188922
2020-04-27 21:38:45,913 INFO 4: 0.00032166798431403944
2020-04-27 21:38:45,913 INFO 5: 0.0003015277920935105
2020-04-27 21:38:45,913 INFO 6: 0.010602839210891994
2020-04-27 21:38:45,913 INFO 7: 0.026217457487890467
2020-04-27 21:38:45,913 INFO 8: 0.037999637634285224
2020-04-27 21:38:45,913 INFO 9: 0.0016077365548750092
2020-04-27 21:38:45,913 INFO 10: 4.900876417687599e-05
2020-04-27 21:38:45,913 INFO 11: 0.0009638307367262363
2020-04-27 21:38:45,921 INFO 12: 0.050853730627211435
2020-04-27 21:38:45,921 INFO 13: 0.000963378686105081
2020-04-27 21:38:45,921 INFO 14: 0.019197290109616967
2020-04-27 21:38:45,921 INFO 15: 0.1750080444210223
2020-04-27 21:38:45,921 INFO 16: 0.00037987165820636354
2020-04-27 21:38:45,921 INFO 17: 0.00022393840160131296
2020-04-27 21:38:45,921 INFO 18: 9.766228663542414e-05
2020-04-27 21:38:45,921 INFO 19: 0.005254803270402432
2020-04-27 21:38:45,921 INFO 20: 0.00017468113738560194
2020-04-27 21:39:24,101 INFO Iter [35100/50000]  Loss: 3.6553  Time/Image: 0.3698
2020-04-27 21:40:01,781 INFO Iter [35200/50000]  Loss: 0.9145  Time/Image: 0.3728
2020-04-27 21:40:39,477 INFO Iter [35300/50000]  Loss: 1.1949  Time/Image: 0.3728
2020-04-27 21:41:24,358 INFO Iter [35400/50000]  Loss: 0.9198  Time/Image: 0.3691
2020-04-27 21:42:01,530 INFO Iter [35500/50000]  Loss: 1.7082  Time/Image: 0.3680
2020-04-27 21:42:39,127 INFO Iter [35600/50000]  Loss: 0.1568  Time/Image: 0.3722
2020-04-27 21:43:16,461 INFO Iter [35700/50000]  Loss: 1.7993  Time/Image: 0.3695
2020-04-27 21:43:53,850 INFO Iter [35800/50000]  Loss: 1.4916  Time/Image: 0.3701
2020-04-27 21:44:31,146 INFO Iter [35900/50000]  Loss: 0.1180  Time/Image: 0.3689
2020-04-27 21:45:08,614 INFO Iter [36000/50000]  Loss: 1.4401  Time/Image: 0.3705
2020-04-27 21:45:45,850 INFO Iter [36100/50000]  Loss: 0.1720  Time/Image: 0.3677
2020-04-27 21:46:23,447 INFO Iter [36200/50000]  Loss: 3.5766  Time/Image: 0.3719
2020-04-27 21:47:00,880 INFO Iter [36300/50000]  Loss: 0.3403  Time/Image: 0.3704
2020-04-27 21:47:38,370 INFO Iter [36400/50000]  Loss: 0.3627  Time/Image: 0.3713
2020-04-27 21:48:16,178 INFO Iter [36500/50000]  Loss: 1.2224  Time/Image: 0.3738
2020-04-27 21:48:53,475 INFO Iter [36600/50000]  Loss: 0.5939  Time/Image: 0.3692
2020-04-27 21:49:30,922 INFO Iter [36700/50000]  Loss: 1.3969  Time/Image: 0.3707
2020-04-27 21:50:08,218 INFO Iter [36800/50000]  Loss: 1.7996  Time/Image: 0.3690
2020-04-27 21:50:45,736 INFO Iter [36900/50000]  Loss: 0.0643  Time/Image: 0.3715
2020-04-27 21:51:23,450 INFO Iter [37000/50000]  Loss: 1.5933  Time/Image: 0.3731
2020-04-27 21:52:00,750 INFO Iter [37100/50000]  Loss: 1.8102  Time/Image: 0.3692
2020-04-27 21:52:38,380 INFO Iter [37200/50000]  Loss: 1.5501  Time/Image: 0.3726
2020-04-27 21:53:15,801 INFO Iter [37300/50000]  Loss: 1.4632  Time/Image: 0.3703
2020-04-27 21:53:53,060 INFO Iter [37400/50000]  Loss: 0.2273  Time/Image: 0.3694
2020-04-27 21:54:30,271 INFO Iter [37500/50000]  Loss: 2.1779  Time/Image: 0.3681
2020-04-27 21:57:48,451 INFO Iter 37500 Loss: 1.1395
2020-04-27 21:57:48,460 INFO Overall Acc: 	: 0.7520201146264054
2020-04-27 21:57:48,460 INFO Mean Acc : 	: 0.06797649628438801
2020-04-27 21:57:48,460 INFO FreqW Acc : 	: 0.5858044972236789
2020-04-27 21:57:48,460 INFO Mean IoU : 	: 0.05288184683042337
2020-04-27 21:57:48,461 INFO 0: 0.7678083096169049
2020-04-27 21:57:48,461 INFO 1: 0.0065203937249771575
2020-04-27 21:57:48,461 INFO 2: 0.0030893164398560925
2020-04-27 21:57:48,461 INFO 3: 0.0012202865370512799
2020-04-27 21:57:48,461 INFO 4: 0.00024356463326228163
2020-04-27 21:57:48,461 INFO 5: 0.0002831393837119316
2020-04-27 21:57:48,461 INFO 6: 0.012024315823895938
2020-04-27 21:57:48,461 INFO 7: 0.026139624969472124
2020-04-27 21:57:48,461 INFO 8: 0.04003407480004633
2020-04-27 21:57:48,461 INFO 9: 0.001350642082927664
2020-04-27 21:57:48,461 INFO 10: 3.9311900619515234e-05
2020-04-27 21:57:48,461 INFO 11: 0.0007997826750874446
2020-04-27 21:57:48,461 INFO 12: 0.051172812630242134
2020-04-27 21:57:48,461 INFO 13: 0.000783137647849228
2020-04-27 21:57:48,461 INFO 14: 0.0181703250187779
2020-04-27 21:57:48,461 INFO 15: 0.1757168931994952
2020-04-27 21:57:48,461 INFO 16: 0.0002787547794994417
2020-04-27 21:57:48,461 INFO 17: 0.0001645601092966209
2020-04-27 21:57:48,461 INFO 18: 8.030858857938348e-05
2020-04-27 21:57:48,461 INFO 19: 0.004443149154045362
2020-04-27 21:57:48,461 INFO 20: 0.0001560797232929477
2020-04-27 21:58:27,505 INFO Iter [37600/50000]  Loss: 0.4349  Time/Image: 0.3771
2020-04-27 21:59:05,205 INFO Iter [37700/50000]  Loss: 0.2307  Time/Image: 0.3731
2020-04-27 21:59:42,375 INFO Iter [37800/50000]  Loss: 0.2875  Time/Image: 0.3678
2020-04-27 22:00:20,010 INFO Iter [37900/50000]  Loss: 0.0921  Time/Image: 0.3726
2020-04-27 22:00:57,390 INFO Iter [38000/50000]  Loss: 1.3880  Time/Image: 0.3699
2020-04-27 22:01:35,056 INFO Iter [38100/50000]  Loss: 1.1268  Time/Image: 0.3727
2020-04-27 22:02:12,338 INFO Iter [38200/50000]  Loss: 0.3223  Time/Image: 0.3692
2020-04-27 22:02:49,997 INFO Iter [38300/50000]  Loss: 2.0974  Time/Image: 0.3724
2020-04-27 22:03:27,678 INFO Iter [38400/50000]  Loss: 1.2997  Time/Image: 0.3727
2020-04-27 22:04:05,144 INFO Iter [38500/50000]  Loss: 0.2416  Time/Image: 0.3708
2020-04-27 22:04:42,674 INFO Iter [38600/50000]  Loss: 0.4706  Time/Image: 0.3726
2020-04-27 22:05:20,155 INFO Iter [38700/50000]  Loss: 0.7606  Time/Image: 0.3709
2020-04-27 22:05:57,402 INFO Iter [38800/50000]  Loss: 0.3004  Time/Image: 0.3688
2020-04-27 22:06:34,979 INFO Iter [38900/50000]  Loss: 0.7269  Time/Image: 0.3721
2020-04-27 22:07:12,376 INFO Iter [39000/50000]  Loss: 1.7528  Time/Image: 0.3701
2020-04-27 22:07:49,932 INFO Iter [39100/50000]  Loss: 1.0460  Time/Image: 0.3718
2020-04-27 22:08:27,330 INFO Iter [39200/50000]  Loss: 0.8973  Time/Image: 0.3700
2020-04-27 22:09:04,919 INFO Iter [39300/50000]  Loss: 0.9188  Time/Image: 0.3719
2020-04-27 22:09:42,280 INFO Iter [39400/50000]  Loss: 0.3134  Time/Image: 0.3699
2020-04-27 22:10:19,611 INFO Iter [39500/50000]  Loss: 1.1973  Time/Image: 0.3698
2020-04-27 22:10:57,036 INFO Iter [39600/50000]  Loss: 1.0590  Time/Image: 0.3704
2020-04-27 22:11:34,714 INFO Iter [39700/50000]  Loss: 0.2300  Time/Image: 0.3728
2020-04-27 22:12:12,328 INFO Iter [39800/50000]  Loss: 1.3506  Time/Image: 0.3724
2020-04-27 22:12:49,744 INFO Iter [39900/50000]  Loss: 4.3006  Time/Image: 0.3702
2020-04-27 22:13:27,419 INFO Iter [40000/50000]  Loss: 0.5430  Time/Image: 0.3726
2020-04-27 22:16:46,053 INFO Iter 40000 Loss: 1.1295
2020-04-27 22:16:46,053 INFO Overall Acc: 	: 0.7524124275196952
2020-04-27 22:16:46,053 INFO Mean Acc : 	: 0.06861546499486094
2020-04-27 22:16:46,053 INFO FreqW Acc : 	: 0.586417445101944
2020-04-27 22:16:46,053 INFO Mean IoU : 	: 0.053369743166552755
2020-04-27 22:16:46,053 INFO 0: 0.7682372267159607
2020-04-27 22:16:46,053 INFO 1: 0.007159360445004356
2020-04-27 22:16:46,053 INFO 2: 0.0032530227538213807
2020-04-27 22:16:46,053 INFO 3: 0.001204278742044834
2020-04-27 22:16:46,059 INFO 4: 0.00028594829939792795
2020-04-27 22:16:46,059 INFO 5: 0.00026035985230495653
2020-04-27 22:16:46,059 INFO 6: 0.014590948616496322
2020-04-27 22:16:46,059 INFO 7: 0.02700217825611835
2020-04-27 22:16:46,059 INFO 8: 0.041185678954569635
2020-04-27 22:16:46,059 INFO 9: 0.0012912867292466728
2020-04-27 22:16:46,059 INFO 10: 3.495317786563124e-05
2020-04-27 22:16:46,059 INFO 11: 0.0007941395138623116
2020-04-27 22:16:46,059 INFO 12: 0.05133288851530479
2020-04-27 22:16:46,059 INFO 13: 0.0007179759321980989
2020-04-27 22:16:46,059 INFO 14: 0.018708346551230177
2020-04-27 22:16:46,059 INFO 15: 0.17973051230804243
2020-04-27 22:16:46,061 INFO 16: 0.0002633012601297846
2020-04-27 22:16:46,061 INFO 17: 0.00014474194103049077
2020-04-27 22:16:46,061 INFO 18: 6.68073773461845e-05
2020-04-27 22:16:46,061 INFO 19: 0.004361698809835114
2020-04-27 22:16:46,061 INFO 20: 0.00013895174579754674
2020-04-27 22:17:24,689 INFO Iter [40100/50000]  Loss: 0.2841  Time/Image: 0.3730
2020-04-27 22:18:01,789 INFO Iter [40200/50000]  Loss: 0.6484  Time/Image: 0.3671
2020-04-27 22:18:39,303 INFO Iter [40300/50000]  Loss: 1.2306  Time/Image: 0.3710
2020-04-27 22:19:16,579 INFO Iter [40400/50000]  Loss: 0.8799  Time/Image: 0.3688
2020-04-27 22:19:53,803 INFO Iter [40500/50000]  Loss: 0.7137  Time/Image: 0.3690
2020-04-27 22:20:31,132 INFO Iter [40600/50000]  Loss: 0.9876  Time/Image: 0.3695
2020-04-27 22:21:08,734 INFO Iter [40700/50000]  Loss: 1.4693  Time/Image: 0.3719
2020-04-27 22:21:46,219 INFO Iter [40800/50000]  Loss: 3.1576  Time/Image: 0.3708
2020-04-27 22:22:23,764 INFO Iter [40900/50000]  Loss: 2.0941  Time/Image: 0.3711
2020-04-27 22:23:01,011 INFO Iter [41000/50000]  Loss: 3.6975  Time/Image: 0.3689
2020-04-27 22:23:38,216 INFO Iter [41100/50000]  Loss: 0.5792  Time/Image: 0.3683
2020-04-27 22:24:15,433 INFO Iter [41200/50000]  Loss: 1.2233  Time/Image: 0.3685
2020-04-27 22:24:52,436 INFO Iter [41300/50000]  Loss: 0.3932  Time/Image: 0.3662
2020-04-27 22:25:30,194 INFO Iter [41400/50000]  Loss: 0.8392  Time/Image: 0.3735
2020-04-27 22:26:07,249 INFO Iter [41500/50000]  Loss: 2.0604  Time/Image: 0.3668
2020-04-27 22:26:44,809 INFO Iter [41600/50000]  Loss: 1.6667  Time/Image: 0.3715
2020-04-27 22:27:21,959 INFO Iter [41700/50000]  Loss: 0.8645  Time/Image: 0.3676
2020-04-27 22:27:59,769 INFO Iter [41800/50000]  Loss: 0.6490  Time/Image: 0.3741
2020-04-27 22:28:39,233 INFO Iter [41900/50000]  Loss: 0.0763  Time/Image: 0.3903
2020-04-27 22:29:16,917 INFO Iter [42000/50000]  Loss: 1.5236  Time/Image: 0.3728
2020-04-27 22:29:54,498 INFO Iter [42100/50000]  Loss: 2.8018  Time/Image: 0.3718
2020-04-27 22:30:31,845 INFO Iter [42200/50000]  Loss: 0.2673  Time/Image: 0.3694
2020-04-27 22:31:09,339 INFO Iter [42300/50000]  Loss: 0.1070  Time/Image: 0.3709
2020-04-27 22:31:47,321 INFO Iter [42400/50000]  Loss: 0.5448  Time/Image: 0.3758
2020-04-27 22:32:25,047 INFO Iter [42500/50000]  Loss: 2.0174  Time/Image: 0.3733
2020-04-27 22:35:44,173 INFO Iter 42500 Loss: 1.1235
2020-04-27 22:35:44,177 INFO Overall Acc: 	: 0.7531246774897881
2020-04-27 22:35:44,177 INFO Mean Acc : 	: 0.06818256787145988
2020-04-27 22:35:44,177 INFO FreqW Acc : 	: 0.585805157645376
2020-04-27 22:35:44,181 INFO Mean IoU : 	: 0.05333366760746288
2020-04-27 22:35:44,181 INFO 0: 0.7675249993944446
2020-04-27 22:35:44,181 INFO 1: 0.0067024195485409655
2020-04-27 22:35:44,181 INFO 2: 0.002922277347277926
2020-04-27 22:35:44,181 INFO 3: 0.0010267198567710087
2020-04-27 22:35:44,181 INFO 4: 0.00022053953369988692
2020-04-27 22:35:44,181 INFO 5: 0.00020586312630244545
2020-04-27 22:35:44,181 INFO 6: 0.013372780881309276
2020-04-27 22:35:44,181 INFO 7: 0.027146512358574286
2020-04-27 22:35:44,181 INFO 8: 0.04338743540767227
2020-04-27 22:35:44,183 INFO 9: 0.0012078006898297773
2020-04-27 22:35:44,183 INFO 10: 2.824403790215391e-05
2020-04-27 22:35:44,183 INFO 11: 0.0007706530446887384
2020-04-27 22:35:44,183 INFO 12: 0.05599737243652972
2020-04-27 22:35:44,183 INFO 13: 0.0005982143023535353
2020-04-27 22:35:44,183 INFO 14: 0.018177505294101018
2020-04-27 22:35:44,183 INFO 15: 0.17611216079409803
2020-04-27 22:35:44,183 INFO 16: 0.0002283012720661503
2020-04-27 22:35:44,183 INFO 17: 0.0001120450482770247
2020-04-27 22:35:44,183 INFO 18: 4.7973666147566995e-05
2020-04-27 22:35:44,183 INFO 19: 0.004088167151628673
2020-04-27 22:35:44,183 INFO 20: 0.00012903456450555183
2020-04-27 22:36:22,349 INFO Iter [42600/50000]  Loss: 0.2899  Time/Image: 0.3778
2020-04-27 22:36:59,871 INFO Iter [42700/50000]  Loss: 1.2454  Time/Image: 0.3712
2020-04-27 22:37:37,052 INFO Iter [42800/50000]  Loss: 1.5687  Time/Image: 0.3679
2020-04-27 22:38:14,647 INFO Iter [42900/50000]  Loss: 0.2097  Time/Image: 0.3719
2020-04-27 22:38:52,270 INFO Iter [43000/50000]  Loss: 0.4656  Time/Image: 0.3724
2020-04-27 22:39:29,840 INFO Iter [43100/50000]  Loss: 0.1559  Time/Image: 0.3717
2020-04-27 22:40:07,737 INFO Iter [43200/50000]  Loss: 1.4818  Time/Image: 0.3751
2020-04-27 22:40:45,530 INFO Iter [43300/50000]  Loss: 1.7089  Time/Image: 0.3739
2020-04-27 22:41:22,945 INFO Iter [43400/50000]  Loss: 0.6900  Time/Image: 0.3705
2020-04-27 22:42:00,291 INFO Iter [43500/50000]  Loss: 0.0378  Time/Image: 0.3695
2020-04-27 22:42:37,748 INFO Iter [43600/50000]  Loss: 0.0711  Time/Image: 0.3704
2020-04-27 22:43:14,942 INFO Iter [43700/50000]  Loss: 0.0587  Time/Image: 0.3684
2020-04-27 22:43:52,657 INFO Iter [43800/50000]  Loss: 0.8302  Time/Image: 0.3737
2020-04-27 22:44:30,018 INFO Iter [43900/50000]  Loss: 2.9276  Time/Image: 0.3699
2020-04-27 22:45:07,402 INFO Iter [44000/50000]  Loss: 0.2211  Time/Image: 0.3699
2020-04-27 22:45:44,820 INFO Iter [44100/50000]  Loss: 1.6545  Time/Image: 0.3707
2020-04-27 22:46:30,267 INFO Iter [44200/50000]  Loss: 0.5065  Time/Image: 0.3657
2020-04-27 22:47:07,640 INFO Iter [44300/50000]  Loss: 0.3534  Time/Image: 0.3698
2020-04-27 22:47:45,137 INFO Iter [44400/50000]  Loss: 1.2537  Time/Image: 0.3713
2020-04-27 22:48:22,683 INFO Iter [44500/50000]  Loss: 0.5025  Time/Image: 0.3717
2020-04-27 22:49:00,214 INFO Iter [44600/50000]  Loss: 0.9118  Time/Image: 0.3714
2020-04-27 22:49:37,770 INFO Iter [44700/50000]  Loss: 0.9823  Time/Image: 0.3717
2020-04-27 22:50:15,217 INFO Iter [44800/50000]  Loss: 0.3616  Time/Image: 0.3707
2020-04-27 22:50:52,805 INFO Iter [44900/50000]  Loss: 2.2378  Time/Image: 0.3723
2020-04-27 22:51:30,492 INFO Iter [45000/50000]  Loss: 2.0986  Time/Image: 0.3731
2020-04-27 22:54:48,605 INFO Iter 45000 Loss: 1.1119
2020-04-27 22:54:48,606 INFO Overall Acc: 	: 0.753453799510776
2020-04-27 22:54:48,606 INFO Mean Acc : 	: 0.07088760986050534
2020-04-27 22:54:48,606 INFO FreqW Acc : 	: 0.5886349891191918
2020-04-27 22:54:48,606 INFO Mean IoU : 	: 0.05515608248946481
2020-04-27 22:54:48,606 INFO 0: 0.7699832899193342
2020-04-27 22:54:48,606 INFO 1: 0.007483632816209715
2020-04-27 22:54:48,606 INFO 2: 0.003284362121083338
2020-04-27 22:54:48,606 INFO 3: 0.0010955240465958709
2020-04-27 22:54:48,606 INFO 4: 0.00026852516882076307
2020-04-27 22:54:48,606 INFO 5: 0.00020943704765982472
2020-04-27 22:54:48,606 INFO 6: 0.014298965884495139
2020-04-27 22:54:48,606 INFO 7: 0.030462040752324764
2020-04-27 22:54:48,606 INFO 8: 0.05895147491736096
2020-04-27 22:54:48,606 INFO 9: 0.0012074243050649207
2020-04-27 22:54:48,606 INFO 10: 2.4211772301732486e-05
2020-04-27 22:54:48,606 INFO 11: 0.0007994416082979604
2020-04-27 22:54:48,606 INFO 12: 0.05820926563310935
2020-04-27 22:54:48,606 INFO 13: 0.0006376220090273264
2020-04-27 22:54:48,606 INFO 14: 0.02033273858977677
2020-04-27 22:54:48,613 INFO 15: 0.18632351216463747
2020-04-27 22:54:48,613 INFO 16: 0.00024775889023014665
2020-04-27 22:54:48,613 INFO 17: 0.00013154622308184026
2020-04-27 22:54:48,613 INFO 18: 5.698970187581178e-05
2020-04-27 22:54:48,613 INFO 19: 0.004139269539535482
2020-04-27 22:54:48,613 INFO 20: 0.00013069916793781848
2020-04-27 22:55:27,224 INFO Iter [45100/50000]  Loss: 0.2969  Time/Image: 0.3733
2020-04-27 22:56:04,990 INFO Iter [45200/50000]  Loss: 1.4779  Time/Image: 0.3740
2020-04-27 22:56:42,891 INFO Iter [45300/50000]  Loss: 0.3222  Time/Image: 0.3752
2020-04-27 22:57:20,851 INFO Iter [45400/50000]  Loss: 4.8591  Time/Image: 0.3758
2020-04-27 22:57:58,536 INFO Iter [45500/50000]  Loss: 0.8378  Time/Image: 0.3731
2020-04-27 22:58:36,204 INFO Iter [45600/50000]  Loss: 1.7238  Time/Image: 0.3728
2020-04-27 22:59:13,467 INFO Iter [45700/50000]  Loss: 0.1903  Time/Image: 0.3689
2020-04-27 22:59:51,246 INFO Iter [45800/50000]  Loss: 0.5570  Time/Image: 0.3742
2020-04-27 23:00:28,138 INFO Iter [45900/50000]  Loss: 0.9305  Time/Image: 0.3647
2020-04-27 23:01:05,576 INFO Iter [46000/50000]  Loss: 0.8168  Time/Image: 0.3705
2020-04-27 23:01:43,107 INFO Iter [46100/50000]  Loss: 3.2449  Time/Image: 0.3715
2020-04-27 23:02:20,387 INFO Iter [46200/50000]  Loss: 0.7274  Time/Image: 0.3689
2020-04-27 23:02:58,426 INFO Iter [46300/50000]  Loss: 0.1240  Time/Image: 0.3766
2020-04-27 23:03:35,679 INFO Iter [46400/50000]  Loss: 0.6340  Time/Image: 0.3688
2020-04-27 23:04:13,226 INFO Iter [46500/50000]  Loss: 0.1260  Time/Image: 0.3715
2020-04-27 23:04:50,766 INFO Iter [46600/50000]  Loss: 0.1787  Time/Image: 0.3715
2020-04-27 23:05:27,986 INFO Iter [46700/50000]  Loss: 1.0844  Time/Image: 0.3682
2020-04-27 23:06:05,163 INFO Iter [46800/50000]  Loss: 2.5835  Time/Image: 0.3676
2020-04-27 23:06:42,637 INFO Iter [46900/50000]  Loss: 0.5735  Time/Image: 0.3708
2020-04-27 23:07:20,264 INFO Iter [47000/50000]  Loss: 1.0646  Time/Image: 0.3725
2020-04-27 23:07:57,327 INFO Iter [47100/50000]  Loss: 0.2390  Time/Image: 0.3665
2020-04-27 23:08:35,077 INFO Iter [47200/50000]  Loss: 1.1593  Time/Image: 0.3735
2020-04-27 23:09:12,124 INFO Iter [47300/50000]  Loss: 1.0699  Time/Image: 0.3663
2020-04-27 23:09:49,721 INFO Iter [47400/50000]  Loss: 1.3024  Time/Image: 0.3723
2020-04-27 23:10:26,876 INFO Iter [47500/50000]  Loss: 0.2838  Time/Image: 0.3676
2020-04-27 23:13:45,536 INFO Iter 47500 Loss: 1.1095
2020-04-27 23:13:45,536 INFO Overall Acc: 	: 0.7543845739680575
2020-04-27 23:13:45,536 INFO Mean Acc : 	: 0.0700685124346466
2020-04-27 23:13:45,536 INFO FreqW Acc : 	: 0.5881110065831663
2020-04-27 23:13:45,536 INFO Mean IoU : 	: 0.0546807256563562
2020-04-27 23:13:45,536 INFO 0: 0.769443775520387
2020-04-27 23:13:45,536 INFO 1: 0.006476315468656168
2020-04-27 23:13:45,536 INFO 2: 0.003100157491090772
2020-04-27 23:13:45,536 INFO 3: 0.0008939343711451335
2020-04-27 23:13:45,536 INFO 4: 0.0001947305053329274
2020-04-27 23:13:45,536 INFO 5: 0.0001679907785984917
2020-04-27 23:13:45,536 INFO 6: 0.013018001859778248
2020-04-27 23:13:45,536 INFO 7: 0.02700699096577394
2020-04-27 23:13:45,536 INFO 8: 0.060479150031353665
2020-04-27 23:13:45,536 INFO 9: 0.001033726734987326
2020-04-27 23:13:45,536 INFO 10: 1.9850515524617164e-05
2020-04-27 23:13:45,536 INFO 11: 0.0006376450233899633
2020-04-27 23:13:45,536 INFO 12: 0.057778774118327436
2020-04-27 23:13:45,544 INFO 13: 0.0005660279437093424
2020-04-27 23:13:45,544 INFO 14: 0.01783950828378787
2020-04-27 23:13:45,544 INFO 15: 0.18582821025389915
2020-04-27 23:13:45,544 INFO 16: 0.00017811832304779536
2020-04-27 23:13:45,544 INFO 17: 0.00010139069953921272
2020-04-27 23:13:45,544 INFO 18: 3.6651527786261925e-05
2020-04-27 23:13:45,544 INFO 19: 0.0033767851430205006
2020-04-27 23:13:45,544 INFO 20: 0.00011750322434442993
2020-04-27 23:14:22,941 INFO Iter [47600/50000]  Loss: 2.3115  Time/Image: 0.3699
2020-04-27 23:15:00,196 INFO Iter [47700/50000]  Loss: 0.4990  Time/Image: 0.3688
2020-04-27 23:15:37,541 INFO Iter [47800/50000]  Loss: 0.5301  Time/Image: 0.3696
2020-04-27 23:16:15,043 INFO Iter [47900/50000]  Loss: 0.2016  Time/Image: 0.3711
2020-04-27 23:16:52,566 INFO Iter [48000/50000]  Loss: 1.1020  Time/Image: 0.3712
2020-04-27 23:17:30,046 INFO Iter [48100/50000]  Loss: 0.1921  Time/Image: 0.3712
2020-04-27 23:18:07,357 INFO Iter [48200/50000]  Loss: 0.1042  Time/Image: 0.3692
2020-04-27 23:18:45,030 INFO Iter [48300/50000]  Loss: 1.0440  Time/Image: 0.3729
2020-04-27 23:19:22,436 INFO Iter [48400/50000]  Loss: 1.1567  Time/Image: 0.3705
2020-04-27 23:20:00,106 INFO Iter [48500/50000]  Loss: 1.0383  Time/Image: 0.3720
2020-04-27 23:20:37,686 INFO Iter [48600/50000]  Loss: 0.2961  Time/Image: 0.3717
2020-04-27 23:21:15,282 INFO Iter [48700/50000]  Loss: 1.4334  Time/Image: 0.3721
2020-04-27 23:21:52,360 INFO Iter [48800/50000]  Loss: 1.9640  Time/Image: 0.3669
2020-04-27 23:22:29,685 INFO Iter [48900/50000]  Loss: 5.1831  Time/Image: 0.3697
2020-04-27 23:23:07,115 INFO Iter [49000/50000]  Loss: 1.4720  Time/Image: 0.3705
2020-04-27 23:23:44,369 INFO Iter [49100/50000]  Loss: 0.3051  Time/Image: 0.3686
2020-04-27 23:24:22,235 INFO Iter [49200/50000]  Loss: 0.3061  Time/Image: 0.3749
2020-04-27 23:24:59,847 INFO Iter [49300/50000]  Loss: 0.8727  Time/Image: 0.3723
2020-04-27 23:25:37,625 INFO Iter [49400/50000]  Loss: 0.9921  Time/Image: 0.3741
2020-04-27 23:26:14,834 INFO Iter [49500/50000]  Loss: 0.2005  Time/Image: 0.3684
2020-04-27 23:26:52,335 INFO Iter [49600/50000]  Loss: 0.7154  Time/Image: 0.3713
2020-04-27 23:27:29,496 INFO Iter [49700/50000]  Loss: 0.3818  Time/Image: 0.3675
2020-04-27 23:28:06,865 INFO Iter [49800/50000]  Loss: 0.5635  Time/Image: 0.3708
2020-04-27 23:28:44,227 INFO Iter [49900/50000]  Loss: 2.0059  Time/Image: 0.3697
2020-04-27 23:29:21,915 INFO Iter [50000/50000]  Loss: 2.5747  Time/Image: 0.3730
2020-04-27 23:32:47,675 INFO Iter 50000 Loss: 1.0993
2020-04-27 23:32:47,675 INFO Overall Acc: 	: 0.7546136302672963
2020-04-27 23:32:47,675 INFO Mean Acc : 	: 0.0708040600081318
2020-04-27 23:32:47,675 INFO FreqW Acc : 	: 0.5884862436217957
2020-04-27 23:32:47,675 INFO Mean IoU : 	: 0.055396964728461506
2020-04-27 23:32:47,675 INFO 0: 0.7695612915773993
2020-04-27 23:32:47,675 INFO 1: 0.007337704504681183
2020-04-27 23:32:47,675 INFO 2: 0.0034610037346999973
2020-04-27 23:32:47,675 INFO 3: 0.0008518121740635361
2020-04-27 23:32:47,675 INFO 4: 0.00020619155485857002
2020-04-27 23:32:47,675 INFO 5: 0.00017877219668661752
2020-04-27 23:32:47,675 INFO 6: 0.017205276311216298
2020-04-27 23:32:47,675 INFO 7: 0.02972001827030753
2020-04-27 23:32:47,675 INFO 8: 0.05964444501258776
2020-04-27 23:32:47,675 INFO 9: 0.0010306589674948087
2020-04-27 23:32:47,675 INFO 10: 1.7832641000673603e-05
2020-04-27 23:32:47,675 INFO 11: 0.0006488183744274331
2020-04-27 23:32:47,675 INFO 12: 0.061168094120306896
2020-04-27 23:32:47,675 INFO 13: 0.0005197580938964856
2020-04-27 23:32:47,683 INFO 14: 0.019720533331858806
2020-04-27 23:32:47,683 INFO 15: 0.1878306410791731
2020-04-27 23:32:47,683 INFO 16: 0.00018769082231643878
2020-04-27 23:32:47,683 INFO 17: 9.573845489457703e-05
2020-04-27 23:32:47,683 INFO 18: 3.551494539932294e-05
2020-04-27 23:32:47,683 INFO 19: 0.0037947330043646317
2020-04-27 23:32:47,683 INFO 20: 0.00011973012605791917
